<SessionReport version="2" startTime="0" startTimestamp="May 30, 2022 16:23:55.010" key="/library/metadata/6" session="sd6g6ve4vjfsbxmyuqbstmhv" transcode="mw8pkdpy4efyph6qj3275koe">
<User id="1" thumb="https://plex.tv/users/6b286c33d909cfe9/avatar?c=1589448257" title="lorcopotia" />
<Player address="172.18.0.1" device="Linux" machineIdentifier="ze9emkfx8te5cl84ng3ut87l" model="bundled" platform="Firefox" platformVersion="100.0" product="Plex Web" remotePublicAddress="188.26.211.37" title="Firefox" version="4.76.1" local="1" relayed="0" secure="0" userID="1" />
<Variants>
<Variant id="be7d4c37-9ac9-4bc8-9902-29c95bf11024" targetBitrate="10000000" context="streaming" sourceVideoCodec="hevc" sourceAudioCodec="aac" videoDecision="transcode" audioDecision="transcode" subtitleDecision="burn" protocol="dash" container="mp4" videoCodec="h264" audioCodec="aac" audioChannels="2" transcodeHwRequested="0" transcodeHwFullPipeline="0">
<Media audioProfile="lc" id="6" videoProfile="main 10" audioChannels="2" audioCodec="aac" container="mp4" duration="8511508" height="800" optimizedForStreaming="1" protocol="dash" videoCodec="h264" videoFrameRate="24p" videoResolution="1080p" width="1920" selected="1">
<Part audioProfile="lc" hasThumbnail="1" id="6" videoProfile="main 10" container="mp4" duration="8511508" height="800" optimizedForStreaming="1" protocol="dash" width="1920" decision="transcode" selected="1">
<Stream bitrate="2147483647" codec="h264" default="1" displayTitle="1080p (HEVC Main 10)" extendedDisplayTitle="Encoded by r00t (1080p HEVC Main 10)" frameRate="23.975999832153320" height="800" id="53" streamType="1" width="1920" decision="transcode" location="segments-video" />
<Stream bitrate="256" bitrateMode="cbr" channels="2" codec="aac" displayTitle="&#26085;&#26412;&#35486; (AAC 5.1)" extendedDisplayTitle="&#26085;&#26412;&#35486; (AAC 5.1)" id="54" language="&#26085;&#26412;&#35486;" languageCode="jpn" languageTag="ja" selected="1" streamType="2" decision="transcode" location="segments-audio" />
<Stream bitrate="18" burn="1" codec="pgs" default="1" displayTitle="English (PGS)" extendedDisplayTitle="English (PGS)" id="55" language="English" languageCode="eng" languageTag="en" selected="1" streamType="3" decision="burn" location="segments-video" />
</Part>
</Media>
</Variant>
<Variant id="5134906b-586c-4302-9036-d9055a49a72f" targetBitrate="10000000" context="streaming" sourceVideoCodec="hevc" sourceAudioCodec="aac" videoDecision="transcode" audioDecision="transcode" subtitleDecision="burn" protocol="dash" container="mp4" videoCodec="h264" audioCodec="aac" audioChannels="2" transcodeHwRequested="0" transcodeHwFullPipeline="0">
<Media audioProfile="lc" id="6" videoProfile="main 10" audioChannels="2" audioCodec="aac" container="mp4" duration="8511508" height="800" optimizedForStreaming="1" protocol="dash" videoCodec="h264" videoFrameRate="24p" videoResolution="1080p" width="1920" selected="1">
<Part audioProfile="lc" hasThumbnail="1" id="6" videoProfile="main 10" container="mp4" duration="8511508" height="800" optimizedForStreaming="1" protocol="dash" width="1920" decision="transcode" selected="1">
<Stream bitrate="2147483647" codec="h264" default="1" displayTitle="1080p (HEVC Main 10)" extendedDisplayTitle="Encoded by r00t (1080p HEVC Main 10)" frameRate="23.975999832153320" height="800" id="53" streamType="1" width="1920" decision="transcode" location="segments-video" />
<Stream bitrate="256" bitrateMode="cbr" channels="2" codec="aac" displayTitle="&#26085;&#26412;&#35486; (AAC 5.1)" extendedDisplayTitle="&#26085;&#26412;&#35486; (AAC 5.1)" id="54" language="&#26085;&#26412;&#35486;" languageCode="jpn" languageTag="ja" selected="1" streamType="2" decision="transcode" location="segments-audio" />
<Stream bitrate="18" burn="1" codec="pgs" default="1" displayTitle="English (PGS)" extendedDisplayTitle="English (PGS)" id="55" language="English" languageCode="eng" languageTag="en" selected="1" streamType="3" decision="burn" location="segments-video" />
</Part>
</Media>
</Variant>
<Variant id="a8a110db-25a5-43f0-b8f9-865200479fc9" targetBitrate="10000000" context="streaming" sourceVideoCodec="hevc" sourceAudioCodec="aac" videoDecision="transcode" audioDecision="transcode" subtitleDecision="burn" protocol="dash" container="mp4" videoCodec="h264" audioCodec="aac" audioChannels="2" transcodeHwRequested="0" transcodeHwFullPipeline="0">
<Media audioProfile="lc" id="6" videoProfile="main 10" audioChannels="2" audioCodec="aac" container="mp4" duration="8511508" height="800" optimizedForStreaming="1" protocol="dash" videoCodec="h264" videoFrameRate="24p" videoResolution="1080p" width="1920" selected="1">
<Part audioProfile="lc" hasThumbnail="1" id="6" videoProfile="main 10" container="mp4" duration="8511508" height="800" optimizedForStreaming="1" protocol="dash" width="1920" decision="transcode" selected="1">
<Stream bitrate="2147483647" codec="h264" default="1" displayTitle="1080p (HEVC Main 10)" extendedDisplayTitle="Encoded by r00t (1080p HEVC Main 10)" frameRate="23.975999832153320" height="800" id="53" streamType="1" width="1920" decision="transcode" location="segments-video" />
<Stream bitrate="256" bitrateMode="cbr" channels="2" codec="aac" displayTitle="&#26085;&#26412;&#35486; (AAC 5.1)" extendedDisplayTitle="&#26085;&#26412;&#35486; (AAC 5.1)" id="54" language="&#26085;&#26412;&#35486;" languageCode="jpn" languageTag="ja" selected="1" streamType="2" decision="transcode" location="segments-audio" />
<Stream bitrate="18" burn="1" codec="pgs" default="1" displayTitle="English (PGS)" extendedDisplayTitle="English (PGS)" id="55" language="English" languageCode="eng" languageTag="en" selected="1" streamType="3" decision="burn" location="segments-video" />
</Part>
</Media>
</Variant>
<Variant id="6841d834-06ba-42c6-9635-e82eb05ccbd8" targetBitrate="10000000" context="streaming" sourceVideoCodec="hevc" sourceAudioCodec="aac" videoDecision="transcode" audioDecision="transcode" subtitleDecision="burn" protocol="dash" container="mp4" videoCodec="h264" audioCodec="aac" audioChannels="2" transcodeHwRequested="0" transcodeHwFullPipeline="0">
<Media audioProfile="lc" id="6" videoProfile="main 10" audioChannels="2" audioCodec="aac" container="mp4" duration="8511508" height="800" optimizedForStreaming="1" protocol="dash" videoCodec="h264" videoFrameRate="24p" videoResolution="1080p" width="1920" selected="1">
<Part audioProfile="lc" hasThumbnail="1" id="6" videoProfile="main 10" container="mp4" duration="8511508" height="800" optimizedForStreaming="1" protocol="dash" width="1920" decision="transcode" selected="1">
<Stream bitrate="2147483647" codec="h264" default="1" displayTitle="1080p (HEVC Main 10)" extendedDisplayTitle="Encoded by r00t (1080p HEVC Main 10)" frameRate="23.975999832153320" height="800" id="53" streamType="1" width="1920" decision="transcode" location="segments-video" />
<Stream bitrate="256" bitrateMode="cbr" channels="2" codec="aac" displayTitle="&#26085;&#26412;&#35486; (AAC 5.1)" extendedDisplayTitle="&#26085;&#26412;&#35486; (AAC 5.1)" id="54" language="&#26085;&#26412;&#35486;" languageCode="jpn" languageTag="ja" selected="1" streamType="2" decision="transcode" location="segments-audio" />
<Stream bitrate="18" burn="1" codec="pgs" default="1" displayTitle="English (PGS)" extendedDisplayTitle="English (PGS)" id="55" language="English" languageCode="eng" languageTag="en" selected="1" streamType="3" decision="burn" location="segments-video" />
</Part>
</Media>
</Variant>
<Variant id="7a776649-aa47-469f-95ee-fcb7ad4f1303" targetBitrate="10000000" context="streaming" sourceVideoCodec="hevc" sourceAudioCodec="aac" videoDecision="transcode" audioDecision="transcode" subtitleDecision="burn" protocol="dash" container="mp4" videoCodec="h264" audioCodec="aac" audioChannels="2" transcodeHwRequested="0" transcodeHwFullPipeline="0">
<Media audioProfile="lc" id="6" videoProfile="main 10" audioChannels="2" audioCodec="aac" container="mp4" duration="8511508" height="800" optimizedForStreaming="1" protocol="dash" videoCodec="h264" videoFrameRate="24p" videoResolution="1080p" width="1920" selected="1">
<Part audioProfile="lc" hasThumbnail="1" id="6" videoProfile="main 10" container="mp4" duration="8511508" height="800" optimizedForStreaming="1" protocol="dash" width="1920" decision="transcode" selected="1">
<Stream bitrate="2147483647" codec="h264" default="1" displayTitle="1080p (HEVC Main 10)" extendedDisplayTitle="Encoded by r00t (1080p HEVC Main 10)" frameRate="23.975999832153320" height="800" id="53" streamType="1" width="1920" decision="transcode" location="segments-video" />
<Stream bitrate="256" bitrateMode="cbr" channels="2" codec="aac" displayTitle="&#26085;&#26412;&#35486; (AAC 5.1)" extendedDisplayTitle="&#26085;&#26412;&#35486; (AAC 5.1)" id="54" language="&#26085;&#26412;&#35486;" languageCode="jpn" languageTag="ja" selected="1" streamType="2" decision="transcode" location="segments-audio" />
<Stream bitrate="18" burn="1" codec="pgs" default="1" displayTitle="English (PGS)" extendedDisplayTitle="English (PGS)" id="55" language="English" languageCode="eng" languageTag="en" selected="1" streamType="3" decision="burn" location="segments-video" />
</Part>
</Media>
</Variant>
<Variant id="3ef49197-8725-4627-92c0-96c133adf99c" targetBitrate="10000000" context="streaming" sourceVideoCodec="hevc" sourceAudioCodec="aac" videoDecision="transcode" audioDecision="transcode" subtitleDecision="burn" protocol="dash" container="mp4" videoCodec="h264" audioCodec="aac" audioChannels="2" transcodeHwRequested="0" transcodeHwFullPipeline="0">
<Media audioProfile="lc" id="6" videoProfile="main 10" audioChannels="2" audioCodec="aac" container="mp4" duration="8511508" height="800" optimizedForStreaming="1" protocol="dash" videoCodec="h264" videoFrameRate="24p" videoResolution="1080p" width="1920" selected="1">
<Part audioProfile="lc" hasThumbnail="1" id="6" videoProfile="main 10" container="mp4" duration="8511508" height="800" optimizedForStreaming="1" protocol="dash" width="1920" decision="transcode" selected="1">
<Stream bitrate="2147483647" codec="h264" default="1" displayTitle="1080p (HEVC Main 10)" extendedDisplayTitle="Encoded by r00t (1080p HEVC Main 10)" frameRate="23.975999832153320" height="800" id="53" streamType="1" width="1920" decision="transcode" location="segments-video" />
<Stream bitrate="256" bitrateMode="cbr" channels="2" codec="aac" displayTitle="&#26085;&#26412;&#35486; (AAC 5.1)" extendedDisplayTitle="&#26085;&#26412;&#35486; (AAC 5.1)" id="54" language="&#26085;&#26412;&#35486;" languageCode="jpn" languageTag="ja" selected="1" streamType="2" decision="transcode" location="segments-audio" />
<Stream bitrate="18" burn="1" codec="pgs" default="1" displayTitle="English (PGS)" extendedDisplayTitle="English (PGS)" id="55" language="English" languageCode="eng" languageTag="en" selected="1" streamType="3" decision="burn" location="segments-video" />
</Part>
</Media>
</Variant>
<Variant id="8438b94a-9b0f-4f4e-92ed-c3f917fa75f7" targetBitrate="10000000" context="streaming" sourceVideoCodec="hevc" sourceAudioCodec="aac" videoDecision="transcode" audioDecision="transcode" subtitleDecision="burn" protocol="dash" container="mp4" videoCodec="h264" audioCodec="aac" audioChannels="2" transcodeHwRequested="0" transcodeHwFullPipeline="0">
<Media audioProfile="lc" id="6" videoProfile="main 10" audioChannels="2" audioCodec="aac" container="mp4" duration="8511508" height="800" optimizedForStreaming="1" protocol="dash" videoCodec="h264" videoFrameRate="24p" videoResolution="1080p" width="1920" selected="1">
<Part audioProfile="lc" hasThumbnail="1" id="6" videoProfile="main 10" container="mp4" duration="8511508" height="800" optimizedForStreaming="1" protocol="dash" width="1920" decision="transcode" selected="1">
<Stream bitrate="2147483647" codec="h264" default="1" displayTitle="1080p (HEVC Main 10)" extendedDisplayTitle="Encoded by r00t (1080p HEVC Main 10)" frameRate="23.975999832153320" height="800" id="53" streamType="1" width="1920" decision="transcode" location="segments-video" />
<Stream bitrate="256" bitrateMode="cbr" channels="2" codec="aac" displayTitle="&#26085;&#26412;&#35486; (AAC 5.1)" extendedDisplayTitle="&#26085;&#26412;&#35486; (AAC 5.1)" id="54" language="&#26085;&#26412;&#35486;" languageCode="jpn" languageTag="ja" selected="1" streamType="2" decision="transcode" location="segments-audio" />
<Stream bitrate="18" burn="1" codec="pgs" default="1" displayTitle="English (PGS)" extendedDisplayTitle="English (PGS)" id="55" language="English" languageCode="eng" languageTag="en" selected="1" streamType="3" decision="burn" location="segments-video" />
</Part>
</Media>
</Variant>
<Variant id="a3a57285-0f9e-4a51-8a8e-ee3821a00e0f" targetBitrate="10000000" context="streaming" sourceVideoCodec="hevc" sourceAudioCodec="aac" videoDecision="transcode" audioDecision="transcode" subtitleDecision="burn" protocol="dash" container="mp4" videoCodec="h264" audioCodec="aac" audioChannels="2" transcodeHwRequested="0" transcodeHwFullPipeline="0">
<Media audioProfile="lc" id="6" videoProfile="main 10" audioChannels="2" audioCodec="aac" container="mp4" duration="8511508" height="800" optimizedForStreaming="1" protocol="dash" videoCodec="h264" videoFrameRate="24p" videoResolution="1080p" width="1920" selected="1">
<Part audioProfile="lc" hasThumbnail="1" id="6" videoProfile="main 10" container="mp4" duration="8511508" height="800" optimizedForStreaming="1" protocol="dash" width="1920" decision="transcode" selected="1">
<Stream bitrate="2147483647" codec="h264" default="1" displayTitle="1080p (HEVC Main 10)" extendedDisplayTitle="Encoded by r00t (1080p HEVC Main 10)" frameRate="23.975999832153320" height="800" id="53" streamType="1" width="1920" decision="transcode" location="segments-video" />
<Stream bitrate="256" bitrateMode="cbr" channels="2" codec="aac" displayTitle="&#26085;&#26412;&#35486; (AAC 5.1)" extendedDisplayTitle="&#26085;&#26412;&#35486; (AAC 5.1)" id="54" language="&#26085;&#26412;&#35486;" languageCode="jpn" languageTag="ja" selected="1" streamType="2" decision="transcode" location="segments-audio" />
<Stream bitrate="18" burn="1" codec="pgs" default="1" displayTitle="English (PGS)" extendedDisplayTitle="English (PGS)" id="55" language="English" languageCode="eng" languageTag="en" selected="1" streamType="3" decision="burn" location="segments-video" />
</Part>
</Media>
</Variant>
</Variants>
<SegmentList>
<Segment duration="1001" startOffset="177010" endOffset="178011">
<File name="chunk-stream0-00178.m4s" type="video">
<FileVariant size="997235" variant="5134906b-586c-4302-9036-d9055a49a72f" />
</File>
<File name="chunk-stream1-00178.m4s" type="audio">
<FileVariant size="30063" variant="5134906b-586c-4302-9036-d9055a49a72f" />
</File>
<Timelines>
<Download startTime="57" endTime="1563" complete="1" fileType="audio" variant="be7d4c37-9ac9-4bc8-9902-29c95bf11024">
<Pause type="segmentWait" startTime="57" endTime="1560" />
</Download>
<Download startTime="63" endTime="1567" complete="1" fileType="video" variant="be7d4c37-9ac9-4bc8-9902-29c95bf11024">
<Pause type="segmentWait" startTime="63" endTime="1565" />
</Download>
<Transcode startTime="859" endTime="1495" complete="1" fileType="video" variant="5134906b-586c-4302-9036-d9055a49a72f" />
<Transcode startTime="859" endTime="1495" complete="1" fileType="audio" variant="5134906b-586c-4302-9036-d9055a49a72f" />
</Timelines>
</Segment>
<Segment duration="1001" startOffset="0" endOffset="1001">
<File name="chunk-stream0-00001.m4s" type="video">
<FileVariant size="2668" variant="be7d4c37-9ac9-4bc8-9902-29c95bf11024" />
</File>
<File name="chunk-stream1-00001.m4s" type="audio">
<FileVariant size="642" variant="be7d4c37-9ac9-4bc8-9902-29c95bf11024" />
</File>
<Timelines>
<Transcode startTime="25" endTime="628" complete="1" fileType="video" variant="be7d4c37-9ac9-4bc8-9902-29c95bf11024" />
<Transcode startTime="25" endTime="628" complete="1" fileType="audio" variant="be7d4c37-9ac9-4bc8-9902-29c95bf11024" />
</Timelines>
</Segment>
<Segment duration="1001" startOffset="1001" endOffset="2002">
<File name="chunk-stream0-00002.m4s" type="video">
<FileVariant size="289804" variant="be7d4c37-9ac9-4bc8-9902-29c95bf11024" />
</File>
<File name="chunk-stream1-00002.m4s" type="audio">
<FileVariant size="4841" variant="be7d4c37-9ac9-4bc8-9902-29c95bf11024" />
</File>
<Timelines>
<Transcode startTime="628" endTime="832" complete="1" fileType="video" variant="be7d4c37-9ac9-4bc8-9902-29c95bf11024" />
<Transcode startTime="628" endTime="832" complete="1" fileType="audio" variant="be7d4c37-9ac9-4bc8-9902-29c95bf11024" />
</Timelines>
</Segment>
<Segment duration="1001" startOffset="178011" endOffset="179012">
<File name="chunk-stream0-00179.m4s" type="video">
<FileVariant size="1052566" variant="5134906b-586c-4302-9036-d9055a49a72f" />
</File>
<File name="chunk-stream1-00179.m4s" type="audio">
<FileVariant size="31813" variant="5134906b-586c-4302-9036-d9055a49a72f" />
</File>
<Timelines>
<Download startTime="1570" endTime="1771" complete="1" fileType="audio" variant="5134906b-586c-4302-9036-d9055a49a72f">
<Pause type="segmentWait" startTime="1570" endTime="1770" />
</Download>
<Download startTime="1592" endTime="1694" complete="1" fileType="video" variant="5134906b-586c-4302-9036-d9055a49a72f">
<Pause type="segmentWait" startTime="1592" endTime="1692" />
</Download>
<Transcode startTime="1495" endTime="1672" complete="1" fileType="video" variant="5134906b-586c-4302-9036-d9055a49a72f" />
<Transcode startTime="1495" endTime="1672" complete="1" fileType="audio" variant="5134906b-586c-4302-9036-d9055a49a72f" />
</Timelines>
</Segment>
<Segment duration="1001" startOffset="179012" endOffset="180013">
<File name="chunk-stream0-00180.m4s" type="video">
<FileVariant size="1023556" variant="5134906b-586c-4302-9036-d9055a49a72f" />
</File>
<File name="chunk-stream1-00180.m4s" type="audio">
<FileVariant size="32540" variant="5134906b-586c-4302-9036-d9055a49a72f" />
</File>
<Timelines>
<Download startTime="1723" endTime="1925" complete="1" fileType="video" variant="5134906b-586c-4302-9036-d9055a49a72f">
<Pause type="segmentWait" startTime="1723" endTime="1923" />
</Download>
<Download startTime="1779" endTime="1880" complete="1" fileType="audio" variant="5134906b-586c-4302-9036-d9055a49a72f">
<Pause type="segmentWait" startTime="1779" endTime="1879" />
</Download>
<Transcode startTime="1672" endTime="1850" complete="1" fileType="video" variant="5134906b-586c-4302-9036-d9055a49a72f" />
<Transcode startTime="1672" endTime="1850" complete="1" fileType="audio" variant="5134906b-586c-4302-9036-d9055a49a72f" />
</Timelines>
</Segment>
<Segment duration="1001" startOffset="180013" endOffset="181014">
<File name="chunk-stream0-00181.m4s" type="video">
<FileVariant size="1014538" variant="5134906b-586c-4302-9036-d9055a49a72f" />
</File>
<File name="chunk-stream1-00181.m4s" type="audio">
<FileVariant size="30847" variant="5134906b-586c-4302-9036-d9055a49a72f" />
</File>
<Timelines>
<Download startTime="1889" endTime="2090" complete="1" fileType="audio" variant="5134906b-586c-4302-9036-d9055a49a72f">
<Pause type="segmentWait" startTime="1889" endTime="2089" />
</Download>
<Download startTime="1958" endTime="2160" complete="1" fileType="video" variant="5134906b-586c-4302-9036-d9055a49a72f">
<Pause type="segmentWait" startTime="1958" endTime="2159" />
</Download>
<Transcode startTime="1850" endTime="2080" complete="1" fileType="video" variant="5134906b-586c-4302-9036-d9055a49a72f" />
<Transcode startTime="1850" endTime="2080" complete="1" fileType="audio" variant="5134906b-586c-4302-9036-d9055a49a72f" />
</Timelines>
</Segment>
<Segment duration="1001" startOffset="181014" endOffset="182015">
<File name="chunk-stream0-00182.m4s" type="video">
<FileVariant size="1082757" variant="5134906b-586c-4302-9036-d9055a49a72f" />
</File>
<File name="chunk-stream1-00182.m4s" type="audio">
<FileVariant size="30533" variant="5134906b-586c-4302-9036-d9055a49a72f" />
</File>
<Timelines>
<Download startTime="2099" endTime="2300" complete="1" fileType="audio" variant="5134906b-586c-4302-9036-d9055a49a72f">
<Pause type="segmentWait" startTime="2099" endTime="2300" />
</Download>
<Download startTime="2180" endTime="2282" complete="1" fileType="video" variant="5134906b-586c-4302-9036-d9055a49a72f">
<Pause type="segmentWait" startTime="2180" endTime="2281" />
</Download>
<Transcode startTime="2080" endTime="2271" complete="1" fileType="video" variant="5134906b-586c-4302-9036-d9055a49a72f" />
<Transcode startTime="2080" endTime="2271" complete="1" fileType="audio" variant="5134906b-586c-4302-9036-d9055a49a72f" />
</Timelines>
</Segment>
<Segment duration="1001" startOffset="182015" endOffset="183016">
<File name="chunk-stream0-00183.m4s" type="video">
<FileVariant size="1002404" variant="5134906b-586c-4302-9036-d9055a49a72f" />
</File>
<File name="chunk-stream1-00183.m4s" type="audio">
<FileVariant size="35650" variant="5134906b-586c-4302-9036-d9055a49a72f" />
</File>
<Timelines>
<Download startTime="2307" endTime="2510" complete="1" fileType="video" variant="5134906b-586c-4302-9036-d9055a49a72f">
<Pause type="segmentWait" startTime="2307" endTime="2507" />
</Download>
<Download startTime="2313" endTime="2514" complete="1" fileType="audio" variant="5134906b-586c-4302-9036-d9055a49a72f">
<Pause type="segmentWait" startTime="2313" endTime="2513" />
</Download>
<Transcode startTime="2271" endTime="2468" complete="1" fileType="video" variant="5134906b-586c-4302-9036-d9055a49a72f" />
<Transcode startTime="2271" endTime="2468" complete="1" fileType="audio" variant="5134906b-586c-4302-9036-d9055a49a72f" />
</Timelines>
</Segment>
<Segment duration="1001" startOffset="183016" endOffset="184017">
<File name="chunk-stream0-00184.m4s" type="video">
<FileVariant size="993484" variant="5134906b-586c-4302-9036-d9055a49a72f" />
</File>
<File name="chunk-stream1-00184.m4s" type="audio">
<FileVariant size="33002" variant="5134906b-586c-4302-9036-d9055a49a72f" />
</File>
<Timelines>
<Download startTime="2536" endTime="2738" complete="1" fileType="video" variant="5134906b-586c-4302-9036-d9055a49a72f">
<Pause type="segmentWait" startTime="2536" endTime="2736" />
</Download>
<Download startTime="2536" endTime="2737" complete="1" fileType="audio" variant="5134906b-586c-4302-9036-d9055a49a72f">
<Pause type="segmentWait" startTime="2536" endTime="2736" />
</Download>
<Transcode startTime="2468" endTime="2664" complete="1" fileType="video" variant="5134906b-586c-4302-9036-d9055a49a72f" />
<Transcode startTime="2468" endTime="2664" complete="1" fileType="audio" variant="5134906b-586c-4302-9036-d9055a49a72f" />
</Timelines>
</Segment>
<Segment duration="1001" startOffset="184017" endOffset="185018">
<File name="chunk-stream0-00185.m4s" type="video">
<FileVariant size="881540" variant="5134906b-586c-4302-9036-d9055a49a72f" />
</File>
<File name="chunk-stream1-00185.m4s" type="audio">
<FileVariant size="30578" variant="5134906b-586c-4302-9036-d9055a49a72f" />
</File>
<Timelines>
<Download startTime="2760" endTime="2961" complete="1" fileType="audio" variant="5134906b-586c-4302-9036-d9055a49a72f">
<Pause type="segmentWait" startTime="2760" endTime="2960" />
</Download>
<Download startTime="2773" endTime="2876" complete="1" fileType="video" variant="5134906b-586c-4302-9036-d9055a49a72f">
<Pause type="segmentWait" startTime="2773" endTime="2873" />
</Download>
<Transcode startTime="2664" endTime="2864" complete="1" fileType="video" variant="5134906b-586c-4302-9036-d9055a49a72f" />
<Transcode startTime="2664" endTime="2864" complete="1" fileType="audio" variant="5134906b-586c-4302-9036-d9055a49a72f" />
</Timelines>
</Segment>
<Segment duration="1001" startOffset="185018" endOffset="186019">
<File name="chunk-stream0-00186.m4s" type="video">
<FileVariant size="859369" variant="5134906b-586c-4302-9036-d9055a49a72f" />
</File>
<File name="chunk-stream1-00186.m4s" type="audio">
<FileVariant size="32513" variant="5134906b-586c-4302-9036-d9055a49a72f" />
</File>
<Timelines>
<Download startTime="2926" endTime="3127" complete="1" fileType="video" variant="5134906b-586c-4302-9036-d9055a49a72f">
<Pause type="segmentWait" startTime="2926" endTime="3126" />
</Download>
<Download startTime="2972" endTime="3073" complete="1" fileType="audio" variant="5134906b-586c-4302-9036-d9055a49a72f">
<Pause type="segmentWait" startTime="2972" endTime="3072" />
</Download>
<Transcode startTime="2864" endTime="3059" complete="1" fileType="video" variant="5134906b-586c-4302-9036-d9055a49a72f" />
<Transcode startTime="2864" endTime="3059" complete="1" fileType="audio" variant="5134906b-586c-4302-9036-d9055a49a72f" />
</Timelines>
</Segment>
<Segment duration="1001" startOffset="186019" endOffset="187020">
<File name="chunk-stream0-00187.m4s" type="video">
<FileVariant size="896913" variant="5134906b-586c-4302-9036-d9055a49a72f" />
</File>
<File name="chunk-stream1-00187.m4s" type="audio">
<FileVariant size="30937" variant="5134906b-586c-4302-9036-d9055a49a72f" />
</File>
<Timelines>
<Download startTime="3078" endTime="3280" complete="1" fileType="audio" variant="5134906b-586c-4302-9036-d9055a49a72f">
<Pause type="segmentWait" startTime="3078" endTime="3279" />
</Download>
<Download startTime="3153" endTime="3254" complete="1" fileType="video" variant="5134906b-586c-4302-9036-d9055a49a72f">
<Pause type="segmentWait" startTime="3153" endTime="3253" />
</Download>
<Transcode startTime="3059" endTime="3240" complete="1" fileType="video" variant="5134906b-586c-4302-9036-d9055a49a72f" />
<Transcode startTime="3059" endTime="3240" complete="1" fileType="audio" variant="5134906b-586c-4302-9036-d9055a49a72f" />
</Timelines>
</Segment>
<Segment duration="1001" startOffset="187020" endOffset="188021">
<File name="chunk-stream0-00188.m4s" type="video">
<FileVariant size="982848" variant="5134906b-586c-4302-9036-d9055a49a72f" />
</File>
<File name="chunk-stream1-00188.m4s" type="audio">
<FileVariant size="31635" variant="5134906b-586c-4302-9036-d9055a49a72f" />
</File>
<Timelines>
<Download startTime="3273" endTime="3474" complete="1" fileType="video" variant="5134906b-586c-4302-9036-d9055a49a72f">
<Pause type="segmentWait" startTime="3273" endTime="3473" />
</Download>
<Download startTime="3291" endTime="3492" complete="1" fileType="audio" variant="5134906b-586c-4302-9036-d9055a49a72f">
<Pause type="segmentWait" startTime="3291" endTime="3491" />
</Download>
<Transcode startTime="3240" endTime="3445" complete="1" fileType="video" variant="5134906b-586c-4302-9036-d9055a49a72f" />
<Transcode startTime="3240" endTime="3445" complete="1" fileType="audio" variant="5134906b-586c-4302-9036-d9055a49a72f" />
</Timelines>
</Segment>
<Segment duration="1001" startOffset="188021" endOffset="189022">
<File name="chunk-stream0-00189.m4s" type="video">
<FileVariant size="1252428" variant="5134906b-586c-4302-9036-d9055a49a72f" />
</File>
<File name="chunk-stream1-00189.m4s" type="audio">
<FileVariant size="34880" variant="5134906b-586c-4302-9036-d9055a49a72f" />
</File>
<Timelines>
<Download startTime="3498" endTime="3702" complete="1" fileType="video" variant="5134906b-586c-4302-9036-d9055a49a72f">
<Pause type="segmentWait" startTime="3498" endTime="3699" />
</Download>
<Download startTime="3499" endTime="3701" complete="1" fileType="audio" variant="5134906b-586c-4302-9036-d9055a49a72f">
<Pause type="segmentWait" startTime="3499" endTime="3699" />
</Download>
<Transcode startTime="3445" endTime="3641" complete="1" fileType="video" variant="5134906b-586c-4302-9036-d9055a49a72f" />
<Transcode startTime="3445" endTime="3641" complete="1" fileType="audio" variant="5134906b-586c-4302-9036-d9055a49a72f" />
</Timelines>
</Segment>
<Segment duration="1001" startOffset="189022" endOffset="190023">
<File name="chunk-stream0-00190.m4s" type="video">
<FileVariant size="1103704" variant="5134906b-586c-4302-9036-d9055a49a72f" />
</File>
<File name="chunk-stream1-00190.m4s" type="audio">
<FileVariant size="32590" variant="5134906b-586c-4302-9036-d9055a49a72f" />
</File>
<Timelines>
<Download startTime="3718" endTime="3919" complete="1" fileType="audio" variant="5134906b-586c-4302-9036-d9055a49a72f">
<Pause type="segmentWait" startTime="3718" endTime="3918" />
</Download>
<Download startTime="3726" endTime="3928" complete="1" fileType="video" variant="5134906b-586c-4302-9036-d9055a49a72f">
<Pause type="segmentWait" startTime="3726" endTime="3926" />
</Download>
<Transcode startTime="3641" endTime="3831" complete="1" fileType="video" variant="5134906b-586c-4302-9036-d9055a49a72f" />
<Transcode startTime="3641" endTime="3831" complete="1" fileType="audio" variant="5134906b-586c-4302-9036-d9055a49a72f" />
</Timelines>
</Segment>
<Segment duration="1001" startOffset="190023" endOffset="191024">
<File name="chunk-stream0-00191.m4s" type="video">
<FileVariant size="1008741" variant="5134906b-586c-4302-9036-d9055a49a72f" />
</File>
<File name="chunk-stream1-00191.m4s" type="audio">
<FileVariant size="31566" variant="5134906b-586c-4302-9036-d9055a49a72f" />
</File>
<Timelines>
<Download startTime="3927" endTime="4128" complete="1" fileType="audio" variant="5134906b-586c-4302-9036-d9055a49a72f">
<Pause type="segmentWait" startTime="3927" endTime="4127" />
</Download>
<Download startTime="3974" endTime="4076" complete="1" fileType="video" variant="5134906b-586c-4302-9036-d9055a49a72f">
<Pause type="segmentWait" startTime="3974" endTime="4074" />
</Download>
<Transcode startTime="3831" endTime="4056" complete="1" fileType="video" variant="5134906b-586c-4302-9036-d9055a49a72f" />
<Transcode startTime="3831" endTime="4056" complete="1" fileType="audio" variant="5134906b-586c-4302-9036-d9055a49a72f" />
</Timelines>
</Segment>
<Segment duration="1001" startOffset="191024" endOffset="192025">
<File name="chunk-stream0-00192.m4s" type="video">
<FileVariant size="969792" variant="5134906b-586c-4302-9036-d9055a49a72f" />
</File>
<File name="chunk-stream1-00192.m4s" type="audio">
<FileVariant size="32657" variant="5134906b-586c-4302-9036-d9055a49a72f" />
</File>
<Timelines>
<Download startTime="4144" endTime="4346" complete="1" fileType="video" variant="5134906b-586c-4302-9036-d9055a49a72f">
<Pause type="segmentWait" startTime="4144" endTime="4345" />
</Download>
<Download startTime="4144" endTime="4345" complete="1" fileType="audio" variant="5134906b-586c-4302-9036-d9055a49a72f">
<Pause type="segmentWait" startTime="4144" endTime="4344" />
</Download>
<Transcode startTime="4056" endTime="4257" complete="1" fileType="video" variant="5134906b-586c-4302-9036-d9055a49a72f" />
<Transcode startTime="4056" endTime="4257" complete="1" fileType="audio" variant="5134906b-586c-4302-9036-d9055a49a72f" />
</Timelines>
</Segment>
<Segment duration="1001" startOffset="192025" endOffset="193026">
<File name="chunk-stream0-00193.m4s" type="video">
<FileVariant size="1026549" variant="5134906b-586c-4302-9036-d9055a49a72f" />
</File>
<File name="chunk-stream1-00193.m4s" type="audio">
<FileVariant size="31582" variant="5134906b-586c-4302-9036-d9055a49a72f" />
</File>
<Timelines>
<Download startTime="4353" endTime="4554" complete="1" fileType="audio" variant="5134906b-586c-4302-9036-d9055a49a72f">
<Pause type="segmentWait" startTime="4353" endTime="4553" />
</Download>
<Download startTime="4371" endTime="4473" complete="1" fileType="video" variant="5134906b-586c-4302-9036-d9055a49a72f">
<Pause type="segmentWait" startTime="4371" endTime="4471" />
</Download>
<Transcode startTime="4257" endTime="4461" complete="1" fileType="video" variant="5134906b-586c-4302-9036-d9055a49a72f" />
<Transcode startTime="4257" endTime="4461" complete="1" fileType="audio" variant="5134906b-586c-4302-9036-d9055a49a72f" />
</Timelines>
</Segment>
<Segment duration="1001" startOffset="193026" endOffset="194027">
<File name="chunk-stream0-00194.m4s" type="video">
<FileVariant size="1191966" variant="5134906b-586c-4302-9036-d9055a49a72f" />
</File>
<File name="chunk-stream1-00194.m4s" type="audio">
<FileVariant size="31804" variant="5134906b-586c-4302-9036-d9055a49a72f" />
</File>
<Timelines>
<Download startTime="4506" endTime="4711" complete="1" fileType="video" variant="5134906b-586c-4302-9036-d9055a49a72f">
<Pause type="segmentWait" startTime="4506" endTime="4706" />
</Download>
<Download startTime="4561" endTime="4762" complete="1" fileType="audio" variant="5134906b-586c-4302-9036-d9055a49a72f">
<Pause type="segmentWait" startTime="4561" endTime="4761" />
</Download>
<Transcode startTime="4461" endTime="4669" complete="1" fileType="video" variant="5134906b-586c-4302-9036-d9055a49a72f" />
<Transcode startTime="4461" endTime="4669" complete="1" fileType="audio" variant="5134906b-586c-4302-9036-d9055a49a72f" />
</Timelines>
</Segment>
<Segment duration="1001" startOffset="194027" endOffset="195028">
<File name="chunk-stream0-00195.m4s" type="video">
<FileVariant size="1339417" variant="5134906b-586c-4302-9036-d9055a49a72f" />
</File>
<File name="chunk-stream1-00195.m4s" type="audio">
<FileVariant size="32615" variant="5134906b-586c-4302-9036-d9055a49a72f" />
</File>
<Timelines>
<Download startTime="4751" endTime="4954" complete="1" fileType="video" variant="5134906b-586c-4302-9036-d9055a49a72f">
<Pause type="segmentWait" startTime="4751" endTime="4951" />
</Download>
<Download startTime="4768" endTime="4969" complete="1" fileType="audio" variant="5134906b-586c-4302-9036-d9055a49a72f">
<Pause type="segmentWait" startTime="4768" endTime="4969" />
</Download>
<Transcode startTime="4669" endTime="4889" complete="1" fileType="video" variant="5134906b-586c-4302-9036-d9055a49a72f" />
<Transcode startTime="4669" endTime="4889" complete="1" fileType="audio" variant="5134906b-586c-4302-9036-d9055a49a72f" />
</Timelines>
</Segment>
<Segment duration="1001" startOffset="195028" endOffset="196029">
<File name="chunk-stream0-00196.m4s" type="video">
<FileVariant size="1473679" variant="5134906b-586c-4302-9036-d9055a49a72f" />
</File>
<File name="chunk-stream1-00196.m4s" type="audio">
<FileVariant size="33516" variant="5134906b-586c-4302-9036-d9055a49a72f" />
</File>
<Timelines>
<Download startTime="4990" endTime="5092" complete="1" fileType="video" variant="5134906b-586c-4302-9036-d9055a49a72f">
<Pause type="segmentWait" startTime="4990" endTime="5090" />
</Download>
<Download startTime="4994" endTime="5094" complete="1" fileType="audio" variant="5134906b-586c-4302-9036-d9055a49a72f">
<Pause type="segmentWait" startTime="4994" endTime="5094" />
</Download>
<Transcode startTime="4889" endTime="5082" complete="1" fileType="video" variant="5134906b-586c-4302-9036-d9055a49a72f" />
<Transcode startTime="4889" endTime="5082" complete="1" fileType="audio" variant="5134906b-586c-4302-9036-d9055a49a72f" />
</Timelines>
</Segment>
<Segment duration="1001" startOffset="196029" endOffset="197030">
<File name="chunk-stream0-00197.m4s" type="video">
<FileVariant size="1556371" variant="5134906b-586c-4302-9036-d9055a49a72f" />
</File>
<File name="chunk-stream1-00197.m4s" type="audio">
<FileVariant size="32035" variant="5134906b-586c-4302-9036-d9055a49a72f" />
</File>
<Timelines>
<Download startTime="5139" endTime="5342" complete="1" fileType="video" variant="5134906b-586c-4302-9036-d9055a49a72f">
<Pause type="segmentWait" startTime="5139" endTime="5339" />
</Download>
<Download startTime="5139" endTime="5340" complete="1" fileType="audio" variant="5134906b-586c-4302-9036-d9055a49a72f">
<Pause type="segmentWait" startTime="5139" endTime="5339" />
</Download>
<Transcode startTime="5082" endTime="5293" complete="1" fileType="video" variant="5134906b-586c-4302-9036-d9055a49a72f" />
<Transcode startTime="5082" endTime="5293" complete="1" fileType="audio" variant="5134906b-586c-4302-9036-d9055a49a72f" />
</Timelines>
</Segment>
<Segment duration="1001" startOffset="197030" endOffset="198031">
<File name="chunk-stream0-00198.m4s" type="video">
<FileVariant size="1536734" variant="5134906b-586c-4302-9036-d9055a49a72f" />
</File>
<File name="chunk-stream1-00198.m4s" type="audio">
<FileVariant size="30576" variant="5134906b-586c-4302-9036-d9055a49a72f" />
</File>
<Timelines>
<Download startTime="5360" endTime="5560" complete="1" fileType="audio" variant="5134906b-586c-4302-9036-d9055a49a72f">
<Pause type="segmentWait" startTime="5360" endTime="5560" />
</Download>
<Download startTime="5373" endTime="5576" complete="1" fileType="video" variant="5134906b-586c-4302-9036-d9055a49a72f">
<Pause type="segmentWait" startTime="5373" endTime="5574" />
</Download>
<Transcode startTime="5293" endTime="5505" complete="1" fileType="video" variant="5134906b-586c-4302-9036-d9055a49a72f" />
<Transcode startTime="5293" endTime="5505" complete="1" fileType="audio" variant="5134906b-586c-4302-9036-d9055a49a72f" />
</Timelines>
</Segment>
<Segment duration="1001" startOffset="198031" endOffset="199032">
<File name="chunk-stream0-00199.m4s" type="video">
<FileVariant size="1465259" variant="5134906b-586c-4302-9036-d9055a49a72f" />
</File>
<File name="chunk-stream1-00199.m4s" type="audio">
<FileVariant size="33450" variant="5134906b-586c-4302-9036-d9055a49a72f" />
</File>
<Timelines>
<Download startTime="5570" endTime="5772" complete="1" fileType="audio" variant="5134906b-586c-4302-9036-d9055a49a72f">
<Pause type="segmentWait" startTime="5570" endTime="5771" />
</Download>
<Download startTime="5603" endTime="5806" complete="1" fileType="video" variant="5134906b-586c-4302-9036-d9055a49a72f">
<Pause type="segmentWait" startTime="5603" endTime="5803" />
</Download>
<Transcode startTime="5505" endTime="5704" complete="1" fileType="video" variant="5134906b-586c-4302-9036-d9055a49a72f" />
<Transcode startTime="5505" endTime="5704" complete="1" fileType="audio" variant="5134906b-586c-4302-9036-d9055a49a72f" />
</Timelines>
</Segment>
<Segment duration="1001" startOffset="199032" endOffset="200033">
<File name="chunk-stream0-00200.m4s" type="video">
<FileVariant size="1465842" variant="5134906b-586c-4302-9036-d9055a49a72f" />
</File>
<File name="chunk-stream1-00200.m4s" type="audio">
<FileVariant size="29594" variant="5134906b-586c-4302-9036-d9055a49a72f" />
</File>
<Timelines>
<Download startTime="5778" endTime="5979" complete="1" fileType="audio" variant="5134906b-586c-4302-9036-d9055a49a72f">
<Pause type="segmentWait" startTime="5778" endTime="5979" />
</Download>
<Download startTime="5838" endTime="5940" complete="1" fileType="video" variant="5134906b-586c-4302-9036-d9055a49a72f">
<Pause type="segmentWait" startTime="5838" endTime="5939" />
</Download>
<Transcode startTime="5704" endTime="5916" complete="1" fileType="video" variant="5134906b-586c-4302-9036-d9055a49a72f" />
<Transcode startTime="5704" endTime="5916" complete="1" fileType="audio" variant="5134906b-586c-4302-9036-d9055a49a72f" />
</Timelines>
</Segment>
<Segment duration="1001" startOffset="200033" endOffset="201034">
<File name="chunk-stream0-00201.m4s" type="video">
<FileVariant size="1466284" variant="5134906b-586c-4302-9036-d9055a49a72f" />
</File>
<File name="chunk-stream1-00201.m4s" type="audio">
<FileVariant size="30846" variant="5134906b-586c-4302-9036-d9055a49a72f" />
</File>
<Timelines>
<Download startTime="5968" endTime="6170" complete="1" fileType="video" variant="5134906b-586c-4302-9036-d9055a49a72f">
<Pause type="segmentWait" startTime="5968" endTime="6168" />
</Download>
<Download startTime="5984" endTime="6185" complete="1" fileType="audio" variant="5134906b-586c-4302-9036-d9055a49a72f">
<Pause type="segmentWait" startTime="5984" endTime="6184" />
</Download>
<Transcode startTime="5916" endTime="6127" complete="1" fileType="video" variant="5134906b-586c-4302-9036-d9055a49a72f" />
<Transcode startTime="5916" endTime="6127" complete="1" fileType="audio" variant="5134906b-586c-4302-9036-d9055a49a72f" />
</Timelines>
</Segment>
<Segment duration="1001" startOffset="201034" endOffset="202035">
<File name="chunk-stream0-00202.m4s" type="video">
<FileVariant size="1369817" variant="5134906b-586c-4302-9036-d9055a49a72f" />
</File>
<File name="chunk-stream1-00202.m4s" type="audio">
<FileVariant size="29941" variant="5134906b-586c-4302-9036-d9055a49a72f" />
</File>
<Timelines>
<Download startTime="6197" endTime="6399" complete="1" fileType="video" variant="5134906b-586c-4302-9036-d9055a49a72f">
<Pause type="segmentWait" startTime="6197" endTime="6397" />
</Download>
<Download startTime="6199" endTime="6400" complete="1" fileType="audio" variant="5134906b-586c-4302-9036-d9055a49a72f">
<Pause type="segmentWait" startTime="6199" endTime="6399" />
</Download>
<Transcode startTime="6127" endTime="6353" complete="1" fileType="video" variant="5134906b-586c-4302-9036-d9055a49a72f" />
<Transcode startTime="6127" endTime="6353" complete="1" fileType="audio" variant="5134906b-586c-4302-9036-d9055a49a72f" />
</Timelines>
</Segment>
<Segment duration="1001" startOffset="202035" endOffset="203036">
<File name="chunk-stream0-00203.m4s" type="video">
<FileVariant size="1255766" variant="5134906b-586c-4302-9036-d9055a49a72f" />
</File>
<File name="chunk-stream1-00203.m4s" type="audio">
<FileVariant size="29813" variant="5134906b-586c-4302-9036-d9055a49a72f" />
</File>
<Timelines>
<Download startTime="6415" endTime="6616" complete="1" fileType="audio" variant="5134906b-586c-4302-9036-d9055a49a72f">
<Pause type="segmentWait" startTime="6415" endTime="6615" />
</Download>
<Download startTime="6429" endTime="6631" complete="1" fileType="video" variant="5134906b-586c-4302-9036-d9055a49a72f">
<Pause type="segmentWait" startTime="6429" endTime="6629" />
</Download>
<Transcode startTime="6353" endTime="6568" complete="1" fileType="video" variant="5134906b-586c-4302-9036-d9055a49a72f" />
<Transcode startTime="6353" endTime="6568" complete="1" fileType="audio" variant="5134906b-586c-4302-9036-d9055a49a72f" />
</Timelines>
</Segment>
<Segment duration="1001" startOffset="203036" endOffset="204037">
<File name="chunk-stream0-00204.m4s" type="video">
<FileVariant size="1204579" variant="5134906b-586c-4302-9036-d9055a49a72f" />
</File>
<File name="chunk-stream1-00204.m4s" type="audio">
<FileVariant size="25759" variant="5134906b-586c-4302-9036-d9055a49a72f" />
</File>
<Timelines>
<Download startTime="6622" endTime="6822" complete="1" fileType="audio" variant="5134906b-586c-4302-9036-d9055a49a72f">
<Pause type="segmentWait" startTime="6622" endTime="6822" />
</Download>
<Download startTime="6659" endTime="6862" complete="1" fileType="video" variant="5134906b-586c-4302-9036-d9055a49a72f">
<Pause type="segmentWait" startTime="6659" endTime="6859" />
</Download>
<Transcode startTime="6568" endTime="6783" complete="1" fileType="video" variant="5134906b-586c-4302-9036-d9055a49a72f" />
<Transcode startTime="6568" endTime="6783" complete="1" fileType="audio" variant="5134906b-586c-4302-9036-d9055a49a72f" />
</Timelines>
</Segment>
<Segment duration="1001" startOffset="204037" endOffset="205038">
<File name="chunk-stream0-00205.m4s" type="video">
<FileVariant size="1242442" variant="5134906b-586c-4302-9036-d9055a49a72f" />
</File>
<File name="chunk-stream1-00205.m4s" type="audio">
<FileVariant size="29160" variant="5134906b-586c-4302-9036-d9055a49a72f" />
</File>
<Timelines>
<Download startTime="6830" endTime="7031" complete="1" fileType="audio" variant="5134906b-586c-4302-9036-d9055a49a72f">
<Pause type="segmentWait" startTime="6830" endTime="7030" />
</Download>
<Download startTime="6903" endTime="7106" complete="1" fileType="video" variant="5134906b-586c-4302-9036-d9055a49a72f">
<Pause type="segmentWait" startTime="6903" endTime="7103" />
</Download>
<Transcode startTime="6783" endTime="7017" complete="1" fileType="video" variant="5134906b-586c-4302-9036-d9055a49a72f" />
<Transcode startTime="6783" endTime="7017" complete="1" fileType="audio" variant="5134906b-586c-4302-9036-d9055a49a72f" />
</Timelines>
</Segment>
<Segment duration="1001" startOffset="205038" endOffset="206039">
<File name="chunk-stream0-00206.m4s" type="video">
<FileVariant size="1211269" variant="5134906b-586c-4302-9036-d9055a49a72f" />
</File>
<File name="chunk-stream1-00206.m4s" type="audio">
<FileVariant size="30234" variant="5134906b-586c-4302-9036-d9055a49a72f" />
</File>
<Timelines>
<Download startTime="7045" endTime="7246" complete="1" fileType="audio" variant="5134906b-586c-4302-9036-d9055a49a72f">
<Pause type="segmentWait" startTime="7045" endTime="7245" />
</Download>
<Download startTime="7137" endTime="7239" complete="1" fileType="video" variant="5134906b-586c-4302-9036-d9055a49a72f">
<Pause type="segmentWait" startTime="7137" endTime="7237" />
</Download>
<Transcode startTime="7017" endTime="7221" complete="1" fileType="video" variant="5134906b-586c-4302-9036-d9055a49a72f" />
<Transcode startTime="7017" endTime="7221" complete="1" fileType="audio" variant="5134906b-586c-4302-9036-d9055a49a72f" />
</Timelines>
</Segment>
<Segment duration="1001" startOffset="206039" endOffset="207040">
<File name="chunk-stream0-00207.m4s" type="video">
<FileVariant size="1231668" variant="5134906b-586c-4302-9036-d9055a49a72f" />
</File>
<File name="chunk-stream1-00207.m4s" type="audio">
<FileVariant size="26087" variant="5134906b-586c-4302-9036-d9055a49a72f" />
</File>
<Timelines>
<Download startTime="7265" endTime="7467" complete="1" fileType="video" variant="5134906b-586c-4302-9036-d9055a49a72f">
<Pause type="segmentWait" startTime="7265" endTime="7465" />
</Download>
<Download startTime="7265" endTime="7466" complete="1" fileType="audio" variant="5134906b-586c-4302-9036-d9055a49a72f">
<Pause type="segmentWait" startTime="7265" endTime="7465" />
</Download>
<Transcode startTime="7221" endTime="7419" complete="1" fileType="video" variant="5134906b-586c-4302-9036-d9055a49a72f" />
<Transcode startTime="7221" endTime="7419" complete="1" fileType="audio" variant="5134906b-586c-4302-9036-d9055a49a72f" />
</Timelines>
</Segment>
<Segment duration="1001" startOffset="207040" endOffset="208041">
<File name="chunk-stream0-00208.m4s" type="video">
<FileVariant size="1156848" variant="5134906b-586c-4302-9036-d9055a49a72f" />
</File>
<File name="chunk-stream1-00208.m4s" type="audio">
<FileVariant size="30716" variant="5134906b-586c-4302-9036-d9055a49a72f" />
</File>
<Timelines>
<Download startTime="7483" endTime="7685" complete="1" fileType="audio" variant="5134906b-586c-4302-9036-d9055a49a72f">
<Pause type="segmentWait" startTime="7483" endTime="7685" />
</Download>
<Download startTime="7496" endTime="7698" complete="1" fileType="video" variant="5134906b-586c-4302-9036-d9055a49a72f">
<Pause type="segmentWait" startTime="7496" endTime="7696" />
</Download>
<Transcode startTime="7419" endTime="7632" complete="1" fileType="video" variant="5134906b-586c-4302-9036-d9055a49a72f" />
<Transcode startTime="7419" endTime="7632" complete="1" fileType="audio" variant="5134906b-586c-4302-9036-d9055a49a72f" />
</Timelines>
</Segment>
<Segment duration="1001" startOffset="208041" endOffset="209042">
<File name="chunk-stream0-00209.m4s" type="video">
<FileVariant size="1160651" variant="5134906b-586c-4302-9036-d9055a49a72f" />
</File>
<File name="chunk-stream1-00209.m4s" type="audio">
<FileVariant size="29356" variant="5134906b-586c-4302-9036-d9055a49a72f" />
</File>
<Timelines>
<Download startTime="7692" endTime="7893" complete="1" fileType="audio" variant="5134906b-586c-4302-9036-d9055a49a72f">
<Pause type="segmentWait" startTime="7692" endTime="7893" />
</Download>
<Download startTime="7730" endTime="7835" complete="1" fileType="video" variant="5134906b-586c-4302-9036-d9055a49a72f">
<Pause type="segmentWait" startTime="7730" endTime="7830" />
</Download>
<Transcode startTime="7632" endTime="7829" complete="1" fileType="video" variant="5134906b-586c-4302-9036-d9055a49a72f" />
<Transcode startTime="7632" endTime="7829" complete="1" fileType="audio" variant="5134906b-586c-4302-9036-d9055a49a72f" />
</Timelines>
</Segment>
<Segment duration="1001" startOffset="209042" endOffset="210043">
<File name="chunk-stream0-00210.m4s" type="video">
<FileVariant size="1159011" variant="5134906b-586c-4302-9036-d9055a49a72f" />
</File>
<File name="chunk-stream1-00210.m4s" type="audio">
<FileVariant size="33211" variant="5134906b-586c-4302-9036-d9055a49a72f" />
</File>
<Timelines>
<Download startTime="7858" endTime="8061" complete="1" fileType="video" variant="5134906b-586c-4302-9036-d9055a49a72f">
<Pause type="segmentWait" startTime="7858" endTime="8059" />
</Download>
<Download startTime="7900" endTime="8101" complete="1" fileType="audio" variant="5134906b-586c-4302-9036-d9055a49a72f">
<Pause type="segmentWait" startTime="7900" endTime="8101" />
</Download>
<Transcode startTime="7829" endTime="8032" complete="1" fileType="video" variant="5134906b-586c-4302-9036-d9055a49a72f" />
<Transcode startTime="7829" endTime="8032" complete="1" fileType="audio" variant="5134906b-586c-4302-9036-d9055a49a72f" />
</Timelines>
</Segment>
<Segment duration="1001" startOffset="210043" endOffset="211044">
<File name="chunk-stream0-00211.m4s" type="video">
<FileVariant size="1148272" variant="5134906b-586c-4302-9036-d9055a49a72f" />
</File>
<File name="chunk-stream1-00211.m4s" type="audio">
<FileVariant size="31754" variant="5134906b-586c-4302-9036-d9055a49a72f" />
</File>
<Timelines>
<Download startTime="8094" endTime="8296" complete="1" fileType="video" variant="5134906b-586c-4302-9036-d9055a49a72f">
<Pause type="segmentWait" startTime="8094" endTime="8295" />
</Download>
<Download startTime="8110" endTime="8311" complete="1" fileType="audio" variant="5134906b-586c-4302-9036-d9055a49a72f">
<Pause type="segmentWait" startTime="8110" endTime="8310" />
</Download>
<Transcode startTime="8032" endTime="8237" complete="1" fileType="video" variant="5134906b-586c-4302-9036-d9055a49a72f" />
<Transcode startTime="8032" endTime="8237" complete="1" fileType="audio" variant="5134906b-586c-4302-9036-d9055a49a72f" />
</Timelines>
</Segment>
<Segment duration="1001" startOffset="211044" endOffset="212045">
<File name="chunk-stream0-00212.m4s" type="video">
<FileVariant size="1195869" variant="5134906b-586c-4302-9036-d9055a49a72f" />
</File>
<File name="chunk-stream1-00212.m4s" type="audio">
<FileVariant size="29000" variant="5134906b-586c-4302-9036-d9055a49a72f" />
</File>
<Timelines>
<Download startTime="8323" endTime="8524" complete="1" fileType="audio" variant="5134906b-586c-4302-9036-d9055a49a72f">
<Pause type="segmentWait" startTime="8323" endTime="8524" />
</Download>
<Download startTime="8323" endTime="8527" complete="1" fileType="video" variant="5134906b-586c-4302-9036-d9055a49a72f">
<Pause type="segmentWait" startTime="8323" endTime="8524" />
</Download>
<Transcode startTime="8237" endTime="8439" complete="1" fileType="video" variant="5134906b-586c-4302-9036-d9055a49a72f" />
<Transcode startTime="8237" endTime="8439" complete="1" fileType="audio" variant="5134906b-586c-4302-9036-d9055a49a72f" />
</Timelines>
</Segment>
<Segment duration="1001" startOffset="212045" endOffset="213046">
<File name="chunk-stream0-00213.m4s" type="video">
<FileVariant size="1153766" variant="5134906b-586c-4302-9036-d9055a49a72f" />
</File>
<File name="chunk-stream1-00213.m4s" type="audio">
<FileVariant size="29247" variant="5134906b-586c-4302-9036-d9055a49a72f" />
</File>
<Timelines>
<Download startTime="8537" endTime="8638" complete="1" fileType="audio" variant="5134906b-586c-4302-9036-d9055a49a72f">
<Pause type="segmentWait" startTime="8537" endTime="8637" />
</Download>
<Download startTime="8551" endTime="8654" complete="1" fileType="video" variant="5134906b-586c-4302-9036-d9055a49a72f">
<Pause type="segmentWait" startTime="8551" endTime="8651" />
</Download>
<Transcode startTime="8439" endTime="8628" complete="1" fileType="video" variant="5134906b-586c-4302-9036-d9055a49a72f" />
<Transcode startTime="8439" endTime="8628" complete="1" fileType="audio" variant="5134906b-586c-4302-9036-d9055a49a72f" />
</Timelines>
</Segment>
<Segment duration="1001" startOffset="213046" endOffset="214047">
<File name="chunk-stream0-00214.m4s" type="video">
<FileVariant size="1217686" variant="5134906b-586c-4302-9036-d9055a49a72f" />
</File>
<File name="chunk-stream1-00214.m4s" type="audio">
<FileVariant size="30344" variant="5134906b-586c-4302-9036-d9055a49a72f" />
</File>
<Timelines>
<Download startTime="8643" endTime="8845" complete="1" fileType="audio" variant="5134906b-586c-4302-9036-d9055a49a72f">
<Pause type="segmentWait" startTime="8643" endTime="8844" />
</Download>
<Download startTime="8677" endTime="8879" complete="1" fileType="video" variant="5134906b-586c-4302-9036-d9055a49a72f">
<Pause type="segmentWait" startTime="8677" endTime="8877" />
</Download>
<Transcode startTime="8628" endTime="8834" complete="1" fileType="video" variant="5134906b-586c-4302-9036-d9055a49a72f" />
<Transcode startTime="8628" endTime="8834" complete="1" fileType="audio" variant="5134906b-586c-4302-9036-d9055a49a72f" />
</Timelines>
</Segment>
<Segment duration="1001" startOffset="214047" endOffset="215048">
<File name="chunk-stream0-00215.m4s" type="video">
<FileVariant size="1273509" variant="5134906b-586c-4302-9036-d9055a49a72f" />
</File>
<File name="chunk-stream1-00215.m4s" type="audio">
<FileVariant size="31073" variant="5134906b-586c-4302-9036-d9055a49a72f" />
</File>
<Timelines>
<Download startTime="8851" endTime="9051" complete="1" fileType="audio" variant="5134906b-586c-4302-9036-d9055a49a72f">
<Pause type="segmentWait" startTime="8851" endTime="9051" />
</Download>
<Download startTime="8903" endTime="9105" complete="1" fileType="video" variant="5134906b-586c-4302-9036-d9055a49a72f">
<Pause type="segmentWait" startTime="8903" endTime="9103" />
</Download>
<Transcode startTime="8834" endTime="9036" complete="1" fileType="video" variant="5134906b-586c-4302-9036-d9055a49a72f" />
<Transcode startTime="8834" endTime="9036" complete="1" fileType="audio" variant="5134906b-586c-4302-9036-d9055a49a72f" />
</Timelines>
</Segment>
<Segment duration="1001" startOffset="215048" endOffset="216049">
<File name="chunk-stream0-00216.m4s" type="video">
<FileVariant size="1242475" variant="5134906b-586c-4302-9036-d9055a49a72f" />
</File>
<File name="chunk-stream1-00216.m4s" type="audio">
<FileVariant size="29955" variant="5134906b-586c-4302-9036-d9055a49a72f" />
</File>
<Timelines>
<Download startTime="9058" endTime="9258" complete="1" fileType="audio" variant="5134906b-586c-4302-9036-d9055a49a72f">
<Pause type="segmentWait" startTime="9058" endTime="9258" />
</Download>
<Download startTime="9132" endTime="9336" complete="1" fileType="video" variant="5134906b-586c-4302-9036-d9055a49a72f">
<Pause type="segmentWait" startTime="9132" endTime="9332" />
</Download>
<Transcode startTime="9036" endTime="9241" complete="1" fileType="video" variant="5134906b-586c-4302-9036-d9055a49a72f" />
<Transcode startTime="9036" endTime="9241" complete="1" fileType="audio" variant="5134906b-586c-4302-9036-d9055a49a72f" />
</Timelines>
</Segment>
<Segment duration="1001" startOffset="216049" endOffset="217050">
<File name="chunk-stream0-00217.m4s" type="video">
<FileVariant size="1253199" variant="5134906b-586c-4302-9036-d9055a49a72f" />
</File>
<File name="chunk-stream1-00217.m4s" type="audio">
<FileVariant size="31027" variant="5134906b-586c-4302-9036-d9055a49a72f" />
</File>
<Timelines>
<Download startTime="9273" endTime="9474" complete="1" fileType="audio" variant="5134906b-586c-4302-9036-d9055a49a72f">
<Pause type="segmentWait" startTime="9273" endTime="9473" />
</Download>
<Transcode startTime="9241" endTime="9443" complete="1" fileType="video" variant="5134906b-586c-4302-9036-d9055a49a72f" />
<Transcode startTime="9241" endTime="9443" complete="1" fileType="audio" variant="5134906b-586c-4302-9036-d9055a49a72f" />
<Download startTime="9485" endTime="9486" complete="1" fileType="video" variant="5134906b-586c-4302-9036-d9055a49a72f" />
</Timelines>
</Segment>
<Segment duration="1001" startOffset="217050" endOffset="218051">
<File name="chunk-stream0-00218.m4s" type="video">
<FileVariant size="1192863" variant="5134906b-586c-4302-9036-d9055a49a72f" />
</File>
<File name="chunk-stream1-00218.m4s" type="audio">
<FileVariant size="32583" variant="5134906b-586c-4302-9036-d9055a49a72f" />
</File>
<Timelines>
<Download startTime="9482" endTime="9683" complete="1" fileType="audio" variant="5134906b-586c-4302-9036-d9055a49a72f">
<Pause type="segmentWait" startTime="9482" endTime="9682" />
</Download>
<Download startTime="9509" endTime="9711" complete="1" fileType="video" variant="5134906b-586c-4302-9036-d9055a49a72f">
<Pause type="segmentWait" startTime="9509" endTime="9709" />
</Download>
<Transcode startTime="9443" endTime="9661" complete="1" fileType="video" variant="5134906b-586c-4302-9036-d9055a49a72f" />
<Transcode startTime="9443" endTime="9661" complete="1" fileType="audio" variant="5134906b-586c-4302-9036-d9055a49a72f" />
</Timelines>
</Segment>
<Segment duration="959" startOffset="218051" endOffset="219010">
<File name="chunk-stream0-00219.m4s" type="video">
<FileVariant size="1202184" variant="5134906b-586c-4302-9036-d9055a49a72f" />
</File>
<File name="chunk-stream1-00219.m4s" type="audio">
<FileVariant size="30348" variant="5134906b-586c-4302-9036-d9055a49a72f" />
</File>
<Timelines>
<Download startTime="9691" endTime="9892" complete="1" fileType="audio" variant="5134906b-586c-4302-9036-d9055a49a72f">
<Pause type="segmentWait" startTime="9691" endTime="9891" />
</Download>
<Download startTime="9737" endTime="9940" complete="1" fileType="video" variant="5134906b-586c-4302-9036-d9055a49a72f">
<Pause type="segmentWait" startTime="9737" endTime="9938" />
</Download>
<Transcode startTime="9661" endTime="9863" complete="1" fileType="video" variant="5134906b-586c-4302-9036-d9055a49a72f" />
<Transcode startTime="9661" endTime="9863" complete="1" fileType="audio" variant="5134906b-586c-4302-9036-d9055a49a72f" />
</Timelines>
</Segment>
<Segment duration="1001" startOffset="219010" endOffset="220011">
<File name="chunk-stream0-00220.m4s" type="video">
<FileVariant size="1202890" variant="5134906b-586c-4302-9036-d9055a49a72f" />
</File>
<File name="chunk-stream1-00220.m4s" type="audio">
<FileVariant size="29546" variant="5134906b-586c-4302-9036-d9055a49a72f" />
</File>
<Timelines>
<Download startTime="9898" endTime="10100" complete="1" fileType="audio" variant="5134906b-586c-4302-9036-d9055a49a72f">
<Pause type="segmentWait" startTime="9898" endTime="10098" />
</Download>
<Transcode startTime="9863" endTime="10058" complete="1" fileType="video" variant="5134906b-586c-4302-9036-d9055a49a72f" />
<Transcode startTime="9863" endTime="10058" complete="1" fileType="audio" variant="5134906b-586c-4302-9036-d9055a49a72f" />
<Download startTime="10100" endTime="10104" complete="1" fileType="video" variant="5134906b-586c-4302-9036-d9055a49a72f" />
</Timelines>
</Segment>
<Segment duration="1001" startOffset="220011" endOffset="221012">
<File name="chunk-stream0-00221.m4s" type="video">
<FileVariant size="1158364" variant="5134906b-586c-4302-9036-d9055a49a72f" />
</File>
<File name="chunk-stream1-00221.m4s" type="audio">
<FileVariant size="26050" variant="5134906b-586c-4302-9036-d9055a49a72f" />
</File>
<Timelines>
<Download startTime="10112" endTime="10313" complete="1" fileType="audio" variant="5134906b-586c-4302-9036-d9055a49a72f">
<Pause type="segmentWait" startTime="10112" endTime="10312" />
</Download>
<Download startTime="10137" endTime="10339" complete="1" fileType="video" variant="5134906b-586c-4302-9036-d9055a49a72f">
<Pause type="segmentWait" startTime="10137" endTime="10337" />
</Download>
<Transcode startTime="10058" endTime="10238" complete="1" fileType="video" variant="5134906b-586c-4302-9036-d9055a49a72f" />
<Transcode startTime="10058" endTime="10238" complete="1" fileType="audio" variant="5134906b-586c-4302-9036-d9055a49a72f" />
</Timelines>
</Segment>
<Segment duration="1001" startOffset="221012" endOffset="222013">
<File name="chunk-stream0-00222.m4s" type="video">
<FileVariant size="1120809" variant="5134906b-586c-4302-9036-d9055a49a72f" />
</File>
<File name="chunk-stream1-00222.m4s" type="audio">
<FileVariant size="34153" variant="5134906b-586c-4302-9036-d9055a49a72f" />
</File>
<Timelines>
<Download startTime="10321" endTime="10521" complete="1" fileType="audio" variant="5134906b-586c-4302-9036-d9055a49a72f">
<Pause type="segmentWait" startTime="10321" endTime="10521" />
</Download>
<Download startTime="10369" endTime="10571" complete="1" fileType="video" variant="5134906b-586c-4302-9036-d9055a49a72f">
<Pause type="segmentWait" startTime="10369" endTime="10569" />
</Download>
<Transcode startTime="10238" endTime="10477" complete="1" fileType="video" variant="5134906b-586c-4302-9036-d9055a49a72f" />
<Transcode startTime="10238" endTime="10477" complete="1" fileType="audio" variant="5134906b-586c-4302-9036-d9055a49a72f" />
</Timelines>
</Segment>
<Segment duration="1001" startOffset="222013" endOffset="223014">
<File name="chunk-stream0-00223.m4s" type="video">
<FileVariant size="1130775" variant="5134906b-586c-4302-9036-d9055a49a72f" />
</File>
<File name="chunk-stream1-00223.m4s" type="audio">
<FileVariant size="32340" variant="5134906b-586c-4302-9036-d9055a49a72f" />
</File>
<Timelines>
<Download startTime="10527" endTime="10728" complete="1" fileType="audio" variant="5134906b-586c-4302-9036-d9055a49a72f">
<Pause type="segmentWait" startTime="10527" endTime="10728" />
</Download>
<Download startTime="10603" endTime="10705" complete="1" fileType="video" variant="5134906b-586c-4302-9036-d9055a49a72f">
<Pause type="segmentWait" startTime="10603" endTime="10703" />
</Download>
<Transcode startTime="10477" endTime="10678" complete="1" fileType="video" variant="5134906b-586c-4302-9036-d9055a49a72f" />
<Transcode startTime="10477" endTime="10678" complete="1" fileType="audio" variant="5134906b-586c-4302-9036-d9055a49a72f" />
</Timelines>
</Segment>
<Segment duration="1001" startOffset="223014" endOffset="224015">
<File name="chunk-stream0-00224.m4s" type="video">
<FileVariant size="1121690" variant="5134906b-586c-4302-9036-d9055a49a72f" />
</File>
<File name="chunk-stream1-00224.m4s" type="audio">
<FileVariant size="30953" variant="5134906b-586c-4302-9036-d9055a49a72f" />
</File>
<Timelines>
<Download startTime="10731" endTime="10931" complete="1" fileType="video" variant="5134906b-586c-4302-9036-d9055a49a72f">
<Pause type="segmentWait" startTime="10731" endTime="10931" />
</Download>
<Download startTime="10734" endTime="10934" complete="1" fileType="audio" variant="5134906b-586c-4302-9036-d9055a49a72f">
<Pause type="segmentWait" startTime="10734" endTime="10934" />
</Download>
<Transcode startTime="10678" endTime="10866" complete="1" fileType="video" variant="5134906b-586c-4302-9036-d9055a49a72f" />
<Transcode startTime="10678" endTime="10866" complete="1" fileType="audio" variant="5134906b-586c-4302-9036-d9055a49a72f" />
</Timelines>
</Segment>
<Segment duration="1001" startOffset="243034" endOffset="244035">
<File name="chunk-stream0-00244.m4s" type="video">
<FileVariant size="2389258" variant="a8a110db-25a5-43f0-b8f9-865200479fc9" />
</File>
<File name="chunk-stream1-00244.m4s" type="audio">
<FileVariant size="28271" variant="a8a110db-25a5-43f0-b8f9-865200479fc9" />
</File>
<Timelines>
<Download startTime="10914" endTime="11720" complete="1" fileType="video" variant="5134906b-586c-4302-9036-d9055a49a72f">
<Pause type="segmentWait" startTime="10914" endTime="11715" />
</Download>
<Download startTime="10915" endTime="11717" complete="1" fileType="audio" variant="a8a110db-25a5-43f0-b8f9-865200479fc9">
<Pause type="segmentWait" startTime="10915" endTime="11717" />
</Download>
<Transcode startTime="10915" endTime="11666" complete="1" fileType="video" variant="a8a110db-25a5-43f0-b8f9-865200479fc9" />
<Transcode startTime="10915" endTime="11666" complete="1" fileType="audio" variant="a8a110db-25a5-43f0-b8f9-865200479fc9" />
</Timelines>
</Segment>
<Segment duration="1001" startOffset="244035" endOffset="245036">
<File name="chunk-stream0-00245.m4s" type="video">
<FileVariant size="2435710" variant="a8a110db-25a5-43f0-b8f9-865200479fc9" />
</File>
<File name="chunk-stream1-00245.m4s" type="audio">
<FileVariant size="33533" variant="a8a110db-25a5-43f0-b8f9-865200479fc9" />
</File>
<Timelines>
<Download startTime="11746" endTime="11946" complete="1" fileType="audio" variant="a8a110db-25a5-43f0-b8f9-865200479fc9">
<Pause type="segmentWait" startTime="11746" endTime="11946" />
</Download>
<Download startTime="11771" endTime="11975" complete="1" fileType="video" variant="a8a110db-25a5-43f0-b8f9-865200479fc9">
<Pause type="segmentWait" startTime="11771" endTime="11971" />
</Download>
<Transcode startTime="11666" endTime="11887" complete="1" fileType="video" variant="a8a110db-25a5-43f0-b8f9-865200479fc9" />
<Transcode startTime="11666" endTime="11887" complete="1" fileType="audio" variant="a8a110db-25a5-43f0-b8f9-865200479fc9" />
</Timelines>
</Segment>
<Segment duration="1001" startOffset="245036" endOffset="246037">
<File name="chunk-stream0-00246.m4s" type="video">
<FileVariant size="2398007" variant="a8a110db-25a5-43f0-b8f9-865200479fc9" />
</File>
<File name="chunk-stream1-00246.m4s" type="audio">
<FileVariant size="26656" variant="a8a110db-25a5-43f0-b8f9-865200479fc9" />
</File>
<Timelines>
<Download startTime="11958" endTime="12161" complete="1" fileType="audio" variant="a8a110db-25a5-43f0-b8f9-865200479fc9">
<Pause type="segmentWait" startTime="11958" endTime="12160" />
</Download>
<Download startTime="12015" endTime="12119" complete="1" fileType="video" variant="a8a110db-25a5-43f0-b8f9-865200479fc9">
<Pause type="segmentWait" startTime="12015" endTime="12116" />
</Download>
<Transcode startTime="11887" endTime="12101" complete="1" fileType="video" variant="a8a110db-25a5-43f0-b8f9-865200479fc9" />
<Transcode startTime="11887" endTime="12101" complete="1" fileType="audio" variant="a8a110db-25a5-43f0-b8f9-865200479fc9" />
</Timelines>
</Segment>
<Segment duration="1001" startOffset="246037" endOffset="247038">
<File name="chunk-stream0-00247.m4s" type="video">
<FileVariant size="2399179" variant="a8a110db-25a5-43f0-b8f9-865200479fc9" />
</File>
<File name="chunk-stream1-00247.m4s" type="audio">
<FileVariant size="29401" variant="a8a110db-25a5-43f0-b8f9-865200479fc9" />
</File>
<Timelines>
<Download startTime="12163" endTime="12365" complete="1" fileType="video" variant="a8a110db-25a5-43f0-b8f9-865200479fc9">
<Pause type="segmentWait" startTime="12163" endTime="12363" />
</Download>
<Download startTime="12177" endTime="12379" complete="1" fileType="audio" variant="a8a110db-25a5-43f0-b8f9-865200479fc9">
<Pause type="segmentWait" startTime="12177" endTime="12378" />
</Download>
<Transcode startTime="12101" endTime="12354" complete="1" fileType="video" variant="a8a110db-25a5-43f0-b8f9-865200479fc9" />
<Transcode startTime="12101" endTime="12354" complete="1" fileType="audio" variant="a8a110db-25a5-43f0-b8f9-865200479fc9" />
</Timelines>
</Segment>
<Segment duration="1001" startOffset="247038" endOffset="248039">
<File name="chunk-stream0-00248.m4s" type="video">
<FileVariant size="2477690" variant="a8a110db-25a5-43f0-b8f9-865200479fc9" />
</File>
<File name="chunk-stream1-00248.m4s" type="audio">
<FileVariant size="35357" variant="a8a110db-25a5-43f0-b8f9-865200479fc9" />
</File>
<Timelines>
<Download startTime="12410" endTime="12611" complete="1" fileType="audio" variant="a8a110db-25a5-43f0-b8f9-865200479fc9">
<Pause type="segmentWait" startTime="12410" endTime="12610" />
</Download>
<Download startTime="12410" endTime="12614" complete="1" fileType="video" variant="a8a110db-25a5-43f0-b8f9-865200479fc9">
<Pause type="segmentWait" startTime="12410" endTime="12610" />
</Download>
<Transcode startTime="12354" endTime="12566" complete="1" fileType="video" variant="a8a110db-25a5-43f0-b8f9-865200479fc9" />
<Transcode startTime="12354" endTime="12566" complete="1" fileType="audio" variant="a8a110db-25a5-43f0-b8f9-865200479fc9" />
</Timelines>
</Segment>
<Segment duration="1001" startOffset="248039" endOffset="249040">
<File name="chunk-stream0-00249.m4s" type="video">
<FileVariant size="2433692" variant="7a776649-aa47-469f-95ee-fcb7ad4f1303" />
</File>
<File name="chunk-stream1-00249.m4s" type="audio">
<FileVariant size="32298" variant="7a776649-aa47-469f-95ee-fcb7ad4f1303" />
</File>
<Timelines>
<Download startTime="12625" endTime="14730" complete="1" fileType="audio" variant="a8a110db-25a5-43f0-b8f9-865200479fc9">
<Pause type="segmentWait" startTime="12625" endTime="14730" />
</Download>
<Transcode startTime="13629" endTime="14630" complete="1" fileType="video" variant="7a776649-aa47-469f-95ee-fcb7ad4f1303" />
<Transcode startTime="13629" endTime="14630" complete="1" fileType="audio" variant="7a776649-aa47-469f-95ee-fcb7ad4f1303" />
</Timelines>
</Segment>
<Segment duration="1001" startOffset="273023" endOffset="274024">
<File name="chunk-stream0-00274.m4s" type="video">
<FileVariant size="3392318" variant="6841d834-06ba-42c6-9635-e82eb05ccbd8" />
</File>
<File name="chunk-stream1-00274.m4s" type="audio">
<FileVariant size="32146" variant="6841d834-06ba-42c6-9635-e82eb05ccbd8" />
</File>
<Timelines>
<Download startTime="12676" endTime="13682" complete="1" fileType="video" variant="a8a110db-25a5-43f0-b8f9-865200479fc9">
<Pause type="segmentWait" startTime="12676" endTime="13677" />
</Download>
<Download startTime="12679" endTime="13680" complete="1" fileType="audio" variant="6841d834-06ba-42c6-9635-e82eb05ccbd8">
<Pause type="segmentWait" startTime="12679" endTime="13680" />
</Download>
<Transcode startTime="12679" endTime="13611" complete="1" fileType="video" variant="6841d834-06ba-42c6-9635-e82eb05ccbd8" />
<Transcode startTime="12679" endTime="13611" complete="1" fileType="audio" variant="6841d834-06ba-42c6-9635-e82eb05ccbd8" />
</Timelines>
</Segment>
<Segment duration="1001" startOffset="274024" endOffset="275025">
<File name="chunk-stream0-00275.m4s" type="video">
<FileVariant size="3451496" variant="3ef49197-8725-4627-92c0-96c133adf99c" />
</File>
<File name="chunk-stream1-00275.m4s" type="audio">
<FileVariant size="31830" variant="3ef49197-8725-4627-92c0-96c133adf99c" />
</File>
<Timelines>
<Download startTime="13731" endTime="15738" complete="1" fileType="audio" variant="7a776649-aa47-469f-95ee-fcb7ad4f1303">
<Pause type="segmentWait" startTime="13731" endTime="15736" />
</Download>
<Download startTime="13765" endTime="15671" complete="1" fileType="video" variant="7a776649-aa47-469f-95ee-fcb7ad4f1303">
<Pause type="segmentWait" startTime="13765" endTime="15667" />
</Download>
<Transcode startTime="14635" endTime="15642" complete="1" fileType="video" variant="3ef49197-8725-4627-92c0-96c133adf99c" />
<Transcode startTime="14635" endTime="15642" complete="1" fileType="audio" variant="3ef49197-8725-4627-92c0-96c133adf99c" />
</Timelines>
</Segment>
<Segment duration="1001" startOffset="275025" endOffset="276026">
<File name="chunk-stream0-00276.m4s" type="video">
<FileVariant size="3180911" variant="3ef49197-8725-4627-92c0-96c133adf99c" />
</File>
<File name="chunk-stream1-00276.m4s" type="audio">
<FileVariant size="33069" variant="3ef49197-8725-4627-92c0-96c133adf99c" />
</File>
<Timelines>
<Download startTime="15745" endTime="15949" complete="1" fileType="video" variant="3ef49197-8725-4627-92c0-96c133adf99c">
<Pause type="segmentWait" startTime="15745" endTime="15945" />
</Download>
<Download startTime="15750" endTime="15950" complete="1" fileType="audio" variant="3ef49197-8725-4627-92c0-96c133adf99c">
<Pause type="segmentWait" startTime="15750" endTime="15950" />
</Download>
<Transcode startTime="15642" endTime="15904" complete="1" fileType="video" variant="3ef49197-8725-4627-92c0-96c133adf99c" />
<Transcode startTime="15642" endTime="15904" complete="1" fileType="audio" variant="3ef49197-8725-4627-92c0-96c133adf99c" />
</Timelines>
</Segment>
<Segment duration="1001" startOffset="276026" endOffset="277027">
<File name="chunk-stream0-00277.m4s" type="video">
<FileVariant size="3173435" variant="3ef49197-8725-4627-92c0-96c133adf99c" />
</File>
<File name="chunk-stream1-00277.m4s" type="audio">
<FileVariant size="32297" variant="3ef49197-8725-4627-92c0-96c133adf99c" />
</File>
<Timelines>
<Download startTime="15987" endTime="16188" complete="1" fileType="audio" variant="3ef49197-8725-4627-92c0-96c133adf99c">
<Pause type="segmentWait" startTime="15987" endTime="16187" />
</Download>
<Download startTime="16013" endTime="16222" complete="1" fileType="video" variant="3ef49197-8725-4627-92c0-96c133adf99c">
<Pause type="segmentWait" startTime="16013" endTime="16213" />
</Download>
<Transcode startTime="15904" endTime="16166" complete="1" fileType="video" variant="3ef49197-8725-4627-92c0-96c133adf99c" />
<Transcode startTime="15904" endTime="16166" complete="1" fileType="audio" variant="3ef49197-8725-4627-92c0-96c133adf99c" />
</Timelines>
</Segment>
<Segment duration="1001" startOffset="277027" endOffset="278028">
<File name="chunk-stream0-00278.m4s" type="video">
<FileVariant size="2821702" variant="3ef49197-8725-4627-92c0-96c133adf99c" />
</File>
<File name="chunk-stream1-00278.m4s" type="audio">
<FileVariant size="32480" variant="3ef49197-8725-4627-92c0-96c133adf99c" />
</File>
<Timelines>
<Download startTime="16206" endTime="16406" complete="1" fileType="audio" variant="3ef49197-8725-4627-92c0-96c133adf99c">
<Pause type="segmentWait" startTime="16206" endTime="16406" />
</Download>
<Download startTime="16289" endTime="16493" complete="1" fileType="video" variant="3ef49197-8725-4627-92c0-96c133adf99c">
<Pause type="segmentWait" startTime="16289" endTime="16489" />
</Download>
<Transcode startTime="16166" endTime="16395" complete="1" fileType="video" variant="3ef49197-8725-4627-92c0-96c133adf99c" />
<Transcode startTime="16166" endTime="16395" complete="1" fileType="audio" variant="3ef49197-8725-4627-92c0-96c133adf99c" />
</Timelines>
</Segment>
<Segment duration="1001" startOffset="278028" endOffset="279029">
<File name="chunk-stream0-00279.m4s" type="video">
<FileVariant size="2809551" variant="3ef49197-8725-4627-92c0-96c133adf99c" />
</File>
<File name="chunk-stream1-00279.m4s" type="audio">
<FileVariant size="32443" variant="3ef49197-8725-4627-92c0-96c133adf99c" />
</File>
<Timelines>
<Download startTime="16412" endTime="16620" complete="1" fileType="audio" variant="3ef49197-8725-4627-92c0-96c133adf99c">
<Pause type="segmentWait" startTime="16412" endTime="16620" />
</Download>
<Download startTime="16543" endTime="16653" complete="1" fileType="video" variant="3ef49197-8725-4627-92c0-96c133adf99c">
<Pause type="segmentWait" startTime="16543" endTime="16643" />
</Download>
<Transcode startTime="16395" endTime="16618" complete="1" fileType="video" variant="3ef49197-8725-4627-92c0-96c133adf99c" />
<Transcode startTime="16395" endTime="16618" complete="1" fileType="audio" variant="3ef49197-8725-4627-92c0-96c133adf99c" />
</Timelines>
</Segment>
<Segment duration="1001" startOffset="279029" endOffset="280030">
<File name="chunk-stream0-00280.m4s" type="video">
<FileVariant size="2855506" variant="3ef49197-8725-4627-92c0-96c133adf99c" />
</File>
<File name="chunk-stream1-00280.m4s" type="audio">
<FileVariant size="32244" variant="3ef49197-8725-4627-92c0-96c133adf99c" />
</File>
<Timelines>
<Download startTime="16626" endTime="16827" complete="1" fileType="audio" variant="3ef49197-8725-4627-92c0-96c133adf99c">
<Pause type="segmentWait" startTime="16626" endTime="16827" />
</Download>
<Download startTime="16692" endTime="16897" complete="1" fileType="video" variant="3ef49197-8725-4627-92c0-96c133adf99c">
<Pause type="segmentWait" startTime="16692" endTime="16892" />
</Download>
<Transcode startTime="16618" endTime="16826" complete="1" fileType="video" variant="3ef49197-8725-4627-92c0-96c133adf99c" />
<Transcode startTime="16618" endTime="16826" complete="1" fileType="audio" variant="3ef49197-8725-4627-92c0-96c133adf99c" />
</Timelines>
</Segment>
<Segment duration="1001" startOffset="280030" endOffset="281031">
<File name="chunk-stream0-00281.m4s" type="video">
<FileVariant size="2787512" variant="3ef49197-8725-4627-92c0-96c133adf99c" />
</File>
<File name="chunk-stream1-00281.m4s" type="audio">
<FileVariant size="32020" variant="3ef49197-8725-4627-92c0-96c133adf99c" />
</File>
<Timelines>
<Download startTime="16834" endTime="17034" complete="1" fileType="audio" variant="3ef49197-8725-4627-92c0-96c133adf99c">
<Pause type="segmentWait" startTime="16834" endTime="17034" />
</Download>
<Download startTime="16942" endTime="17046" complete="1" fileType="video" variant="3ef49197-8725-4627-92c0-96c133adf99c">
<Pause type="segmentWait" startTime="16942" endTime="17042" />
</Download>
<Transcode startTime="16826" endTime="17030" complete="1" fileType="video" variant="3ef49197-8725-4627-92c0-96c133adf99c" />
<Transcode startTime="16826" endTime="17030" complete="1" fileType="audio" variant="3ef49197-8725-4627-92c0-96c133adf99c" />
</Timelines>
</Segment>
<Segment duration="1001" startOffset="281031" endOffset="282032">
<File name="chunk-stream0-00282.m4s" type="video">
<FileVariant size="2711317" variant="a3a57285-0f9e-4a51-8a8e-ee3821a00e0f" />
</File>
<File name="chunk-stream1-00282.m4s" type="audio">
<FileVariant size="31484" variant="a3a57285-0f9e-4a51-8a8e-ee3821a00e0f" />
</File>
<Timelines>
<Download startTime="17041" endTime="19148" complete="1" fileType="audio" variant="3ef49197-8725-4627-92c0-96c133adf99c">
<Pause type="segmentWait" startTime="17041" endTime="19148" />
</Download>
<Transcode startTime="18147" endTime="19109" complete="1" fileType="video" variant="a3a57285-0f9e-4a51-8a8e-ee3821a00e0f" />
<Transcode startTime="18147" endTime="19109" complete="1" fileType="audio" variant="a3a57285-0f9e-4a51-8a8e-ee3821a00e0f" />
</Timelines>
</Segment>
<Segment duration="1001" startOffset="303011" endOffset="304012">
<File name="chunk-stream0-00304.m4s" type="video">
<FileVariant size="61736" variant="8438b94a-9b0f-4f4e-92ed-c3f917fa75f7" />
</File>
<File name="chunk-stream1-00304.m4s" type="audio">
<FileVariant size="29367" variant="8438b94a-9b0f-4f4e-92ed-c3f917fa75f7" />
</File>
<Timelines>
<Download startTime="17068" endTime="18171" complete="1" fileType="video" variant="3ef49197-8725-4627-92c0-96c133adf99c">
<Pause type="segmentWait" startTime="17068" endTime="18170" />
</Download>
<Download startTime="17069" endTime="18171" complete="1" fileType="audio" variant="8438b94a-9b0f-4f4e-92ed-c3f917fa75f7">
<Pause type="segmentWait" startTime="17069" endTime="18170" />
</Download>
<Transcode startTime="17069" endTime="18128" complete="1" fileType="video" variant="8438b94a-9b0f-4f4e-92ed-c3f917fa75f7" />
<Transcode startTime="17069" endTime="18129" complete="1" fileType="audio" variant="8438b94a-9b0f-4f4e-92ed-c3f917fa75f7" />
</Timelines>
</Segment>
<Segment duration="0" startOffset="-1" endOffset="-1">
<Timelines>
<Download startTime="18204" fileType="audio" variant="a3a57285-0f9e-4a51-8a8e-ee3821a00e0f" />
<Download startTime="18204" fileType="video" variant="a3a57285-0f9e-4a51-8a8e-ee3821a00e0f" />
</Timelines>
</Segment>
</SegmentList>
<PlaybackReports>
<Playback startTime="2614" endTime="4185" state="buffering" progress="179000" />
<Playback startTime="4185" endTime="11507" state="playing" progress="179000" />
<Playback startTime="11507" endTime="12003" state="buffering" progress="245000" />
<Playback startTime="12003" endTime="12674" state="buffering" progress="245000" />
<Playback startTime="12674" endTime="13218" state="playing" progress="275000" />
<Playback startTime="13218" endTime="17081" state="buffering" progress="275000" />
<Playback startTime="17081" endTime="17629" state="playing" progress="305000" />
<Playback startTime="17629" endTime="17783" state="buffering" progress="305000" />
<Playback startTime="17783" endTime="18741" state="playing" progress="335000" />
<Playback startTime="18741" endTime="19205" state="buffering" progress="395000" />
</PlaybackReports>
<StateReports />
<StateReports />
</SessionReport>
