May 30, 2022 16:14:43.292 [0x7f3d4b15db38] INFO - Plex Media Scanner v1.26.2.5797-5bd057d2b - Docker Docker Container (LinuxServer.io) x86_64 - build: linux-x86_64 - GMT 02:00
May 30, 2022 16:14:43.293 [0x7f3d4b15db38] INFO - Linux version: 5.15.41-1-MANJARO, language: en-US
May 30, 2022 16:14:43.293 [0x7f3d4b15db38] INFO - Processor: 12-core AMD Ryzen 5 3600 6-Core Processor              
May 30, 2022 16:14:43.293 [0x7f3d4b15db38] INFO - /usr/lib/plexmediaserver/Plex Media Scanner --analyze --log-file-suffix  Analysis --no-thumbs --item 793,794,795,796,797
May 30, 2022 16:14:43.293 [0x7f3d4e172808] DEBUG - Opening 20 database sessions to library (com.plexapp.plugins.library), SQLite 3.35.5, threadsafe=1
May 30, 2022 16:14:43.351 [0x7f3d4e172808] DEBUG - Analyzing media parts for item 793 (Leopard Stalks in Snow): 2113,2146
May 30, 2022 16:14:43.352 [0x7f3d4e172808] DEBUG - [ID 2115] Media part analysis: /tv/IntoTheBadlands/Into the Badlands S02E06 720p WEBRip Hindi English AC3-LOKI-M2Tv ExCLuSivE.mkv
May 30, 2022 16:14:43.352 [0x7f3d4e172808] DEBUG - [MI] Opening input file: "/tv/IntoTheBadlands/Into the Badlands S02E06 720p WEBRip Hindi English AC3-LOKI-M2Tv ExCLuSivE.mkv"
May 30, 2022 16:14:43.352 [0x7f3d4e172808] DEBUG - [FFMPEG] - Opening '/tv/IntoTheBadlands/Into the Badlands S02E06 720p WEBRip Hindi English AC3-LOKI-M2Tv ExCLuSivE.mkv' for reading
May 30, 2022 16:14:43.352 [0x7f3d4e172808] DEBUG - [FFMPEG] - Setting default whitelist 'file,crypto,data'
May 30, 2022 16:14:43.352 [0x7f3d4e172808] DEBUG - [FFMPEG] - Format matroska,webm probed with size=2048 and score=100
May 30, 2022 16:14:43.352 [0x7f3d4e172808] DEBUG - [FFMPEG] - st:0 removing common factor 1000000 from timebase
May 30, 2022 16:14:43.352 [0x7f3d4e172808] DEBUG - [FFMPEG] - st:1 removing common factor 1000000 from timebase
May 30, 2022 16:14:43.352 [0x7f3d4e172808] DEBUG - [FFMPEG] - st:2 removing common factor 1000000 from timebase
May 30, 2022 16:14:43.352 [0x7f3d4e172808] DEBUG - [FFMPEG] - st:3 removing common factor 1000000 from timebase
May 30, 2022 16:14:43.352 [0x7f3d4e172808] DEBUG - [FFMPEG] - Before avformat_find_stream_info() pos: 5865 bytes read:34376 seeks:2 nb_streams:4
May 30, 2022 16:14:43.352 [0x7f3d4e172808] DEBUG - [FFMPEG] - nal_unit_type: 7(SPS), nal_ref_idc: 3
May 30, 2022 16:14:43.352 [0x7f3d4e172808] DEBUG - [FFMPEG] - nal_unit_type: 8(PPS), nal_ref_idc: 3
May 30, 2022 16:14:43.353 [0x7f3d4e172808] DEBUG - [FFMPEG] - nal_unit_type: 7(SPS), nal_ref_idc: 3
May 30, 2022 16:14:43.353 [0x7f3d4e172808] DEBUG - [FFMPEG] - nal_unit_type: 8(PPS), nal_ref_idc: 3
May 30, 2022 16:14:43.353 [0x7f3d4e172808] DEBUG - [FFMPEG] - nal_unit_type: 6(SEI), nal_ref_idc: 0
May 30, 2022 16:14:43.353 [0x7f3d4e172808] DEBUG - [FFMPEG] - nal_unit_type: 5(IDR), nal_ref_idc: 3
May 30, 2022 16:14:43.353 [0x7f3d4e172808] DEBUG - [FFMPEG] - Format yuv420p chosen by get_format().
May 30, 2022 16:14:43.353 [0x7f3d4e172808] DEBUG - [FFMPEG] - no picture 
May 30, 2022 16:14:43.354 [0x7f3d4e172808] DEBUG - [FFMPEG] - nal_unit_type: 1(Coded slice of a non-IDR picture), nal_ref_idc: 2
May 30, 2022 16:14:43.354 [0x7f3d4e172808] DEBUG - [FFMPEG] - no picture 
May 30, 2022 16:14:43.355 [0x7f3d4e172808] DEBUG - [FFMPEG] - nal_unit_type: 1(Coded slice of a non-IDR picture), nal_ref_idc: 2
May 30, 2022 16:14:43.356 [0x7f3d4e172808] DEBUG - [FFMPEG] - nal_unit_type: 1(Coded slice of a non-IDR picture), nal_ref_idc: 0
May 30, 2022 16:14:43.357 [0x7f3d4e172808] DEBUG - [FFMPEG] - nal_unit_type: 1(Coded slice of a non-IDR picture), nal_ref_idc: 0
May 30, 2022 16:14:43.358 [0x7f3d4e172808] DEBUG - [FFMPEG] - nal_unit_type: 1(Coded slice of a non-IDR picture), nal_ref_idc: 0
May 30, 2022 16:14:43.359 [0x7f3d4e172808] DEBUG - [FFMPEG] - nal_unit_type: 1(Coded slice of a non-IDR picture), nal_ref_idc: 0
May 30, 2022 16:14:43.360 [0x7f3d4e172808] DEBUG - [FFMPEG] - nal_unit_type: 1(Coded slice of a non-IDR picture), nal_ref_idc: 0
May 30, 2022 16:14:43.361 [0x7f3d4e172808] DEBUG - [FFMPEG] - nal_unit_type: 1(Coded slice of a non-IDR picture), nal_ref_idc: 0
May 30, 2022 16:14:43.362 [0x7f3d4e172808] DEBUG - [FFMPEG] - first_dts 292 not matching first dts NOPTS (pts 0, duration 41) in the queue
May 30, 2022 16:14:43.363 [0x7f3d4e172808] DEBUG - [FFMPEG] - All info found
May 30, 2022 16:14:43.364 [0x7f3d4e172808] DEBUG - [FFMPEG] - After avformat_find_stream_info() pos: 660957 bytes read:689736 seeks:2 frames:265
May 30, 2022 16:14:43.367 [0x7f3d4e172808] DEBUG - [MI]  * 57dc828b4c4dcf7b86a71c3f43525679b9c77e3a [mkv h264/ac3] Duration: 2585170ms, 1280x720 (1.777778) 23.976fps, bitrate=1441kbps, audio channels=6, optimizedForStreaming=0 ("/tv/IntoTheBadlands/Into the Badlands S02E06 720p WEBRip Hindi English AC3-LOKI-M2Tv ExCLuSivE.mkv")
May 30, 2022 16:14:43.367 [0x7f3d4e172808] DEBUG - [MI] Chapters had generic titles, clearing.
May 30, 2022 16:14:43.367 [0x7f3d4e172808] DEBUG - [MI] Closing input file: "/tv/IntoTheBadlands/Into the Badlands S02E06 720p WEBRip Hindi English AC3-LOKI-M2Tv ExCLuSivE.mkv"
May 30, 2022 16:14:43.368 [0x7f3d4e172808] DEBUG - Streams didn't change in analysis, not saving.
May 30, 2022 16:14:43.368 [0x7f3d4e172808] DEBUG - Updating media item 2113, size=465745496, metadata_item_id=793
May 30, 2022 16:14:43.368 [0x7f3d4e172808] DEBUG - Updating part with ID=2115 [/tv/IntoTheBadlands/Into the Badlands S02E06 720p WEBRip Hindi English AC3-LOKI-M2Tv ExCLuSivE.mkv]
May 30, 2022 16:14:43.368 [0x7f3d4a1e4b38] DEBUG - HTTP requesting GET http://127.0.0.1:32400/:/metadata/notify/changeItemState?librarySectionID=2&metadataItemID=793&metadataType=4&state=-1&parentID=-1&rootID=-1&mediaState=analyzing
May 30, 2022 16:14:43.369 [0x7f3d4e172808] DEBUG - [ID 2148] Media part analysis: /tv/IntoTheBadlands/Into the Badlands S02 Complete 720p WEBRip Hindi English AC3-LOKI-M2Tv ExCLuSivE/Into the Badlands S02E06 720p WEBRip Hindi English AC3-LOKI-M2Tv ExCLuSivE.mkv
May 30, 2022 16:14:43.369 [0x7f3d4e172808] DEBUG - [MI] Opening input file: "/tv/IntoTheBadlands/Into the Badlands S02 Complete 720p WEBRip Hindi English AC3-LOKI-M2Tv ExCLuSivE/Into the Badlands S02E06 720p WEBRip Hindi English AC3-LOKI-M2Tv ExCLuSivE.mkv"
May 30, 2022 16:14:43.369 [0x7f3d4e172808] DEBUG - [FFMPEG] - Opening '/tv/IntoTheBadlands/Into the Badlands S02 Complete 720p WEBRip Hindi English AC3-LOKI-M2Tv ExCLuSivE/Into the Badlands S02E06 720p WEBRip Hindi English AC3-LOKI-M2Tv ExCLuSivE.mkv' for reading
May 30, 2022 16:14:43.369 [0x7f3d4e172808] DEBUG - [FFMPEG] - Setting default whitelist 'file,crypto,data'
May 30, 2022 16:14:43.369 [0x7f3d4e172808] DEBUG - [FFMPEG] - Format matroska,webm probed with size=2048 and score=100
May 30, 2022 16:14:43.369 [0x7f3d4e172808] DEBUG - [FFMPEG] - st:0 removing common factor 1000000 from timebase
May 30, 2022 16:14:43.369 [0x7f3d4e172808] DEBUG - [FFMPEG] - st:1 removing common factor 1000000 from timebase
May 30, 2022 16:14:43.369 [0x7f3d4e172808] DEBUG - [FFMPEG] - st:2 removing common factor 1000000 from timebase
May 30, 2022 16:14:43.369 [0x7f3d4e172808] DEBUG - [FFMPEG] - st:3 removing common factor 1000000 from timebase
May 30, 2022 16:14:43.369 [0x7f3d4e172808] DEBUG - [FFMPEG] - Before avformat_find_stream_info() pos: 5865 bytes read:34376 seeks:2 nb_streams:4
May 30, 2022 16:14:43.369 [0x7f3d4a14fb38] DEBUG - [HttpClient] HTTP/1.1 (0.0s) 200 response from GET http://127.0.0.1:32400/:/metadata/notify/changeItemState?librarySectionID=2&metadataItemID=793&metadataType=4&state=-1&parentID=-1&rootID=-1&mediaState=analyzing
May 30, 2022 16:14:43.369 [0x7f3d4e172808] DEBUG - [FFMPEG] - nal_unit_type: 7(SPS), nal_ref_idc: 3
May 30, 2022 16:14:43.369 [0x7f3d4e172808] DEBUG - [FFMPEG] - nal_unit_type: 8(PPS), nal_ref_idc: 3
May 30, 2022 16:14:43.369 [0x7f3d4a1e4b38] DEBUG - HTTP requesting GET http://127.0.0.1:32400/:/metadata/notify/changeItemState?librarySectionID=2&metadataItemID=793&metadataType=4&state=-1&parentID=-1&rootID=-1&mediaState=idle
May 30, 2022 16:14:43.369 [0x7f3d4e172808] DEBUG - [FFMPEG] - nal_unit_type: 7(SPS), nal_ref_idc: 3
May 30, 2022 16:14:43.369 [0x7f3d4e172808] DEBUG - [FFMPEG] - nal_unit_type: 8(PPS), nal_ref_idc: 3
May 30, 2022 16:14:43.370 [0x7f3d4e172808] DEBUG - [FFMPEG] - nal_unit_type: 6(SEI), nal_ref_idc: 0
May 30, 2022 16:14:43.370 [0x7f3d4e172808] DEBUG - [FFMPEG] - nal_unit_type: 5(IDR), nal_ref_idc: 3
May 30, 2022 16:14:43.370 [0x7f3d4e172808] DEBUG - [FFMPEG] - Format yuv420p chosen by get_format().
May 30, 2022 16:14:43.370 [0x7f3d4a14fb38] DEBUG - [HttpClient] HTTP/1.1 (0.0s) 200 response from GET http://127.0.0.1:32400/:/metadata/notify/changeItemState?librarySectionID=2&metadataItemID=793&metadataType=4&state=-1&parentID=-1&rootID=-1&mediaState=idle (reused)
May 30, 2022 16:14:43.370 [0x7f3d4e172808] DEBUG - [FFMPEG] - no picture 
May 30, 2022 16:14:43.371 [0x7f3d4e172808] DEBUG - [FFMPEG] - nal_unit_type: 1(Coded slice of a non-IDR picture), nal_ref_idc: 2
May 30, 2022 16:14:43.372 [0x7f3d4e172808] DEBUG - [FFMPEG] - no picture 
May 30, 2022 16:14:43.372 [0x7f3d4e172808] DEBUG - [FFMPEG] - nal_unit_type: 1(Coded slice of a non-IDR picture), nal_ref_idc: 2
May 30, 2022 16:14:43.373 [0x7f3d4e172808] DEBUG - [FFMPEG] - nal_unit_type: 1(Coded slice of a non-IDR picture), nal_ref_idc: 0
May 30, 2022 16:14:43.375 [0x7f3d4e172808] DEBUG - [FFMPEG] - nal_unit_type: 1(Coded slice of a non-IDR picture), nal_ref_idc: 0
May 30, 2022 16:14:43.376 [0x7f3d4e172808] DEBUG - [FFMPEG] - nal_unit_type: 1(Coded slice of a non-IDR picture), nal_ref_idc: 0
May 30, 2022 16:14:43.377 [0x7f3d4e172808] DEBUG - [FFMPEG] - nal_unit_type: 1(Coded slice of a non-IDR picture), nal_ref_idc: 0
May 30, 2022 16:14:43.378 [0x7f3d4e172808] DEBUG - [FFMPEG] - nal_unit_type: 1(Coded slice of a non-IDR picture), nal_ref_idc: 0
May 30, 2022 16:14:43.379 [0x7f3d4e172808] DEBUG - [FFMPEG] - nal_unit_type: 1(Coded slice of a non-IDR picture), nal_ref_idc: 0
May 30, 2022 16:14:43.380 [0x7f3d4e172808] DEBUG - [FFMPEG] - first_dts 292 not matching first dts NOPTS (pts 0, duration 41) in the queue
May 30, 2022 16:14:43.381 [0x7f3d4e172808] DEBUG - [FFMPEG] - All info found
May 30, 2022 16:14:43.381 [0x7f3d4e172808] DEBUG - [FFMPEG] - After avformat_find_stream_info() pos: 660957 bytes read:689736 seeks:2 frames:265
May 30, 2022 16:14:43.381 [0x7f3d4e172808] DEBUG - [MI]  * 57dc828b4c4dcf7b86a71c3f43525679b9c77e3a [mkv h264/ac3] Duration: 2585170ms, 1280x720 (1.777778) 23.976fps, bitrate=1441kbps, audio channels=6, optimizedForStreaming=0 ("/tv/IntoTheBadlands/Into the Badlands S02 Complete 720p WEBRip Hindi English AC3-LOKI-M2Tv ExCLuSivE/Into the Badlands S02E06 720p WEBRip Hindi English AC3-LOKI-M2Tv ExCLuSivE.mkv")
May 30, 2022 16:14:43.381 [0x7f3d4e172808] DEBUG - [MI] Chapters had generic titles, clearing.
May 30, 2022 16:14:43.382 [0x7f3d4e172808] DEBUG - [MI] Closing input file: "/tv/IntoTheBadlands/Into the Badlands S02 Complete 720p WEBRip Hindi English AC3-LOKI-M2Tv ExCLuSivE/Into the Badlands S02E06 720p WEBRip Hindi English AC3-LOKI-M2Tv ExCLuSivE.mkv"
May 30, 2022 16:14:43.382 [0x7f3d4e172808] DEBUG - Streams didn't change in analysis, not saving.
May 30, 2022 16:14:43.382 [0x7f3d4e172808] DEBUG - Updating media item 2146, size=465745496, metadata_item_id=793
May 30, 2022 16:14:43.382 [0x7f3d4e172808] DEBUG - Updating part with ID=2148 [/tv/IntoTheBadlands/Into the Badlands S02 Complete 720p WEBRip Hindi English AC3-LOKI-M2Tv ExCLuSivE/Into the Badlands S02E06 720p WEBRip Hindi English AC3-LOKI-M2Tv ExCLuSivE.mkv]
May 30, 2022 16:14:43.382 [0x7f3d4a1e4b38] DEBUG - HTTP requesting GET http://127.0.0.1:32400/:/metadata/notify/changeItemState?librarySectionID=2&metadataItemID=793&metadataType=4&state=-1&parentID=-1&rootID=-1&mediaState=analyzing
May 30, 2022 16:14:43.383 [0x7f3d4a14fb38] DEBUG - [HttpClient] HTTP/1.1 (0.0s) 200 response from GET http://127.0.0.1:32400/:/metadata/notify/changeItemState?librarySectionID=2&metadataItemID=793&metadataType=4&state=-1&parentID=-1&rootID=-1&mediaState=analyzing (reused)
May 30, 2022 16:14:43.383 [0x7f3d4a1e4b38] DEBUG - HTTP requesting GET http://127.0.0.1:32400/:/metadata/notify/changeItemState?librarySectionID=2&metadataItemID=793&metadataType=4&state=-1&parentID=-1&rootID=-1&mediaState=idle
May 30, 2022 16:14:43.383 [0x7f3d4a14fb38] DEBUG - [HttpClient] HTTP/1.1 (0.0s) 200 response from GET http://127.0.0.1:32400/:/metadata/notify/changeItemState?librarySectionID=2&metadataItemID=793&metadataType=4&state=-1&parentID=-1&rootID=-1&mediaState=idle (reused)
May 30, 2022 16:14:43.384 [0x7f3d4e172808] DEBUG - Downloading document http://127.0.0.1:32400/library/changestamp
May 30, 2022 16:14:43.384 [0x7f3d4e172808] DEBUG - HTTP requesting GET http://127.0.0.1:32400/library/changestamp
May 30, 2022 16:14:43.384 [0x7f3d4a14fb38] DEBUG - [HttpClient] HTTP/1.1 (0.0s) 200 response from GET http://127.0.0.1:32400/library/changestamp (reused)
May 30, 2022 16:14:43.385 [0x7f3d4e172808] DEBUG - Updating metadata item (save) (Leopard Stalks in Snow) with ID 793
May 30, 2022 16:14:43.385 [0x7f3d4a1e4b38] DEBUG - HTTP requesting GET http://127.0.0.1:32400/:/metadata/flushMetadataCounterCache?metadataItemID=791
May 30, 2022 16:14:43.386 [0x7f3d4a14fb38] DEBUG - [HttpClient] HTTP/1.1 (0.0s) 200 response from GET http://127.0.0.1:32400/:/metadata/flushMetadataCounterCache?metadataItemID=791 (reused)
May 30, 2022 16:14:43.387 [0x7f3d4e172808] DEBUG - Analyzing media parts for item 794 (Black Heart, White Mountain): 2114,2147
May 30, 2022 16:14:43.387 [0x7f3d4e172808] DEBUG - [ID 2116] Media part analysis: /tv/IntoTheBadlands/Into the Badlands S02E07 720p WEBRip Hindi English AC3-LOKI-M2Tv ExCLuSivE.mkv
May 30, 2022 16:14:43.387 [0x7f3d4e172808] DEBUG - [MI] Opening input file: "/tv/IntoTheBadlands/Into the Badlands S02E07 720p WEBRip Hindi English AC3-LOKI-M2Tv ExCLuSivE.mkv"
May 30, 2022 16:14:43.387 [0x7f3d4e172808] DEBUG - [FFMPEG] - Opening '/tv/IntoTheBadlands/Into the Badlands S02E07 720p WEBRip Hindi English AC3-LOKI-M2Tv ExCLuSivE.mkv' for reading
May 30, 2022 16:14:43.387 [0x7f3d4e172808] DEBUG - [FFMPEG] - Setting default whitelist 'file,crypto,data'
May 30, 2022 16:14:43.387 [0x7f3d4e172808] DEBUG - [FFMPEG] - Format matroska,webm probed with size=2048 and score=100
May 30, 2022 16:14:43.387 [0x7f3d4e172808] DEBUG - [FFMPEG] - st:0 removing common factor 1000000 from timebase
May 30, 2022 16:14:43.387 [0x7f3d4e172808] DEBUG - [FFMPEG] - st:1 removing common factor 1000000 from timebase
May 30, 2022 16:14:43.387 [0x7f3d4e172808] DEBUG - [FFMPEG] - st:2 removing common factor 1000000 from timebase
May 30, 2022 16:14:43.387 [0x7f3d4e172808] DEBUG - [FFMPEG] - st:3 removing common factor 1000000 from timebase
May 30, 2022 16:14:43.387 [0x7f3d4e172808] DEBUG - [FFMPEG] - Before avformat_find_stream_info() pos: 5865 bytes read:34376 seeks:2 nb_streams:4
May 30, 2022 16:14:43.388 [0x7f3d4e172808] DEBUG - [FFMPEG] - nal_unit_type: 7(SPS), nal_ref_idc: 3
May 30, 2022 16:14:43.388 [0x7f3d4e172808] DEBUG - [FFMPEG] - nal_unit_type: 8(PPS), nal_ref_idc: 3
May 30, 2022 16:14:43.388 [0x7f3d4e172808] DEBUG - [FFMPEG] - nal_unit_type: 7(SPS), nal_ref_idc: 3
May 30, 2022 16:14:43.388 [0x7f3d4e172808] DEBUG - [FFMPEG] - nal_unit_type: 8(PPS), nal_ref_idc: 3
May 30, 2022 16:14:43.388 [0x7f3d4e172808] DEBUG - [FFMPEG] - nal_unit_type: 6(SEI), nal_ref_idc: 0
May 30, 2022 16:14:43.388 [0x7f3d4e172808] DEBUG - [FFMPEG] - nal_unit_type: 5(IDR), nal_ref_idc: 3
May 30, 2022 16:14:43.388 [0x7f3d4e172808] DEBUG - [FFMPEG] - Format yuv420p chosen by get_format().
May 30, 2022 16:14:43.388 [0x7f3d4e172808] DEBUG - [FFMPEG] - no picture 
May 30, 2022 16:14:43.389 [0x7f3d4e172808] DEBUG - [FFMPEG] - nal_unit_type: 1(Coded slice of a non-IDR picture), nal_ref_idc: 2
May 30, 2022 16:14:43.389 [0x7f3d4e172808] DEBUG - [FFMPEG] - no picture 
May 30, 2022 16:14:43.390 [0x7f3d4e172808] DEBUG - [FFMPEG] - nal_unit_type: 1(Coded slice of a non-IDR picture), nal_ref_idc: 2
May 30, 2022 16:14:43.391 [0x7f3d4e172808] DEBUG - [FFMPEG] - nal_unit_type: 1(Coded slice of a non-IDR picture), nal_ref_idc: 0
May 30, 2022 16:14:43.392 [0x7f3d4e172808] DEBUG - [FFMPEG] - nal_unit_type: 1(Coded slice of a non-IDR picture), nal_ref_idc: 0
May 30, 2022 16:14:43.393 [0x7f3d4e172808] DEBUG - [FFMPEG] - nal_unit_type: 1(Coded slice of a non-IDR picture), nal_ref_idc: 0
May 30, 2022 16:14:43.394 [0x7f3d4e172808] DEBUG - [FFMPEG] - nal_unit_type: 1(Coded slice of a non-IDR picture), nal_ref_idc: 0
May 30, 2022 16:14:43.395 [0x7f3d4e172808] DEBUG - [FFMPEG] - nal_unit_type: 1(Coded slice of a non-IDR picture), nal_ref_idc: 0
May 30, 2022 16:14:43.396 [0x7f3d4e172808] DEBUG - [FFMPEG] - nal_unit_type: 1(Coded slice of a non-IDR picture), nal_ref_idc: 0
May 30, 2022 16:14:43.397 [0x7f3d4e172808] DEBUG - [FFMPEG] - first_dts 292 not matching first dts NOPTS (pts 0, duration 41) in the queue
May 30, 2022 16:14:43.399 [0x7f3d4e172808] DEBUG - [FFMPEG] - All info found
May 30, 2022 16:14:43.399 [0x7f3d4e172808] DEBUG - [FFMPEG] - After avformat_find_stream_info() pos: 663807 bytes read:722504 seeks:2 frames:326
May 30, 2022 16:14:43.399 [0x7f3d4e172808] DEBUG - [MI]  * 2dd7f16b4f016b89a6ce37c5a19e783e0464f072 [mkv h264/ac3] Duration: 2466746ms, 1280x720 (1.777778) 23.976fps, bitrate=1451kbps, audio channels=6, optimizedForStreaming=0 ("/tv/IntoTheBadlands/Into the Badlands S02E07 720p WEBRip Hindi English AC3-LOKI-M2Tv ExCLuSivE.mkv")
May 30, 2022 16:14:43.399 [0x7f3d4e172808] DEBUG - [MI] Chapters had generic titles, clearing.
May 30, 2022 16:14:43.400 [0x7f3d4e172808] DEBUG - [MI] Closing input file: "/tv/IntoTheBadlands/Into the Badlands S02E07 720p WEBRip Hindi English AC3-LOKI-M2Tv ExCLuSivE.mkv"
May 30, 2022 16:14:43.400 [0x7f3d4e172808] DEBUG - Streams didn't change in analysis, not saving.
May 30, 2022 16:14:43.400 [0x7f3d4e172808] DEBUG - Updating media item 2114, size=447666689, metadata_item_id=794
May 30, 2022 16:14:43.400 [0x7f3d4e172808] DEBUG - Updating part with ID=2116 [/tv/IntoTheBadlands/Into the Badlands S02E07 720p WEBRip Hindi English AC3-LOKI-M2Tv ExCLuSivE.mkv]
May 30, 2022 16:14:43.400 [0x7f3d4a1e4b38] DEBUG - HTTP requesting GET http://127.0.0.1:32400/:/metadata/notify/changeItemState?librarySectionID=2&metadataItemID=794&metadataType=4&state=-1&parentID=-1&rootID=-1&mediaState=analyzing
May 30, 2022 16:14:43.400 [0x7f3d4e172808] DEBUG - [ID 2149] Media part analysis: /tv/IntoTheBadlands/Into the Badlands S02 Complete 720p WEBRip Hindi English AC3-LOKI-M2Tv ExCLuSivE/Into the Badlands S02E07 720p WEBRip Hindi English AC3-LOKI-M2Tv ExCLuSivE.mkv
May 30, 2022 16:14:43.401 [0x7f3d4e172808] DEBUG - [MI] Opening input file: "/tv/IntoTheBadlands/Into the Badlands S02 Complete 720p WEBRip Hindi English AC3-LOKI-M2Tv ExCLuSivE/Into the Badlands S02E07 720p WEBRip Hindi English AC3-LOKI-M2Tv ExCLuSivE.mkv"
May 30, 2022 16:14:43.401 [0x7f3d4e172808] DEBUG - [FFMPEG] - Opening '/tv/IntoTheBadlands/Into the Badlands S02 Complete 720p WEBRip Hindi English AC3-LOKI-M2Tv ExCLuSivE/Into the Badlands S02E07 720p WEBRip Hindi English AC3-LOKI-M2Tv ExCLuSivE.mkv' for reading
May 30, 2022 16:14:43.401 [0x7f3d4e172808] DEBUG - [FFMPEG] - Setting default whitelist 'file,crypto,data'
May 30, 2022 16:14:43.401 [0x7f3d4e172808] DEBUG - [FFMPEG] - Format matroska,webm probed with size=2048 and score=100
May 30, 2022 16:14:43.401 [0x7f3d4a14fb38] DEBUG - [HttpClient] HTTP/1.1 (0.0s) 200 response from GET http://127.0.0.1:32400/:/metadata/notify/changeItemState?librarySectionID=2&metadataItemID=794&metadataType=4&state=-1&parentID=-1&rootID=-1&mediaState=analyzing (reused)
May 30, 2022 16:14:43.401 [0x7f3d4e172808] DEBUG - [FFMPEG] - st:0 removing common factor 1000000 from timebase
May 30, 2022 16:14:43.401 [0x7f3d4a1e4b38] DEBUG - HTTP requesting GET http://127.0.0.1:32400/:/metadata/notify/changeItemState?librarySectionID=2&metadataItemID=794&metadataType=4&state=-1&parentID=-1&rootID=-1&mediaState=idle
May 30, 2022 16:14:43.401 [0x7f3d4e172808] DEBUG - [FFMPEG] - st:1 removing common factor 1000000 from timebase
May 30, 2022 16:14:43.401 [0x7f3d4e172808] DEBUG - [FFMPEG] - st:2 removing common factor 1000000 from timebase
May 30, 2022 16:14:43.401 [0x7f3d4e172808] DEBUG - [FFMPEG] - st:3 removing common factor 1000000 from timebase
May 30, 2022 16:14:43.401 [0x7f3d4e172808] DEBUG - [FFMPEG] - Before avformat_find_stream_info() pos: 5865 bytes read:34376 seeks:2 nb_streams:4
May 30, 2022 16:14:43.401 [0x7f3d4e172808] DEBUG - [FFMPEG] - nal_unit_type: 7(SPS), nal_ref_idc: 3
May 30, 2022 16:14:43.401 [0x7f3d4e172808] DEBUG - [FFMPEG] - nal_unit_type: 8(PPS), nal_ref_idc: 3
May 30, 2022 16:14:43.401 [0x7f3d4e172808] DEBUG - [FFMPEG] - nal_unit_type: 7(SPS), nal_ref_idc: 3
May 30, 2022 16:14:43.401 [0x7f3d4e172808] DEBUG - [FFMPEG] - nal_unit_type: 8(PPS), nal_ref_idc: 3
May 30, 2022 16:14:43.401 [0x7f3d4a14fb38] DEBUG - [HttpClient] HTTP/1.1 (0.0s) 200 response from GET http://127.0.0.1:32400/:/metadata/notify/changeItemState?librarySectionID=2&metadataItemID=794&metadataType=4&state=-1&parentID=-1&rootID=-1&mediaState=idle (reused)
May 30, 2022 16:14:43.401 [0x7f3d4e172808] DEBUG - [FFMPEG] - nal_unit_type: 6(SEI), nal_ref_idc: 0
May 30, 2022 16:14:43.401 [0x7f3d4e172808] DEBUG - [FFMPEG] - nal_unit_type: 5(IDR), nal_ref_idc: 3
May 30, 2022 16:14:43.401 [0x7f3d4e172808] DEBUG - [FFMPEG] - Format yuv420p chosen by get_format().
May 30, 2022 16:14:43.402 [0x7f3d4e172808] DEBUG - [FFMPEG] - no picture 
May 30, 2022 16:14:43.403 [0x7f3d4e172808] DEBUG - [FFMPEG] - nal_unit_type: 1(Coded slice of a non-IDR picture), nal_ref_idc: 2
May 30, 2022 16:14:43.403 [0x7f3d4e172808] DEBUG - [FFMPEG] - no picture 
May 30, 2022 16:14:43.404 [0x7f3d4e172808] DEBUG - [FFMPEG] - nal_unit_type: 1(Coded slice of a non-IDR picture), nal_ref_idc: 2
May 30, 2022 16:14:43.405 [0x7f3d4e172808] DEBUG - [FFMPEG] - nal_unit_type: 1(Coded slice of a non-IDR picture), nal_ref_idc: 0
May 30, 2022 16:14:43.406 [0x7f3d4e172808] DEBUG - [FFMPEG] - nal_unit_type: 1(Coded slice of a non-IDR picture), nal_ref_idc: 0
May 30, 2022 16:14:43.407 [0x7f3d4e172808] DEBUG - [FFMPEG] - nal_unit_type: 1(Coded slice of a non-IDR picture), nal_ref_idc: 0
May 30, 2022 16:14:43.408 [0x7f3d4e172808] DEBUG - [FFMPEG] - nal_unit_type: 1(Coded slice of a non-IDR picture), nal_ref_idc: 0
May 30, 2022 16:14:43.409 [0x7f3d4e172808] DEBUG - [FFMPEG] - nal_unit_type: 1(Coded slice of a non-IDR picture), nal_ref_idc: 0
May 30, 2022 16:14:43.410 [0x7f3d4e172808] DEBUG - [FFMPEG] - nal_unit_type: 1(Coded slice of a non-IDR picture), nal_ref_idc: 0
May 30, 2022 16:14:43.411 [0x7f3d4e172808] DEBUG - [FFMPEG] - first_dts 292 not matching first dts NOPTS (pts 0, duration 41) in the queue
May 30, 2022 16:14:43.413 [0x7f3d4e172808] DEBUG - [FFMPEG] - All info found
May 30, 2022 16:14:43.414 [0x7f3d4e172808] DEBUG - [FFMPEG] - After avformat_find_stream_info() pos: 663807 bytes read:722504 seeks:2 frames:326
May 30, 2022 16:14:43.414 [0x7f3d4e172808] DEBUG - [MI]  * 2dd7f16b4f016b89a6ce37c5a19e783e0464f072 [mkv h264/ac3] Duration: 2466746ms, 1280x720 (1.777778) 23.976fps, bitrate=1451kbps, audio channels=6, optimizedForStreaming=0 ("/tv/IntoTheBadlands/Into the Badlands S02 Complete 720p WEBRip Hindi English AC3-LOKI-M2Tv ExCLuSivE/Into the Badlands S02E07 720p WEBRip Hindi English AC3-LOKI-M2Tv ExCLuSivE.mkv")
May 30, 2022 16:14:43.414 [0x7f3d4e172808] DEBUG - [MI] Chapters had generic titles, clearing.
May 30, 2022 16:14:43.414 [0x7f3d4e172808] DEBUG - [MI] Closing input file: "/tv/IntoTheBadlands/Into the Badlands S02 Complete 720p WEBRip Hindi English AC3-LOKI-M2Tv ExCLuSivE/Into the Badlands S02E07 720p WEBRip Hindi English AC3-LOKI-M2Tv ExCLuSivE.mkv"
May 30, 2022 16:14:43.414 [0x7f3d4e172808] DEBUG - Streams didn't change in analysis, not saving.
May 30, 2022 16:14:43.414 [0x7f3d4e172808] DEBUG - Updating media item 2147, size=447666689, metadata_item_id=794
May 30, 2022 16:14:43.415 [0x7f3d4e172808] DEBUG - Updating part with ID=2149 [/tv/IntoTheBadlands/Into the Badlands S02 Complete 720p WEBRip Hindi English AC3-LOKI-M2Tv ExCLuSivE/Into the Badlands S02E07 720p WEBRip Hindi English AC3-LOKI-M2Tv ExCLuSivE.mkv]
May 30, 2022 16:14:43.415 [0x7f3d4a1e4b38] DEBUG - HTTP requesting GET http://127.0.0.1:32400/:/metadata/notify/changeItemState?librarySectionID=2&metadataItemID=794&metadataType=4&state=-1&parentID=-1&rootID=-1&mediaState=analyzing
May 30, 2022 16:14:43.415 [0x7f3d4a14fb38] DEBUG - [HttpClient] HTTP/1.1 (0.0s) 200 response from GET http://127.0.0.1:32400/:/metadata/notify/changeItemState?librarySectionID=2&metadataItemID=794&metadataType=4&state=-1&parentID=-1&rootID=-1&mediaState=analyzing (reused)
May 30, 2022 16:14:43.415 [0x7f3d4a1e4b38] DEBUG - HTTP requesting GET http://127.0.0.1:32400/:/metadata/notify/changeItemState?librarySectionID=2&metadataItemID=794&metadataType=4&state=-1&parentID=-1&rootID=-1&mediaState=idle
May 30, 2022 16:14:43.416 [0x7f3d4a14fb38] DEBUG - [HttpClient] HTTP/1.1 (0.0s) 200 response from GET http://127.0.0.1:32400/:/metadata/notify/changeItemState?librarySectionID=2&metadataItemID=794&metadataType=4&state=-1&parentID=-1&rootID=-1&mediaState=idle (reused)
May 30, 2022 16:14:43.416 [0x7f3d4e172808] DEBUG - Downloading document http://127.0.0.1:32400/library/changestamp
May 30, 2022 16:14:43.416 [0x7f3d4e172808] DEBUG - HTTP requesting GET http://127.0.0.1:32400/library/changestamp
May 30, 2022 16:14:43.417 [0x7f3d4a14fb38] DEBUG - [HttpClient] HTTP/1.1 (0.0s) 200 response from GET http://127.0.0.1:32400/library/changestamp (reused)
May 30, 2022 16:14:43.417 [0x7f3d4e172808] DEBUG - Updating metadata item (save) (Black Heart, White Mountain) with ID 794
May 30, 2022 16:14:43.417 [0x7f3d4a1e4b38] DEBUG - HTTP requesting GET http://127.0.0.1:32400/:/metadata/flushMetadataCounterCache?metadataItemID=791
May 30, 2022 16:14:43.418 [0x7f3d4a14fb38] DEBUG - [HttpClient] HTTP/1.1 (0.0s) 200 response from GET http://127.0.0.1:32400/:/metadata/flushMetadataCounterCache?metadataItemID=791 (reused)
May 30, 2022 16:14:43.419 [0x7f3d4e172808] DEBUG - Analyzing media parts for item 795 (Sting of the Scorpion's Tail): 2115,2148
May 30, 2022 16:14:43.419 [0x7f3d4e172808] DEBUG - [ID 2117] Media part analysis: /tv/IntoTheBadlands/Into the Badlands S02E08 720p WEBRip Hindi English AC3-LOKI-M2Tv ExCLuSivE.mkv
May 30, 2022 16:14:43.419 [0x7f3d4e172808] DEBUG - [MI] Opening input file: "/tv/IntoTheBadlands/Into the Badlands S02E08 720p WEBRip Hindi English AC3-LOKI-M2Tv ExCLuSivE.mkv"
May 30, 2022 16:14:43.419 [0x7f3d4e172808] DEBUG - [FFMPEG] - Opening '/tv/IntoTheBadlands/Into the Badlands S02E08 720p WEBRip Hindi English AC3-LOKI-M2Tv ExCLuSivE.mkv' for reading
May 30, 2022 16:14:43.419 [0x7f3d4e172808] DEBUG - [FFMPEG] - Setting default whitelist 'file,crypto,data'
May 30, 2022 16:14:43.419 [0x7f3d4e172808] DEBUG - [FFMPEG] - Format matroska,webm probed with size=2048 and score=100
May 30, 2022 16:14:43.420 [0x7f3d4e172808] DEBUG - [FFMPEG] - st:0 removing common factor 1000000 from timebase
May 30, 2022 16:14:43.420 [0x7f3d4e172808] DEBUG - [FFMPEG] - st:1 removing common factor 1000000 from timebase
May 30, 2022 16:14:43.420 [0x7f3d4e172808] DEBUG - [FFMPEG] - st:2 removing common factor 1000000 from timebase
May 30, 2022 16:14:43.420 [0x7f3d4e172808] DEBUG - [FFMPEG] - st:3 removing common factor 1000000 from timebase
May 30, 2022 16:14:43.420 [0x7f3d4e172808] DEBUG - [FFMPEG] - Before avformat_find_stream_info() pos: 5865 bytes read:34376 seeks:2 nb_streams:4
May 30, 2022 16:14:43.420 [0x7f3d4e172808] DEBUG - [FFMPEG] - nal_unit_type: 7(SPS), nal_ref_idc: 3
May 30, 2022 16:14:43.420 [0x7f3d4e172808] DEBUG - [FFMPEG] - nal_unit_type: 8(PPS), nal_ref_idc: 3
May 30, 2022 16:14:43.420 [0x7f3d4e172808] DEBUG - [FFMPEG] - nal_unit_type: 7(SPS), nal_ref_idc: 3
May 30, 2022 16:14:43.420 [0x7f3d4e172808] DEBUG - [FFMPEG] - nal_unit_type: 8(PPS), nal_ref_idc: 3
May 30, 2022 16:14:43.420 [0x7f3d4e172808] DEBUG - [FFMPEG] - nal_unit_type: 6(SEI), nal_ref_idc: 0
May 30, 2022 16:14:43.420 [0x7f3d4e172808] DEBUG - [FFMPEG] - nal_unit_type: 5(IDR), nal_ref_idc: 3
May 30, 2022 16:14:43.420 [0x7f3d4e172808] DEBUG - [FFMPEG] - Format yuv420p chosen by get_format().
May 30, 2022 16:14:43.421 [0x7f3d4e172808] DEBUG - [FFMPEG] - no picture 
May 30, 2022 16:14:43.421 [0x7f3d4e172808] DEBUG - [FFMPEG] - nal_unit_type: 1(Coded slice of a non-IDR picture), nal_ref_idc: 2
May 30, 2022 16:14:43.422 [0x7f3d4e172808] DEBUG - [FFMPEG] - no picture 
May 30, 2022 16:14:43.422 [0x7f3d4e172808] DEBUG - [FFMPEG] - nal_unit_type: 1(Coded slice of a non-IDR picture), nal_ref_idc: 2
May 30, 2022 16:14:43.423 [0x7f3d4e172808] DEBUG - [FFMPEG] - nal_unit_type: 1(Coded slice of a non-IDR picture), nal_ref_idc: 0
May 30, 2022 16:14:43.424 [0x7f3d4e172808] DEBUG - [FFMPEG] - nal_unit_type: 1(Coded slice of a non-IDR picture), nal_ref_idc: 0
May 30, 2022 16:14:43.426 [0x7f3d4e172808] DEBUG - [FFMPEG] - nal_unit_type: 1(Coded slice of a non-IDR picture), nal_ref_idc: 0
May 30, 2022 16:14:43.426 [0x7f3d4e172808] DEBUG - [FFMPEG] - nal_unit_type: 1(Coded slice of a non-IDR picture), nal_ref_idc: 0
May 30, 2022 16:14:43.427 [0x7f3d4e172808] DEBUG - [FFMPEG] - nal_unit_type: 1(Coded slice of a non-IDR picture), nal_ref_idc: 0
May 30, 2022 16:14:43.428 [0x7f3d4e172808] DEBUG - [FFMPEG] - nal_unit_type: 1(Coded slice of a non-IDR picture), nal_ref_idc: 0
May 30, 2022 16:14:43.429 [0x7f3d4e172808] DEBUG - [FFMPEG] - first_dts 292 not matching first dts NOPTS (pts 0, duration 41) in the queue
May 30, 2022 16:14:43.430 [0x7f3d4e172808] DEBUG - [FFMPEG] - All info found
May 30, 2022 16:14:43.431 [0x7f3d4e172808] DEBUG - [FFMPEG] - After avformat_find_stream_info() pos: 748186 bytes read:791060 seeks:2 frames:265
May 30, 2022 16:14:43.431 [0x7f3d4e172808] DEBUG - [MI]  * 2c8851855718087cdd22c04209fff553e462c22e [mkv h264/ac3] Duration: 2530866ms, 1280x720 (1.777778) 23.976fps, bitrate=1451kbps, audio channels=6, optimizedForStreaming=0 ("/tv/IntoTheBadlands/Into the Badlands S02E08 720p WEBRip Hindi English AC3-LOKI-M2Tv ExCLuSivE.mkv")
May 30, 2022 16:14:43.431 [0x7f3d4e172808] DEBUG - [MI] Chapters had generic titles, clearing.
May 30, 2022 16:14:43.431 [0x7f3d4e172808] DEBUG - [MI] Closing input file: "/tv/IntoTheBadlands/Into the Badlands S02E08 720p WEBRip Hindi English AC3-LOKI-M2Tv ExCLuSivE.mkv"
May 30, 2022 16:14:43.431 [0x7f3d4e172808] DEBUG - Streams didn't change in analysis, not saving.
May 30, 2022 16:14:43.432 [0x7f3d4e172808] DEBUG - Updating media item 2115, size=459152331, metadata_item_id=795
May 30, 2022 16:14:43.432 [0x7f3d4e172808] DEBUG - Updating part with ID=2117 [/tv/IntoTheBadlands/Into the Badlands S02E08 720p WEBRip Hindi English AC3-LOKI-M2Tv ExCLuSivE.mkv]
May 30, 2022 16:14:43.432 [0x7f3d4a1e4b38] DEBUG - HTTP requesting GET http://127.0.0.1:32400/:/metadata/notify/changeItemState?librarySectionID=2&metadataItemID=795&metadataType=4&state=-1&parentID=-1&rootID=-1&mediaState=analyzing
May 30, 2022 16:14:43.432 [0x7f3d4e172808] DEBUG - [ID 2150] Media part analysis: /tv/IntoTheBadlands/Into the Badlands S02 Complete 720p WEBRip Hindi English AC3-LOKI-M2Tv ExCLuSivE/Into the Badlands S02E08 720p WEBRip Hindi English AC3-LOKI-M2Tv ExCLuSivE.mkv
May 30, 2022 16:14:43.432 [0x7f3d4e172808] DEBUG - [MI] Opening input file: "/tv/IntoTheBadlands/Into the Badlands S02 Complete 720p WEBRip Hindi English AC3-LOKI-M2Tv ExCLuSivE/Into the Badlands S02E08 720p WEBRip Hindi English AC3-LOKI-M2Tv ExCLuSivE.mkv"
May 30, 2022 16:14:43.432 [0x7f3d4e172808] DEBUG - [FFMPEG] - Opening '/tv/IntoTheBadlands/Into the Badlands S02 Complete 720p WEBRip Hindi English AC3-LOKI-M2Tv ExCLuSivE/Into the Badlands S02E08 720p WEBRip Hindi English AC3-LOKI-M2Tv ExCLuSivE.mkv' for reading
May 30, 2022 16:14:43.432 [0x7f3d4e172808] DEBUG - [FFMPEG] - Setting default whitelist 'file,crypto,data'
May 30, 2022 16:14:43.432 [0x7f3d4e172808] DEBUG - [FFMPEG] - Format matroska,webm probed with size=2048 and score=100
May 30, 2022 16:14:43.432 [0x7f3d4e172808] DEBUG - [FFMPEG] - st:0 removing common factor 1000000 from timebase
May 30, 2022 16:14:43.432 [0x7f3d4e172808] DEBUG - [FFMPEG] - st:1 removing common factor 1000000 from timebase
May 30, 2022 16:14:43.432 [0x7f3d4e172808] DEBUG - [FFMPEG] - st:2 removing common factor 1000000 from timebase
May 30, 2022 16:14:43.432 [0x7f3d4a14fb38] DEBUG - [HttpClient] HTTP/1.1 (0.0s) 200 response from GET http://127.0.0.1:32400/:/metadata/notify/changeItemState?librarySectionID=2&metadataItemID=795&metadataType=4&state=-1&parentID=-1&rootID=-1&mediaState=analyzing (reused)
May 30, 2022 16:14:43.432 [0x7f3d4e172808] DEBUG - [FFMPEG] - st:3 removing common factor 1000000 from timebase
May 30, 2022 16:14:43.433 [0x7f3d4e172808] DEBUG - [FFMPEG] - Before avformat_find_stream_info() pos: 5865 bytes read:34376 seeks:2 nb_streams:4
May 30, 2022 16:14:43.433 [0x7f3d4a1e4b38] DEBUG - HTTP requesting GET http://127.0.0.1:32400/:/metadata/notify/changeItemState?librarySectionID=2&metadataItemID=795&metadataType=4&state=-1&parentID=-1&rootID=-1&mediaState=idle
May 30, 2022 16:14:43.433 [0x7f3d4e172808] DEBUG - [FFMPEG] - nal_unit_type: 7(SPS), nal_ref_idc: 3
May 30, 2022 16:14:43.433 [0x7f3d4e172808] DEBUG - [FFMPEG] - nal_unit_type: 8(PPS), nal_ref_idc: 3
May 30, 2022 16:14:43.433 [0x7f3d4e172808] DEBUG - [FFMPEG] - nal_unit_type: 7(SPS), nal_ref_idc: 3
May 30, 2022 16:14:43.433 [0x7f3d4e172808] DEBUG - [FFMPEG] - nal_unit_type: 8(PPS), nal_ref_idc: 3
May 30, 2022 16:14:43.433 [0x7f3d4e172808] DEBUG - [FFMPEG] - nal_unit_type: 6(SEI), nal_ref_idc: 0
May 30, 2022 16:14:43.433 [0x7f3d4e172808] DEBUG - [FFMPEG] - nal_unit_type: 5(IDR), nal_ref_idc: 3
May 30, 2022 16:14:43.433 [0x7f3d4e172808] DEBUG - [FFMPEG] - Format yuv420p chosen by get_format().
May 30, 2022 16:14:43.433 [0x7f3d4a14fb38] DEBUG - [HttpClient] HTTP/1.1 (0.0s) 200 response from GET http://127.0.0.1:32400/:/metadata/notify/changeItemState?librarySectionID=2&metadataItemID=795&metadataType=4&state=-1&parentID=-1&rootID=-1&mediaState=idle (reused)
May 30, 2022 16:14:43.434 [0x7f3d4e172808] DEBUG - [FFMPEG] - no picture 
May 30, 2022 16:14:43.434 [0x7f3d4e172808] DEBUG - [FFMPEG] - nal_unit_type: 1(Coded slice of a non-IDR picture), nal_ref_idc: 2
May 30, 2022 16:14:43.435 [0x7f3d4e172808] DEBUG - [FFMPEG] - no picture 
May 30, 2022 16:14:43.435 [0x7f3d4e172808] DEBUG - [FFMPEG] - nal_unit_type: 1(Coded slice of a non-IDR picture), nal_ref_idc: 2
May 30, 2022 16:14:43.436 [0x7f3d4e172808] DEBUG - [FFMPEG] - nal_unit_type: 1(Coded slice of a non-IDR picture), nal_ref_idc: 0
May 30, 2022 16:14:43.437 [0x7f3d4e172808] DEBUG - [FFMPEG] - nal_unit_type: 1(Coded slice of a non-IDR picture), nal_ref_idc: 0
May 30, 2022 16:14:43.438 [0x7f3d4e172808] DEBUG - [FFMPEG] - nal_unit_type: 1(Coded slice of a non-IDR picture), nal_ref_idc: 0
May 30, 2022 16:14:43.439 [0x7f3d4e172808] DEBUG - [FFMPEG] - nal_unit_type: 1(Coded slice of a non-IDR picture), nal_ref_idc: 0
May 30, 2022 16:14:43.440 [0x7f3d4e172808] DEBUG - [FFMPEG] - nal_unit_type: 1(Coded slice of a non-IDR picture), nal_ref_idc: 0
May 30, 2022 16:14:43.441 [0x7f3d4e172808] DEBUG - [FFMPEG] - nal_unit_type: 1(Coded slice of a non-IDR picture), nal_ref_idc: 0
May 30, 2022 16:14:43.442 [0x7f3d4e172808] DEBUG - [FFMPEG] - first_dts 292 not matching first dts NOPTS (pts 0, duration 41) in the queue
May 30, 2022 16:14:43.443 [0x7f3d4e172808] DEBUG - [FFMPEG] - All info found
May 30, 2022 16:14:43.444 [0x7f3d4e172808] DEBUG - [FFMPEG] - After avformat_find_stream_info() pos: 748186 bytes read:791060 seeks:2 frames:265
May 30, 2022 16:14:43.444 [0x7f3d4e172808] DEBUG - [MI]  * 2c8851855718087cdd22c04209fff553e462c22e [mkv h264/ac3] Duration: 2530866ms, 1280x720 (1.777778) 23.976fps, bitrate=1451kbps, audio channels=6, optimizedForStreaming=0 ("/tv/IntoTheBadlands/Into the Badlands S02 Complete 720p WEBRip Hindi English AC3-LOKI-M2Tv ExCLuSivE/Into the Badlands S02E08 720p WEBRip Hindi English AC3-LOKI-M2Tv ExCLuSivE.mkv")
May 30, 2022 16:14:43.444 [0x7f3d4e172808] DEBUG - [MI] Chapters had generic titles, clearing.
May 30, 2022 16:14:43.444 [0x7f3d4e172808] DEBUG - [MI] Closing input file: "/tv/IntoTheBadlands/Into the Badlands S02 Complete 720p WEBRip Hindi English AC3-LOKI-M2Tv ExCLuSivE/Into the Badlands S02E08 720p WEBRip Hindi English AC3-LOKI-M2Tv ExCLuSivE.mkv"
May 30, 2022 16:14:43.444 [0x7f3d4e172808] DEBUG - Streams didn't change in analysis, not saving.
May 30, 2022 16:14:43.444 [0x7f3d4e172808] DEBUG - Updating media item 2148, size=459152331, metadata_item_id=795
May 30, 2022 16:14:43.444 [0x7f3d4e172808] DEBUG - Updating part with ID=2150 [/tv/IntoTheBadlands/Into the Badlands S02 Complete 720p WEBRip Hindi English AC3-LOKI-M2Tv ExCLuSivE/Into the Badlands S02E08 720p WEBRip Hindi English AC3-LOKI-M2Tv ExCLuSivE.mkv]
May 30, 2022 16:14:43.445 [0x7f3d4a1e4b38] DEBUG - HTTP requesting GET http://127.0.0.1:32400/:/metadata/notify/changeItemState?librarySectionID=2&metadataItemID=795&metadataType=4&state=-1&parentID=-1&rootID=-1&mediaState=analyzing
May 30, 2022 16:14:43.445 [0x7f3d4a14fb38] DEBUG - [HttpClient] HTTP/1.1 (0.0s) 200 response from GET http://127.0.0.1:32400/:/metadata/notify/changeItemState?librarySectionID=2&metadataItemID=795&metadataType=4&state=-1&parentID=-1&rootID=-1&mediaState=analyzing (reused)
May 30, 2022 16:14:43.445 [0x7f3d4a1e4b38] DEBUG - HTTP requesting GET http://127.0.0.1:32400/:/metadata/notify/changeItemState?librarySectionID=2&metadataItemID=795&metadataType=4&state=-1&parentID=-1&rootID=-1&mediaState=idle
May 30, 2022 16:14:43.446 [0x7f3d4a14fb38] DEBUG - [HttpClient] HTTP/1.1 (0.0s) 200 response from GET http://127.0.0.1:32400/:/metadata/notify/changeItemState?librarySectionID=2&metadataItemID=795&metadataType=4&state=-1&parentID=-1&rootID=-1&mediaState=idle (reused)
May 30, 2022 16:14:43.446 [0x7f3d4e172808] DEBUG - Downloading document http://127.0.0.1:32400/library/changestamp
May 30, 2022 16:14:43.446 [0x7f3d4e172808] DEBUG - HTTP requesting GET http://127.0.0.1:32400/library/changestamp
May 30, 2022 16:14:43.447 [0x7f3d4a14fb38] DEBUG - [HttpClient] HTTP/1.1 (0.0s) 200 response from GET http://127.0.0.1:32400/library/changestamp (reused)
May 30, 2022 16:14:43.447 [0x7f3d4e172808] DEBUG - Updating metadata item (save) (Sting of the Scorpion's Tail) with ID 795
May 30, 2022 16:14:43.447 [0x7f3d4a1e4b38] DEBUG - HTTP requesting GET http://127.0.0.1:32400/:/metadata/flushMetadataCounterCache?metadataItemID=791
May 30, 2022 16:14:43.448 [0x7f3d4a14fb38] DEBUG - [HttpClient] HTTP/1.1 (0.0s) 200 response from GET http://127.0.0.1:32400/:/metadata/flushMetadataCounterCache?metadataItemID=791 (reused)
May 30, 2022 16:14:43.449 [0x7f3d4e172808] DEBUG - Analyzing media parts for item 796 (Nightingale Sings No More): 2116,2149
May 30, 2022 16:14:43.449 [0x7f3d4e172808] DEBUG - [ID 2118] Media part analysis: /tv/IntoTheBadlands/Into the Badlands S02E09 720p WEBRip Hindi English AC3-LOKI-M2Tv ExCLuSivE.mkv
May 30, 2022 16:14:43.449 [0x7f3d4e172808] DEBUG - [MI] Opening input file: "/tv/IntoTheBadlands/Into the Badlands S02E09 720p WEBRip Hindi English AC3-LOKI-M2Tv ExCLuSivE.mkv"
May 30, 2022 16:14:43.449 [0x7f3d4e172808] DEBUG - [FFMPEG] - Opening '/tv/IntoTheBadlands/Into the Badlands S02E09 720p WEBRip Hindi English AC3-LOKI-M2Tv ExCLuSivE.mkv' for reading
May 30, 2022 16:14:43.449 [0x7f3d4e172808] DEBUG - [FFMPEG] - Setting default whitelist 'file,crypto,data'
May 30, 2022 16:14:43.449 [0x7f3d4e172808] DEBUG - [FFMPEG] - Format matroska,webm probed with size=2048 and score=100
May 30, 2022 16:14:43.449 [0x7f3d4e172808] DEBUG - [FFMPEG] - st:0 removing common factor 1000000 from timebase
May 30, 2022 16:14:43.449 [0x7f3d4e172808] DEBUG - [FFMPEG] - st:1 removing common factor 1000000 from timebase
May 30, 2022 16:14:43.449 [0x7f3d4e172808] DEBUG - [FFMPEG] - st:2 removing common factor 1000000 from timebase
May 30, 2022 16:14:43.449 [0x7f3d4e172808] DEBUG - [FFMPEG] - st:3 removing common factor 1000000 from timebase
May 30, 2022 16:14:43.449 [0x7f3d4e172808] DEBUG - [FFMPEG] - Before avformat_find_stream_info() pos: 5865 bytes read:34376 seeks:2 nb_streams:4
May 30, 2022 16:14:43.449 [0x7f3d4e172808] DEBUG - [FFMPEG] - nal_unit_type: 7(SPS), nal_ref_idc: 3
May 30, 2022 16:14:43.449 [0x7f3d4e172808] DEBUG - [FFMPEG] - nal_unit_type: 8(PPS), nal_ref_idc: 3
May 30, 2022 16:14:43.450 [0x7f3d4e172808] DEBUG - [FFMPEG] - nal_unit_type: 7(SPS), nal_ref_idc: 3
May 30, 2022 16:14:43.450 [0x7f3d4e172808] DEBUG - [FFMPEG] - nal_unit_type: 8(PPS), nal_ref_idc: 3
May 30, 2022 16:14:43.450 [0x7f3d4e172808] DEBUG - [FFMPEG] - nal_unit_type: 6(SEI), nal_ref_idc: 0
May 30, 2022 16:14:43.450 [0x7f3d4e172808] DEBUG - [FFMPEG] - nal_unit_type: 5(IDR), nal_ref_idc: 3
May 30, 2022 16:14:43.450 [0x7f3d4e172808] DEBUG - [FFMPEG] - Format yuv420p chosen by get_format().
May 30, 2022 16:14:43.450 [0x7f3d4e172808] DEBUG - [FFMPEG] - no picture 
May 30, 2022 16:14:43.451 [0x7f3d4e172808] DEBUG - [FFMPEG] - nal_unit_type: 1(Coded slice of a non-IDR picture), nal_ref_idc: 2
May 30, 2022 16:14:43.451 [0x7f3d4e172808] DEBUG - [FFMPEG] - no picture 
May 30, 2022 16:14:43.452 [0x7f3d4e172808] DEBUG - [FFMPEG] - nal_unit_type: 1(Coded slice of a non-IDR picture), nal_ref_idc: 2
May 30, 2022 16:14:43.453 [0x7f3d4e172808] DEBUG - [FFMPEG] - nal_unit_type: 1(Coded slice of a non-IDR picture), nal_ref_idc: 0
May 30, 2022 16:14:43.454 [0x7f3d4e172808] DEBUG - [FFMPEG] - nal_unit_type: 1(Coded slice of a non-IDR picture), nal_ref_idc: 0
May 30, 2022 16:14:43.455 [0x7f3d4e172808] DEBUG - [FFMPEG] - nal_unit_type: 1(Coded slice of a non-IDR picture), nal_ref_idc: 0
May 30, 2022 16:14:43.456 [0x7f3d4e172808] DEBUG - [FFMPEG] - nal_unit_type: 1(Coded slice of a non-IDR picture), nal_ref_idc: 0
May 30, 2022 16:14:43.457 [0x7f3d4e172808] DEBUG - [FFMPEG] - nal_unit_type: 1(Coded slice of a non-IDR picture), nal_ref_idc: 0
May 30, 2022 16:14:43.458 [0x7f3d4e172808] DEBUG - [FFMPEG] - nal_unit_type: 1(Coded slice of a non-IDR picture), nal_ref_idc: 0
May 30, 2022 16:14:43.459 [0x7f3d4e172808] DEBUG - [FFMPEG] - first_dts 292 not matching first dts NOPTS (pts 0, duration 41) in the queue
May 30, 2022 16:14:43.460 [0x7f3d4e172808] DEBUG - [FFMPEG] - All info found
May 30, 2022 16:14:43.460 [0x7f3d4e172808] DEBUG - [FFMPEG] - After avformat_find_stream_info() pos: 854029 bytes read:886344 seeks:2 frames:267
May 30, 2022 16:14:43.460 [0x7f3d4e172808] DEBUG - [MI]  * 71be2ca0be54561aa6167dc33c4b394563965a2d [mkv h264/ac3] Duration: 2575904ms, 1280x720 (1.777778) 23.976fps, bitrate=1435kbps, audio channels=6, optimizedForStreaming=0 ("/tv/IntoTheBadlands/Into the Badlands S02E09 720p WEBRip Hindi English AC3-LOKI-M2Tv ExCLuSivE.mkv")
May 30, 2022 16:14:43.460 [0x7f3d4e172808] DEBUG - [MI] Chapters had generic titles, clearing.
May 30, 2022 16:14:43.461 [0x7f3d4e172808] DEBUG - [MI] Closing input file: "/tv/IntoTheBadlands/Into the Badlands S02E09 720p WEBRip Hindi English AC3-LOKI-M2Tv ExCLuSivE.mkv"
May 30, 2022 16:14:43.461 [0x7f3d4e172808] DEBUG - Streams didn't change in analysis, not saving.
May 30, 2022 16:14:43.461 [0x7f3d4e172808] DEBUG - Updating media item 2116, size=462343226, metadata_item_id=796
May 30, 2022 16:14:43.461 [0x7f3d4e172808] DEBUG - Updating part with ID=2118 [/tv/IntoTheBadlands/Into the Badlands S02E09 720p WEBRip Hindi English AC3-LOKI-M2Tv ExCLuSivE.mkv]
May 30, 2022 16:14:43.461 [0x7f3d4a1e4b38] DEBUG - HTTP requesting GET http://127.0.0.1:32400/:/metadata/notify/changeItemState?librarySectionID=2&metadataItemID=796&metadataType=4&state=-1&parentID=-1&rootID=-1&mediaState=analyzing
May 30, 2022 16:14:43.462 [0x7f3d4e172808] DEBUG - [ID 2151] Media part analysis: /tv/IntoTheBadlands/Into the Badlands S02 Complete 720p WEBRip Hindi English AC3-LOKI-M2Tv ExCLuSivE/Into the Badlands S02E09 720p WEBRip Hindi English AC3-LOKI-M2Tv ExCLuSivE.mkv
May 30, 2022 16:14:43.462 [0x7f3d4e172808] DEBUG - [MI] Opening input file: "/tv/IntoTheBadlands/Into the Badlands S02 Complete 720p WEBRip Hindi English AC3-LOKI-M2Tv ExCLuSivE/Into the Badlands S02E09 720p WEBRip Hindi English AC3-LOKI-M2Tv ExCLuSivE.mkv"
May 30, 2022 16:14:43.462 [0x7f3d4e172808] DEBUG - [FFMPEG] - Opening '/tv/IntoTheBadlands/Into the Badlands S02 Complete 720p WEBRip Hindi English AC3-LOKI-M2Tv ExCLuSivE/Into the Badlands S02E09 720p WEBRip Hindi English AC3-LOKI-M2Tv ExCLuSivE.mkv' for reading
May 30, 2022 16:14:43.462 [0x7f3d4e172808] DEBUG - [FFMPEG] - Setting default whitelist 'file,crypto,data'
May 30, 2022 16:14:43.462 [0x7f3d4e172808] DEBUG - [FFMPEG] - Format matroska,webm probed with size=2048 and score=100
May 30, 2022 16:14:43.462 [0x7f3d4a14fb38] DEBUG - [HttpClient] HTTP/1.1 (0.0s) 200 response from GET http://127.0.0.1:32400/:/metadata/notify/changeItemState?librarySectionID=2&metadataItemID=796&metadataType=4&state=-1&parentID=-1&rootID=-1&mediaState=analyzing (reused)
May 30, 2022 16:14:43.462 [0x7f3d4a1e4b38] DEBUG - HTTP requesting GET http://127.0.0.1:32400/:/metadata/notify/changeItemState?librarySectionID=2&metadataItemID=796&metadataType=4&state=-1&parentID=-1&rootID=-1&mediaState=idle
May 30, 2022 16:14:43.462 [0x7f3d4e172808] DEBUG - [FFMPEG] - st:0 removing common factor 1000000 from timebase
May 30, 2022 16:14:43.462 [0x7f3d4e172808] DEBUG - [FFMPEG] - st:1 removing common factor 1000000 from timebase
May 30, 2022 16:14:43.462 [0x7f3d4e172808] DEBUG - [FFMPEG] - st:2 removing common factor 1000000 from timebase
May 30, 2022 16:14:43.462 [0x7f3d4e172808] DEBUG - [FFMPEG] - st:3 removing common factor 1000000 from timebase
May 30, 2022 16:14:43.462 [0x7f3d4e172808] DEBUG - [FFMPEG] - Before avformat_find_stream_info() pos: 5865 bytes read:34376 seeks:2 nb_streams:4
May 30, 2022 16:14:43.462 [0x7f3d4e172808] DEBUG - [FFMPEG] - nal_unit_type: 7(SPS), nal_ref_idc: 3
May 30, 2022 16:14:43.462 [0x7f3d4e172808] DEBUG - [FFMPEG] - nal_unit_type: 8(PPS), nal_ref_idc: 3
May 30, 2022 16:14:43.462 [0x7f3d4e172808] DEBUG - [FFMPEG] - nal_unit_type: 7(SPS), nal_ref_idc: 3
May 30, 2022 16:14:43.462 [0x7f3d4e172808] DEBUG - [FFMPEG] - nal_unit_type: 8(PPS), nal_ref_idc: 3
May 30, 2022 16:14:43.462 [0x7f3d4e172808] DEBUG - [FFMPEG] - nal_unit_type: 6(SEI), nal_ref_idc: 0
May 30, 2022 16:14:43.462 [0x7f3d4e172808] DEBUG - [FFMPEG] - nal_unit_type: 5(IDR), nal_ref_idc: 3
May 30, 2022 16:14:43.462 [0x7f3d4e172808] DEBUG - [FFMPEG] - Format yuv420p chosen by get_format().
May 30, 2022 16:14:43.463 [0x7f3d4a14fb38] DEBUG - [HttpClient] HTTP/1.1 (0.0s) 200 response from GET http://127.0.0.1:32400/:/metadata/notify/changeItemState?librarySectionID=2&metadataItemID=796&metadataType=4&state=-1&parentID=-1&rootID=-1&mediaState=idle (reused)
May 30, 2022 16:14:43.463 [0x7f3d4e172808] DEBUG - [FFMPEG] - no picture 
May 30, 2022 16:14:43.464 [0x7f3d4e172808] DEBUG - [FFMPEG] - nal_unit_type: 1(Coded slice of a non-IDR picture), nal_ref_idc: 2
May 30, 2022 16:14:43.464 [0x7f3d4e172808] DEBUG - [FFMPEG] - no picture 
May 30, 2022 16:14:43.465 [0x7f3d4e172808] DEBUG - [FFMPEG] - nal_unit_type: 1(Coded slice of a non-IDR picture), nal_ref_idc: 2
May 30, 2022 16:14:43.466 [0x7f3d4e172808] DEBUG - [FFMPEG] - nal_unit_type: 1(Coded slice of a non-IDR picture), nal_ref_idc: 0
May 30, 2022 16:14:43.467 [0x7f3d4e172808] DEBUG - [FFMPEG] - nal_unit_type: 1(Coded slice of a non-IDR picture), nal_ref_idc: 0
May 30, 2022 16:14:43.468 [0x7f3d4e172808] DEBUG - [FFMPEG] - nal_unit_type: 1(Coded slice of a non-IDR picture), nal_ref_idc: 0
May 30, 2022 16:14:43.469 [0x7f3d4e172808] DEBUG - [FFMPEG] - nal_unit_type: 1(Coded slice of a non-IDR picture), nal_ref_idc: 0
May 30, 2022 16:14:43.470 [0x7f3d4e172808] DEBUG - [FFMPEG] - nal_unit_type: 1(Coded slice of a non-IDR picture), nal_ref_idc: 0
May 30, 2022 16:14:43.471 [0x7f3d4e172808] DEBUG - [FFMPEG] - nal_unit_type: 1(Coded slice of a non-IDR picture), nal_ref_idc: 0
May 30, 2022 16:14:43.471 [0x7f3d4e172808] DEBUG - [FFMPEG] - first_dts 292 not matching first dts NOPTS (pts 0, duration 41) in the queue
May 30, 2022 16:14:43.473 [0x7f3d4e172808] DEBUG - [FFMPEG] - All info found
May 30, 2022 16:14:43.473 [0x7f3d4e172808] DEBUG - [FFMPEG] - After avformat_find_stream_info() pos: 854029 bytes read:886344 seeks:2 frames:267
May 30, 2022 16:14:43.473 [0x7f3d4e172808] DEBUG - [MI]  * 71be2ca0be54561aa6167dc33c4b394563965a2d [mkv h264/ac3] Duration: 2575904ms, 1280x720 (1.777778) 23.976fps, bitrate=1435kbps, audio channels=6, optimizedForStreaming=0 ("/tv/IntoTheBadlands/Into the Badlands S02 Complete 720p WEBRip Hindi English AC3-LOKI-M2Tv ExCLuSivE/Into the Badlands S02E09 720p WEBRip Hindi English AC3-LOKI-M2Tv ExCLuSivE.mkv")
May 30, 2022 16:14:43.473 [0x7f3d4e172808] DEBUG - [MI] Chapters had generic titles, clearing.
May 30, 2022 16:14:43.474 [0x7f3d4e172808] DEBUG - [MI] Closing input file: "/tv/IntoTheBadlands/Into the Badlands S02 Complete 720p WEBRip Hindi English AC3-LOKI-M2Tv ExCLuSivE/Into the Badlands S02E09 720p WEBRip Hindi English AC3-LOKI-M2Tv ExCLuSivE.mkv"
May 30, 2022 16:14:43.474 [0x7f3d4e172808] DEBUG - Streams didn't change in analysis, not saving.
May 30, 2022 16:14:43.474 [0x7f3d4e172808] DEBUG - Updating media item 2149, size=462343226, metadata_item_id=796
May 30, 2022 16:14:43.474 [0x7f3d4e172808] DEBUG - Updating part with ID=2151 [/tv/IntoTheBadlands/Into the Badlands S02 Complete 720p WEBRip Hindi English AC3-LOKI-M2Tv ExCLuSivE/Into the Badlands S02E09 720p WEBRip Hindi English AC3-LOKI-M2Tv ExCLuSivE.mkv]
May 30, 2022 16:14:43.474 [0x7f3d4a1e4b38] DEBUG - HTTP requesting GET http://127.0.0.1:32400/:/metadata/notify/changeItemState?librarySectionID=2&metadataItemID=796&metadataType=4&state=-1&parentID=-1&rootID=-1&mediaState=analyzing
May 30, 2022 16:14:43.475 [0x7f3d4a14fb38] DEBUG - [HttpClient] HTTP/1.1 (0.0s) 200 response from GET http://127.0.0.1:32400/:/metadata/notify/changeItemState?librarySectionID=2&metadataItemID=796&metadataType=4&state=-1&parentID=-1&rootID=-1&mediaState=analyzing (reused)
May 30, 2022 16:14:43.475 [0x7f3d4a1e4b38] DEBUG - HTTP requesting GET http://127.0.0.1:32400/:/metadata/notify/changeItemState?librarySectionID=2&metadataItemID=796&metadataType=4&state=-1&parentID=-1&rootID=-1&mediaState=idle
May 30, 2022 16:14:43.476 [0x7f3d4e172808] DEBUG - Downloading document http://127.0.0.1:32400/library/changestamp
May 30, 2022 16:14:43.476 [0x7f3d4e172808] DEBUG - HTTP requesting GET http://127.0.0.1:32400/library/changestamp
May 30, 2022 16:14:43.476 [0x7f3d4a14fb38] DEBUG - [HttpClient] HTTP/1.1 (0.0s) 200 response from GET http://127.0.0.1:32400/:/metadata/notify/changeItemState?librarySectionID=2&metadataItemID=796&metadataType=4&state=-1&parentID=-1&rootID=-1&mediaState=idle (reused)
May 30, 2022 16:14:43.476 [0x7f3d4a14fb38] DEBUG - [HttpClient] HTTP/1.1 (0.0s) 200 response from GET http://127.0.0.1:32400/library/changestamp (reused)
May 30, 2022 16:14:43.476 [0x7f3d4e172808] DEBUG - Updating metadata item (save) (Nightingale Sings No More) with ID 796
May 30, 2022 16:14:43.477 [0x7f3d4a1e4b38] DEBUG - HTTP requesting GET http://127.0.0.1:32400/:/metadata/flushMetadataCounterCache?metadataItemID=791
May 30, 2022 16:14:43.478 [0x7f3d4a14fb38] DEBUG - [HttpClient] HTTP/1.1 (0.0s) 200 response from GET http://127.0.0.1:32400/:/metadata/flushMetadataCounterCache?metadataItemID=791 (reused)
May 30, 2022 16:14:43.478 [0x7f3d4e172808] DEBUG - Analyzing media parts for item 797 (Wolf's Breath, Dragon Fire): 2117,2150
May 30, 2022 16:14:43.479 [0x7f3d4e172808] DEBUG - [ID 2119] Media part analysis: /tv/IntoTheBadlands/Into the Badlands S02E10 720p WEBRip Hindi English AC3-LOKI-M2Tv ExCLuSivE.mkv
May 30, 2022 16:14:43.479 [0x7f3d4e172808] DEBUG - [MI] Opening input file: "/tv/IntoTheBadlands/Into the Badlands S02E10 720p WEBRip Hindi English AC3-LOKI-M2Tv ExCLuSivE.mkv"
May 30, 2022 16:14:43.479 [0x7f3d4e172808] DEBUG - [FFMPEG] - Opening '/tv/IntoTheBadlands/Into the Badlands S02E10 720p WEBRip Hindi English AC3-LOKI-M2Tv ExCLuSivE.mkv' for reading
May 30, 2022 16:14:43.479 [0x7f3d4e172808] DEBUG - [FFMPEG] - Setting default whitelist 'file,crypto,data'
May 30, 2022 16:14:43.479 [0x7f3d4e172808] DEBUG - [FFMPEG] - Format matroska,webm probed with size=2048 and score=100
May 30, 2022 16:14:43.479 [0x7f3d4e172808] DEBUG - [FFMPEG] - st:0 removing common factor 1000000 from timebase
May 30, 2022 16:14:43.479 [0x7f3d4e172808] DEBUG - [FFMPEG] - st:1 removing common factor 1000000 from timebase
May 30, 2022 16:14:43.479 [0x7f3d4e172808] DEBUG - [FFMPEG] - st:2 removing common factor 1000000 from timebase
May 30, 2022 16:14:43.479 [0x7f3d4e172808] DEBUG - [FFMPEG] - st:3 removing common factor 1000000 from timebase
May 30, 2022 16:14:43.479 [0x7f3d4e172808] DEBUG - [FFMPEG] - Before avformat_find_stream_info() pos: 5865 bytes read:34376 seeks:2 nb_streams:4
May 30, 2022 16:14:43.479 [0x7f3d4e172808] DEBUG - [FFMPEG] - nal_unit_type: 7(SPS), nal_ref_idc: 3
May 30, 2022 16:14:43.479 [0x7f3d4e172808] DEBUG - [FFMPEG] - nal_unit_type: 8(PPS), nal_ref_idc: 3
May 30, 2022 16:14:43.479 [0x7f3d4e172808] DEBUG - [FFMPEG] - nal_unit_type: 7(SPS), nal_ref_idc: 3
May 30, 2022 16:14:43.479 [0x7f3d4e172808] DEBUG - [FFMPEG] - nal_unit_type: 8(PPS), nal_ref_idc: 3
May 30, 2022 16:14:43.480 [0x7f3d4e172808] DEBUG - [FFMPEG] - nal_unit_type: 6(SEI), nal_ref_idc: 0
May 30, 2022 16:14:43.480 [0x7f3d4e172808] DEBUG - [FFMPEG] - nal_unit_type: 5(IDR), nal_ref_idc: 3
May 30, 2022 16:14:43.480 [0x7f3d4e172808] DEBUG - [FFMPEG] - Format yuv420p chosen by get_format().
May 30, 2022 16:14:43.480 [0x7f3d4e172808] DEBUG - [FFMPEG] - no picture 
May 30, 2022 16:14:43.481 [0x7f3d4e172808] DEBUG - [FFMPEG] - nal_unit_type: 1(Coded slice of a non-IDR picture), nal_ref_idc: 2
May 30, 2022 16:14:43.481 [0x7f3d4e172808] DEBUG - [FFMPEG] - no picture 
May 30, 2022 16:14:43.482 [0x7f3d4e172808] DEBUG - [FFMPEG] - nal_unit_type: 1(Coded slice of a non-IDR picture), nal_ref_idc: 2
May 30, 2022 16:14:43.483 [0x7f3d4e172808] DEBUG - [FFMPEG] - nal_unit_type: 1(Coded slice of a non-IDR picture), nal_ref_idc: 0
May 30, 2022 16:14:43.484 [0x7f3d4e172808] DEBUG - [FFMPEG] - nal_unit_type: 1(Coded slice of a non-IDR picture), nal_ref_idc: 0
May 30, 2022 16:14:43.486 [0x7f3d4e172808] DEBUG - [FFMPEG] - nal_unit_type: 1(Coded slice of a non-IDR picture), nal_ref_idc: 0
May 30, 2022 16:14:43.486 [0x7f3d4e172808] DEBUG - [FFMPEG] - nal_unit_type: 1(Coded slice of a non-IDR picture), nal_ref_idc: 0
May 30, 2022 16:14:43.487 [0x7f3d4e172808] DEBUG - [FFMPEG] - nal_unit_type: 1(Coded slice of a non-IDR picture), nal_ref_idc: 0
May 30, 2022 16:14:43.488 [0x7f3d4e172808] DEBUG - [FFMPEG] - nal_unit_type: 1(Coded slice of a non-IDR picture), nal_ref_idc: 0
May 30, 2022 16:14:43.490 [0x7f3d4e172808] DEBUG - [FFMPEG] - first_dts 292 not matching first dts NOPTS (pts 0, duration 41) in the queue
May 30, 2022 16:14:43.490 [0x7f3d4e172808] DEBUG - [FFMPEG] - All info found
May 30, 2022 16:14:43.491 [0x7f3d4e172808] DEBUG - [FFMPEG] - After avformat_find_stream_info() pos: 587728 bytes read:624200 seeks:2 frames:240
May 30, 2022 16:14:43.491 [0x7f3d4e172808] DEBUG - [MI]  * 2849fe55f50b5ea4f8c284f2ea4c8f21d5549b0a [mkv h264/ac3] Duration: 2578110ms, 1280x720 (1.777778) 23.976fps, bitrate=1452kbps, audio channels=6, optimizedForStreaming=0 ("/tv/IntoTheBadlands/Into the Badlands S02E10 720p WEBRip Hindi English AC3-LOKI-M2Tv ExCLuSivE.mkv")
May 30, 2022 16:14:43.491 [0x7f3d4e172808] DEBUG - [MI] Chapters had generic titles, clearing.
May 30, 2022 16:14:43.492 [0x7f3d4e172808] DEBUG - [MI] Closing input file: "/tv/IntoTheBadlands/Into the Badlands S02E10 720p WEBRip Hindi English AC3-LOKI-M2Tv ExCLuSivE.mkv"
May 30, 2022 16:14:43.492 [0x7f3d4e172808] DEBUG - Streams didn't change in analysis, not saving.
May 30, 2022 16:14:43.492 [0x7f3d4e172808] DEBUG - Updating media item 2117, size=468122650, metadata_item_id=797
May 30, 2022 16:14:43.492 [0x7f3d4e172808] DEBUG - Updating part with ID=2119 [/tv/IntoTheBadlands/Into the Badlands S02E10 720p WEBRip Hindi English AC3-LOKI-M2Tv ExCLuSivE.mkv]
May 30, 2022 16:14:43.492 [0x7f3d4a1e4b38] DEBUG - HTTP requesting GET http://127.0.0.1:32400/:/metadata/notify/changeItemState?librarySectionID=2&metadataItemID=797&metadataType=4&state=-1&parentID=-1&rootID=-1&mediaState=analyzing
May 30, 2022 16:14:43.492 [0x7f3d4e172808] DEBUG - [ID 2152] Media part analysis: /tv/IntoTheBadlands/Into the Badlands S02 Complete 720p WEBRip Hindi English AC3-LOKI-M2Tv ExCLuSivE/Into the Badlands S02E10 720p WEBRip Hindi English AC3-LOKI-M2Tv ExCLuSivE.mkv
May 30, 2022 16:14:43.492 [0x7f3d4e172808] DEBUG - [MI] Opening input file: "/tv/IntoTheBadlands/Into the Badlands S02 Complete 720p WEBRip Hindi English AC3-LOKI-M2Tv ExCLuSivE/Into the Badlands S02E10 720p WEBRip Hindi English AC3-LOKI-M2Tv ExCLuSivE.mkv"
May 30, 2022 16:14:43.493 [0x7f3d4e172808] DEBUG - [FFMPEG] - Opening '/tv/IntoTheBadlands/Into the Badlands S02 Complete 720p WEBRip Hindi English AC3-LOKI-M2Tv ExCLuSivE/Into the Badlands S02E10 720p WEBRip Hindi English AC3-LOKI-M2Tv ExCLuSivE.mkv' for reading
May 30, 2022 16:14:43.493 [0x7f3d4e172808] DEBUG - [FFMPEG] - Setting default whitelist 'file,crypto,data'
May 30, 2022 16:14:43.493 [0x7f3d4a14fb38] DEBUG - [HttpClient] HTTP/1.1 (0.0s) 200 response from GET http://127.0.0.1:32400/:/metadata/notify/changeItemState?librarySectionID=2&metadataItemID=797&metadataType=4&state=-1&parentID=-1&rootID=-1&mediaState=analyzing (reused)
May 30, 2022 16:14:43.493 [0x7f3d4a1e4b38] DEBUG - HTTP requesting GET http://127.0.0.1:32400/:/metadata/notify/changeItemState?librarySectionID=2&metadataItemID=797&metadataType=4&state=-1&parentID=-1&rootID=-1&mediaState=idle
May 30, 2022 16:14:43.493 [0x7f3d4e172808] DEBUG - [FFMPEG] - Format matroska,webm probed with size=2048 and score=100
May 30, 2022 16:14:43.493 [0x7f3d4e172808] DEBUG - [FFMPEG] - st:0 removing common factor 1000000 from timebase
May 30, 2022 16:14:43.493 [0x7f3d4e172808] DEBUG - [FFMPEG] - st:1 removing common factor 1000000 from timebase
May 30, 2022 16:14:43.493 [0x7f3d4e172808] DEBUG - [FFMPEG] - st:2 removing common factor 1000000 from timebase
May 30, 2022 16:14:43.493 [0x7f3d4e172808] DEBUG - [FFMPEG] - st:3 removing common factor 1000000 from timebase
May 30, 2022 16:14:43.493 [0x7f3d4e172808] DEBUG - [FFMPEG] - Before avformat_find_stream_info() pos: 5865 bytes read:34376 seeks:2 nb_streams:4
May 30, 2022 16:14:43.493 [0x7f3d4e172808] DEBUG - [FFMPEG] - nal_unit_type: 7(SPS), nal_ref_idc: 3
May 30, 2022 16:14:43.493 [0x7f3d4e172808] DEBUG - [FFMPEG] - nal_unit_type: 8(PPS), nal_ref_idc: 3
May 30, 2022 16:14:43.493 [0x7f3d4a14fb38] DEBUG - [HttpClient] HTTP/1.1 (0.0s) 200 response from GET http://127.0.0.1:32400/:/metadata/notify/changeItemState?librarySectionID=2&metadataItemID=797&metadataType=4&state=-1&parentID=-1&rootID=-1&mediaState=idle (reused)
May 30, 2022 16:14:43.493 [0x7f3d4e172808] DEBUG - [FFMPEG] - nal_unit_type: 7(SPS), nal_ref_idc: 3
May 30, 2022 16:14:43.493 [0x7f3d4e172808] DEBUG - [FFMPEG] - nal_unit_type: 8(PPS), nal_ref_idc: 3
May 30, 2022 16:14:43.493 [0x7f3d4e172808] DEBUG - [FFMPEG] - nal_unit_type: 6(SEI), nal_ref_idc: 0
May 30, 2022 16:14:43.493 [0x7f3d4e172808] DEBUG - [FFMPEG] - nal_unit_type: 5(IDR), nal_ref_idc: 3
May 30, 2022 16:14:43.493 [0x7f3d4e172808] DEBUG - [FFMPEG] - Format yuv420p chosen by get_format().
May 30, 2022 16:14:43.494 [0x7f3d4e172808] DEBUG - [FFMPEG] - no picture 
May 30, 2022 16:14:43.495 [0x7f3d4e172808] DEBUG - [FFMPEG] - nal_unit_type: 1(Coded slice of a non-IDR picture), nal_ref_idc: 2
May 30, 2022 16:14:43.495 [0x7f3d4e172808] DEBUG - [FFMPEG] - no picture 
May 30, 2022 16:14:43.495 [0x7f3d4e172808] DEBUG - [FFMPEG] - nal_unit_type: 1(Coded slice of a non-IDR picture), nal_ref_idc: 2
May 30, 2022 16:14:43.497 [0x7f3d4e172808] DEBUG - [FFMPEG] - nal_unit_type: 1(Coded slice of a non-IDR picture), nal_ref_idc: 0
May 30, 2022 16:14:43.498 [0x7f3d4e172808] DEBUG - [FFMPEG] - nal_unit_type: 1(Coded slice of a non-IDR picture), nal_ref_idc: 0
May 30, 2022 16:14:43.499 [0x7f3d4e172808] DEBUG - [FFMPEG] - nal_unit_type: 1(Coded slice of a non-IDR picture), nal_ref_idc: 0
May 30, 2022 16:14:43.500 [0x7f3d4e172808] DEBUG - [FFMPEG] - nal_unit_type: 1(Coded slice of a non-IDR picture), nal_ref_idc: 0
May 30, 2022 16:14:43.501 [0x7f3d4e172808] DEBUG - [FFMPEG] - nal_unit_type: 1(Coded slice of a non-IDR picture), nal_ref_idc: 0
May 30, 2022 16:14:43.502 [0x7f3d4e172808] DEBUG - [FFMPEG] - nal_unit_type: 1(Coded slice of a non-IDR picture), nal_ref_idc: 0
May 30, 2022 16:14:43.503 [0x7f3d4e172808] DEBUG - [FFMPEG] - first_dts 292 not matching first dts NOPTS (pts 0, duration 41) in the queue
May 30, 2022 16:14:43.504 [0x7f3d4e172808] DEBUG - [FFMPEG] - All info found
May 30, 2022 16:14:43.505 [0x7f3d4e172808] DEBUG - [FFMPEG] - After avformat_find_stream_info() pos: 587728 bytes read:624200 seeks:2 frames:240
May 30, 2022 16:14:43.505 [0x7f3d4e172808] DEBUG - [MI]  * 2849fe55f50b5ea4f8c284f2ea4c8f21d5549b0a [mkv h264/ac3] Duration: 2578110ms, 1280x720 (1.777778) 23.976fps, bitrate=1452kbps, audio channels=6, optimizedForStreaming=0 ("/tv/IntoTheBadlands/Into the Badlands S02 Complete 720p WEBRip Hindi English AC3-LOKI-M2Tv ExCLuSivE/Into the Badlands S02E10 720p WEBRip Hindi English AC3-LOKI-M2Tv ExCLuSivE.mkv")
May 30, 2022 16:14:43.505 [0x7f3d4e172808] DEBUG - [MI] Chapters had generic titles, clearing.
May 30, 2022 16:14:43.505 [0x7f3d4e172808] DEBUG - [MI] Closing input file: "/tv/IntoTheBadlands/Into the Badlands S02 Complete 720p WEBRip Hindi English AC3-LOKI-M2Tv ExCLuSivE/Into the Badlands S02E10 720p WEBRip Hindi English AC3-LOKI-M2Tv ExCLuSivE.mkv"
May 30, 2022 16:14:43.505 [0x7f3d4e172808] DEBUG - Streams didn't change in analysis, not saving.
May 30, 2022 16:14:43.506 [0x7f3d4e172808] DEBUG - Updating media item 2150, size=468122650, metadata_item_id=797
May 30, 2022 16:14:43.506 [0x7f3d4e172808] DEBUG - Updating part with ID=2152 [/tv/IntoTheBadlands/Into the Badlands S02 Complete 720p WEBRip Hindi English AC3-LOKI-M2Tv ExCLuSivE/Into the Badlands S02E10 720p WEBRip Hindi English AC3-LOKI-M2Tv ExCLuSivE.mkv]
May 30, 2022 16:14:43.506 [0x7f3d4a1e4b38] DEBUG - HTTP requesting GET http://127.0.0.1:32400/:/metadata/notify/changeItemState?librarySectionID=2&metadataItemID=797&metadataType=4&state=-1&parentID=-1&rootID=-1&mediaState=analyzing
May 30, 2022 16:14:43.506 [0x7f3d4a14fb38] DEBUG - [HttpClient] HTTP/1.1 (0.0s) 200 response from GET http://127.0.0.1:32400/:/metadata/notify/changeItemState?librarySectionID=2&metadataItemID=797&metadataType=4&state=-1&parentID=-1&rootID=-1&mediaState=analyzing (reused)
May 30, 2022 16:14:43.506 [0x7f3d4a1e4b38] DEBUG - HTTP requesting GET http://127.0.0.1:32400/:/metadata/notify/changeItemState?librarySectionID=2&metadataItemID=797&metadataType=4&state=-1&parentID=-1&rootID=-1&mediaState=idle
May 30, 2022 16:14:43.507 [0x7f3d4a14fb38] DEBUG - [HttpClient] HTTP/1.1 (0.0s) 200 response from GET http://127.0.0.1:32400/:/metadata/notify/changeItemState?librarySectionID=2&metadataItemID=797&metadataType=4&state=-1&parentID=-1&rootID=-1&mediaState=idle (reused)
May 30, 2022 16:14:43.507 [0x7f3d4e172808] DEBUG - Downloading document http://127.0.0.1:32400/library/changestamp
May 30, 2022 16:14:43.507 [0x7f3d4e172808] DEBUG - HTTP requesting GET http://127.0.0.1:32400/library/changestamp
May 30, 2022 16:14:43.508 [0x7f3d4a14fb38] DEBUG - [HttpClient] HTTP/1.1 (0.0s) 200 response from GET http://127.0.0.1:32400/library/changestamp (reused)
May 30, 2022 16:14:43.508 [0x7f3d4e172808] DEBUG - Updating metadata item (save) (Wolf's Breath, Dragon Fire) with ID 797
May 30, 2022 16:14:43.508 [0x7f3d4a1e4b38] DEBUG - HTTP requesting GET http://127.0.0.1:32400/:/metadata/flushMetadataCounterCache?metadataItemID=791
May 30, 2022 16:14:43.509 [0x7f3d4a14fb38] DEBUG - [HttpClient] HTTP/1.1 (0.0s) 200 response from GET http://127.0.0.1:32400/:/metadata/flushMetadataCounterCache?metadataItemID=791 (reused)
