Jun 13, 2022 08:42:38.078 [0x7f4b2169db38] INFO - Plex Tuner Service v1.0.0.0 - Docker Docker Container (LinuxServer.io) x86_64 - build: 
Jun 13, 2022 08:42:38.078 [0x7f4b2169db38] INFO - Linux version: 5.15.46-1-MANJARO (#1 SMP PREEMPT Thu Jun 9 09:54:17 UTC 2022), language: en-US
Jun 13, 2022 08:42:38.078 [0x7f4b2169db38] INFO - Processor AMD Ryzen 5 3600 6-Core Processor              
Jun 13, 2022 08:42:38.078 [0x7f4b2169db38] INFO - /usr/lib/plexmediaserver/Plex Tuner Service /usr/lib/plexmediaserver/Resources/Tuner/Private /usr/lib/plexmediaserver/Resources/Tuner/Shared 1.26.2.5797-5bd057d2b 32600
Jun 13, 2022 08:42:38.077 [0x7f4b22f9e808] INFO - [I] broker_t::start...
Jun 13, 2022 08:42:38.082 [0x7f4b22f9e808] INFO - [I] device_manager_t::init.
Jun 13, 2022 08:42:38.082 [0x7f4b22f9e808] INFO - [I] device_manager_t::init. Initialize provider manager
Jun 13, 2022 08:42:38.082 [0x7f4b22f9e808] INFO - [I] device_manager_t::init. Initialize all device auxes
Jun 13, 2022 08:42:38.082 [0x7f4b22f9e808] INFO - [I] dvb_device_factory_t::get_aux_list
Jun 13, 2022 08:42:38.082 [0x7f4b22f9e808] INFO - [I] tvbutler_aux_t::init
Jun 13, 2022 08:42:38.083 [0x7f4b22f9e808] INFO - [I] web_server_t::start. Starting web server on port 32600
Jun 13, 2022 08:42:46.835 [0x7f4b2143fb38] INFO - [I] web_service_t::process_device_discovery
Jun 13, 2022 08:42:46.835 [0x7f4b2143fb38] INFO - [I] device_reactor_t::get_device_list ()
Jun 13, 2022 08:42:48.837 [0x7f4b2143fb38] INFO - [I] SAT2IP - discover_satip_servers(): no servers found
Jun 13, 2022 08:42:49.256 [0x7f4b2143fb38] INFO - [I] v4l::DeviceGetList_impl. getting v4l device list
Jun 13, 2022 08:42:49.258 [0x7f4b2143fb38] INFO - [I] onetv_factory::DeviceGetListEx >>
Jun 13, 2022 08:42:49.258 [0x7f4b2143fb38] WARN - [W] onetv_factory::DeviceGetListEx. libusb_init returned an error -99
Jun 13, 2022 11:27:58.589 [0x7f4b22f9e808] INFO - Received SIGINT: Interrupt from keyboard.
Jun 13, 2022 11:27:58.598 [0x7f4b22f9e808] INFO - [I] device_manager_t::term
Jun 13, 2022 11:27:58.598 [0x7f4b22f9e808] INFO - [I] device_manager_t::term. Stop all devices
Jun 13, 2022 11:27:58.598 [0x7f4b22f9e808] INFO - [I] device_manager_t::term. Shut down all device auxes
Jun 13, 2022 11:27:58.598 [0x7f4b22f9e808] INFO - [I] tvbutler_aux_t::term
Jun 13, 2022 11:27:58.600 [0x7f4b22f9e808] INFO - [I] web_server_t::stop. Web server is stopped
Jun 13, 2022 11:27:58.600 [0x7f4b22f9e808] INFO - [I] device_manager_t::term
Jun 13, 2022 11:27:58.600 [0x7f4b22f9e808] INFO - [I] device_manager_t::term. Stop all devices
Jun 13, 2022 11:27:58.600 [0x7f4b22f9e808] INFO - [I] device_manager_t::term. Shut down all device auxes
Jun 13, 2022 11:27:58.600 [0x7f4b22f9e808] INFO - [I] broker_t::shutdown. Shutdown is completed.
