May 30, 2022 16:09:26.182 [0x7f5adf72db38] INFO - Plex Tuner Service v1.0.0.0 - Docker Docker Container (LinuxServer.io) x86_64 - build: 
May 30, 2022 16:09:26.182 [0x7f5adf72db38] INFO - Linux version: 5.15.41-1-MANJARO (#1 SMP PREEMPT Wed May 18 09:20:01 UTC 2022), language: en-US
May 30, 2022 16:09:26.182 [0x7f5adf72db38] INFO - Processor AMD Ryzen 5 3600 6-Core Processor              
May 30, 2022 16:09:26.182 [0x7f5adf72db38] INFO - /usr/lib/plexmediaserver/Plex Tuner Service /usr/lib/plexmediaserver/Resources/Tuner/Private /usr/lib/plexmediaserver/Resources/Tuner/Shared 1.26.2.5797-5bd057d2b 32600
May 30, 2022 16:09:26.181 [0x7f5ae102e808] INFO - [I] broker_t::start...
May 30, 2022 16:09:26.183 [0x7f5ae102e808] INFO - [I] device_manager_t::init.
May 30, 2022 16:09:26.183 [0x7f5ae102e808] INFO - [I] device_manager_t::init. Initialize provider manager
May 30, 2022 16:09:26.183 [0x7f5ae102e808] INFO - [I] device_manager_t::init. Initialize all device auxes
May 30, 2022 16:09:26.183 [0x7f5ae102e808] INFO - [I] dvb_device_factory_t::get_aux_list
May 30, 2022 16:09:26.183 [0x7f5ae102e808] INFO - [I] tvbutler_aux_t::init
May 30, 2022 16:09:26.184 [0x7f5ae102e808] INFO - [I] web_server_t::start. Starting web server on port 32600
May 30, 2022 16:09:35.055 [0x7f5adf4ceb38] INFO - [I] web_service_t::process_device_discovery
May 30, 2022 16:09:35.055 [0x7f5adf4ceb38] INFO - [I] device_reactor_t::get_device_list ()
May 30, 2022 16:09:37.059 [0x7f5adf4ceb38] INFO - [I] SAT2IP - discover_satip_servers(): no servers found
May 30, 2022 16:09:37.477 [0x7f5adf4ceb38] INFO - [I] v4l::DeviceGetList_impl. getting v4l device list
May 30, 2022 16:09:37.479 [0x7f5adf4ceb38] INFO - [I] onetv_factory::DeviceGetListEx >>
May 30, 2022 16:09:37.479 [0x7f5adf4ceb38] WARN - [W] onetv_factory::DeviceGetListEx. libusb_init returned an error -99
May 30, 2022 16:49:26.513 [0x7f5ae102e808] INFO - Received SIGINT: Interrupt from keyboard.
May 30, 2022 16:49:26.529 [0x7f5ae102e808] INFO - [I] device_manager_t::term
May 30, 2022 16:49:26.529 [0x7f5ae102e808] INFO - [I] device_manager_t::term. Stop all devices
May 30, 2022 16:49:26.529 [0x7f5ae102e808] INFO - [I] device_manager_t::term. Shut down all device auxes
May 30, 2022 16:49:26.529 [0x7f5ae102e808] INFO - [I] tvbutler_aux_t::term
May 30, 2022 16:49:26.530 [0x7f5ae102e808] INFO - [I] web_server_t::stop. Web server is stopped
May 30, 2022 16:49:26.530 [0x7f5ae102e808] INFO - [I] device_manager_t::term
May 30, 2022 16:49:26.530 [0x7f5ae102e808] INFO - [I] device_manager_t::term. Stop all devices
May 30, 2022 16:49:26.530 [0x7f5ae102e808] INFO - [I] device_manager_t::term. Shut down all device auxes
May 30, 2022 16:49:26.530 [0x7f5ae102e808] INFO - [I] broker_t::shutdown. Shutdown is completed.
