May 31, 2022 10:35:33.431 [0x7ff15ca3fb38] INFO - Plex Media Server v1.26.2.5797-5bd057d2b - Docker Docker Container (LinuxServer.io) x86_64 - build: linux-x86_64 debian - GMT 02:00
May 31, 2022 10:35:33.433 [0x7ff15ca3fb38] INFO - Linux version: 5.15.41-1-MANJARO, language: en-US
May 31, 2022 10:35:33.433 [0x7ff15ca3fb38] INFO - Processor: 12-core AMD Ryzen 5 3600 6-Core Processor              
May 31, 2022 10:35:33.433 [0x7ff15ca3fb38] INFO - Compiler is - Clang 11.0.1 (https://plex.tv 9b997da8e5b47bdb4a9425b3a3b290be393b4b1f)
May 31, 2022 10:35:33.433 [0x7ff15ca3fb38] INFO - /usr/lib/plexmediaserver/Plex Media Server
May 31, 2022 10:35:33.433 [0x7ff15caf1d50] DEBUG - BPQ: [Idle] -> [Starting]
May 31, 2022 10:35:33.435 [0x7ff15caf1d50] DEBUG - FeatureManager: Using cached data for features list
May 31, 2022 10:35:33.436 [0x7ff15caf1d50] DEBUG - Opening 20 database sessions to library (com.plexapp.plugins.library), SQLite 3.35.5, threadsafe=1
May 31, 2022 10:35:33.469 [0x7ff15caf1d50] DEBUG - Running migrations. (EPG 0)
May 31, 2022 10:35:33.493 [0x7ff15caf1d50] DEBUG - ChangestampAllocator: initialized to 2712
May 31, 2022 10:35:33.494 [0x7ff15caf1d50] DEBUG - Opening 2 database sessions to library (com.plexapp.plugins.library.blobs), SQLite 3.35.5, threadsafe=1
May 31, 2022 10:35:33.497 [0x7ff15caf1d50] DEBUG - Running migrations. (EPG 0)
May 31, 2022 10:35:33.518 [0x7ff15caf1d50] DEBUG - [CERT] Subject name is /CN=*.d9ad888d99784a73944a5213924dbcce.plex.direct
May 31, 2022 10:35:33.518 [0x7ff15caf1d50] DEBUG - [CERT] Installed certificate with fingerprint 38:3d:e1:22:f4:78:45:63:87:8e:25:74:fd:9c:b3:27:0c:4a:5a:4b.
May 31, 2022 10:35:33.518 [0x7ff15caf1d50] DEBUG - [CERT/OCSP] Stapling requests will be made to 'http://r3.o.lencr.org/'.
May 31, 2022 10:35:33.518 [0x7ff15caf1d50] INFO - [CERT/OCSP] Successfully retrieved response from cache.
May 31, 2022 10:35:33.518 [0x7ff15caf1d50] DEBUG - HttpServer: Listening on IPv6 as well as IPv4.
May 31, 2022 10:35:33.518 [0x7ff15caf1d50] DEBUG - HttpServer: Listening on port 32400.
May 31, 2022 10:35:33.519 [0x7ff15caf1d50] DEBUG - HttpServer: Listening on port 32401.
May 31, 2022 10:35:33.544 [0x7ff15b961b38] DEBUG - Grabber: Cleaning up orphaned grabs.
May 31, 2022 10:35:33.544 [0x7ff15caf1d50] DEBUG - Media Provider: Registering provider com.plexapp.plugins.library
May 31, 2022 10:35:33.544 [0x7ff15b6d3b38] DEBUG - MyPlex: mapping state set to 'Unknown'.
May 31, 2022 10:35:33.544 [0x7ff15caf1d50] DEBUG - Auth: Refreshing tokens inside the token-based authentication filter.
May 31, 2022 10:35:33.545 [0x7ff15b6d3b38] DEBUG - Relay: read 1 cached entries from hosts file
May 31, 2022 10:35:33.545 [0x7ff15b6d3b38] DEBUG - [MediaProviderManager] HTTP requesting GET https://plex.tv/media/providers?X-Plex-Token=xxxxxxxxxxxxxxxxxxxx
May 31, 2022 10:35:33.545 [0x7ff15caf1d50] DEBUG - MyPlex: using cached data for request for https://plex.tv/api/v2/server/access_tokens?auth_token=xxxxxxxxxxxxxxxxxxxx
May 31, 2022 10:35:33.545 [0x7ff15caf1d50] DEBUG - MyPlex: updating with 10 access tokens
May 31, 2022 10:35:33.545 [0x7ff15caf1d50] DEBUG - MyPlex: using cached data for request for https://plex.tv/api/v2/server/users?auth_token=xxxxxxxxxxxxxxxxxxxx
May 31, 2022 10:35:33.546 [0x7ff15caf1d50] DEBUG - MyPlex: using cached data for request for https://plex.tv/api/v2/server/users/subscriptions?auth_token=xxxxxxxxxxxxxxxxxxxx
May 31, 2022 10:35:33.547 [0x7ff15b624b38] DEBUG - Auth: Refreshing tokens inside the token-based authentication filter.
May 31, 2022 10:35:33.547 [0x7ff15b624b38] DEBUG - HTTP requesting GET https://plex.tv/api/v2/server/access_tokens?auth_token=xxxxxxxxxxxxxxxxxxxx
May 31, 2022 10:35:33.547 [0x7ff15caf1d50] DEBUG - Opening 1 database sessions to library (), SQLite 3.35.5, threadsafe=1
May 31, 2022 10:35:33.549 [0x7ff15b66ab38] DEBUG - File "/usr/lib/plexmediaserver/Resources/Plug-ins-5bd057d2b" changed: -1 => 2022-05-24 19:08:26 (1653412106).
May 31, 2022 10:35:33.549 [0x7ff15b66ab38] DEBUG - File "/config/Library/Application Support/Plex Media Server/Plug-ins" changed: -1 => 2022-05-30 16:09:26 (1653919766).
May 31, 2022 10:35:33.550 [0x7ff15b66ab38] DEBUG - Scanning for plug-ins in "/usr/lib/plexmediaserver/Resources/Plug-ins-5bd057d2b"
May 31, 2022 10:35:33.560 [0x7ff15b66ab38] DEBUG - Not starting plug-in with duplicate identifier: com.plexapp.plugins.webclient found in: /usr/lib/plexmediaserver/Resources/Plug-ins-5bd057d2b/WebClient.bundle
May 31, 2022 10:35:33.562 [0x7ff15b66ab38] DEBUG - Scanning for plug-ins in "/config/Library/Application Support/Plex Media Server/Plug-ins"
May 31, 2022 10:35:33.562 [0x7ff15b66ab38] DEBUG - PluginRepository::setStartState: 1, startingSystem
May 31, 2022 10:35:33.562 [0x7ff15b66ab38] DEBUG - Starting plug-in /usr/lib/plexmediaserver/Resources/Plug-ins-5bd057d2b/System.bundle.
May 31, 2022 10:35:33.563 [0x7ff15b66ab38] DEBUG - [com.plexapp.system] Setting plug-in to always running (daemon mode).
May 31, 2022 10:35:33.564 [0x7ff15b66ab38] DEBUG - Starting file watcher for com.plexapp.system
May 31, 2022 10:35:33.564 [0x7ff15b66ab38] DEBUG - Plugin: setting environment variable: 'PYTHONHOME=/usr/lib/plexmediaserver/Resources/Python'
May 31, 2022 10:35:33.564 [0x7ff15b66ab38] DEBUG - Plugin: setting environment variable: 'PYTHONPATH=/usr/lib/plexmediaserver/Resources/Python/python27.zip:/usr/lib/plexmediaserver/Resources/Python/lib/python2.7/site-packages'
May 31, 2022 10:35:33.564 [0x7ff15b66ab38] DEBUG - Spawned plug-in com.plexapp.system with PID 388
May 31, 2022 10:35:33.564 [0x7ff15b66ab38] DEBUG - [com.plexapp.system] Sending command: GET /:/prefixes
May 31, 2022 10:35:33.584 [0x7ff15b961b38] DEBUG - Grabber: Cleaned up 0 decrepit directories in 0.0 sec.
May 31, 2022 10:35:33.747 [0x7ff15b6a0b38] DEBUG - [HttpClient] HTTP/2.0 (0.2s) 200 response from GET https://plex.tv/api/v2/server/access_tokens?auth_token=xxxxxxxxxxxxxxxxxxxx
May 31, 2022 10:35:33.748 [0x7ff15b624b38] DEBUG - MyPlex: updating with 10 access tokens
May 31, 2022 10:35:33.748 [0x7ff15b624b38] DEBUG - HTTP requesting GET https://plex.tv/api/v2/server/users?auth_token=xxxxxxxxxxxxxxxxxxxx
May 31, 2022 10:35:33.768 [0x7ff15b6a0b38] DEBUG - [HttpClient] HTTP/2.0 (0.2s) 200 response from GET https://plex.tv/media/providers?X-Plex-Token=xxxxxxxxxxxxxxxxxxxx
May 31, 2022 10:35:33.768 [0x7ff15b6d3b38] DEBUG - [MediaProviderManager] HTTP requesting GET https://plex.tv/media/providers?X-Plex-Token=xxxxxxxxxxxxxxxxxxxx
May 31, 2022 10:35:33.826 [0x7ff15b6a0b38] DEBUG - [HttpClient] HTTP/2.0 (0.1s) 200 response from GET https://plex.tv/api/v2/server/users?auth_token=xxxxxxxxxxxxxxxxxxxx (reused)
May 31, 2022 10:35:33.826 [0x7ff15b5fcb38] DEBUG - HTTP requesting GET https://plex.tv/api/v2/server/users/subscriptions?auth_token=xxxxxxxxxxxxxxxxxxxx
May 31, 2022 10:35:33.862 [0x7ff15b6a0b38] DEBUG - [HttpClient] HTTP/2.0 (0.1s) 200 response from GET https://plex.tv/media/providers?X-Plex-Token=xxxxxxxxxxxxxxxxxxxx (reused)
May 31, 2022 10:35:33.862 [0x7ff15b6d3b38] DEBUG - [MediaProviderManager] discovered cloud provider (Movies & TV)
May 31, 2022 10:35:33.862 [0x7ff15b6d3b38] DEBUG - [MediaProviderManager] discovered cloud provider (Music)
May 31, 2022 10:35:33.862 [0x7ff15b6d3b38] DEBUG - [MediaProviderManager] discovered cloud provider (Metadata)
May 31, 2022 10:35:33.862 [0x7ff15b6d3b38] DEBUG - [MediaProviderManager] loading cloud provider details (Metadata) (alive: 0)
May 31, 2022 10:35:33.862 [0x7ff15b961b38] DEBUG - [MediaProviderManager] HTTP requesting GET https://music.provider.plex.tv
May 31, 2022 10:35:33.862 [0x7ff15b647b38] DEBUG - [MediaProviderManager] HTTP requesting GET https://vod.provider.plex.tv
May 31, 2022 10:35:33.912 [0x7ff15b6a0b38] DEBUG - [HttpClient] HTTP/2.0 (0.1s) 200 response from GET https://plex.tv/api/v2/server/users/subscriptions?auth_token=xxxxxxxxxxxxxxxxxxxx (reused)
May 31, 2022 10:35:33.957 [0x7ff15b6a0b38] DEBUG - [HttpClient] HTTP/2.0 (0.1s) 200 response from GET https://music.provider.plex.tv
May 31, 2022 10:35:33.999 [0x7ff15b6d3b38] WARN - [MediaProviderManager] Unrecognized MediaProvider feature: availability
May 31, 2022 10:35:33.999 [0x7ff15b6d3b38] WARN - [MediaProviderManager] Unrecognized MediaProvider feature: availability-platforms
May 31, 2022 10:35:33.999 [0x7ff15b6d3b38] DEBUG - [MediaProviderManager] loading cloud provider details (Music) (alive: 1)
May 31, 2022 10:35:33.999 [0x7ff15b6d3b38] DEBUG - [MediaProviderManager] loading cloud provider details (Movies & TV) (alive: 0)
May 31, 2022 10:35:33.999 [0x7ff15b6d3b38] DEBUG - [MediaProviderManager] HTTP requesting GET https://vod.provider.plex.tv
May 31, 2022 10:35:34.017 [0x7ff15b6a0b38] DEBUG - [HttpClient] HTTP/2.0 (0.2s) 200 response from GET https://vod.provider.plex.tv
May 31, 2022 10:35:34.033 [0x7ff15b6a0b38] DEBUG - [HttpClient] HTTP/2.0 (0.0s) 200 response from GET https://vod.provider.plex.tv (reused)
May 31, 2022 10:35:34.034 [0x7ff15b6d3b38] DEBUG - [MediaProviderManager] we had 0 cloud providers online, we now have 3
May 31, 2022 10:35:34.034 [0x7ff15b6d3b38] DEBUG - [MediaProviderManager] cloud provider (Metadata) is online and available
May 31, 2022 10:35:34.034 [0x7ff15b6d3b38] DEBUG - [MediaProviderManager] cloud provider (Music) is online and available
May 31, 2022 10:35:34.034 [0x7ff15b6d3b38] DEBUG - [MediaProviderManager] cloud provider (Movies & TV) is online and available
May 31, 2022 10:35:34.082 [0x7ff15b624b38] WARN - [MediaProviderManager] Unrecognized MediaProvider feature: availability
May 31, 2022 10:35:34.082 [0x7ff15b624b38] WARN - [MediaProviderManager] Unrecognized MediaProvider feature: availability-platforms
May 31, 2022 10:35:34.730 [0x7ff15b66ab38] DEBUG - Reading 486 bytes in the body, code is 200
May 31, 2022 10:35:34.730 [0x7ff15b66ab38] DEBUG - [com.plexapp.system] Plug-in running on port 35431.
May 31, 2022 10:35:34.730 [0x7ff15b66ab38] DEBUG -  * Plug-in handles prefix: /system
May 31, 2022 10:35:34.730 [0x7ff15b66ab38] DEBUG -  * Plug-in handles prefix: /player
May 31, 2022 10:35:34.730 [0x7ff15b66ab38] DEBUG - Read configuration for [com.plexapp.system], had 2 prefixes
May 31, 2022 10:35:34.730 [0x7ff15b66ab38] DEBUG - Done with 1 synchronous plug-in starts, starting the rest in parallel.
May 31, 2022 10:35:34.730 [0x7ff15b66ab38] DEBUG - PluginRepository::setStartState: 2, startingPlugins
May 31, 2022 10:35:34.730 [0x7ff15b66ab38] DEBUG - Updating the list of agents known by the system.
May 31, 2022 10:35:34.730 [0x7ff15b66ab38] DEBUG - [com.plexapp.system] Sending command over HTTP (GET): /system/agents
May 31, 2022 10:35:34.730 [0x7ff15b66ab38] DEBUG - HTTP requesting GET http://127.0.0.1:35431/system/agents
May 31, 2022 10:35:34.731 [0x7ff15caf1d50] DEBUG - Image transcode cache directory: "/config/Library/Application Support/Plex Media Server/Cache/PhotoTranscoder"
May 31, 2022 10:35:34.732 [0x7ff15caf1d50] DEBUG - Transcoder: Cleaning old transcode directories.
May 31, 2022 10:35:34.737 [0x7ff15caf1d50] DEBUG - MyPlex: using cached data for request for https://plex.tv/api/v2/server/access_tokens?auth_token=xxxxxxxxxxxxxxxxxxxx
May 31, 2022 10:35:34.737 [0x7ff15caf1d50] DEBUG - MyPlex: updating with 10 access tokens
May 31, 2022 10:35:34.737 [0x7ff15caf1d50] DEBUG - MyPlex: using cached data for request for https://plex.tv/api/v2/server/users?auth_token=xxxxxxxxxxxxxxxxxxxx
May 31, 2022 10:35:34.737 [0x7ff15b6d3b38] DEBUG - [MediaProviderManager] HTTP requesting GET https://plex.tv/media/providers?X-Plex-Token=xxxxxxxxxxxxxxxxxxxx
May 31, 2022 10:35:34.737 [0x7ff15caf1d50] DEBUG - MyPlex: using cached data for request for https://plex.tv/api/v2/server/users/subscriptions?auth_token=xxxxxxxxxxxxxxxxxxxx
May 31, 2022 10:35:34.737 [0x7ff15caf1d50] DEBUG - MyPlex: no cached data to load for request for https://plex.tv/api/v2/user?includeSubscriptions=1&includeProviders=1
May 31, 2022 10:35:34.737 [0x7ff15caf1d50] DEBUG - MyPlex: start public ip check and mapping - current mapped state: 'Unknown'.
May 31, 2022 10:35:34.737 [0x7ff15caf1d50] DEBUG - MyPlex: mapping state set to 'Not Mapped'.
May 31, 2022 10:35:34.737 [0x7ff15caf1d50] DEBUG - PublicAddressManager: Starting.
May 31, 2022 10:35:34.737 [0x7ff15caf1d50] DEBUG - PublicAddressManager: Obtaining public address and mapping port.
May 31, 2022 10:35:34.737 [0x7ff15b624b38] DEBUG - PublicAddressManager: Obtaining public IP.
May 31, 2022 10:35:34.737 [0x7ff15caf1d50] DEBUG - NetworkInterface: Starting watch thread.
May 31, 2022 10:35:34.737 [0x7ff15b029b38] DEBUG - HTTP requesting GET https://plex.tv/api/v2/user?includeSubscriptions=1&includeProviders=1
May 31, 2022 10:35:34.737 [0x7ff15b961b38] DEBUG - NAT: UPnP, attempting port mapping.
May 31, 2022 10:35:34.737 [0x7ff15b624b38] DEBUG - HTTP requesting GET http://plex.tv/pms/:/ip
May 31, 2022 10:35:34.737 [0x7ff15caf1d50] DEBUG - Network change.
May 31, 2022 10:35:34.737 [0x7ff15caf1d50] DEBUG - NetworkInterface: Notified of network changed (force=0)
May 31, 2022 10:35:34.737 [0x7ff15b006b38] DEBUG - NetworkInterface: Watching for changes on the interfaces.
May 31, 2022 10:35:34.738 [0x7ff15caf1d50] DEBUG - Detected primary interface: 172.18.0.2
May 31, 2022 10:35:34.738 [0x7ff15caf1d50] DEBUG - Network interfaces:
May 31, 2022 10:35:34.738 [0x7ff15caf1d50] DEBUG -  * 1 lo (127.0.0.1) (00-00-00-00-00-00) (loopback: 1)
May 31, 2022 10:35:34.738 [0x7ff15caf1d50] DEBUG -  * 6 eth0 (172.18.0.2) (02-42-AC-12-00-02) (loopback: 0)
May 31, 2022 10:35:34.738 [0x7ff15caf1d50] DEBUG - Creating NetworkServices singleton.
May 31, 2022 10:35:34.738 [0x7ff15caf1d50] DEBUG - NetworkServices: Initializing...
May 31, 2022 10:35:34.738 [0x7ff15caf1d50] DEBUG - NetworkService: Creating new service.
May 31, 2022 10:35:34.738 [0x7ff15caf1d50] DEBUG - NetworkService: Got notification of changed network (first change: 1)
May 31, 2022 10:35:34.738 [0x7ff15caf1d50] DEBUG - NetworkService: Quick dispatch of network change.
May 31, 2022 10:35:34.738 [0x7ff15caf1d50] DEBUG - NetworkService: Creating new service.
May 31, 2022 10:35:34.738 [0x7ff15afc0b38] DEBUG - Network change for advertiser.
May 31, 2022 10:35:34.738 [0x7ff15caf1d50] DEBUG - NetworkService: Got notification of changed network (first change: 1)
May 31, 2022 10:35:34.738 [0x7ff15caf1d50] DEBUG - NetworkService: Quick dispatch of network change.
May 31, 2022 10:35:34.738 [0x7ff15caf1d50] DEBUG - NetworkService: Creating new service.
May 31, 2022 10:35:34.738 [0x7ff15afc0b38] DEBUG - NetworkService: Setting up multicast listener on 0.0.0.0:32414
May 31, 2022 10:35:34.738 [0x7ff15caf1d50] DEBUG - NetworkService: Got notification of changed network (first change: 1)
May 31, 2022 10:35:34.738 [0x7ff15caf1d50] DEBUG - NetworkService: Quick dispatch of network change.
May 31, 2022 10:35:34.738 [0x7ff15caf1d50] DEBUG - NetworkService: Creating new service.
May 31, 2022 10:35:34.738 [0x7ff15caf1d50] DEBUG - NetworkService: Got notification of changed network (first change: 1)
May 31, 2022 10:35:34.738 [0x7ff15caf1d50] DEBUG - NetworkService: Quick dispatch of network change.
May 31, 2022 10:35:34.738 [0x7ff15caf1d50] DEBUG - NetworkService: Creating new service.
May 31, 2022 10:35:34.738 [0x7ff15caf1d50] DEBUG - NetworkService: Got notification of changed network (first change: 1)
May 31, 2022 10:35:34.738 [0x7ff15caf1d50] DEBUG - NetworkService: Quick dispatch of network change.
May 31, 2022 10:35:34.738 [0x7ff15caf1d50] DEBUG - NetworkService: Creating new service.
May 31, 2022 10:35:34.738 [0x7ff15caf1d50] DEBUG - NetworkService: Got notification of changed network (first change: 1)
May 31, 2022 10:35:34.738 [0x7ff15caf1d50] DEBUG - NetworkService: Quick dispatch of network change.
May 31, 2022 10:35:34.739 [0x7ff15caf1d50] DEBUG - Starting HTTP server.
May 31, 2022 10:35:34.739 [0x7ff15caf1d50] DEBUG - Running server...
May 31, 2022 10:35:34.739 [0x7ff15af7ab38] DEBUG - [ChildProcessMonitor] Plex Tuner Service starting.
May 31, 2022 10:35:34.739 [0x7ff15af7ab38] DEBUG - [ChildProcessMonitor/JobRunner] Job running: "/usr/lib/plexmediaserver/Plex Tuner Service" /usr/lib/plexmediaserver/Resources/Tuner/Private /usr/lib/plexmediaserver/Resources/Tuner/Shared 1.26.2.5797-5bd057d2b 32600
May 31, 2022 10:35:34.739 [0x7ff15caf1d50] DEBUG - Waiting for server condition to be signaled.
May 31, 2022 10:35:34.739 [0x7ff15af57b38] DEBUG - HttpServer: Set up a thread pool with 2 threads.
May 31, 2022 10:35:34.739 [0x7ff15afc0b38] DEBUG - Network change for advertiser.
May 31, 2022 10:35:34.739 [0x7ff15afc0b38] DEBUG - NetworkService: Setting up multicast listener on 0.0.0.0:32410
May 31, 2022 10:35:34.739 [0x7ff15afc0b38] DEBUG - Network change for advertiser.
May 31, 2022 10:35:34.739 [0x7ff15afc0b38] DEBUG - NetworkService: Setting up multicast listener on 0.0.0.0:32412
May 31, 2022 10:35:34.739 [0x7ff15afc0b38] DEBUG - NetworkService: Network change for browser (polled=0), closing 0 browse sockets.
May 31, 2022 10:35:34.739 [0x7ff15afc0b38] DEBUG - NetworkService: Setting up multicast listener on 0.0.0.0:32413
May 31, 2022 10:35:34.740 [0x7ff15afc0b38] DEBUG - NetworkService: Browsing on interface 127.0.0.1 on broadcast address 127.255.255.255 (index: 0)
May 31, 2022 10:35:34.740 [0x7ff15afc0b38] DEBUG - NetworkService: Browsing on interface 172.18.0.2 on broadcast address 172.18.255.255 (index: 1)
May 31, 2022 10:35:34.740 [0x7ff15afc0b38] DEBUG - NetworkService: Network change for browser (polled=1), closing 0 browse sockets.
May 31, 2022 10:35:34.740 [0x7ff15afc0b38] DEBUG - NetworkService: Browsing on interface 127.0.0.1 on broadcast address 127.255.255.255 (index: 0)
May 31, 2022 10:35:34.740 [0x7ff15afc0b38] DEBUG - NetworkService: Browsing on interface 172.18.0.2 on broadcast address 172.18.255.255 (index: 1)
May 31, 2022 10:35:34.740 [0x7ff15af7ab38] DEBUG - [ChildProcessMonitor/JobRunner] Jobs: Starting child process with pid 428
May 31, 2022 10:35:34.740 [0x7ff15afc0b38] DEBUG - NetworkService: Network change for browser (polled=0), closing 0 browse sockets.
May 31, 2022 10:35:34.740 [0x7ff15afc0b38] DEBUG - NetworkService: Setting up multicast listener on 0.0.0.0:1901
May 31, 2022 10:35:34.740 [0x7ff15afc0b38] DEBUG - NetworkService: Browsing on interface 172.18.0.2 on broadcast address 239.255.255.250 (index: 0)
May 31, 2022 10:35:34.740 [0x7ff15aeeab38] DEBUG - Request: [127.0.0.1:59438 (Loopback)] GET / (4 live) GZIP Token ()
May 31, 2022 10:35:34.740 [0x7ff15aec7b38] DEBUG - Request: [127.0.0.1:59426 (Loopback)] GET /:/plugins/com.plexapp.system/messaging/function/X0J1bmRsZVNlcnZpY2U6QWxsU2VydmljZXM_/Y2VyZWFsMQoxCmxpc3QKMApyMAo_/Y2VyZWFsMQoxCmRpY3QKMApyMAo_ (4 live) GZIP Token ()
May 31, 2022 10:35:34.740 [0x7ff15aea4b38] DEBUG - Request: [127.0.0.1:59442 (Loopback)] GET /servers (4 live) GZIP Token ()
May 31, 2022 10:35:34.740 [0x7ff15aeeab38] DEBUG - Translator: Found locale sv
May 31, 2022 10:35:34.740 [0x7ff15aeeab38] DEBUG - Translator: Found locale sl
May 31, 2022 10:35:34.740 [0x7ff15aeeab38] DEBUG - Translator: Found locale ja_JP
May 31, 2022 10:35:34.740 [0x7ff15aeeab38] DEBUG - Translator: Found locale da
May 31, 2022 10:35:34.740 [0x7ff15aeeab38] DEBUG - Translator: Found locale nl
May 31, 2022 10:35:34.740 [0x7ff15aeeab38] DEBUG - Translator: Found locale nl_BE
May 31, 2022 10:35:34.741 [0x7ff15aeeab38] DEBUG - Translator: Found locale hu
May 31, 2022 10:35:34.741 [0x7ff15aeeab38] DEBUG - Translator: Found locale cs_CZ
May 31, 2022 10:35:34.741 [0x7ff15aeeab38] DEBUG - Translator: Found locale no
May 31, 2022 10:35:34.741 [0x7ff15aeeab38] DEBUG - Translator: Found locale sk
May 31, 2022 10:35:34.741 [0x7ff15aeeab38] DEBUG - Translator: Found locale he
May 31, 2022 10:35:34.741 [0x7ff15aeeab38] DEBUG - Translator: Found locale fi
May 31, 2022 10:35:34.741 [0x7ff15aeeab38] DEBUG - Translator: Found locale zh_CN
May 31, 2022 10:35:34.741 [0x7ff15aeeab38] DEBUG - Translator: Found locale it
May 31, 2022 10:35:34.741 [0x7ff15aeeab38] DEBUG - Translator: Found locale ko
May 31, 2022 10:35:34.741 [0x7ff15aeeab38] DEBUG - Translator: Found locale hr_HR
May 31, 2022 10:35:34.741 [0x7ff15aeeab38] DEBUG - Translator: Found locale en
May 31, 2022 10:35:34.741 [0x7ff15aeeab38] DEBUG - Translator: Found locale pl
May 31, 2022 10:35:34.741 [0x7ff15aeeab38] DEBUG - Translator: Found locale fr
May 31, 2022 10:35:34.741 [0x7ff15aeeab38] DEBUG - Translator: Found locale sr
May 31, 2022 10:35:34.741 [0x7ff15aeeab38] DEBUG - Translator: Found locale pt
May 31, 2022 10:35:34.741 [0x7ff15aeeab38] DEBUG - Translator: Found locale et_EE
May 31, 2022 10:35:34.741 [0x7ff15aeeab38] DEBUG - Translator: Found locale ar
May 31, 2022 10:35:34.741 [0x7ff15aeeab38] DEBUG - Translator: Found locale pt_BR
May 31, 2022 10:35:34.741 [0x7ff15aeeab38] DEBUG - Translator: Found locale de
May 31, 2022 10:35:34.741 [0x7ff15aeeab38] DEBUG - Translator: Found locale es
May 31, 2022 10:35:34.741 [0x7ff15aeeab38] DEBUG - Translator: Found locale hu_HU
May 31, 2022 10:35:34.741 [0x7ff15aeeab38] DEBUG - Translator: Found locale lt
May 31, 2022 10:35:34.741 [0x7ff15aeeab38] DEBUG - Translator: Found locale af
May 31, 2022 10:35:34.741 [0x7ff15aeeab38] DEBUG - Translator: Found locale ro
May 31, 2022 10:35:34.741 [0x7ff15aeeab38] DEBUG - Translator: Found locale ru
May 31, 2022 10:35:34.746 [0x7ff15aec7b38] DEBUG - [com.plexapp.system] Sending command over HTTP (GET): /:/plugins/com.plexapp.system/messaging/function/X0J1bmRsZVNlcnZpY2U6QWxsU2VydmljZXM_/Y2VyZWFsMQoxCmxpc3QKMApyMAo_/Y2VyZWFsMQoxCmRpY3QKMApyMAo_
May 31, 2022 10:35:34.746 [0x7ff15aec7b38] DEBUG - HTTP requesting GET http://127.0.0.1:35431/:/plugins/com.plexapp.system/messaging/function/X0J1bmRsZVNlcnZpY2U6QWxsU2VydmljZXM_/Y2VyZWFsMQoxCmxpc3QKMApyMAo_/Y2VyZWFsMQoxCmRpY3QKMApyMAo_
May 31, 2022 10:35:34.747 [0x7ff15b910b38] DEBUG - Completed: [127.0.0.1:59442] 200 GET /servers (4 live) GZIP 6ms 486 bytes
May 31, 2022 10:35:34.747 [0x7ff15b933b38] DEBUG - Completed: [127.0.0.1:59438] 200 GET / (3 live) GZIP 7ms 3258 bytes
May 31, 2022 10:35:34.759 [0x7ff15aea4b38] DEBUG - Request: [127.0.0.1:59444 (Loopback)] GET /library/sections (3 live) GZIP Token ()
May 31, 2022 10:35:34.761 [0x7ff15b933b38] DEBUG - Completed: [127.0.0.1:59444] 200 GET /library/sections (3 live) GZIP 1ms 765 bytes
May 31, 2022 10:35:34.763 [0x7ff15aeeab38] DEBUG - Request: [127.0.0.1:59458 (Loopback)] GET /channels/all (3 live) GZIP Token ()
May 31, 2022 10:35:34.763 [0x7ff15b933b38] DEBUG - Completed: [127.0.0.1:59458] 200 GET /channels/all (3 live) GZIP 0ms 387 bytes
May 31, 2022 10:35:34.766 [0x7ff15aea4b38] DEBUG - Request: [127.0.0.1:59462 (Loopback)] GET /library/sections (3 live) GZIP Token ()
May 31, 2022 10:35:34.766 [0x7ff15b910b38] DEBUG - Completed: [127.0.0.1:59462] 200 GET /library/sections (3 live) GZIP 0ms 765 bytes
May 31, 2022 10:35:34.768 [0x7ff15aeeab38] DEBUG - Request: [127.0.0.1:59466 (Loopback)] GET /channels/all (3 live) GZIP Token ()
May 31, 2022 10:35:34.768 [0x7ff15b910b38] DEBUG - Completed: [127.0.0.1:59466] 200 GET /channels/all (3 live) GZIP 0ms 387 bytes
May 31, 2022 10:35:34.775 [0x7ff15b6a0b38] DEBUG - [HttpClient] HTTP/1.1 (0.0s) 200 response from GET http://127.0.0.1:35431/:/plugins/com.plexapp.system/messaging/function/X0J1bmRsZVNlcnZpY2U6QWxsU2VydmljZXM_/Y2VyZWFsMQoxCmxpc3QKMApyMAo_/Y2VyZWFsMQoxCmRpY3QKMApyMAo_
May 31, 2022 10:35:34.775 [0x7ff15aec7b38] DEBUG - [com.plexapp.system] HTTP reply status 200, with 516 bytes of content.
May 31, 2022 10:35:34.775 [0x7ff15b910b38] DEBUG - Completed: [127.0.0.1:59426] 200 GET /:/plugins/com.plexapp.system/messaging/function/X0J1bmRsZVNlcnZpY2U6QWxsU2VydmljZXM_/Y2VyZWFsMQoxCmxpc3QKMApyMAo_/Y2VyZWFsMQoxCmRpY3QKMApyMAo_ (2 live) GZIP 35ms 746 bytes
May 31, 2022 10:35:34.790 [0x7ff15b6a0b38] DEBUG - [HttpClient] HTTP/1.1 (0.1s) 200 response from GET http://127.0.0.1:35431/system/agents
May 31, 2022 10:35:34.791 [0x7ff15b66ab38] DEBUG - [com.plexapp.system] HTTP reply status 200, with 11288 bytes of content.
May 31, 2022 10:35:34.792 [0x7ff15b66ab38] DEBUG - The system knows about 19 agents.
May 31, 2022 10:35:34.792 [0x7ff15af34b38] DEBUG - Starting plug-in /usr/lib/plexmediaserver/Resources/Plug-ins-5bd057d2b/OpenSubtitles.bundle.
May 31, 2022 10:35:34.792 [0x7ff15ada6b38] DEBUG - Starting plug-in /usr/lib/plexmediaserver/Resources/Plug-ins-5bd057d2b/ServerManager.bundle.
May 31, 2022 10:35:34.792 [0x7ff15ad83b38] DEBUG - Starting plug-in /usr/lib/plexmediaserver/Resources/Plug-ins-5bd057d2b/Media-Flags.bundle.
May 31, 2022 10:35:34.793 [0x7ff15b66ab38] DEBUG - Removing /usr/lib/plexmediaserver/Resources/Plug-ins-5bd057d2b/WebClient.bundle.
May 31, 2022 10:35:34.793 [0x7ff15b66ab38] DEBUG - Waiting for 20 plug-ins to finish starting.
May 31, 2022 10:35:34.793 [0x7ff15ad83b38] DEBUG - Starting plug-in /usr/lib/plexmediaserver/Resources/Plug-ins-5bd057d2b/LyricFind.bundle.
May 31, 2022 10:35:34.793 [0x7ff15ada6b38] DEBUG - Starting plug-in /usr/lib/plexmediaserver/Resources/Plug-ins-5bd057d2b/TheMovieDB.bundle.
May 31, 2022 10:35:34.793 [0x7ff15af34b38] DEBUG - Perfect cache hit, we don't need to start [com.plexapp.agents.opensubtitles] yet.
May 31, 2022 10:35:34.793 [0x7ff15af34b38] DEBUG - Starting plug-in /usr/lib/plexmediaserver/Resources/Plug-ins-5bd057d2b/LocalMedia.bundle.
May 31, 2022 10:35:34.793 [0x7ff15ad83b38] DEBUG - Perfect cache hit, we don't need to start [com.plexapp.agents.lyricfind] yet.
May 31, 2022 10:35:34.793 [0x7ff15ad83b38] DEBUG - Starting plug-in /usr/lib/plexmediaserver/Resources/Plug-ins-5bd057d2b/PlexThemeMusic.bundle.
May 31, 2022 10:35:34.794 [0x7ff15af34b38] DEBUG - Perfect cache hit, we don't need to start [com.plexapp.agents.localmedia] yet.
May 31, 2022 10:35:34.794 [0x7ff15ada6b38] DEBUG - Perfect cache hit, we don't need to start [com.plexapp.agents.themoviedb] yet.
May 31, 2022 10:35:34.794 [0x7ff15af34b38] DEBUG - Starting plug-in /usr/lib/plexmediaserver/Resources/Plug-ins-5bd057d2b/PlexMovie.bundle.
May 31, 2022 10:35:34.794 [0x7ff15ada6b38] DEBUG - Starting plug-in /usr/lib/plexmediaserver/Resources/Plug-ins-5bd057d2b/LastFM.bundle.
May 31, 2022 10:35:34.794 [0x7ff15ad83b38] DEBUG - Perfect cache hit, we don't need to start [com.plexapp.agents.plexthememusic] yet.
May 31, 2022 10:35:34.794 [0x7ff15ad83b38] DEBUG - Starting plug-in /usr/lib/plexmediaserver/Resources/Plug-ins-5bd057d2b/Musicbrainz.bundle.
May 31, 2022 10:35:34.794 [0x7ff15af34b38] DEBUG - Perfect cache hit, we don't need to start [com.plexapp.agents.imdb] yet.
May 31, 2022 10:35:34.795 [0x7ff15af34b38] DEBUG - Starting plug-in /usr/lib/plexmediaserver/Resources/Plug-ins-5bd057d2b/PlexMovieNew.bundle.
May 31, 2022 10:35:34.795 [0x7ff15ad83b38] DEBUG - Perfect cache hit, we don't need to start [org.musicbrainz.agents.music] yet.
May 31, 2022 10:35:34.795 [0x7ff15ad83b38] DEBUG - Starting plug-in /usr/lib/plexmediaserver/Resources/Plug-ins-5bd057d2b/TheTVDBv4.bundle.
May 31, 2022 10:35:34.795 [0x7ff15ada6b38] DEBUG - Perfect cache hit, we don't need to start [com.plexapp.agents.lastfm] yet.
May 31, 2022 10:35:34.795 [0x7ff15ada6b38] DEBUG - Starting plug-in /usr/lib/plexmediaserver/Resources/Plug-ins-5bd057d2b/MoviePosterDB.bundle.
May 31, 2022 10:35:34.795 [0x7ff15af34b38] DEBUG - Perfect cache hit, we don't need to start [tv.plex.agents.movie] yet.
May 31, 2022 10:35:34.795 [0x7ff15af34b38] DEBUG - Starting plug-in /usr/lib/plexmediaserver/Resources/Plug-ins-5bd057d2b/HTbackdrops.bundle.
May 31, 2022 10:35:34.795 [0x7ff15ad83b38] DEBUG - Perfect cache hit, we don't need to start [com.plexapp.agents.thetvdb] yet.
May 31, 2022 10:35:34.795 [0x7ff15ad83b38] DEBUG - Starting plug-in /usr/lib/plexmediaserver/Resources/Plug-ins-5bd057d2b/Scanners.bundle.
May 31, 2022 10:35:34.796 [0x7ff15ada6b38] DEBUG - Perfect cache hit, we don't need to start [com.plexapp.agents.movieposterdb] yet.
May 31, 2022 10:35:34.796 [0x7ff15ada6b38] DEBUG - Starting plug-in /usr/lib/plexmediaserver/Resources/Plug-ins-5bd057d2b/PlexSeries.bundle.
May 31, 2022 10:35:34.796 [0x7ff15ad83b38] DEBUG - Starting plug-in /usr/lib/plexmediaserver/Resources/Plug-ins-5bd057d2b/Fanart-TV.bundle.
May 31, 2022 10:35:34.796 [0x7ff15af34b38] DEBUG - Perfect cache hit, we don't need to start [com.plexapp.agents.htbackdrops] yet.
May 31, 2022 10:35:34.796 [0x7ff15af34b38] DEBUG - Starting plug-in /usr/lib/plexmediaserver/Resources/Plug-ins-5bd057d2b/PersonalMedia.bundle.
May 31, 2022 10:35:34.797 [0x7ff15ada6b38] DEBUG - Perfect cache hit, we don't need to start [tv.plex.agents.series] yet.
May 31, 2022 10:35:34.797 [0x7ff15ada6b38] DEBUG - Starting plug-in /usr/lib/plexmediaserver/Resources/Plug-ins-5bd057d2b/Framework.bundle.
May 31, 2022 10:35:34.797 [0x7ff15af34b38] DEBUG - Perfect cache hit, we don't need to start [com.plexapp.agents.none] yet.
May 31, 2022 10:35:34.797 [0x7ff15ad83b38] DEBUG - Perfect cache hit, we don't need to start [com.plexapp.agents.fanarttv] yet.
May 31, 2022 10:35:34.797 [0x7ff15af34b38] DEBUG - Starting plug-in /usr/lib/plexmediaserver/Resources/Plug-ins-5bd057d2b/PlexMusic.bundle.
May 31, 2022 10:35:34.797 [0x7ff15af34b38] DEBUG - Perfect cache hit, we don't need to start [tv.plex.agents.music] yet.
May 31, 2022 10:35:34.798 [0x7ff15b66ab38] DEBUG - Starting scheduled updates, every 3600 seconds
May 31, 2022 10:35:34.798 [0x7ff15b66ab38] INFO - LibraryUpdateManager path watching is disabled
May 31, 2022 10:35:34.798 [0x7ff15b66ab38] DEBUG - Done waiting for all plug-ins to start.
May 31, 2022 10:35:34.798 [0x7ff15b66ab38] DEBUG - PluginRepository::setStartState: 3, complete
May 31, 2022 10:35:34.798 [0x7ff15ab99b38] DEBUG - Downloading document http://127.0.0.1:32400/:/plugins/com.plexapp.agents.imdb/prefs
May 31, 2022 10:35:34.798 [0x7ff15ab99b38] DEBUG - Starting file watcher for com.plexapp.agents.imdb
May 31, 2022 10:35:34.798 [0x7ff15ab99b38] DEBUG - Plugin: setting environment variable: 'PYTHONHOME=/usr/lib/plexmediaserver/Resources/Python'
May 31, 2022 10:35:34.798 [0x7ff15ab99b38] DEBUG - Plugin: setting environment variable: 'PYTHONPATH=/usr/lib/plexmediaserver/Resources/Python/python27.zip:/usr/lib/plexmediaserver/Resources/Python/lib/python2.7/site-packages'
May 31, 2022 10:35:34.798 [0x7ff15ab99b38] DEBUG - Spawned plug-in com.plexapp.agents.imdb with PID 478
May 31, 2022 10:35:34.798 [0x7ff15ab99b38] DEBUG - [com.plexapp.agents.imdb] Sending command: GET /:/prefixes
May 31, 2022 10:35:34.820 [0x7ff15b6a0b38] DEBUG - [HttpClient] HTTP/2.0 (0.1s) 200 response from GET https://plex.tv/media/providers?X-Plex-Token=xxxxxxxxxxxxxxxxxxxx (reused)
May 31, 2022 10:35:34.820 [0x7ff15b6d3b38] DEBUG - [MediaProviderManager] discovered cloud provider (Movies & TV)
May 31, 2022 10:35:34.820 [0x7ff15b6d3b38] DEBUG - [MediaProviderManager] discovered cloud provider (Music)
May 31, 2022 10:35:34.820 [0x7ff15b6d3b38] DEBUG - [MediaProviderManager] discovered cloud provider (Metadata)
May 31, 2022 10:35:34.820 [0x7ff15b6d3b38] DEBUG - [MediaProviderManager] loading cloud provider details (Metadata) (alive: 1)
May 31, 2022 10:35:34.820 [0x7ff15b6d3b38] DEBUG - [MediaProviderManager] loading cloud provider details (Music) (alive: 1)
May 31, 2022 10:35:34.820 [0x7ff15b6d3b38] DEBUG - [MediaProviderManager] loading cloud provider details (Movies & TV) (alive: 1)
May 31, 2022 10:35:34.820 [0x7ff15b6d3b38] DEBUG - [MediaProviderManager] we had 3 cloud providers online, we now have 3
May 31, 2022 10:35:34.820 [0x7ff15b6d3b38] DEBUG - [MediaProviderManager] cloud provider (Metadata) is online and available
May 31, 2022 10:35:34.820 [0x7ff15b6d3b38] DEBUG - [MediaProviderManager] cloud provider (Music) is online and available
May 31, 2022 10:35:34.820 [0x7ff15b6d3b38] DEBUG - [MediaProviderManager] cloud provider (Movies & TV) is online and available
May 31, 2022 10:35:34.891 [0x7ff15b6a0b38] DEBUG - [HttpClient] HTTP/2.0 (0.2s) 200 response from GET http://plex.tv/pms/:/ip
May 31, 2022 10:35:34.891 [0x7ff15b624b38] DEBUG - PublicAddressManager: Got public IP from http://plex.tv: 188.26.211.37
May 31, 2022 10:35:34.923 [0x7ff15b6a0b38] DEBUG - [HttpClient] HTTP/2.0 (0.2s) 200 response from GET https://plex.tv/api/v2/user?includeSubscriptions=1&includeProviders=1 (reused)
May 31, 2022 10:35:34.923 [0x7ff15b5fcb38] DEBUG - MyPlex: username is lorcopotia, login is lorcopotia@gmail.com, home is 0, no pin
May 31, 2022 10:35:34.924 [0x7ff15b029b38] DEBUG - HTTP requesting GET https://plex.tv/api/v2/geoip
May 31, 2022 10:35:35.000 [0x7ff15b6a0b38] DEBUG - [HttpClient] HTTP/2.0 (0.1s) 200 response from GET https://plex.tv/api/v2/geoip (reused)
May 31, 2022 10:35:35.001 [0x7ff15b647b38] DEBUG - HTTP requesting GET https://plex.tv/api/v2/server/webhooks?X-Plex-Token=xxxxxxxxxxxxxxxxxxxx
May 31, 2022 10:35:35.001 [0x7ff15b910b38] DEBUG - [EventSourceClient/pubsub/172.104.145.70:443] Resolving 172.104.145.70 port 443
May 31, 2022 10:35:35.001 [0x7ff15ad1ab38] DEBUG - [MediaProviderManager] HTTP requesting GET https://plex.tv/media/providers?X-Plex-Token=xxxxxxxxxxxxxxxxxxxx
May 31, 2022 10:35:35.001 [0x7ff15b910b38] DEBUG - [EventSourceClient/pubsub/172.104.145.70:443] Resolved 172.104.145.70 to 172.104.145.70:443
May 31, 2022 10:35:35.001 [0x7ff15b029b38] DEBUG - HTTP requesting GET https://plex.tv/api/v2/user/privacy?X-Plex-Token=xxxxxxxxxxxxxxxxxxxx
May 31, 2022 10:35:35.078 [0x7ff15b6a0b38] DEBUG - [HttpClient] HTTP/2.0 (0.1s) 200 response from GET https://plex.tv/api/v2/user/privacy?X-Plex-Token=xxxxxxxxxxxxxxxxxxxx (reused)
May 31, 2022 10:35:35.078 [0x7ff15af57b38] DEBUG - PublicAddressManager: Obtaining public address and mapping port.
May 31, 2022 10:35:35.078 [0x7ff15af57b38] DEBUG - [DatabaseFixups] Running fix-ups.
May 31, 2022 10:35:35.078 [0x7ff15acf7b38] DEBUG - DVR: Starting up.
May 31, 2022 10:35:35.079 [0x7ff15acf7b38] DEBUG - Activity: registered new activity f9e27837-40e7-4c88-a69d-7dd5649b7c05 - "Processing subscriptions"
May 31, 2022 10:35:35.079 [0x7ff15b029b38] DEBUG - HTTP requesting GET https://plex.tv/api/v2/release_channels?X-Plex-Token=xxxxxxxxxxxxxxxxxxxx
May 31, 2022 10:35:35.080 [0x7ff15af57b38] DEBUG - [DatabaseFixups] Destroyed 0 transient items.
May 31, 2022 10:35:35.081 [0x7ff15af57b38] DEBUG - [DatabaseFixups] Collections: Found 0 collections tags in section 1.
May 31, 2022 10:35:35.081 [0x7ff15af57b38] DEBUG - [DatabaseFixups] Collections: We had 0 collections in the library already.
May 31, 2022 10:35:35.081 [0x7ff15af57b38] DEBUG - [DatabaseFixups] Collections: Synced tags in section 1 in 0ms.
May 31, 2022 10:35:35.081 [0x7ff15af57b38] DEBUG - [DatabaseFixups] Collections: Refreshed attributes for 0 collections in section 1 in 0ms.
May 31, 2022 10:35:35.082 [0x7ff15af57b38] DEBUG - [DatabaseFixups] Collection: Refreshed visibility in section 1 in 0ms.
May 31, 2022 10:35:35.083 [0x7ff15af57b38] DEBUG - [DatabaseFixups] Collections: Refreshed attributes for 0 collections in section 1 in 1ms.
May 31, 2022 10:35:35.083 [0x7ff15b6a0b38] DEBUG - [HttpClient] HTTP/2.0 (0.1s) 200 response from GET https://plex.tv/media/providers?X-Plex-Token=xxxxxxxxxxxxxxxxxxxx (reused)
May 31, 2022 10:35:35.083 [0x7ff15af57b38] DEBUG - [DatabaseFixups] Collections: Found 0 collections tags in section 2.
May 31, 2022 10:35:35.083 [0x7ff15af57b38] DEBUG - [DatabaseFixups] Collections: We had 0 collections in the library already.
May 31, 2022 10:35:35.083 [0x7ff15af57b38] DEBUG - [DatabaseFixups] Collections: Synced tags in section 2 in 0ms.
May 31, 2022 10:35:35.083 [0x7ff15af57b38] DEBUG - [DatabaseFixups] Collections: Found 0 collections tags in section 2.
May 31, 2022 10:35:35.083 [0x7ff15ad1ab38] DEBUG - [MediaProviderManager] HTTP requesting GET https://plex.tv/media/providers?X-Plex-Token=xxxxxxxxxxxxxxxxxxxx
May 31, 2022 10:35:35.084 [0x7ff15af57b38] DEBUG - [DatabaseFixups] Collections: We had 0 collections in the library already.
May 31, 2022 10:35:35.084 [0x7ff15af57b38] DEBUG - [DatabaseFixups] Collections: Synced tags in section 2 in 0ms.
May 31, 2022 10:35:35.084 [0x7ff15af57b38] DEBUG - [DatabaseFixups] Collections: Found 0 collections tags in section 2.
May 31, 2022 10:35:35.084 [0x7ff15af57b38] DEBUG - [DatabaseFixups] Collections: We had 0 collections in the library already.
May 31, 2022 10:35:35.084 [0x7ff15af57b38] DEBUG - [DatabaseFixups] Collections: Synced tags in section 2 in 0ms.
May 31, 2022 10:35:35.084 [0x7ff15af57b38] DEBUG - [DatabaseFixups] Collections: Refreshed attributes for 0 collections in section 2 in 0ms.
May 31, 2022 10:35:35.084 [0x7ff15af57b38] DEBUG - [DatabaseFixups] Collection: Refreshed visibility in section 2 in 0ms.
May 31, 2022 10:35:35.086 [0x7ff15af57b38] DEBUG - [DatabaseFixups] Collections: Refreshed attributes for 0 collections in section 2 in 1ms.
May 31, 2022 10:35:35.087 [0x7ff15af57b38] DEBUG - [DatabaseFixups] Running database fix-ups completed in 0.0 seconds.
May 31, 2022 10:35:35.087 [0x7ff15af57b38] DEBUG - HTTP requesting GET https://plex.tv/api/v2/user/privacy?X-Plex-Token=xxxxxxxxxxxxxxxxxxxx
May 31, 2022 10:35:35.131 [0x7ff15b933b38] DEBUG - [EventSourceClient/pubsub/172.104.145.70:443] Connected in 129 ms.
May 31, 2022 10:35:35.131 [0x7ff15b933b38] DEBUG - [EventSourceClient/pubsub/172.104.145.70:443] Wrote data, reading reply.
May 31, 2022 10:35:35.155 [0x7ff15b6a0b38] DEBUG - [HttpClient] HTTP/2.0 (0.1s) 200 response from GET https://plex.tv/api/v2/release_channels?X-Plex-Token=xxxxxxxxxxxxxxxxxxxx (reused)
May 31, 2022 10:35:35.156 [0x7ff15b029b38] DEBUG - HTTP requesting GET https://plex.tv/api/v2/features?X-Plex-Token=xxxxxxxxxxxxxxxxxxxx
May 31, 2022 10:35:35.166 [0x7ff15b6a0b38] DEBUG - [HttpClient] HTTP/2.0 (0.1s) 200 response from GET https://plex.tv/api/v2/user/privacy?X-Plex-Token=xxxxxxxxxxxxxxxxxxxx (reused)
May 31, 2022 10:35:35.166 [0x7ff15af57b38] DEBUG - HTTP requesting GET https://plex.tv/api/v2/release_channels?X-Plex-Token=xxxxxxxxxxxxxxxxxxxx
May 31, 2022 10:35:35.168 [0x7ff15b6a0b38] DEBUG - [HttpClient] HTTP/2.0 (0.1s) 200 response from GET https://plex.tv/media/providers?X-Plex-Token=xxxxxxxxxxxxxxxxxxxx (reused)
May 31, 2022 10:35:35.168 [0x7ff15ad1ab38] DEBUG - [MediaProviderManager] discovered cloud provider (Movies & TV)
May 31, 2022 10:35:35.168 [0x7ff15ad1ab38] DEBUG - [MediaProviderManager] discovered cloud provider (Music)
May 31, 2022 10:35:35.168 [0x7ff15ad1ab38] DEBUG - [MediaProviderManager] discovered cloud provider (Metadata)
May 31, 2022 10:35:35.168 [0x7ff15ad1ab38] DEBUG - [MediaProviderManager] loading cloud provider details (Metadata) (alive: 1)
May 31, 2022 10:35:35.168 [0x7ff15ad1ab38] DEBUG - [MediaProviderManager] loading cloud provider details (Music) (alive: 1)
May 31, 2022 10:35:35.168 [0x7ff15ad1ab38] DEBUG - [MediaProviderManager] loading cloud provider details (Movies & TV) (alive: 1)
May 31, 2022 10:35:35.168 [0x7ff15ad1ab38] DEBUG - [MediaProviderManager] we had 3 cloud providers online, we now have 3
May 31, 2022 10:35:35.168 [0x7ff15ad1ab38] DEBUG - [MediaProviderManager] cloud provider (Metadata) is online and available
May 31, 2022 10:35:35.168 [0x7ff15ad1ab38] DEBUG - [MediaProviderManager] cloud provider (Music) is online and available
May 31, 2022 10:35:35.168 [0x7ff15ad1ab38] DEBUG - [MediaProviderManager] cloud provider (Movies & TV) is online and available
May 31, 2022 10:35:35.213 [0x7ff15b6a0b38] DEBUG - [HttpClient] HTTP/2.0 (0.2s) 200 response from GET https://plex.tv/api/v2/server/webhooks?X-Plex-Token=xxxxxxxxxxxxxxxxxxxx (reused)
May 31, 2022 10:35:35.247 [0x7ff15b6a0b38] DEBUG - [HttpClient] HTTP/2.0 (0.1s) 200 response from GET https://plex.tv/api/v2/release_channels?X-Plex-Token=xxxxxxxxxxxxxxxxxxxx (reused)
May 31, 2022 10:35:35.247 [0x7ff15af57b38] DEBUG - HTTP requesting GET https://plex.tv/api/v2/features?X-Plex-Token=xxxxxxxxxxxxxxxxxxxx
May 31, 2022 10:35:35.266 [0x7ff15aea4b38] DEBUG - Request: [127.0.0.1:59482 (Loopback)] GET /system/messaging/clear_events/com.plexapp.agents.imdb (2 live) GZIP Signed-in Token (lorcopotia)
May 31, 2022 10:35:35.266 [0x7ff15aea4b38] DEBUG - [com.plexapp.system] Sending command over HTTP (GET): /system/messaging/clear_events/com.plexapp.agents.imdb
May 31, 2022 10:35:35.266 [0x7ff15aea4b38] DEBUG - HTTP requesting GET http://127.0.0.1:35431/system/messaging/clear_events/com.plexapp.agents.imdb
May 31, 2022 10:35:35.282 [0x7ff15b6a0b38] DEBUG - [HttpClient] HTTP/1.1 (0.0s) 200 response from GET http://127.0.0.1:35431/system/messaging/clear_events/com.plexapp.agents.imdb (reused)
May 31, 2022 10:35:35.282 [0x7ff15aea4b38] DEBUG - [com.plexapp.system] HTTP reply status 200, with 0 bytes of content.
May 31, 2022 10:35:35.283 [0x7ff15b933b38] DEBUG - Completed: [127.0.0.1:59482] 200 GET /system/messaging/clear_events/com.plexapp.agents.imdb (2 live) GZIP 16ms 280 bytes
May 31, 2022 10:35:35.283 [0x7ff15b910b38] DEBUG - [EventSourceClient/pubsub/172.104.145.70:443] Read HTTP reply header.
May 31, 2022 10:35:35.283 [0x7ff15b910b38] DEBUG - [EventSourceClient/pubsub/172.104.145.70:443] MyPlex: We appear to have regained Internet connectivity.
May 31, 2022 10:35:35.286 [0x7ff15b910b38] DEBUG - [EventSourceClient/pubsub/172.104.145.70:443] PublicAddressManager: Obtaining public address and mapping port.
May 31, 2022 10:35:35.286 [0x7ff15b910b38] DEBUG - [EventSourceClient/pubsub/172.104.145.70:443] MyPlex: async reachability check - current mapped state: 'Not Mapped'.
May 31, 2022 10:35:35.286 [0x7ff15b910b38] WARN - [EventSourceClient/pubsub/172.104.145.70:443] MyPlex: attempted a reachability check but we're not yet mapped.
May 31, 2022 10:35:35.286 [0x7ff15b910b38] DEBUG - [EventSourceClient/pubsub/172.104.145.70:443] Successfully connected to 172.104.145.70.
May 31, 2022 10:35:35.301 [0x7ff15b6a0b38] DEBUG - [HttpClient] HTTP/2.0 (0.1s) 200 response from GET https://plex.tv/api/v2/features?X-Plex-Token=xxxxxxxxxxxxxxxxxxxx (reused)
May 31, 2022 10:35:35.301 [0x7ff15b029b38] DEBUG - Sync: onMyPlexSignIn
May 31, 2022 10:35:35.301 [0x7ff15b029b38] WARN - Sync: Couldn't get sync lists without subscription.
May 31, 2022 10:35:35.302 [0x7ff15b029b38] DEBUG - CERT: Certificate will not expire soon; we'll check again in a week.
May 31, 2022 10:35:35.302 [0x7ff15c336b38] DEBUG - MyPlex: sendMapping resetting state - previous mapping state: 'Not Mapped'.
May 31, 2022 10:35:35.302 [0x7ff15c336b38] DEBUG - MyPlex: mapping state set to 'Unknown'.
May 31, 2022 10:35:35.302 [0x7ff15b029b38] DEBUG - MyPlex: Updating device connections (from timer: 0)
May 31, 2022 10:35:35.302 [0x7ff15b029b38] DEBUG - HTTP requesting PUT https://plex.tv/devices/dbd9c2e32441c70567056067e2845ee0d7d58b06?Connection[][uri]=http://172.18.0.2:32400&httpsEnabled=1&httpsRequired=0&dnsRebindingProtection=0&X-Plex-Token=xxxxxxxxxxxxxxxxxxxx
May 31, 2022 10:35:35.303 [0x7ff15c336b38] DEBUG - MyPlex: Sending Server Info to myPlex (user=lorcopotia@gmail.com, ip=, port=0)
May 31, 2022 10:35:35.303 [0x7ff15c336b38] DEBUG - HTTP requesting POST https://plex.tv/servers.xml?auth_token=xxxxxxxxxxxxxxxxxxxx
May 31, 2022 10:35:35.354 [0x7ff15aeeab38] DEBUG - Request: [127.0.0.1:59490 (Loopback)] GET /:/plugins/com.plexapp.system/resourceHashes (2 live) GZIP Signed-in Token (lorcopotia)
May 31, 2022 10:35:35.354 [0x7ff15aeeab38] DEBUG - [com.plexapp.system] Sending command over HTTP (GET): /:/plugins/com.plexapp.system/resourceHashes
May 31, 2022 10:35:35.354 [0x7ff15aeeab38] DEBUG - HTTP requesting GET http://127.0.0.1:35431/:/plugins/com.plexapp.system/resourceHashes
May 31, 2022 10:35:35.375 [0x7ff15b6a0b38] DEBUG - [HttpClient] HTTP/2.0 (0.1s) 200 response from GET https://plex.tv/api/v2/features?X-Plex-Token=xxxxxxxxxxxxxxxxxxxx (reused)
May 31, 2022 10:35:35.387 [0x7ff15b6a0b38] DEBUG - [HttpClient] HTTP/2.0 (0.1s) 200 response from PUT https://plex.tv/devices/dbd9c2e32441c70567056067e2845ee0d7d58b06?Connection[][uri]=http://172.18.0.2:32400&httpsEnabled=1&httpsRequired=0&dnsRebindingProtection=0&X-Plex-Token=xxxxxxxxxxxxxxxxxxxx (reused)
May 31, 2022 10:35:35.420 [0x7ff15b6a0b38] DEBUG - [HttpClient] HTTP/2.0 (0.1s) 422 response from POST https://plex.tv/servers.xml?auth_token=xxxxxxxxxxxxxxxxxxxx (reused)
May 31, 2022 10:35:35.420 [0x7ff15c336b38] DEBUG - MyPlex: Published Mapping State response was 422
May 31, 2022 10:35:35.420 [0x7ff15c336b38] DEBUG - MyPlex: Got response for dbd9c2e32441c70567056067e2845ee0d7d58b06 ~ registered :0
May 31, 2022 10:35:35.420 [0x7ff15c336b38] DEBUG - MyPlex: updating mapped state - current state: 'Not Mapped'
May 31, 2022 10:35:35.420 [0x7ff15c336b38] DEBUG - MyPlex: mapping state set to 'Not Mapped'.
May 31, 2022 10:35:35.426 [0x7ff15ac8eb38] DEBUG - [JobRunner] Job running: /usr/lib/plexmediaserver/CrashUploader "--directory=/config/Library/Application Support/Plex Media Server/Crash Reports/1.26.2.5797-5bd057d2b" --version=1.26.2.5797-5bd057d2b --platform=Linux --platformVersion=5.15.41-1-MANJARO --serverUuid=dbd9c2e32441c70567056067e2845ee0d7d58b06 --userId=lorcopotia@gmail.com --sentryUrl=https://sentry.io/api/1233455/minidump --sentryKey=xxxxxxxxxxxxxxxxxxxxxxxxxxxxxxxx --vendor=Docker --model=x86_64 "--device=Docker Container (LinuxServer.io)" --allowRetries=0
May 31, 2022 10:35:35.426 [0x7ff15ac8eb38] DEBUG - [JobRunner] Jobs: Starting child process with pid 493
May 31, 2022 10:35:35.436 [0x7ff15ca01b38] DEBUG - Jobs: '/usr/lib/plexmediaserver/CrashUploader' exit code for process 493 is 0 (success)
May 31, 2022 10:35:35.491 [0x7ff15b6a0b38] DEBUG - [HttpClient] HTTP/1.1 (0.1s) 404 response from GET http://127.0.0.1:35431/:/plugins/com.plexapp.system/resourceHashes
May 31, 2022 10:35:35.491 [0x7ff15aeeab38] DEBUG - [com.plexapp.system] HTTP reply status 404, with 0 bytes of content.
May 31, 2022 10:35:35.491 [0x7ff15b910b38] DEBUG - Completed: [127.0.0.1:59490] 404 GET /:/plugins/com.plexapp.system/resourceHashes (2 live) GZIP 136ms 261 bytes
May 31, 2022 10:35:35.500 [0x7ff15aec7b38] DEBUG - Request: [127.0.0.1:59500 (Loopback)] GET / (3 live) GZIP Signed-in Token (lorcopotia)
May 31, 2022 10:35:35.500 [0x7ff15aea4b38] DEBUG - Request: [127.0.0.1:59504 (Loopback)] GET /:/plugins/com.plexapp.system/messaging/function/X0J1bmRsZVNlcnZpY2U6QWxsU2VydmljZXM_/Y2VyZWFsMQoxCmxpc3QKMApyMAo_/Y2VyZWFsMQoxCmRpY3QKMApyMAo_ (3 live) GZIP Signed-in Token (lorcopotia)
May 31, 2022 10:35:35.501 [0x7ff15aea4b38] DEBUG - [com.plexapp.system] Sending command over HTTP (GET): /:/plugins/com.plexapp.system/messaging/function/X0J1bmRsZVNlcnZpY2U6QWxsU2VydmljZXM_/Y2VyZWFsMQoxCmxpc3QKMApyMAo_/Y2VyZWFsMQoxCmRpY3QKMApyMAo_
May 31, 2022 10:35:35.501 [0x7ff15aea4b38] DEBUG - HTTP requesting GET http://127.0.0.1:35431/:/plugins/com.plexapp.system/messaging/function/X0J1bmRsZVNlcnZpY2U6QWxsU2VydmljZXM_/Y2VyZWFsMQoxCmxpc3QKMApyMAo_/Y2VyZWFsMQoxCmRpY3QKMApyMAo_
May 31, 2022 10:35:35.501 [0x7ff15b910b38] DEBUG - Completed: [127.0.0.1:59500] 200 GET / (3 live) GZIP 1ms 3271 bytes
May 31, 2022 10:35:35.504 [0x7ff15b6a0b38] DEBUG - [HttpClient] HTTP/1.1 (0.0s) 200 response from GET http://127.0.0.1:35431/:/plugins/com.plexapp.system/messaging/function/X0J1bmRsZVNlcnZpY2U6QWxsU2VydmljZXM_/Y2VyZWFsMQoxCmxpc3QKMApyMAo_/Y2VyZWFsMQoxCmRpY3QKMApyMAo_
May 31, 2022 10:35:35.504 [0x7ff15aea4b38] DEBUG - [com.plexapp.system] HTTP reply status 200, with 516 bytes of content.
May 31, 2022 10:35:35.505 [0x7ff15b933b38] DEBUG - Completed: [127.0.0.1:59504] 200 GET /:/plugins/com.plexapp.system/messaging/function/X0J1bmRsZVNlcnZpY2U6QWxsU2VydmljZXM_/Y2VyZWFsMQoxCmxpc3QKMApyMAo_/Y2VyZWFsMQoxCmRpY3QKMApyMAo_ (2 live) GZIP 4ms 746 bytes
May 31, 2022 10:35:35.935 [0x7ff15aeeab38] DEBUG - Request: [127.0.0.1:59514 (Loopback)] GET /:/plugins/com.plexapp.system/messaging/function/X0FnZW50U2VydmljZTpVcGRhdGVJbmZv/Y2VyZWFsMQoxCmxpc3QKMApyMAo_/Y2VyZWFsMQo3CmRpY3QKbGlzdApkaWN0Cmxpc3QKbGlzdApsaXN0Cmxpc3QKMgpzMjMKY29tLnBsZXhhcHAuYWdlbnRzLmltZGJzMTAKaWRlbnRpZmllcnIxCnMxMAphZ2VudF9pbmZvMQpyMgoxMApyMwpzMTEKbWVkaWFfdHlwZXNyNApzMTIKYWNjZXB0c19mcm9tbnMxNApmYWxsYmFja19hZ2VudHI1CnMxNApjb250cmlidXRlc190b3I2CnM5Cmxhbmd1YWdlc2IxczIwCnBlcnNpc3Rfc3RvcmVkX2ZpbGVzaTAKczcKdmVyc2lvbmIxczE2CnByaW1hcnlfcHJvdmlkZXJiMXM1CnByZWZzczEwClBsZXggTW92aWVzNApuYW1lMQpzNQpNb3ZpZTEKczI5CmNvbS5wbGV4YXBwLmFnZW50cy5sb2NhbG1lZGlhMQpzMjkKY29tLnBsZXhhcHAuYWdlbnRzLnRoZW1vdmllZGIzMwpzMgplbnMyCnN2czIKZnJzMgplc3MyCm5sczIKZGVzMgppdHMyCmRhczIKYXJzMgpjYXMyCnpoczIKY3NzMgpldHMyCmZpczIKZWxzMgpoZXMyCmhpczIKaHVzMgppZHMyCmphczIKa29zMgpsdnMyCm5vczIKZmFzMgpwbHMyCnB0czIKcm9zMgpydXMyCnNrczIKdGhzMgp0cnMyCnVrczIKdmlyMAo_ (2 live) GZIP Signed-in Token (lorcopotia)
May 31, 2022 10:35:35.935 [0x7ff15aeeab38] DEBUG - [com.plexapp.system] Sending command over HTTP (GET): /:/plugins/com.plexapp.system/messaging/function/X0FnZW50U2VydmljZTpVcGRhdGVJbmZv/Y2VyZWFsMQoxCmxpc3QKMApyMAo_/Y2VyZWFsMQo3CmRpY3QKbGlzdApkaWN0Cmxpc3QKbGlzdApsaXN0Cmxpc3QKMgpzMjMKY29tLnBsZXhhcHAuYWdlbnRzLmltZGJzMTAKaWRlbnRpZmllcnIxCnMxMAphZ2VudF9pbmZvMQpyMgoxMApyMwpzMTEKbWVkaWFfdHlwZXNyNApzMTIKYWNjZXB0c19mcm9tbnMxNApmYWxsYmFja19hZ2VudHI1CnMxNApjb250cmlidXRlc190b3I2CnM5Cmxhbmd1YWdlc2IxczIwCnBlcnNpc3Rfc3RvcmVkX2ZpbGVzaTAKczcKdmVyc2lvbmIxczE2CnByaW1hcnlfcHJvdmlkZXJiMXM1CnByZWZzczEwClBsZXggTW92aWVzNApuYW1lMQpzNQpNb3ZpZTEKczI5CmNvbS5wbGV4YXBwLmFnZW50cy5sb2NhbG1lZGlhMQpzMjkKY29tLnBsZXhhcHAuYWdlbnRzLnRoZW1vdmllZGIzMwpzMgplbnMyCnN2czIKZnJzMgplc3MyCm5sczIKZGVzMgppdHMyCmRhczIKYXJzMgpjYXMyCnpoczIKY3NzMgpldHMyCmZpczIKZWxzMgpoZXMyCmhpczIKaHVzMgppZHMyCmphczIKa29zMgpsdnMyCm5vczIKZmFzMgpwbHMyCnB0czIKcm9zMgpydXMyCnNrczIKdGhzMgp0cnMyCnVrczIKdmlyMAo_
May 31, 2022 10:35:35.935 [0x7ff15aeeab38] DEBUG - HTTP requesting GET http://127.0.0.1:35431/:/plugins/com.plexapp.system/messaging/function/X0FnZW50U2VydmljZTpVcGRhdGVJbmZv/Y2VyZWFsMQoxCmxpc3QKMApyMAo_/Y2VyZWFsMQo3CmRpY3QKbGlzdApkaWN0Cmxpc3QKbGlzdApsaXN0Cmxpc3QKMgpzMjMKY29tLnBsZXhhcHAuYWdlbnRzLmltZGJzMTAKaWRlbnRpZmllcnIxCnMxMAphZ2VudF9pbmZvMQpyMgoxMApyMwpzMTEKbWVkaWFfdHlwZXNyNApzMTIKYWNjZXB0c19mcm9tbnMxNApmYWxsYmFja19hZ2VudHI1CnMxNApjb250cmlidXRlc190b3I2CnM5Cmxhbmd1YWdlc2IxczIwCnBlcnNpc3Rfc3RvcmVkX2ZpbGVzaTAKczcKdmVyc2lvbmIxczE2CnByaW1hcnlfcHJvdmlkZXJiMXM1CnByZWZzczEwClBsZXggTW92aWVzNApuYW1lMQpzNQpNb3ZpZTEKczI5CmNvbS5wbGV4YXBwLmFnZW50cy5sb2NhbG1lZGlhMQpzMjkKY29tLnBsZXhhcHAuYWdlbnRzLnRoZW1vdmllZGIzMwpzMgplbnMyCnN2czIKZnJzMgplc3MyCm5sczIKZGVzMgppdHMyCmRhczIKYXJzMgpjYXMyCnpoczIKY3NzMgpldHMyCmZpczIKZWxzMgpoZXMyCmhpczIKaHVzMgppZHMyCmphczIKa29zMgpsdnMyCm5vczIKZmFzMgpwbHMyCnB0czIKcm9zMgpydXMyCnNrczIKdGhzMgp0cnMyCnVrczIKdmlyMAo_
May 31, 2022 10:35:35.938 [0x7ff15b6a0b38] DEBUG - [HttpClient] HTTP/1.1 (0.0s) 200 response from GET http://127.0.0.1:35431/:/plugins/com.plexapp.system/messaging/function/X0FnZW50U2VydmljZTpVcGRhdGVJbmZv/Y2VyZWFsMQoxCmxpc3QKMApyMAo_/Y2VyZWFsMQo3CmRpY3QKbGlzdApkaWN0Cmxpc3QKbGlzdApsaXN0Cmxpc3QKMgpzMjMKY29tLnBsZXhhcHAuYWdlbnRzLmltZGJzMTAKaWRlbnRpZmllcnIxCnMxMAphZ2VudF9pbmZvMQpyMgoxMApyMwpzMTEKbWVkaWFfdHlwZXNyNApzMTIKYWNjZXB0c19mcm9tbnMxNApmYWxsYmFja19hZ2VudHI1CnMxNApjb250cmlidXRlc190b3I2CnM5Cmxhbmd1YWdlc2IxczIwCnBlcnNpc3Rfc3RvcmVkX2ZpbGVzaTAKczcKdmVyc2lvbmIxczE2CnByaW1hcnlfcHJvdmlkZXJiMXM1CnByZWZzczEwClBsZXggTW92aWVzNApuYW1lMQpzNQpNb3ZpZTEKczI5CmNvbS5wbGV4YXBwLmFnZW50cy5sb2NhbG1lZGlhMQpzMjkKY29tLnBsZXhhcHAuYWdlbnRzLnRoZW1vdmllZGIzMwpzMgplbnMyCnN2czIKZnJzMgplc3MyCm5sczIKZGVzMgppdHMyCmRhczIKYXJzMgpjYXMyCnpoczIKY3NzMgpldHMyCmZpczIKZWxzMgpoZXMyCmhpczIKaHVzMgppZHMyCmphczIKa29zMgpsdnMyCm5vczIKZmFzMgpwbHMyCnB0czIKcm9zMgpydXMyCnNrczIKdGhzMgp0cnMyCnVrczIKdmlyMAo_
May 31, 2022 10:35:35.938 [0x7ff15aeeab38] DEBUG - [com.plexapp.system] HTTP reply status 200, with 16 bytes of content.
May 31, 2022 10:35:35.938 [0x7ff15b933b38] DEBUG - Completed: [127.0.0.1:59514] 200 GET /:/plugins/com.plexapp.system/messaging/function/X0FnZW50U2VydmljZTpVcGRhdGVJbmZv/Y2VyZWFsMQoxCmxpc3QKMApyMAo_/Y2VyZWFsMQo3CmRpY3QKbGlzdApkaWN0Cmxpc3QKbGlzdApsaXN0Cmxpc3QKMgpzMjMKY29tLnBsZXhhcHAuYWdlbnRzLmltZGJzMTAKaWRlbnRpZmllcnIxCnMxMAphZ2VudF9pbmZvMQpyMgoxMApyMwpzMTEKbWVkaWFfdHlwZXNyNApzMTIKYWNjZXB0c19mcm9tbnMxNApmYWxsYmFja19hZ2VudHI1CnMxNApjb250cmlidXRlc190b3I2CnM5Cmxhbmd1YWdlc2IxczIwCnBlcnNpc3Rfc3RvcmVkX2ZpbGVzaTAKczcKdmVyc2lvbmIxczE2CnByaW1hcnlfcHJvdmlkZXJiMXM1CnByZWZzczEwClBsZXggTW92aWVzNApuYW1lMQpzNQpNb3ZpZTEKczI5CmNvbS5wbGV4YXBwLmFnZW50cy5sb2NhbG1lZGlhMQpzMjkKY29tLnBsZXhhcHAuYWdlbnRzLnRoZW1vdmllZGIzMwpzMgplbnMyCnN2czIKZnJzMgplc3MyCm5sczIKZGVzMgppdHMyCmRhczIKYXJzMgpjYXMyCnpoczIKY3NzMgpldHMyCmZpczIKZWxzMgpoZXMyCmhpczIKaHVzMgppZHMyCmphczIKa29zMgpsdnMyCm5vczIKZmFzMgpwbHMyCnB0czIKcm9zMgpydXMyCnNrczIKdGhzMgp0cnMyCnVrczIKdmlyMAo_ (2 live) GZIP 3ms 415 bytes
May 31, 2022 10:35:35.941 [0x7ff15ab99b38] DEBUG - Reading 148 bytes in the body, code is 200
May 31, 2022 10:35:35.941 [0x7ff15ab99b38] DEBUG - [com.plexapp.agents.imdb] Plug-in running on port 40999.
May 31, 2022 10:35:35.941 [0x7ff15ab99b38] DEBUG - Read configuration for [com.plexapp.agents.imdb], had 0 prefixes
May 31, 2022 10:35:35.941 [0x7ff15ab99b38] DEBUG - [com.plexapp.agents.imdb] Sending command over HTTP (GET): /:/plugins/com.plexapp.agents.imdb/prefs
May 31, 2022 10:35:35.941 [0x7ff15ab99b38] DEBUG - HTTP requesting GET http://127.0.0.1:40999/:/plugins/com.plexapp.agents.imdb/prefs
May 31, 2022 10:35:35.959 [0x7ff15b6a0b38] DEBUG - [HttpClient] HTTP/1.1 (0.0s) 200 response from GET http://127.0.0.1:40999/:/plugins/com.plexapp.agents.imdb/prefs
May 31, 2022 10:35:35.959 [0x7ff15ab99b38] DEBUG - [com.plexapp.agents.imdb] HTTP reply status 200, with 2224 bytes of content.
May 31, 2022 10:35:35.959 [0x7ff15ab99b38] DEBUG - Caching document http://127.0.0.1:32400/:/plugins/com.plexapp.agents.imdb/prefs as dc743df183ad73e9c8764c8295723e397c6fc92a
May 31, 2022 10:35:35.959 [0x7ff15ab99b38] DEBUG - IVA: Downloading trailer lists.
May 31, 2022 10:35:36.146 [0x7ff15ab99b38] DEBUG - IVA: Downloaded 52 trailers for source 1.
May 31, 2022 10:35:36.207 [0x7ff15ab99b38] DEBUG - IVA: Downloaded 22 trailers for source 2.
May 31, 2022 10:35:39.739 [0x7ff15afc0b38] DEBUG - NetworkServiceBrowser: SERVER arrived: 127.0.0.1 (NEXUS)
May 31, 2022 10:35:39.739 [0x7ff15afc0b38] DEBUG - Notifying the system bundle an update to server /system/notify/serverUpdated?host=127.0.0.1
May 31, 2022 10:35:39.739 [0x7ff15afc0b38] DEBUG - [com.plexapp.system] Sending command over HTTP (GET): /system/notify/serverUpdated?host=127.0.0.1
May 31, 2022 10:35:39.739 [0x7ff15afc0b38] DEBUG - HTTP requesting GET http://127.0.0.1:35431/system/notify/serverUpdated?host=127.0.0.1
May 31, 2022 10:35:39.742 [0x7ff15aeeab38] DEBUG - Request: [127.0.0.1:52572 (Loopback)] GET /servers (2 live) GZIP Signed-in Token (lorcopotia)
May 31, 2022 10:35:39.743 [0x7ff15b933b38] DEBUG - Completed: [127.0.0.1:52572] 200 GET /servers (2 live) GZIP 0ms 486 bytes
May 31, 2022 10:35:39.745 [0x7ff15aec7b38] DEBUG - Request: [127.0.0.1:52578 (Loopback)] GET /library/sections (2 live) GZIP Signed-in Token (lorcopotia)
May 31, 2022 10:35:39.746 [0x7ff15b933b38] DEBUG - Completed: [127.0.0.1:52578] 200 GET /library/sections (2 live) GZIP 0ms 765 bytes
May 31, 2022 10:35:39.747 [0x7ff15aea4b38] DEBUG - Request: [127.0.0.1:52592 (Loopback)] GET /channels/all (2 live) GZIP Signed-in Token (lorcopotia)
May 31, 2022 10:35:39.747 [0x7ff15b933b38] DEBUG - Completed: [127.0.0.1:52592] 200 GET /channels/all (2 live) GZIP 0ms 387 bytes
May 31, 2022 10:35:39.748 [0x7ff15b6a0b38] DEBUG - [HttpClient] HTTP/1.1 (0.0s) 200 response from GET http://127.0.0.1:35431/system/notify/serverUpdated?host=127.0.0.1
May 31, 2022 10:35:39.749 [0x7ff15afc0b38] DEBUG - [com.plexapp.system] HTTP reply status 200, with 0 bytes of content.
May 31, 2022 10:35:40.002 [0x7ff15acd4b38] DEBUG - [PubsubServerManager/process] HTTP requesting GET https://plex.tv/services/pubsub/servers
May 31, 2022 10:35:40.199 [0x7ff15b6a0b38] DEBUG - [HttpClient] HTTP/2.0 (0.2s) 200 response from GET https://plex.tv/services/pubsub/servers
May 31, 2022 10:35:41.122 [0x7ff15acd4b38] DEBUG - [PubsubServerManager/process] Time to connect to 172.104.132.7 was 98 ms.
May 31, 2022 10:35:41.122 [0x7ff15acd4b38] DEBUG - [PubsubServerManager/process] Time to connect to 139.162.219.82 was 103 ms.
May 31, 2022 10:35:41.122 [0x7ff15acd4b38] DEBUG - [PubsubServerManager/process] Time to connect to 172.104.145.70 was 129 ms.
May 31, 2022 10:35:41.122 [0x7ff15acd4b38] DEBUG - [PubsubServerManager/process] Time to connect to 45.79.128.184 was 326 ms.
May 31, 2022 10:35:41.122 [0x7ff15acd4b38] DEBUG - [PubsubServerManager/process] Time to connect to 172.105.96.32 was 333 ms.
May 31, 2022 10:35:41.122 [0x7ff15acd4b38] DEBUG - [PubsubServerManager/process] Time to connect to 45.79.211.188 was 389 ms.
May 31, 2022 10:35:41.122 [0x7ff15acd4b38] DEBUG - [PubsubServerManager/process] Time to connect to 45.79.23.169 was 428 ms.
May 31, 2022 10:35:41.122 [0x7ff15acd4b38] DEBUG - [PubsubServerManager/process] Time to connect to 184.105.148.113 was 476 ms.
May 31, 2022 10:35:41.122 [0x7ff15acd4b38] DEBUG - [PubsubServerManager/process] Time to connect to 139.162.20.120 was 666 ms.
May 31, 2022 10:35:41.122 [0x7ff15acd4b38] DEBUG - [PubsubServerManager/process] Time to connect to 139.162.120.52 was 922 ms.
May 31, 2022 10:35:41.123 [0x7ff15acd4b38] DEBUG - [PubsubServerManager/process] Updating best ping time for 172.104.145.70 to 129 ms.
May 31, 2022 10:35:43.544 [0x7ff15ac6bb38] DEBUG - DVR:Device: Discovering and refreshing all devices.
May 31, 2022 10:35:43.544 [0x7ff15ac6bb38] DEBUG - Grabber: HDHomerun discovered 0 compatible devices.
May 31, 2022 10:35:43.544 [0x7ff15ac6bb38] DEBUG - HTTP requesting POST http://127.0.0.1:32600/devices/discover
May 31, 2022 10:35:45.002 [0x7ff15acf7b38] DEBUG - HTTP requesting GET https://plex.tv/api/resources.xml?includeHttps=1&includeRelay=1&auth_token=xxxxxxxxxxxxxxxxxxxx
May 31, 2022 10:35:45.081 [0x7ff15acd4b38] DEBUG - Grabber: Cleaning up orphaned grabs.
May 31, 2022 10:35:45.081 [0x7ff15acd4b38] DEBUG - Grabber: Cleaned up 0 decrepit directories in 0.0 sec.
May 31, 2022 10:35:45.081 [0x7ff15acd4b38] DEBUG - Activity: registered new activity cc17ebd9-d1b4-45aa-b08b-5d4b8b6fd7d4 - "Processing subscriptions"
May 31, 2022 10:35:45.081 [0x7ff15acd4b38] DEBUG - Subscription: Scheduling subscriptions.
May 31, 2022 10:35:45.082 [0x7ff15acd4b38] DEBUG - Subscription: Initialized 0 schedulers.
May 31, 2022 10:35:45.082 [0x7ff15acd4b38] DEBUG - Subscription: Starting with 0 grabs, scheduled 0 active ones preemptively.
May 31, 2022 10:35:45.082 [0x7ff15acd4b38] DEBUG - Subscription: Scheduled all subscriptions in 0 ms.
May 31, 2022 10:35:45.082 [0x7ff15acd4b38] DEBUG - Activity: Ended activity cc17ebd9-d1b4-45aa-b08b-5d4b8b6fd7d4.
May 31, 2022 10:35:45.082 [0x7ff15acd4b38] DEBUG - Subscription: There are 0 active grabs at the end.
May 31, 2022 10:35:45.082 [0x7ff15acd4b38] DEBUG - Activity: Ended activity f9e27837-40e7-4c88-a69d-7dd5649b7c05.
May 31, 2022 10:35:45.082 [0x7ff15acd4b38] DEBUG - Subscription: Refreshed all content in 1 ms.
May 31, 2022 10:35:45.168 [0x7ff15b6a0b38] DEBUG - [HttpClient] HTTP/2.0 (0.2s) 200 response from GET https://plex.tv/api/resources.xml?includeHttps=1&includeRelay=1&auth_token=xxxxxxxxxxxxxxxxxxxx (reused)
May 31, 2022 10:35:45.168 [0x7ff15ada6b38] DEBUG - Connection Tester: Testing the server pandora with 0 URLs.
May 31, 2022 10:35:45.169 [0x7ff15ad83b38] DEBUG - Connection Tester: Testing the server PANDORA with 3 URLs.
May 31, 2022 10:35:45.169 [0x7ff15ad3db38] DEBUG - HTTP requesting GET https://192-168-1-50.487b79c9a77c4112b88cbb86b7d8fdc3.plex.direct:32400
May 31, 2022 10:35:45.169 [0x7ff15acb1b38] DEBUG - HTTP requesting GET https://192-168-1-140.487b79c9a77c4112b88cbb86b7d8fdc3.plex.direct:32400
May 31, 2022 10:35:45.169 [0x7ff15ac48b38] DEBUG - HTTP requesting GET https://86-127-242-104.487b79c9a77c4112b88cbb86b7d8fdc3.plex.direct:32400
May 31, 2022 10:35:45.236 [0x7ff15b6a0b38] DEBUG - [HttpClient] HTTP/1.1 (0.1s) 200 response from GET https://86-127-242-104.487b79c9a77c4112b88cbb86b7d8fdc3.plex.direct:32400
May 31, 2022 10:35:45.236 [0x7ff15ad83b38] DEBUG - Connection Tester: Successfully tested media server PANDORA to be at https://86-127-242-104.487b79c9a77c4112b88cbb86b7d8fdc3.plex.direct:32400 in 67 ms.
May 31, 2022 10:35:45.236 [0x7ff15b910b38] DEBUG - [EventSourceClient/mediaserver/86-127-242-104.487b79c9a77c4112b88cbb86b7d8fdc3.plex.direct:32400] Resolving 86-127-242-104.487b79c9a77c4112b88cbb86b7d8fdc3.plex.direct port 32400
May 31, 2022 10:35:45.236 [0x7ff15ad83b38] DEBUG - HTTP requesting GET https://86-127-242-104.487b79c9a77c4112b88cbb86b7d8fdc3.plex.direct:32400/media/providers
May 31, 2022 10:35:45.258 [0x7ff15b6a0b38] DEBUG - [HttpClient] HTTP/1.1 (0.0s) 200 response from GET https://86-127-242-104.487b79c9a77c4112b88cbb86b7d8fdc3.plex.direct:32400/media/providers (reused)
May 31, 2022 10:35:45.258 [0x7ff15ad83b38] ERROR - Unknown metadata type: 
May 31, 2022 10:35:45.258 [0x7ff15ad83b38] DEBUG - Connection Tester: The server PANDORA is a valid media provider.
May 31, 2022 10:35:45.258 [0x7ff15ad83b38] DEBUG - HTTP requesting GET https://86-127-242-104.487b79c9a77c4112b88cbb86b7d8fdc3.plex.direct:32400/security/token?type=delegation&scope=all&X-Plex-Token=xxxxxxxxxxxxxxxxxxxx
May 31, 2022 10:35:45.279 [0x7ff15b6a0b38] DEBUG - [HttpClient] HTTP/1.1 (0.0s) 200 response from GET https://86-127-242-104.487b79c9a77c4112b88cbb86b7d8fdc3.plex.direct:32400/security/token?type=delegation&scope=all&X-Plex-Token=xxxxxxxxxxxxxxxxxxxx (reused)
May 31, 2022 10:35:45.586 [0x7ff15b910b38] DEBUG - [EventSourceClient/mediaserver/86-127-242-104.487b79c9a77c4112b88cbb86b7d8fdc3.plex.direct:32400] Resolved 86-127-242-104.487b79c9a77c4112b88cbb86b7d8fdc3.plex.direct to 86.127.242.104:32400
May 31, 2022 10:35:45.667 [0x7ff15b910b38] DEBUG - [EventSourceClient/mediaserver/86-127-242-104.487b79c9a77c4112b88cbb86b7d8fdc3.plex.direct:32400] Connected in 80 ms.
May 31, 2022 10:35:45.667 [0x7ff15b910b38] DEBUG - [EventSourceClient/mediaserver/86-127-242-104.487b79c9a77c4112b88cbb86b7d8fdc3.plex.direct:32400] Wrote data, reading reply.
May 31, 2022 10:35:45.745 [0x7ff15b910b38] DEBUG - [EventSourceClient/mediaserver/86-127-242-104.487b79c9a77c4112b88cbb86b7d8fdc3.plex.direct:32400] Read HTTP reply header.
May 31, 2022 10:35:45.745 [0x7ff15b910b38] DEBUG - [EventSourceClient/mediaserver/86-127-242-104.487b79c9a77c4112b88cbb86b7d8fdc3.plex.direct:32400] Successfully connected to 86-127-242-104.487b79c9a77c4112b88cbb86b7d8fdc3.plex.direct.
May 31, 2022 10:35:45.983 [0x7ff15b6a0b38] DEBUG - [HttpClient] HTTP/1.1 (2.4s) 200 response from POST http://127.0.0.1:32600/devices/discover
May 31, 2022 10:35:46.748 [0x7ff15b961b38] DEBUG - NAT: UPnP, didn't find usable IGD.
May 31, 2022 10:35:46.749 [0x7ff15b961b38] DEBUG - NAT: PMP, attempting mapping.
May 31, 2022 10:35:46.905 [0x7ff15b624b38] DEBUG - NAT: UPnP, getPublicIP didn't find usable IGD.
May 31, 2022 10:35:46.999 [0x7ff15b961b38] WARN - NAT: PMP, got an error: Not Supported by gateway.
May 31, 2022 10:35:46.999 [0x7ff15b961b38] DEBUG - NAT: UPnP, attempting port mapping.
May 31, 2022 10:35:47.156 [0x7ff15b624b38] WARN - NAT: PMP, got an error: Not Supported by gateway.
May 31, 2022 10:35:47.157 [0x7ff15b624b38] DEBUG - MyPlex: sendMapping resetting state - previous mapping state: 'Not Mapped'.
May 31, 2022 10:35:47.157 [0x7ff15b624b38] DEBUG - MyPlex: mapping state set to 'Unknown'.
May 31, 2022 10:35:47.157 [0x7ff15b624b38] DEBUG - MyPlex: Sending Server Info to myPlex (user=lorcopotia@gmail.com, ip=, port=0)
May 31, 2022 10:35:47.158 [0x7ff15b624b38] DEBUG - HTTP requesting POST https://plex.tv/servers.xml?auth_token=xxxxxxxxxxxxxxxxxxxx
May 31, 2022 10:35:47.257 [0x7ff15b6a0b38] DEBUG - [HttpClient] HTTP/2.0 (0.1s) 422 response from POST https://plex.tv/servers.xml?auth_token=xxxxxxxxxxxxxxxxxxxx (reused)
May 31, 2022 10:35:47.257 [0x7ff15b624b38] DEBUG - MyPlex: Published Mapping State response was 422
May 31, 2022 10:35:47.257 [0x7ff15b624b38] DEBUG - MyPlex: Got response for dbd9c2e32441c70567056067e2845ee0d7d58b06 ~ registered :0
May 31, 2022 10:35:47.257 [0x7ff15b624b38] DEBUG - MyPlex: updating mapped state - current state: 'Not Mapped'
May 31, 2022 10:35:47.257 [0x7ff15b624b38] DEBUG - MyPlex: mapping state set to 'Not Mapped'.
May 31, 2022 10:35:47.258 [0x7ff15b624b38] DEBUG - MyPlex: Updating device connections (from timer: 0)
May 31, 2022 10:35:47.258 [0x7ff15b624b38] DEBUG - HTTP requesting PUT https://plex.tv/devices/dbd9c2e32441c70567056067e2845ee0d7d58b06?Connection[][uri]=http://172.18.0.2:32400&httpsEnabled=1&httpsRequired=0&dnsRebindingProtection=0&natLoopbackSupported=0&X-Plex-Token=xxxxxxxxxxxxxxxxxxxx
May 31, 2022 10:35:47.341 [0x7ff15b6a0b38] DEBUG - [HttpClient] HTTP/2.0 (0.1s) 200 response from PUT https://plex.tv/devices/dbd9c2e32441c70567056067e2845ee0d7d58b06?Connection[][uri]=http://172.18.0.2:32400&httpsEnabled=1&httpsRequired=0&dnsRebindingProtection=0&natLoopbackSupported=0&X-Plex-Token=xxxxxxxxxxxxxxxxxxxx (reused)
May 31, 2022 10:35:48.202 [0x7ff15b6a0b38] WARN - [HttpClient] HTTP error requesting GET https://192-168-1-50.487b79c9a77c4112b88cbb86b7d8fdc3.plex.direct:32400 (7, Couldn't connect to server) (Failed to connect to 192-168-1-50.487b79c9a77c4112b88cbb86b7d8fdc3.plex.direct port 32400: Host is unreachable)
May 31, 2022 10:35:48.202 [0x7ff15b6a0b38] WARN - [HttpClient] HTTP error requesting GET https://192-168-1-140.487b79c9a77c4112b88cbb86b7d8fdc3.plex.direct:32400 (7, Couldn't connect to server) (Failed to connect to 192-168-1-140.487b79c9a77c4112b88cbb86b7d8fdc3.plex.direct port 32400: Host is unreachable)
May 31, 2022 10:35:48.202 [0x7ff15ad83b38] DEBUG - Connection Tester: Testing the server LAPTOPG with 1 URLs.
May 31, 2022 10:35:48.203 [0x7ff15ad3db38] DEBUG - HTTP requesting GET https://172-18-0-2.bcdc452395144ea2957618723c90817f.plex.direct:32400
May 31, 2022 10:35:48.215 [0x7ff15b910b38] WARN - [CERT] TLS connection from [::ffff:172.18.0.2]:52770 came in with unrecognized plex.direct SNI name '172-18-0-2.bcdc452395144ea2957618723c90817f.plex.direct'; using installed plex.direct cert
May 31, 2022 10:35:48.219 [0x7ff15b6a0b38] WARN - [HttpClient] HTTP error requesting GET https://172-18-0-2.bcdc452395144ea2957618723c90817f.plex.direct:32400 (60, SSL peer certificate or SSH remote key was not OK) (SSL: no alternative certificate subject name matches target host name '172-18-0-2.bcdc452395144ea2957618723c90817f.plex.direct')
May 31, 2022 10:35:55.169 [0x7ff15ada6b38] WARN - Connection Tester: Error testing media server pandora in 10000 ms.
May 31, 2022 10:35:55.169 [0x7ff15ada6b38] DEBUG - Connection Tester: Testing the server PANDORA with 0 URLs.
May 31, 2022 10:35:58.203 [0x7ff15ad83b38] WARN - Connection Tester: Error testing media server LAPTOPG in 10000 ms.
May 31, 2022 10:35:59.012 [0x7ff15b961b38] DEBUG - NAT: UPnP, didn't find usable IGD.
May 31, 2022 10:35:59.012 [0x7ff15b961b38] DEBUG - PublicAddressManager: Mapping failed.
May 31, 2022 10:35:59.012 [0x7ff15b961b38] DEBUG - MyPlex: mapping state set to 'Mapped - Not Published'.
May 31, 2022 10:35:59.012 [0x7ff15b961b38] DEBUG - MyPlex: sendMapping resetting state - previous mapping state: 'Mapped - Not Published'.
May 31, 2022 10:35:59.012 [0x7ff15b961b38] DEBUG - MyPlex: mapping state set to 'Unknown'.
May 31, 2022 10:35:59.013 [0x7ff15b961b38] DEBUG - MyPlex: Sending Server Info to myPlex (user=lorcopotia@gmail.com, ip=, port=0)
May 31, 2022 10:35:59.013 [0x7ff15b961b38] DEBUG - HTTP requesting POST https://plex.tv/servers.xml?auth_token=xxxxxxxxxxxxxxxxxxxx
May 31, 2022 10:35:59.102 [0x7ff15b6a0b38] DEBUG - [HttpClient] HTTP/2.0 (0.1s) 422 response from POST https://plex.tv/servers.xml?auth_token=xxxxxxxxxxxxxxxxxxxx (reused)
May 31, 2022 10:35:59.102 [0x7ff15b961b38] DEBUG - MyPlex: Published Mapping State response was 422
May 31, 2022 10:35:59.102 [0x7ff15b961b38] DEBUG - MyPlex: Got response for dbd9c2e32441c70567056067e2845ee0d7d58b06 ~ registered :0
May 31, 2022 10:35:59.102 [0x7ff15b961b38] DEBUG - MyPlex: updating mapped state - current state: 'Mapped - Not Published'
May 31, 2022 10:35:59.102 [0x7ff15b961b38] DEBUG - MyPlex: mapping state set to 'Mapped - Publishing'.
May 31, 2022 10:35:59.102 [0x7ff15b961b38] DEBUG - MyPlex: async reachability check - current mapped state: 'Mapped - Publishing'.
May 31, 2022 10:35:59.102 [0x7ff15b961b38] DEBUG - MyPlex: Requesting reachability check.
May 31, 2022 10:35:59.102 [0x7ff15b961b38] DEBUG - HTTP requesting PUT https://plex.tv/api/servers/dbd9c2e32441c70567056067e2845ee0d7d58b06/connectivity?X-Plex-Token=xxxxxxxxxxxxxxxxxxxx&asyncIdentifier=dbbccfbb-7b26-46d8-b9ca-184d6099a851
May 31, 2022 10:35:59.171 [0x7ff15b6a0b38] DEBUG - [HttpClient] HTTP/2.0 (0.1s) 200 response from PUT https://plex.tv/api/servers/dbd9c2e32441c70567056067e2845ee0d7d58b06/connectivity?X-Plex-Token=xxxxxxxxxxxxxxxxxxxx&asyncIdentifier=dbbccfbb-7b26-46d8-b9ca-184d6099a851 (reused)
May 31, 2022 10:35:59.172 [0x7ff15b961b38] DEBUG - MyPlex: Last published value didn't change, we're done.
May 31, 2022 10:35:59.227 [0x7ff15b910b38] DEBUG - [EventSourceClient/pubsub/172.104.145.70:443] EventSource: Got event [data] '<Message address="" port="0" asyncIdentifier="dbbccfbb-7b26-46d8-b9ca-184d6099a851" connectivity="0" command="notifyConnectivity"/>'
May 31, 2022 10:35:59.227 [0x7ff15b910b38] DEBUG - [EventSourceClient/pubsub/172.104.145.70:443] PubSub: Got notified of reachability for async identifier dbbccfbb-7b26-46d8-b9ca-184d6099a851: 0 for :0 (responded in 55 ms)
May 31, 2022 10:35:59.227 [0x7ff15b910b38] DEBUG - [EventSourceClient/pubsub/172.104.145.70:443] MyPlex: reachability check - current mapping state: 'Mapped - Publishing'.
May 31, 2022 10:35:59.227 [0x7ff15b910b38] DEBUG - [EventSourceClient/pubsub/172.104.145.70:443] MyPlex: mapping state set to 'Mapped - Not Published (Not Reachable)'.
May 31, 2022 10:36:03.523 [0x7ff15abdfb38] DEBUG - HTTP requesting GET https://plex.tv/api/v2/shared_sources/owned?machineIdentifier=dbd9c2e32441c70567056067e2845ee0d7d58b06
May 31, 2022 10:36:03.593 [0x7ff15b6a0b38] DEBUG - [HttpClient] HTTP/2.0 (0.1s) 200 response from GET https://plex.tv/api/v2/shared_sources/owned?machineIdentifier=dbd9c2e32441c70567056067e2845ee0d7d58b06 (reused)
May 31, 2022 10:36:03.594 [0x7ff15abdfb38] DEBUG - HTTP requesting GET https://plex.tv/api/v2/server/access_tokens?auth_token=xxxxxxxxxxxxxxxxxxxx
May 31, 2022 10:36:03.670 [0x7ff15b6a0b38] DEBUG - [HttpClient] HTTP/2.0 (0.1s) 200 response from GET https://plex.tv/api/v2/server/access_tokens?auth_token=xxxxxxxxxxxxxxxxxxxx (reused)
May 31, 2022 10:36:03.671 [0x7ff15abdfb38] DEBUG - MyPlex: updating with 10 access tokens
May 31, 2022 10:36:03.671 [0x7ff15acd4b38] DEBUG - [MediaProviderManager] HTTP requesting GET https://plex.tv/media/providers?X-Plex-Token=xxxxxxxxxxxxxxxxxxxx
May 31, 2022 10:36:03.671 [0x7ff15abdfb38] DEBUG - HTTP requesting GET https://plex.tv/api/v2/server/users?auth_token=xxxxxxxxxxxxxxxxxxxx
May 31, 2022 10:36:03.739 [0x7ff15b6a0b38] DEBUG - [HttpClient] HTTP/2.0 (0.1s) 200 response from GET https://plex.tv/api/v2/server/users?auth_token=xxxxxxxxxxxxxxxxxxxx (reused)
May 31, 2022 10:36:03.740 [0x7ff15b6d3b38] DEBUG - HTTP requesting GET https://plex.tv/api/v2/server/users/subscriptions?auth_token=xxxxxxxxxxxxxxxxxxxx
May 31, 2022 10:36:03.743 [0x7ff15b6a0b38] DEBUG - [HttpClient] HTTP/2.0 (0.1s) 200 response from GET https://plex.tv/media/providers?X-Plex-Token=xxxxxxxxxxxxxxxxxxxx (reused)
May 31, 2022 10:36:03.744 [0x7ff15acd4b38] DEBUG - [MediaProviderManager] discovered cloud provider (Movies & TV)
May 31, 2022 10:36:03.744 [0x7ff15acd4b38] DEBUG - [MediaProviderManager] discovered cloud provider (Music)
May 31, 2022 10:36:03.744 [0x7ff15acd4b38] DEBUG - [MediaProviderManager] discovered cloud provider (Metadata)
May 31, 2022 10:36:03.744 [0x7ff15acd4b38] DEBUG - [MediaProviderManager] loading cloud provider details (Metadata) (alive: 1)
May 31, 2022 10:36:03.744 [0x7ff15acd4b38] DEBUG - [MediaProviderManager] loading cloud provider details (Music) (alive: 1)
May 31, 2022 10:36:03.744 [0x7ff15acd4b38] DEBUG - [MediaProviderManager] loading cloud provider details (Movies & TV) (alive: 1)
May 31, 2022 10:36:03.744 [0x7ff15acd4b38] DEBUG - [MediaProviderManager] we had 3 cloud providers online, we now have 3
May 31, 2022 10:36:03.744 [0x7ff15acd4b38] DEBUG - [MediaProviderManager] cloud provider (Metadata) is online and available
May 31, 2022 10:36:03.744 [0x7ff15acd4b38] DEBUG - [MediaProviderManager] cloud provider (Music) is online and available
May 31, 2022 10:36:03.744 [0x7ff15acd4b38] DEBUG - [MediaProviderManager] cloud provider (Movies & TV) is online and available
May 31, 2022 10:36:03.809 [0x7ff15b6a0b38] DEBUG - [HttpClient] HTTP/2.0 (0.1s) 200 response from GET https://plex.tv/api/v2/server/users/subscriptions?auth_token=xxxxxxxxxxxxxxxxxxxx (reused)
May 31, 2022 10:36:05.169 [0x7ff15ada6b38] WARN - Connection Tester: Error testing media server PANDORA in 10000 ms.
May 31, 2022 10:36:05.169 [0x7ff15acf7b38] DEBUG - Media Server: Tested all servers in 20.0 seconds.
May 31, 2022 10:36:05.169 [0x7ff15acf7b38] DEBUG - HTTP requesting GET /media/providers
May 31, 2022 10:36:05.169 [0x7ff15b6a0b38] WARN - [HttpClient] HTTP error requesting GET /media/providers (3, URL using bad/illegal format or missing URL) ()
May 31, 2022 10:36:05.169 [0x7ff15acf7b38] DEBUG - HTTP requesting GET https://86-127-242-104.487b79c9a77c4112b88cbb86b7d8fdc3.plex.direct:32400/media/providers
May 31, 2022 10:36:05.190 [0x7ff15b6a0b38] DEBUG - [HttpClient] HTTP/1.1 (0.0s) 200 response from GET https://86-127-242-104.487b79c9a77c4112b88cbb86b7d8fdc3.plex.direct:32400/media/providers (reused)
May 31, 2022 10:36:05.190 [0x7ff15acf7b38] ERROR - Unknown metadata type: 
May 31, 2022 10:36:05.190 [0x7ff15acf7b38] DEBUG - External Metadata: Syncing from media server PANDORA with 0 existing sections.
May 31, 2022 10:36:05.190 [0x7ff15acf7b38] DEBUG - External Metadata: Found 0 items of type artist in our libraries, and a total of 0 items to look for in 0 ms.
May 31, 2022 10:36:05.191 [0x7ff15acf7b38] DEBUG - External Metadata: Found 56 items of type movie in our libraries, and a total of 0 items to look for in 0 ms.
May 31, 2022 10:36:05.191 [0x7ff15acf7b38] DEBUG - HTTP requesting GET https://86-127-242-104.487b79c9a77c4112b88cbb86b7d8fdc3.plex.direct:32400/library/sections/3/all?type=1&excludeFields=summary&excludeElements=Director,Producer,Writer,Role,Genre,Country&X-Plex-Token=xxxxxxxxxxxxxxxxxxxx
May 31, 2022 10:36:05.868 [0x7ff15b6a0b38] DEBUG - [HttpClient] HTTP/1.1 (0.7s) 200 response from GET https://86-127-242-104.487b79c9a77c4112b88cbb86b7d8fdc3.plex.direct:32400/library/sections/3/all?type=1&excludeFields=summary&excludeElements=Director,Producer,Writer,Role,Genre,Country&X-Plex-Token=xxxxxxxxxxxxxxxxxxxx (reused)
May 31, 2022 10:36:05.889 [0x7ff15acf7b38] DEBUG - External Metadata: Nothing changed, computed diff in 1 ms.
May 31, 2022 10:36:05.898 [0x7ff15acf7b38] DEBUG - External Metadata: Found 1 items of type show in our libraries, and a total of 0 items to look for in 0 ms.
May 31, 2022 10:36:05.898 [0x7ff15acf7b38] DEBUG - HTTP requesting GET https://86-127-242-104.487b79c9a77c4112b88cbb86b7d8fdc3.plex.direct:32400/library/sections/4/all?type=2&excludeFields=summary&excludeElements=Director,Producer,Writer,Role,Genre,Country&X-Plex-Token=xxxxxxxxxxxxxxxxxxxx
May 31, 2022 10:36:06.248 [0x7ff15b6a0b38] DEBUG - [HttpClient] HTTP/1.1 (0.4s) 200 response from GET https://86-127-242-104.487b79c9a77c4112b88cbb86b7d8fdc3.plex.direct:32400/library/sections/4/all?type=2&excludeFields=summary&excludeElements=Director,Producer,Writer,Role,Genre,Country&X-Plex-Token=xxxxxxxxxxxxxxxxxxxx (reused)
May 31, 2022 10:36:06.251 [0x7ff15acf7b38] DEBUG - External Metadata: Nothing changed, computed diff in 0 ms.
May 31, 2022 10:36:06.253 [0x7ff15acf7b38] DEBUG - HTTP requesting GET /media/providers
May 31, 2022 10:36:06.253 [0x7ff15b6a0b38] WARN - [HttpClient] HTTP error requesting GET /media/providers (3, URL using bad/illegal format or missing URL) ()
May 31, 2022 10:37:33.434 [0x7ff15b6d3b38] DEBUG - BPQ: [Starting] -> [Processing]
May 31, 2022 10:37:33.434 [0x7ff15b6d3b38] DEBUG - BPQ: generating queue items from 0 generator(s)
May 31, 2022 10:37:33.434 [0x7ff15b6d3b38] DEBUG - BPQ: generated 0 item(s) for queue
May 31, 2022 10:37:33.434 [0x7ff15b6d3b38] DEBUG - PlayQueue: 0 generated IDs compressed down to a 20 byte blob.
May 31, 2022 10:37:33.434 [0x7ff15b6d3b38] DEBUG - PlayQueue: 0 generated IDs compressed down to a 20 byte blob.
May 31, 2022 10:37:33.434 [0x7ff15b6d3b38] DEBUG - BPQ: [Processing] -> [Idle]
May 31, 2022 10:37:34.724 [0x7ff15aea4b38] DEBUG - Request: [127.0.0.1:55886 (Loopback)] GET /servers (2 live) GZIP Signed-in Token (lorcopotia)
May 31, 2022 10:37:34.725 [0x7ff15b910b38] DEBUG - Completed: [127.0.0.1:55886] 200 GET /servers (2 live) GZIP 0ms 486 bytes
May 31, 2022 10:37:34.727 [0x7ff15aea4b38] DEBUG - Request: [127.0.0.1:55892 (Loopback)] GET /library/sections (2 live) GZIP Signed-in Token (lorcopotia)
May 31, 2022 10:37:34.728 [0x7ff15b910b38] DEBUG - Completed: [127.0.0.1:55892] 200 GET /library/sections (2 live) GZIP 0ms 765 bytes
May 31, 2022 10:37:34.730 [0x7ff15aea4b38] DEBUG - Request: [127.0.0.1:55904 (Loopback)] GET /channels/all (2 live) GZIP Signed-in Token (lorcopotia)
May 31, 2022 10:37:34.730 [0x7ff15b910b38] DEBUG - Completed: [127.0.0.1:55904] 200 GET /channels/all (2 live) GZIP 0ms 387 bytes
May 31, 2022 10:37:34.732 [0x7ff15aea4b38] DEBUG - Request: [127.0.0.1:55918 (Loopback)] GET /library/sections (2 live) GZIP Signed-in Token (lorcopotia)
May 31, 2022 10:37:34.733 [0x7ff15b910b38] DEBUG - Completed: [127.0.0.1:55918] 200 GET /library/sections (2 live) GZIP 0ms 765 bytes
May 31, 2022 10:37:34.735 [0x7ff15aea4b38] DEBUG - Request: [127.0.0.1:55928 (Loopback)] GET /channels/all (2 live) GZIP Signed-in Token (lorcopotia)
May 31, 2022 10:37:34.735 [0x7ff15b910b38] DEBUG - Completed: [127.0.0.1:55928] 200 GET /channels/all (2 live) GZIP 0ms 387 bytes
May 31, 2022 11:05:33.434 [0x7ff15b6d3b38] DEBUG - Sync: uploadStatus
May 31, 2022 11:05:43.923 [0x7ff15af34b38] DEBUG - Putting plug-in com.plexapp.agents.imdb to sleep.
May 31, 2022 11:05:43.923 [0x7ff15af34b38] DEBUG - Stopping [com.plexapp.agents.imdb].
May 31, 2022 11:05:43.923 [0x7ff15af34b38] DEBUG - [com.plexapp.agents.imdb] Killing.
May 31, 2022 11:05:43.925 [0x7ff15ca01b38] WARN - JobManager: Could not find job for handle 478
May 31, 2022 11:05:53.923 [0x7ff15af34b38] DEBUG - Stopping file watcher for com.plexapp.agents.imdb
May 31, 2022 11:35:33.434 [0x7ff15b6d3b38] DEBUG - Sync: uploadStatus
May 31, 2022 11:35:34.741 [0x7ff15b961b38] DEBUG - HTTP requesting GET https://plex.tv/api/v2/server/users/services?auth_token=xxxxxxxxxxxxxxxxxxxx
May 31, 2022 11:35:34.835 [0x7ff15b6d3b38] DEBUG - PublicAddressManager: Obtaining public address and mapping port.
May 31, 2022 11:35:34.835 [0x7ff15b5fcb38] DEBUG - NAT: UPnP, attempting port mapping.
May 31, 2022 11:35:34.835 [0x7ff15b961b38] DEBUG - PublicAddressManager: Obtaining public IP.
May 31, 2022 11:35:34.835 [0x7ff15b961b38] DEBUG - HTTP requesting GET http://plex.tv/pms/:/ip
May 31, 2022 11:35:35.096 [0x7ff15b6a0b38] DEBUG - [HttpClient] HTTP/2.0 (0.4s) 200 response from GET https://plex.tv/api/v2/server/users/services?auth_token=xxxxxxxxxxxxxxxxxxxx
May 31, 2022 11:35:35.099 [0x7ff15b6a0b38] DEBUG - [HttpClient] HTTP/2.0 (0.3s) 200 response from GET http://plex.tv/pms/:/ip
May 31, 2022 11:35:35.099 [0x7ff15b961b38] DEBUG - PublicAddressManager: Got public IP from http://plex.tv: 188.26.211.37
May 31, 2022 11:35:46.847 [0x7ff15b5fcb38] DEBUG - NAT: UPnP, didn't find usable IGD.
May 31, 2022 11:35:46.847 [0x7ff15b5fcb38] DEBUG - NAT: PMP, attempting mapping.
May 31, 2022 11:35:47.098 [0x7ff15b5fcb38] WARN - NAT: PMP, got an error: Not Supported by gateway.
May 31, 2022 11:35:47.098 [0x7ff15b5fcb38] DEBUG - NAT: UPnP, attempting port mapping.
May 31, 2022 11:35:47.111 [0x7ff15b961b38] DEBUG - NAT: UPnP, getPublicIP didn't find usable IGD.
May 31, 2022 11:35:47.362 [0x7ff15b961b38] WARN - NAT: PMP, got an error: Not Supported by gateway.
May 31, 2022 11:35:47.362 [0x7ff15b961b38] DEBUG - MyPlex: sendMapping resetting state - previous mapping state: 'Mapped - Not Published (Not Reachable)'.
May 31, 2022 11:35:47.362 [0x7ff15b961b38] DEBUG - MyPlex: mapping state set to 'Unknown'.
May 31, 2022 11:35:47.363 [0x7ff15b961b38] DEBUG - MyPlex: Sending Server Info to myPlex (user=lorcopotia@gmail.com, ip=, port=0)
May 31, 2022 11:35:47.363 [0x7ff15b961b38] DEBUG - HTTP requesting POST https://plex.tv/servers.xml?auth_token=xxxxxxxxxxxxxxxxxxxx
May 31, 2022 11:35:47.457 [0x7ff15b6a0b38] DEBUG - [HttpClient] HTTP/2.0 (0.1s) 422 response from POST https://plex.tv/servers.xml?auth_token=xxxxxxxxxxxxxxxxxxxx (reused)
May 31, 2022 11:35:47.457 [0x7ff15b961b38] DEBUG - MyPlex: Published Mapping State response was 422
May 31, 2022 11:35:47.457 [0x7ff15b961b38] DEBUG - MyPlex: Got response for dbd9c2e32441c70567056067e2845ee0d7d58b06 ~ registered :0
May 31, 2022 11:35:47.457 [0x7ff15b961b38] DEBUG - MyPlex: updating mapped state - current state: 'Mapped - Not Published (Not Reachable)'
May 31, 2022 11:35:47.457 [0x7ff15b961b38] DEBUG - MyPlex: mapping state set to 'Mapped - Publishing'.
May 31, 2022 11:35:47.457 [0x7ff15b961b38] DEBUG - MyPlex: async reachability check - current mapped state: 'Mapped - Publishing'.
May 31, 2022 11:35:47.457 [0x7ff15b961b38] DEBUG - MyPlex: Requesting reachability check.
May 31, 2022 11:35:47.457 [0x7ff15b961b38] DEBUG - HTTP requesting PUT https://plex.tv/api/servers/dbd9c2e32441c70567056067e2845ee0d7d58b06/connectivity?X-Plex-Token=xxxxxxxxxxxxxxxxxxxx&asyncIdentifier=aa13d615-aa4e-4c45-865e-cc92ea395d61
May 31, 2022 11:35:47.534 [0x7ff15b6a0b38] DEBUG - [HttpClient] HTTP/2.0 (0.1s) 200 response from PUT https://plex.tv/api/servers/dbd9c2e32441c70567056067e2845ee0d7d58b06/connectivity?X-Plex-Token=xxxxxxxxxxxxxxxxxxxx&asyncIdentifier=aa13d615-aa4e-4c45-865e-cc92ea395d61 (reused)
May 31, 2022 11:35:47.535 [0x7ff15b961b38] DEBUG - MyPlex: Last published value didn't change, we're done.
May 31, 2022 11:35:47.647 [0x7ff15b933b38] DEBUG - [EventSourceClient/pubsub/172.104.145.70:443] EventSource: Got event [data] '<Message address="" port="0" asyncIdentifier="aa13d615-aa4e-4c45-865e-cc92ea395d61" connectivity="0" command="notifyConnectivity"/>'
May 31, 2022 11:35:47.647 [0x7ff15b933b38] DEBUG - [EventSourceClient/pubsub/172.104.145.70:443] PubSub: Got notified of reachability for async identifier aa13d615-aa4e-4c45-865e-cc92ea395d61: 0 for :0 (responded in 112 ms)
May 31, 2022 11:35:47.647 [0x7ff15b933b38] DEBUG - [EventSourceClient/pubsub/172.104.145.70:443] MyPlex: reachability check - current mapping state: 'Mapped - Publishing'.
May 31, 2022 11:35:47.647 [0x7ff15b933b38] DEBUG - [EventSourceClient/pubsub/172.104.145.70:443] MyPlex: mapping state set to 'Mapped - Not Published (Not Reachable)'.
May 31, 2022 11:35:59.105 [0x7ff15b5fcb38] DEBUG - NAT: UPnP, didn't find usable IGD.
May 31, 2022 11:35:59.105 [0x7ff15b5fcb38] DEBUG - PublicAddressManager: Mapping failed.
May 31, 2022 11:35:59.105 [0x7ff15b5fcb38] DEBUG - MyPlex: mapping state set to 'Mapped - Not Published'.
May 31, 2022 11:35:59.105 [0x7ff15b5fcb38] DEBUG - MyPlex: sendMapping resetting state - previous mapping state: 'Mapped - Not Published'.
May 31, 2022 11:35:59.105 [0x7ff15b5fcb38] DEBUG - MyPlex: mapping state set to 'Unknown'.
May 31, 2022 11:35:59.106 [0x7ff15b5fcb38] DEBUG - MyPlex: Sending Server Info to myPlex (user=lorcopotia@gmail.com, ip=, port=0)
May 31, 2022 11:35:59.106 [0x7ff15b5fcb38] DEBUG - HTTP requesting POST https://plex.tv/servers.xml?auth_token=xxxxxxxxxxxxxxxxxxxx
May 31, 2022 11:35:59.200 [0x7ff15b6a0b38] DEBUG - [HttpClient] HTTP/2.0 (0.1s) 422 response from POST https://plex.tv/servers.xml?auth_token=xxxxxxxxxxxxxxxxxxxx (reused)
May 31, 2022 11:35:59.200 [0x7ff15b5fcb38] DEBUG - MyPlex: Published Mapping State response was 422
May 31, 2022 11:35:59.200 [0x7ff15b5fcb38] DEBUG - MyPlex: Got response for dbd9c2e32441c70567056067e2845ee0d7d58b06 ~ registered :0
May 31, 2022 11:35:59.200 [0x7ff15b5fcb38] DEBUG - MyPlex: updating mapped state - current state: 'Mapped - Not Published'
May 31, 2022 11:35:59.200 [0x7ff15b5fcb38] DEBUG - MyPlex: mapping state set to 'Mapped - Publishing'.
May 31, 2022 11:35:59.200 [0x7ff15b5fcb38] DEBUG - MyPlex: async reachability check - current mapped state: 'Mapped - Publishing'.
May 31, 2022 11:35:59.200 [0x7ff15b5fcb38] DEBUG - MyPlex: requesting connectivity refresh too soon after the last request, skipping.
May 31, 2022 11:35:59.201 [0x7ff15b5fcb38] DEBUG - MyPlex: Last published value didn't change, we're done.
May 31, 2022 12:05:33.435 [0x7ff15b961b38] DEBUG - Sync: uploadStatus
May 31, 2022 12:22:11.219 [0x7ff15ca01b38] DEBUG - Shutting down with signal 15 (Terminated)
May 31, 2022 12:22:11.219 [0x7ff15ca01b38] DEBUG - Ordered to stop server.
May 31, 2022 12:22:11.219 [0x7ff15caf1d50] DEBUG - Stopping server...
May 31, 2022 12:22:11.219 [0x7ff15caf1d50] DEBUG - HttpServer: Stopping server.
May 31, 2022 12:22:11.219 [0x7ff15af57b38] DEBUG - MetadataItemClusterRequestHandler: a shutdown event has been received
May 31, 2022 12:22:11.219 [0x7ff15af57b38] DEBUG - TranscodeJobManager: [Running] onServerShutdown
May 31, 2022 12:22:11.219 [0x7ff15af57b38] DEBUG - TranscodeJobManager: [Running] -> [Shutdown]
May 31, 2022 12:22:11.219 [0x7ff15caf1d50] DEBUG - Server stopped.
May 31, 2022 12:22:11.219 [0x7ff15caf1d50] DEBUG - NetworkService: Stopping advertisement.
May 31, 2022 12:22:11.219 [0x7ff15afc0b38] ERROR - Network Service: Error in advertiser handle read: 125 (Operation canceled) socket=-1
May 31, 2022 12:22:11.219 [0x7ff15caf1d50] DEBUG - Killing plug-ins.
May 31, 2022 12:22:11.239 [0x7ff15caf1d50] DEBUG - [com.plexapp.system] Killing.
May 31, 2022 12:22:11.241 [0x7ff15ca01b38] WARN - JobManager: Could not find job for handle 388
May 31, 2022 12:22:11.242 [0x7ff15caf1d50] DEBUG - ChildProcessMonitor: Waiting for Plex Tuner Service to exit.
May 31, 2022 12:22:11.242 [0x7ff15caf1d50] DEBUG - [JobRunner] Signalling job ID 428 with 2
May 31, 2022 12:22:11.258 [0x7ff15ca01b38] DEBUG - Jobs: '/usr/lib/plexmediaserver/Plex Tuner Service' exit code for process 428 is 0 (success)
May 31, 2022 12:22:11.258 [0x7ff15af7ab38] DEBUG - [ChildProcessMonitor] Plex Tuner Service exited.
May 31, 2022 12:22:11.258 [0x7ff15caf1d50] DEBUG - Database: Shutting down.
May 31, 2022 12:22:11.265 [0x7ff15caf1d50] DEBUG - Database: Shutting down.
