May 31, 2022 10:35:34.759 [0x7f58e1effb38] INFO - Plex Tuner Service v1.0.0.0 - Docker Docker Container (LinuxServer.io) x86_64 - build: 
May 31, 2022 10:35:34.759 [0x7f58e1effb38] INFO - Linux version: 5.15.41-1-MANJARO (#1 SMP PREEMPT Wed May 18 09:20:01 UTC 2022), language: en-US
May 31, 2022 10:35:34.759 [0x7f58e1effb38] INFO - Processor AMD Ryzen 5 3600 6-Core Processor              
May 31, 2022 10:35:34.759 [0x7f58e1effb38] INFO - /usr/lib/plexmediaserver/Plex Tuner Service /usr/lib/plexmediaserver/Resources/Tuner/Private /usr/lib/plexmediaserver/Resources/Tuner/Shared 1.26.2.5797-5bd057d2b 32600
May 31, 2022 10:35:34.758 [0x7f58e3800808] INFO - [I] broker_t::start...
May 31, 2022 10:35:34.763 [0x7f58e3800808] INFO - [I] device_manager_t::init.
May 31, 2022 10:35:34.763 [0x7f58e3800808] INFO - [I] device_manager_t::init. Initialize provider manager
May 31, 2022 10:35:34.763 [0x7f58e3800808] INFO - [I] device_manager_t::init. Initialize all device auxes
May 31, 2022 10:35:34.763 [0x7f58e3800808] INFO - [I] dvb_device_factory_t::get_aux_list
May 31, 2022 10:35:34.763 [0x7f58e3800808] INFO - [I] tvbutler_aux_t::init
May 31, 2022 10:35:34.764 [0x7f58e3800808] INFO - [I] web_server_t::start. Starting web server on port 32600
May 31, 2022 10:35:43.545 [0x7f58e1ca0b38] INFO - [I] web_service_t::process_device_discovery
May 31, 2022 10:35:43.545 [0x7f58e1ca0b38] INFO - [I] device_reactor_t::get_device_list ()
May 31, 2022 10:35:45.554 [0x7f58e1ca0b38] INFO - [I] SAT2IP - discover_satip_servers(): no servers found
May 31, 2022 10:35:45.981 [0x7f58e1ca0b38] INFO - [I] v4l::DeviceGetList_impl. getting v4l device list
May 31, 2022 10:35:45.983 [0x7f58e1ca0b38] INFO - [I] onetv_factory::DeviceGetListEx >>
May 31, 2022 10:35:45.983 [0x7f58e1ca0b38] WARN - [W] onetv_factory::DeviceGetListEx. libusb_init returned an error -99
May 31, 2022 12:22:11.242 [0x7f58e3800808] INFO - Received SIGINT: Interrupt from keyboard.
May 31, 2022 12:22:11.256 [0x7f58e3800808] INFO - [I] device_manager_t::term
May 31, 2022 12:22:11.256 [0x7f58e3800808] INFO - [I] device_manager_t::term. Stop all devices
May 31, 2022 12:22:11.256 [0x7f58e3800808] INFO - [I] device_manager_t::term. Shut down all device auxes
May 31, 2022 12:22:11.256 [0x7f58e3800808] INFO - [I] tvbutler_aux_t::term
May 31, 2022 12:22:11.257 [0x7f58e3800808] INFO - [I] web_server_t::stop. Web server is stopped
May 31, 2022 12:22:11.257 [0x7f58e3800808] INFO - [I] device_manager_t::term
May 31, 2022 12:22:11.257 [0x7f58e3800808] INFO - [I] device_manager_t::term. Stop all devices
May 31, 2022 12:22:11.257 [0x7f58e3800808] INFO - [I] device_manager_t::term. Shut down all device auxes
May 31, 2022 12:22:11.257 [0x7f58e3800808] INFO - [I] broker_t::shutdown. Shutdown is completed.
