Jul 06, 2022 13:01:44.111 [0x7f4851be8b38] INFO - Plex Media Scanner v1.26.2.5797-5bd057d2b - Docker Docker Container (LinuxServer.io) x86_64 - build: linux-x86_64 - GMT 02:00
Jul 06, 2022 13:01:44.111 [0x7f4851be8b38] INFO - Linux version: 5.15.49-1-MANJARO, language: en-US
Jul 06, 2022 13:01:44.111 [0x7f4851be8b38] INFO - Processor: 12-core AMD Ryzen 5 3600 6-Core Processor              
Jul 06, 2022 13:01:44.111 [0x7f4851be8b38] INFO - /usr/lib/plexmediaserver/Plex Media Scanner --match --type 2 --log-file-suffix  Matcher --item 978
Jul 06, 2022 13:01:44.111 [0x7f4854bfd808] DEBUG - Opening 20 database sessions to library (com.plexapp.plugins.library), SQLite 3.35.5, threadsafe=1
Jul 06, 2022 13:01:44.176 [0x7f4854bfd808] DEBUG - Matcher: found 22 auxiliary files for Season 5
Jul 06, 2022 13:01:44.179 [0x7f4854bfd808] DEBUG - [MI] Opening input file: "/tv/aws-certified-sysops-administrator-associate-training-2022/05 - Storage Amazon EBS, EFS, and AWS Storage Gateway/001 Introduction.mp4"
Jul 06, 2022 13:01:44.179 [0x7f4854bfd808] DEBUG - [FFMPEG] - Opening '/tv/aws-certified-sysops-administrator-associate-training-2022/05 - Storage Amazon EBS, EFS, and AWS Storage Gateway/001 Introduction.mp4' for reading
Jul 06, 2022 13:01:44.179 [0x7f4854bfd808] DEBUG - [FFMPEG] - Setting default whitelist 'file,crypto,data'
Jul 06, 2022 13:01:44.180 [0x7f4854bfd808] DEBUG - [FFMPEG] - Format mov,mp4,m4a,3gp,3g2,mj2 probed with size=2048 and score=100
Jul 06, 2022 13:01:44.180 [0x7f4854bfd808] DEBUG - [FFMPEG] - ISO: File Type Major Brand: isom
Jul 06, 2022 13:01:44.180 [0x7f4854bfd808] DEBUG - [FFMPEG] - Unknown dref type 0x206c7275 size 12
Jul 06, 2022 13:01:44.180 [0x7f4854bfd808] DEBUG - [FFMPEG] - Processing st: 0, edit list 0 - media time: 2000, duration: 1931010
Jul 06, 2022 13:01:44.180 [0x7f4854bfd808] DEBUG - [FFMPEG] - Offset DTS by 2000 to make first pts zero.
Jul 06, 2022 13:01:44.180 [0x7f4854bfd808] DEBUG - [FFMPEG] - Setting codecpar->delay to 2 for stream st: 0
Jul 06, 2022 13:01:44.181 [0x7f4854bfd808] DEBUG - [FFMPEG] - Unknown dref type 0x206c7275 size 12
Jul 06, 2022 13:01:44.181 [0x7f4854bfd808] DEBUG - [FFMPEG] - Processing st: 1, edit list 0 - media time: 0, duration: 2844715
Jul 06, 2022 13:01:44.181 [0x7f4854bfd808] DEBUG - [FFMPEG] - Before avformat_find_stream_info() pos: 6627938 bytes read:86741 seeks:1 nb_streams:2
Jul 06, 2022 13:01:44.181 [0x7f4854bfd808] DEBUG - [FFMPEG] - nal_unit_type: 7(SPS), nal_ref_idc: 3
Jul 06, 2022 13:01:44.181 [0x7f4854bfd808] DEBUG - [FFMPEG] - nal_unit_type: 8(PPS), nal_ref_idc: 3
Jul 06, 2022 13:01:44.181 [0x7f4854bfd808] DEBUG - [FFMPEG] - nal_unit_type: 6(SEI), nal_ref_idc: 0
Jul 06, 2022 13:01:44.181 [0x7f4854bfd808] DEBUG - [FFMPEG] - nal_unit_type: 5(IDR), nal_ref_idc: 3
Jul 06, 2022 13:01:44.181 [0x7f4854bfd808] DEBUG - [FFMPEG] - Format yuv420p chosen by get_format().
Jul 06, 2022 13:01:44.182 [0x7f4854bfd808] DEBUG - [FFMPEG] - no picture 
Jul 06, 2022 13:01:44.190 [0x7f4854bfd808] DEBUG - [FFMPEG] - nal_unit_type: 1(Coded slice of a non-IDR picture), nal_ref_idc: 2
Jul 06, 2022 13:01:44.190 [0x7f4854bfd808] DEBUG - [FFMPEG] - no picture 
Jul 06, 2022 13:01:44.192 [0x7f4854bfd808] DEBUG - [FFMPEG] - nal_unit_type: 1(Coded slice of a non-IDR picture), nal_ref_idc: 2
Jul 06, 2022 13:01:44.194 [0x7f4854bfd808] DEBUG - [FFMPEG] - All info found
Jul 06, 2022 13:01:44.195 [0x7f4854bfd808] DEBUG - [FFMPEG] - After avformat_find_stream_info() pos: 62929 bytes read:178891 seeks:2 frames:4
Jul 06, 2022 13:01:44.195 [0x7f4854bfd808] DEBUG - [FFMPEG] - nal_unit_type: 7(SPS), nal_ref_idc: 3
Jul 06, 2022 13:01:44.195 [0x7f4854bfd808] DEBUG - [FFMPEG] - nal_unit_type: 8(PPS), nal_ref_idc: 3
Jul 06, 2022 13:01:44.195 [0x7f4854bfd808] DEBUG - [MI] Closing input file: "/tv/aws-certified-sysops-administrator-associate-training-2022/05 - Storage Amazon EBS, EFS, and AWS Storage Gateway/001 Introduction.mp4"
Jul 06, 2022 13:01:44.195 [0x7f4854bfd808] DEBUG - Scanner: found local sidecar subtitle "/tv/aws-certified-sysops-administrator-associate-training-2022/05 - Storage Amazon EBS, EFS, and AWS Storage Gateway/001 Introduction_en.srt"
Jul 06, 2022 13:01:44.195 [0x7f4854bfd808] DEBUG - [FFMPEG] - Opening '/tv/aws-certified-sysops-administrator-associate-training-2022/05 - Storage Amazon EBS, EFS, and AWS Storage Gateway/001 Introduction_en.srt' for reading
Jul 06, 2022 13:01:44.195 [0x7f4854bfd808] DEBUG - [FFMPEG] - Setting default whitelist 'file,crypto,data'
Jul 06, 2022 13:01:44.203 [0x7f4854bfd808] DEBUG - [FFMPEG] - Format srt probed with size=2048 and score=100
Jul 06, 2022 13:01:44.210 [0x7f4854bfd808] DEBUG - [MI] Opening input file: "/tv/aws-certified-sysops-administrator-associate-training-2022/05 - Storage Amazon EBS, EFS, and AWS Storage Gateway/002 Amazon EBS Overview.mp4"
Jul 06, 2022 13:01:44.210 [0x7f4854bfd808] DEBUG - [FFMPEG] - Opening '/tv/aws-certified-sysops-administrator-associate-training-2022/05 - Storage Amazon EBS, EFS, and AWS Storage Gateway/002 Amazon EBS Overview.mp4' for reading
Jul 06, 2022 13:01:44.210 [0x7f4854bfd808] DEBUG - [FFMPEG] - Setting default whitelist 'file,crypto,data'
Jul 06, 2022 13:01:44.210 [0x7f4854bfd808] DEBUG - [FFMPEG] - Format mov,mp4,m4a,3gp,3g2,mj2 probed with size=2048 and score=100
Jul 06, 2022 13:01:44.210 [0x7f4854bfd808] DEBUG - [FFMPEG] - ISO: File Type Major Brand: isom
Jul 06, 2022 13:01:44.211 [0x7f4854bfd808] DEBUG - [FFMPEG] - Unknown dref type 0x206c7275 size 12
Jul 06, 2022 13:01:44.211 [0x7f4854bfd808] DEBUG - [FFMPEG] - Processing st: 0, edit list 0 - media time: 2000, duration: 7187010
Jul 06, 2022 13:01:44.212 [0x7f4854bfd808] DEBUG - [FFMPEG] - Offset DTS by 2000 to make first pts zero.
Jul 06, 2022 13:01:44.212 [0x7f4854bfd808] DEBUG - [FFMPEG] - Setting codecpar->delay to 2 for stream st: 0
Jul 06, 2022 13:01:44.212 [0x7f4854bfd808] DEBUG - [FFMPEG] - Unknown dref type 0x206c7275 size 12
Jul 06, 2022 13:01:44.212 [0x7f4854bfd808] DEBUG - [FFMPEG] - Processing st: 1, edit list 0 - media time: 0, duration: 10571784
Jul 06, 2022 13:01:44.212 [0x7f4854bfd808] DEBUG - [FFMPEG] - Before avformat_find_stream_info() pos: 8752854 bytes read:230048 seeks:1 nb_streams:2
Jul 06, 2022 13:01:44.212 [0x7f4854bfd808] DEBUG - [FFMPEG] - nal_unit_type: 7(SPS), nal_ref_idc: 3
Jul 06, 2022 13:01:44.212 [0x7f4854bfd808] DEBUG - [FFMPEG] - nal_unit_type: 8(PPS), nal_ref_idc: 3
Jul 06, 2022 13:01:44.213 [0x7f4854bfd808] DEBUG - [FFMPEG] - nal_unit_type: 6(SEI), nal_ref_idc: 0
Jul 06, 2022 13:01:44.213 [0x7f4854bfd808] DEBUG - [FFMPEG] - nal_unit_type: 5(IDR), nal_ref_idc: 3
Jul 06, 2022 13:01:44.213 [0x7f4854bfd808] DEBUG - [FFMPEG] - Format yuv420p chosen by get_format().
Jul 06, 2022 13:01:44.213 [0x7f4854bfd808] DEBUG - [FFMPEG] - no picture 
Jul 06, 2022 13:01:44.216 [0x7f4854bfd808] DEBUG - [FFMPEG] - nal_unit_type: 1(Coded slice of a non-IDR picture), nal_ref_idc: 2
Jul 06, 2022 13:01:44.217 [0x7f4854bfd808] DEBUG - [FFMPEG] - no picture 
Jul 06, 2022 13:01:44.218 [0x7f4854bfd808] DEBUG - [FFMPEG] - nal_unit_type: 1(Coded slice of a non-IDR picture), nal_ref_idc: 2
Jul 06, 2022 13:01:44.220 [0x7f4854bfd808] DEBUG - [FFMPEG] - All info found
Jul 06, 2022 13:01:44.220 [0x7f4854bfd808] DEBUG - [FFMPEG] - After avformat_find_stream_info() pos: 10140 bytes read:262816 seeks:2 frames:4
Jul 06, 2022 13:01:44.221 [0x7f4854bfd808] DEBUG - [FFMPEG] - nal_unit_type: 7(SPS), nal_ref_idc: 3
Jul 06, 2022 13:01:44.221 [0x7f4854bfd808] DEBUG - [FFMPEG] - nal_unit_type: 8(PPS), nal_ref_idc: 3
Jul 06, 2022 13:01:44.221 [0x7f4854bfd808] DEBUG - [MI] Closing input file: "/tv/aws-certified-sysops-administrator-associate-training-2022/05 - Storage Amazon EBS, EFS, and AWS Storage Gateway/002 Amazon EBS Overview.mp4"
Jul 06, 2022 13:01:44.221 [0x7f4854bfd808] DEBUG - Scanner: found local sidecar subtitle "/tv/aws-certified-sysops-administrator-associate-training-2022/05 - Storage Amazon EBS, EFS, and AWS Storage Gateway/002 Amazon EBS Overview_en.srt"
Jul 06, 2022 13:01:44.221 [0x7f4854bfd808] DEBUG - [FFMPEG] - Opening '/tv/aws-certified-sysops-administrator-associate-training-2022/05 - Storage Amazon EBS, EFS, and AWS Storage Gateway/002 Amazon EBS Overview_en.srt' for reading
Jul 06, 2022 13:01:44.221 [0x7f4854bfd808] DEBUG - [FFMPEG] - Setting default whitelist 'file,crypto,data'
Jul 06, 2022 13:01:44.232 [0x7f4854bfd808] DEBUG - [FFMPEG] - Format srt probed with size=2048 and score=100
Jul 06, 2022 13:01:44.234 [0x7f4854bfd808] DEBUG - [MI] Opening input file: "/tv/aws-certified-sysops-administrator-associate-training-2022/05 - Storage Amazon EBS, EFS, and AWS Storage Gateway/003 Amazon EBS - Deployment and Volume Types.mp4"
Jul 06, 2022 13:01:44.234 [0x7f4854bfd808] DEBUG - [FFMPEG] - Opening '/tv/aws-certified-sysops-administrator-associate-training-2022/05 - Storage Amazon EBS, EFS, and AWS Storage Gateway/003 Amazon EBS - Deployment and Volume Types.mp4' for reading
Jul 06, 2022 13:01:44.234 [0x7f4854bfd808] DEBUG - [FFMPEG] - Setting default whitelist 'file,crypto,data'
Jul 06, 2022 13:01:44.234 [0x7f4854bfd808] DEBUG - [FFMPEG] - Format mov,mp4,m4a,3gp,3g2,mj2 probed with size=2048 and score=100
Jul 06, 2022 13:01:44.234 [0x7f4854bfd808] DEBUG - [FFMPEG] - ISO: File Type Major Brand: isom
Jul 06, 2022 13:01:44.234 [0x7f4854bfd808] DEBUG - [FFMPEG] - Unknown dref type 0x206c7275 size 12
Jul 06, 2022 13:01:44.235 [0x7f4854bfd808] DEBUG - [FFMPEG] - Processing st: 0, edit list 0 - media time: 2000, duration: 13287000
Jul 06, 2022 13:01:44.236 [0x7f4854bfd808] DEBUG - [FFMPEG] - Offset DTS by 2000 to make first pts zero.
Jul 06, 2022 13:01:44.236 [0x7f4854bfd808] DEBUG - [FFMPEG] - Setting codecpar->delay to 2 for stream st: 0
Jul 06, 2022 13:01:44.236 [0x7f4854bfd808] DEBUG - [FFMPEG] - Unknown dref type 0x206c7275 size 12
Jul 06, 2022 13:01:44.236 [0x7f4854bfd808] DEBUG - [FFMPEG] - Processing st: 1, edit list 0 - media time: 0, duration: 19535903
Jul 06, 2022 13:01:44.236 [0x7f4854bfd808] DEBUG - [FFMPEG] - Before avformat_find_stream_info() pos: 22321904 bytes read:396373 seeks:1 nb_streams:2
Jul 06, 2022 13:01:44.237 [0x7f4854bfd808] DEBUG - [FFMPEG] - nal_unit_type: 7(SPS), nal_ref_idc: 3
Jul 06, 2022 13:01:44.237 [0x7f4854bfd808] DEBUG - [FFMPEG] - nal_unit_type: 8(PPS), nal_ref_idc: 3
Jul 06, 2022 13:01:44.237 [0x7f4854bfd808] DEBUG - [FFMPEG] - nal_unit_type: 6(SEI), nal_ref_idc: 0
Jul 06, 2022 13:01:44.237 [0x7f4854bfd808] DEBUG - [FFMPEG] - nal_unit_type: 5(IDR), nal_ref_idc: 3
Jul 06, 2022 13:01:44.237 [0x7f4854bfd808] DEBUG - [FFMPEG] - Format yuv420p chosen by get_format().
Jul 06, 2022 13:01:44.237 [0x7f4854bfd808] DEBUG - [FFMPEG] - no picture 
Jul 06, 2022 13:01:44.240 [0x7f4854bfd808] DEBUG - [FFMPEG] - nal_unit_type: 1(Coded slice of a non-IDR picture), nal_ref_idc: 2
Jul 06, 2022 13:01:44.240 [0x7f4854bfd808] DEBUG - [FFMPEG] - no picture 
Jul 06, 2022 13:01:44.241 [0x7f4854bfd808] DEBUG - [FFMPEG] - nal_unit_type: 1(Coded slice of a non-IDR picture), nal_ref_idc: 2
Jul 06, 2022 13:01:44.242 [0x7f4854bfd808] DEBUG - [FFMPEG] - All info found
Jul 06, 2022 13:01:44.243 [0x7f4854bfd808] DEBUG - [FFMPEG] - After avformat_find_stream_info() pos: 14393 bytes read:429141 seeks:2 frames:4
Jul 06, 2022 13:01:44.243 [0x7f4854bfd808] DEBUG - [FFMPEG] - nal_unit_type: 7(SPS), nal_ref_idc: 3
Jul 06, 2022 13:01:44.243 [0x7f4854bfd808] DEBUG - [FFMPEG] - nal_unit_type: 8(PPS), nal_ref_idc: 3
Jul 06, 2022 13:01:44.243 [0x7f4854bfd808] DEBUG - [MI] Closing input file: "/tv/aws-certified-sysops-administrator-associate-training-2022/05 - Storage Amazon EBS, EFS, and AWS Storage Gateway/003 Amazon EBS - Deployment and Volume Types.mp4"
Jul 06, 2022 13:01:44.243 [0x7f4854bfd808] DEBUG - Scanner: found local sidecar subtitle "/tv/aws-certified-sysops-administrator-associate-training-2022/05 - Storage Amazon EBS, EFS, and AWS Storage Gateway/003 Amazon EBS - Deployment and Volume Types_en.srt"
Jul 06, 2022 13:01:44.243 [0x7f4854bfd808] DEBUG - [FFMPEG] - Opening '/tv/aws-certified-sysops-administrator-associate-training-2022/05 - Storage Amazon EBS, EFS, and AWS Storage Gateway/003 Amazon EBS - Deployment and Volume Types_en.srt' for reading
Jul 06, 2022 13:01:44.243 [0x7f4854bfd808] DEBUG - [FFMPEG] - Setting default whitelist 'file,crypto,data'
Jul 06, 2022 13:01:44.247 [0x7f4854bfd808] DEBUG - [FFMPEG] - Format srt probed with size=2048 and score=100
Jul 06, 2022 13:01:44.249 [0x7f4854bfd808] DEBUG - [MI] Opening input file: "/tv/aws-certified-sysops-administrator-associate-training-2022/05 - Storage Amazon EBS, EFS, and AWS Storage Gateway/004 Creating and resizing Amazon EBS volumes.mp4"
Jul 06, 2022 13:01:44.249 [0x7f4854bfd808] DEBUG - [FFMPEG] - Opening '/tv/aws-certified-sysops-administrator-associate-training-2022/05 - Storage Amazon EBS, EFS, and AWS Storage Gateway/004 Creating and resizing Amazon EBS volumes.mp4' for reading
Jul 06, 2022 13:01:44.249 [0x7f4854bfd808] DEBUG - [FFMPEG] - Setting default whitelist 'file,crypto,data'
Jul 06, 2022 13:01:44.250 [0x7f4854bfd808] DEBUG - [FFMPEG] - Format mov,mp4,m4a,3gp,3g2,mj2 probed with size=2048 and score=100
Jul 06, 2022 13:01:44.250 [0x7f4854bfd808] DEBUG - [FFMPEG] - ISO: File Type Major Brand: isom
Jul 06, 2022 13:01:44.250 [0x7f4854bfd808] DEBUG - [FFMPEG] - Unknown dref type 0x206c7275 size 12
Jul 06, 2022 13:01:44.251 [0x7f4854bfd808] DEBUG - [FFMPEG] - Processing st: 0, edit list 0 - media time: 2000, duration: 12850020
Jul 06, 2022 13:01:44.252 [0x7f4854bfd808] DEBUG - [FFMPEG] - Offset DTS by 2000 to make first pts zero.
Jul 06, 2022 13:01:44.252 [0x7f4854bfd808] DEBUG - [FFMPEG] - Setting codecpar->delay to 2 for stream st: 0
Jul 06, 2022 13:01:44.252 [0x7f4854bfd808] DEBUG - [FFMPEG] - Unknown dref type 0x206c7275 size 12
Jul 06, 2022 13:01:44.252 [0x7f4854bfd808] DEBUG - [FFMPEG] - Processing st: 1, edit list 0 - media time: 0, duration: 18894866
Jul 06, 2022 13:01:44.253 [0x7f4854bfd808] DEBUG - [FFMPEG] - Before avformat_find_stream_info() pos: 30125666 bytes read:384089 seeks:1 nb_streams:2
Jul 06, 2022 13:01:44.253 [0x7f4854bfd808] DEBUG - [FFMPEG] - nal_unit_type: 7(SPS), nal_ref_idc: 3
Jul 06, 2022 13:01:44.253 [0x7f4854bfd808] DEBUG - [FFMPEG] - nal_unit_type: 8(PPS), nal_ref_idc: 3
Jul 06, 2022 13:01:44.253 [0x7f4854bfd808] DEBUG - [FFMPEG] - nal_unit_type: 6(SEI), nal_ref_idc: 0
Jul 06, 2022 13:01:44.253 [0x7f4854bfd808] DEBUG - [FFMPEG] - nal_unit_type: 5(IDR), nal_ref_idc: 3
Jul 06, 2022 13:01:44.253 [0x7f4854bfd808] DEBUG - [FFMPEG] - Format yuv420p chosen by get_format().
Jul 06, 2022 13:01:44.254 [0x7f4854bfd808] DEBUG - [FFMPEG] - no picture 
Jul 06, 2022 13:01:44.257 [0x7f4854bfd808] DEBUG - [FFMPEG] - nal_unit_type: 1(Coded slice of a non-IDR picture), nal_ref_idc: 2
Jul 06, 2022 13:01:44.257 [0x7f4854bfd808] DEBUG - [FFMPEG] - no picture 
Jul 06, 2022 13:01:44.258 [0x7f4854bfd808] DEBUG - [FFMPEG] - nal_unit_type: 1(Coded slice of a non-IDR picture), nal_ref_idc: 2
Jul 06, 2022 13:01:44.260 [0x7f4854bfd808] DEBUG - [FFMPEG] - All info found
Jul 06, 2022 13:01:44.260 [0x7f4854bfd808] DEBUG - [FFMPEG] - After avformat_find_stream_info() pos: 19392 bytes read:416857 seeks:2 frames:4
Jul 06, 2022 13:01:44.260 [0x7f4854bfd808] DEBUG - [FFMPEG] - nal_unit_type: 7(SPS), nal_ref_idc: 3
Jul 06, 2022 13:01:44.260 [0x7f4854bfd808] DEBUG - [FFMPEG] - nal_unit_type: 8(PPS), nal_ref_idc: 3
Jul 06, 2022 13:01:44.260 [0x7f4854bfd808] DEBUG - [MI] Closing input file: "/tv/aws-certified-sysops-administrator-associate-training-2022/05 - Storage Amazon EBS, EFS, and AWS Storage Gateway/004 Creating and resizing Amazon EBS volumes.mp4"
Jul 06, 2022 13:01:44.260 [0x7f4854bfd808] DEBUG - Scanner: found local sidecar subtitle "/tv/aws-certified-sysops-administrator-associate-training-2022/05 - Storage Amazon EBS, EFS, and AWS Storage Gateway/004 Creating and resizing Amazon EBS volumes_en.srt"
Jul 06, 2022 13:01:44.260 [0x7f4854bfd808] DEBUG - [FFMPEG] - Opening '/tv/aws-certified-sysops-administrator-associate-training-2022/05 - Storage Amazon EBS, EFS, and AWS Storage Gateway/004 Creating and resizing Amazon EBS volumes_en.srt' for reading
Jul 06, 2022 13:01:44.260 [0x7f4854bfd808] DEBUG - [FFMPEG] - Setting default whitelist 'file,crypto,data'
Jul 06, 2022 13:01:44.261 [0x7f4854bfd808] DEBUG - [FFMPEG] - Format srt probed with size=2048 and score=100
Jul 06, 2022 13:01:44.263 [0x7f4854bfd808] DEBUG - [MI] Opening input file: "/tv/aws-certified-sysops-administrator-associate-training-2022/05 - Storage Amazon EBS, EFS, and AWS Storage Gateway/005 Amazon EBS snapshots, AMIs and migrating instances.mp4"
Jul 06, 2022 13:01:44.263 [0x7f4854bfd808] DEBUG - [FFMPEG] - Opening '/tv/aws-certified-sysops-administrator-associate-training-2022/05 - Storage Amazon EBS, EFS, and AWS Storage Gateway/005 Amazon EBS snapshots, AMIs and migrating instances.mp4' for reading
Jul 06, 2022 13:01:44.263 [0x7f4854bfd808] DEBUG - [FFMPEG] - Setting default whitelist 'file,crypto,data'
Jul 06, 2022 13:01:44.263 [0x7f4854bfd808] DEBUG - [FFMPEG] - Format mov,mp4,m4a,3gp,3g2,mj2 probed with size=2048 and score=100
Jul 06, 2022 13:01:44.263 [0x7f4854bfd808] DEBUG - [FFMPEG] - ISO: File Type Major Brand: isom
Jul 06, 2022 13:01:44.263 [0x7f4854bfd808] DEBUG - [FFMPEG] - Unknown dref type 0x206c7275 size 12
Jul 06, 2022 13:01:44.264 [0x7f4854bfd808] DEBUG - [FFMPEG] - Processing st: 0, edit list 0 - media time: 2000, duration: 14428020
Jul 06, 2022 13:01:44.265 [0x7f4854bfd808] DEBUG - [FFMPEG] - Offset DTS by 2000 to make first pts zero.
Jul 06, 2022 13:01:44.265 [0x7f4854bfd808] DEBUG - [FFMPEG] - Setting codecpar->delay to 2 for stream st: 0
Jul 06, 2022 13:01:44.265 [0x7f4854bfd808] DEBUG - [FFMPEG] - Unknown dref type 0x206c7275 size 12
Jul 06, 2022 13:01:44.265 [0x7f4854bfd808] DEBUG - [FFMPEG] - Processing st: 1, edit list 0 - media time: 0, duration: 21217304
Jul 06, 2022 13:01:44.265 [0x7f4854bfd808] DEBUG - [FFMPEG] - Before avformat_find_stream_info() pos: 31911851 bytes read:427563 seeks:1 nb_streams:2
Jul 06, 2022 13:01:44.265 [0x7f4854bfd808] DEBUG - [FFMPEG] - nal_unit_type: 7(SPS), nal_ref_idc: 3
Jul 06, 2022 13:01:44.265 [0x7f4854bfd808] DEBUG - [FFMPEG] - nal_unit_type: 8(PPS), nal_ref_idc: 3
Jul 06, 2022 13:01:44.265 [0x7f4854bfd808] DEBUG - [FFMPEG] - nal_unit_type: 6(SEI), nal_ref_idc: 0
Jul 06, 2022 13:01:44.265 [0x7f4854bfd808] DEBUG - [FFMPEG] - nal_unit_type: 5(IDR), nal_ref_idc: 3
Jul 06, 2022 13:01:44.265 [0x7f4854bfd808] DEBUG - [FFMPEG] - Format yuv420p chosen by get_format().
Jul 06, 2022 13:01:44.266 [0x7f4854bfd808] DEBUG - [FFMPEG] - no picture 
Jul 06, 2022 13:01:44.269 [0x7f4854bfd808] DEBUG - [FFMPEG] - nal_unit_type: 1(Coded slice of a non-IDR picture), nal_ref_idc: 2
Jul 06, 2022 13:01:44.269 [0x7f4854bfd808] DEBUG - [FFMPEG] - no picture 
Jul 06, 2022 13:01:44.270 [0x7f4854bfd808] DEBUG - [FFMPEG] - nal_unit_type: 1(Coded slice of a non-IDR picture), nal_ref_idc: 2
Jul 06, 2022 13:01:44.271 [0x7f4854bfd808] DEBUG - [FFMPEG] - All info found
Jul 06, 2022 13:01:44.272 [0x7f4854bfd808] DEBUG - [FFMPEG] - After avformat_find_stream_info() pos: 22211 bytes read:460331 seeks:2 frames:4
Jul 06, 2022 13:01:44.272 [0x7f4854bfd808] DEBUG - [FFMPEG] - nal_unit_type: 7(SPS), nal_ref_idc: 3
Jul 06, 2022 13:01:44.272 [0x7f4854bfd808] DEBUG - [FFMPEG] - nal_unit_type: 8(PPS), nal_ref_idc: 3
Jul 06, 2022 13:01:44.272 [0x7f4854bfd808] DEBUG - [MI] Closing input file: "/tv/aws-certified-sysops-administrator-associate-training-2022/05 - Storage Amazon EBS, EFS, and AWS Storage Gateway/005 Amazon EBS snapshots, AMIs and migrating instances.mp4"
Jul 06, 2022 13:01:44.272 [0x7f4854bfd808] DEBUG - Scanner: found local sidecar subtitle "/tv/aws-certified-sysops-administrator-associate-training-2022/05 - Storage Amazon EBS, EFS, and AWS Storage Gateway/005 Amazon EBS snapshots, AMIs and migrating instances_en.srt"
Jul 06, 2022 13:01:44.272 [0x7f4854bfd808] DEBUG - [FFMPEG] - Opening '/tv/aws-certified-sysops-administrator-associate-training-2022/05 - Storage Amazon EBS, EFS, and AWS Storage Gateway/005 Amazon EBS snapshots, AMIs and migrating instances_en.srt' for reading
Jul 06, 2022 13:01:44.272 [0x7f4854bfd808] DEBUG - [FFMPEG] - Setting default whitelist 'file,crypto,data'
Jul 06, 2022 13:01:44.286 [0x7f4854bfd808] DEBUG - [FFMPEG] - Format srt probed with size=2048 and score=100
Jul 06, 2022 13:01:44.287 [0x7f4854bfd808] DEBUG - [MI] Opening input file: "/tv/aws-certified-sysops-administrator-associate-training-2022/05 - Storage Amazon EBS, EFS, and AWS Storage Gateway/006 Amazon EBS Copying, Sharing and Encryption.mp4"
Jul 06, 2022 13:01:44.287 [0x7f4854bfd808] DEBUG - [FFMPEG] - Opening '/tv/aws-certified-sysops-administrator-associate-training-2022/05 - Storage Amazon EBS, EFS, and AWS Storage Gateway/006 Amazon EBS Copying, Sharing and Encryption.mp4' for reading
Jul 06, 2022 13:01:44.287 [0x7f4854bfd808] DEBUG - [FFMPEG] - Setting default whitelist 'file,crypto,data'
Jul 06, 2022 13:01:44.288 [0x7f4854bfd808] DEBUG - [FFMPEG] - Format mov,mp4,m4a,3gp,3g2,mj2 probed with size=2048 and score=100
Jul 06, 2022 13:01:44.288 [0x7f4854bfd808] DEBUG - [FFMPEG] - ISO: File Type Major Brand: isom
Jul 06, 2022 13:01:44.288 [0x7f4854bfd808] DEBUG - [FFMPEG] - Unknown dref type 0x206c7275 size 12
Jul 06, 2022 13:01:44.288 [0x7f4854bfd808] DEBUG - [FFMPEG] - Processing st: 0, edit list 0 - media time: 2000, duration: 6461010
Jul 06, 2022 13:01:44.288 [0x7f4854bfd808] DEBUG - [FFMPEG] - Offset DTS by 2000 to make first pts zero.
Jul 06, 2022 13:01:44.288 [0x7f4854bfd808] DEBUG - [FFMPEG] - Setting codecpar->delay to 2 for stream st: 0
Jul 06, 2022 13:01:44.288 [0x7f4854bfd808] DEBUG - [FFMPEG] - Unknown dref type 0x206c7275 size 12
Jul 06, 2022 13:01:44.289 [0x7f4854bfd808] DEBUG - [FFMPEG] - Processing st: 1, edit list 0 - media time: 0, duration: 9504785
Jul 06, 2022 13:01:44.289 [0x7f4854bfd808] DEBUG - [FFMPEG] - Before avformat_find_stream_info() pos: 13191053 bytes read:210379 seeks:1 nb_streams:2
Jul 06, 2022 13:01:44.289 [0x7f4854bfd808] DEBUG - [FFMPEG] - nal_unit_type: 7(SPS), nal_ref_idc: 3
Jul 06, 2022 13:01:44.289 [0x7f4854bfd808] DEBUG - [FFMPEG] - nal_unit_type: 8(PPS), nal_ref_idc: 3
Jul 06, 2022 13:01:44.289 [0x7f4854bfd808] DEBUG - [FFMPEG] - nal_unit_type: 6(SEI), nal_ref_idc: 0
Jul 06, 2022 13:01:44.289 [0x7f4854bfd808] DEBUG - [FFMPEG] - nal_unit_type: 5(IDR), nal_ref_idc: 3
Jul 06, 2022 13:01:44.289 [0x7f4854bfd808] DEBUG - [FFMPEG] - Format yuv420p chosen by get_format().
Jul 06, 2022 13:01:44.289 [0x7f4854bfd808] DEBUG - [FFMPEG] - no picture 
Jul 06, 2022 13:01:44.292 [0x7f4854bfd808] DEBUG - [FFMPEG] - nal_unit_type: 1(Coded slice of a non-IDR picture), nal_ref_idc: 2
Jul 06, 2022 13:01:44.292 [0x7f4854bfd808] DEBUG - [FFMPEG] - no picture 
Jul 06, 2022 13:01:44.293 [0x7f4854bfd808] DEBUG - [FFMPEG] - nal_unit_type: 1(Coded slice of a non-IDR picture), nal_ref_idc: 2
Jul 06, 2022 13:01:44.294 [0x7f4854bfd808] DEBUG - [FFMPEG] - All info found
Jul 06, 2022 13:01:44.295 [0x7f4854bfd808] DEBUG - [FFMPEG] - After avformat_find_stream_info() pos: 14393 bytes read:243147 seeks:2 frames:4
Jul 06, 2022 13:01:44.295 [0x7f4854bfd808] DEBUG - [FFMPEG] - nal_unit_type: 7(SPS), nal_ref_idc: 3
Jul 06, 2022 13:01:44.295 [0x7f4854bfd808] DEBUG - [FFMPEG] - nal_unit_type: 8(PPS), nal_ref_idc: 3
Jul 06, 2022 13:01:44.295 [0x7f4854bfd808] DEBUG - [MI] Closing input file: "/tv/aws-certified-sysops-administrator-associate-training-2022/05 - Storage Amazon EBS, EFS, and AWS Storage Gateway/006 Amazon EBS Copying, Sharing and Encryption.mp4"
Jul 06, 2022 13:01:44.295 [0x7f4854bfd808] DEBUG - Scanner: found local sidecar subtitle "/tv/aws-certified-sysops-administrator-associate-training-2022/05 - Storage Amazon EBS, EFS, and AWS Storage Gateway/006 Amazon EBS Copying, Sharing and Encryption_en.srt"
Jul 06, 2022 13:01:44.295 [0x7f4854bfd808] DEBUG - [FFMPEG] - Opening '/tv/aws-certified-sysops-administrator-associate-training-2022/05 - Storage Amazon EBS, EFS, and AWS Storage Gateway/006 Amazon EBS Copying, Sharing and Encryption_en.srt' for reading
Jul 06, 2022 13:01:44.295 [0x7f4854bfd808] DEBUG - [FFMPEG] - Setting default whitelist 'file,crypto,data'
Jul 06, 2022 13:01:44.303 [0x7f4854bfd808] DEBUG - [FFMPEG] - Format srt probed with size=2048 and score=100
Jul 06, 2022 13:01:44.305 [0x7f4854bfd808] DEBUG - [MI] Opening input file: "/tv/aws-certified-sysops-administrator-associate-training-2022/05 - Storage Amazon EBS, EFS, and AWS Storage Gateway/007 EBS vs instance store.mp4"
Jul 06, 2022 13:01:44.305 [0x7f4854bfd808] DEBUG - [FFMPEG] - Opening '/tv/aws-certified-sysops-administrator-associate-training-2022/05 - Storage Amazon EBS, EFS, and AWS Storage Gateway/007 EBS vs instance store.mp4' for reading
Jul 06, 2022 13:01:44.305 [0x7f4854bfd808] DEBUG - [FFMPEG] - Setting default whitelist 'file,crypto,data'
Jul 06, 2022 13:01:44.305 [0x7f4854bfd808] DEBUG - [FFMPEG] - Format mov,mp4,m4a,3gp,3g2,mj2 probed with size=2048 and score=100
Jul 06, 2022 13:01:44.305 [0x7f4854bfd808] DEBUG - [FFMPEG] - ISO: File Type Major Brand: isom
Jul 06, 2022 13:01:44.305 [0x7f4854bfd808] DEBUG - [FFMPEG] - Unknown dref type 0x206c7275 size 12
Jul 06, 2022 13:01:44.306 [0x7f4854bfd808] DEBUG - [FFMPEG] - Processing st: 0, edit list 0 - media time: 2000, duration: 7736010
Jul 06, 2022 13:01:44.306 [0x7f4854bfd808] DEBUG - [FFMPEG] - Offset DTS by 2000 to make first pts zero.
Jul 06, 2022 13:01:44.306 [0x7f4854bfd808] DEBUG - [FFMPEG] - Setting codecpar->delay to 2 for stream st: 0
Jul 06, 2022 13:01:44.306 [0x7f4854bfd808] DEBUG - [FFMPEG] - Unknown dref type 0x206c7275 size 12
Jul 06, 2022 13:01:44.307 [0x7f4854bfd808] DEBUG - [FFMPEG] - Processing st: 1, edit list 0 - media time: 0, duration: 11378726
Jul 06, 2022 13:01:44.307 [0x7f4854bfd808] DEBUG - [FFMPEG] - Before avformat_find_stream_info() pos: 26257388 bytes read:244802 seeks:1 nb_streams:2
Jul 06, 2022 13:01:44.307 [0x7f4854bfd808] DEBUG - [FFMPEG] - nal_unit_type: 7(SPS), nal_ref_idc: 3
Jul 06, 2022 13:01:44.307 [0x7f4854bfd808] DEBUG - [FFMPEG] - nal_unit_type: 8(PPS), nal_ref_idc: 3
Jul 06, 2022 13:01:44.307 [0x7f4854bfd808] DEBUG - [FFMPEG] - nal_unit_type: 6(SEI), nal_ref_idc: 0
Jul 06, 2022 13:01:44.307 [0x7f4854bfd808] DEBUG - [FFMPEG] - nal_unit_type: 5(IDR), nal_ref_idc: 3
Jul 06, 2022 13:01:44.307 [0x7f4854bfd808] DEBUG - [FFMPEG] - Format yuv420p chosen by get_format().
Jul 06, 2022 13:01:44.308 [0x7f4854bfd808] DEBUG - [FFMPEG] - no picture 
Jul 06, 2022 13:01:44.311 [0x7f4854bfd808] DEBUG - [FFMPEG] - nal_unit_type: 1(Coded slice of a non-IDR picture), nal_ref_idc: 2
Jul 06, 2022 13:01:44.312 [0x7f4854bfd808] DEBUG - [FFMPEG] - no picture 
Jul 06, 2022 13:01:44.313 [0x7f4854bfd808] DEBUG - [FFMPEG] - nal_unit_type: 1(Coded slice of a non-IDR picture), nal_ref_idc: 2
Jul 06, 2022 13:01:44.314 [0x7f4854bfd808] DEBUG - [FFMPEG] - All info found
Jul 06, 2022 13:01:44.315 [0x7f4854bfd808] DEBUG - [FFMPEG] - After avformat_find_stream_info() pos: 39440 bytes read:316000 seeks:2 frames:4
Jul 06, 2022 13:01:44.315 [0x7f4854bfd808] DEBUG - [FFMPEG] - nal_unit_type: 7(SPS), nal_ref_idc: 3
Jul 06, 2022 13:01:44.315 [0x7f4854bfd808] DEBUG - [FFMPEG] - nal_unit_type: 8(PPS), nal_ref_idc: 3
Jul 06, 2022 13:01:44.315 [0x7f4854bfd808] DEBUG - [MI] Closing input file: "/tv/aws-certified-sysops-administrator-associate-training-2022/05 - Storage Amazon EBS, EFS, and AWS Storage Gateway/007 EBS vs instance store.mp4"
Jul 06, 2022 13:01:44.315 [0x7f4854bfd808] DEBUG - Scanner: found local sidecar subtitle "/tv/aws-certified-sysops-administrator-associate-training-2022/05 - Storage Amazon EBS, EFS, and AWS Storage Gateway/007 EBS vs instance store_en.srt"
Jul 06, 2022 13:01:44.315 [0x7f4854bfd808] DEBUG - [FFMPEG] - Opening '/tv/aws-certified-sysops-administrator-associate-training-2022/05 - Storage Amazon EBS, EFS, and AWS Storage Gateway/007 EBS vs instance store_en.srt' for reading
Jul 06, 2022 13:01:44.315 [0x7f4854bfd808] DEBUG - [FFMPEG] - Setting default whitelist 'file,crypto,data'
Jul 06, 2022 13:01:44.322 [0x7f4854bfd808] DEBUG - [FFMPEG] - Format srt probed with size=2048 and score=100
Jul 06, 2022 13:01:44.324 [0x7f4854bfd808] DEBUG - [MI] Opening input file: "/tv/aws-certified-sysops-administrator-associate-training-2022/05 - Storage Amazon EBS, EFS, and AWS Storage Gateway/008 Using RAID with EBS volumes.mp4"
Jul 06, 2022 13:01:44.324 [0x7f4854bfd808] DEBUG - [FFMPEG] - Opening '/tv/aws-certified-sysops-administrator-associate-training-2022/05 - Storage Amazon EBS, EFS, and AWS Storage Gateway/008 Using RAID with EBS volumes.mp4' for reading
Jul 06, 2022 13:01:44.324 [0x7f4854bfd808] DEBUG - [FFMPEG] - Setting default whitelist 'file,crypto,data'
Jul 06, 2022 13:01:44.324 [0x7f4854bfd808] DEBUG - [FFMPEG] - Format mov,mp4,m4a,3gp,3g2,mj2 probed with size=2048 and score=100
Jul 06, 2022 13:01:44.324 [0x7f4854bfd808] DEBUG - [FFMPEG] - ISO: File Type Major Brand: isom
Jul 06, 2022 13:01:44.324 [0x7f4854bfd808] DEBUG - [FFMPEG] - Unknown dref type 0x206c7275 size 12
Jul 06, 2022 13:01:44.325 [0x7f4854bfd808] DEBUG - [FFMPEG] - Processing st: 0, edit list 0 - media time: 2000, duration: 4446000
Jul 06, 2022 13:01:44.325 [0x7f4854bfd808] DEBUG - [FFMPEG] - Offset DTS by 2000 to make first pts zero.
Jul 06, 2022 13:01:44.325 [0x7f4854bfd808] DEBUG - [FFMPEG] - Setting codecpar->delay to 2 for stream st: 0
Jul 06, 2022 13:01:44.325 [0x7f4854bfd808] DEBUG - [FFMPEG] - Unknown dref type 0x206c7275 size 12
Jul 06, 2022 13:01:44.325 [0x7f4854bfd808] DEBUG - [FFMPEG] - Processing st: 1, edit list 0 - media time: 0, duration: 6541353
Jul 06, 2022 13:01:44.325 [0x7f4854bfd808] DEBUG - [FFMPEG] - Before avformat_find_stream_info() pos: 5008048 bytes read:155400 seeks:1 nb_streams:2
Jul 06, 2022 13:01:44.325 [0x7f4854bfd808] DEBUG - [FFMPEG] - nal_unit_type: 7(SPS), nal_ref_idc: 3
Jul 06, 2022 13:01:44.325 [0x7f4854bfd808] DEBUG - [FFMPEG] - nal_unit_type: 8(PPS), nal_ref_idc: 3
Jul 06, 2022 13:01:44.325 [0x7f4854bfd808] DEBUG - [FFMPEG] - nal_unit_type: 6(SEI), nal_ref_idc: 0
Jul 06, 2022 13:01:44.325 [0x7f4854bfd808] DEBUG - [FFMPEG] - nal_unit_type: 5(IDR), nal_ref_idc: 3
Jul 06, 2022 13:01:44.325 [0x7f4854bfd808] DEBUG - [FFMPEG] - Format yuv420p chosen by get_format().
Jul 06, 2022 13:01:44.326 [0x7f4854bfd808] DEBUG - [FFMPEG] - no picture 
Jul 06, 2022 13:01:44.328 [0x7f4854bfd808] DEBUG - [FFMPEG] - nal_unit_type: 1(Coded slice of a non-IDR picture), nal_ref_idc: 2
Jul 06, 2022 13:01:44.329 [0x7f4854bfd808] DEBUG - [FFMPEG] - no picture 
Jul 06, 2022 13:01:44.329 [0x7f4854bfd808] DEBUG - [FFMPEG] - nal_unit_type: 1(Coded slice of a non-IDR picture), nal_ref_idc: 2
Jul 06, 2022 13:01:44.331 [0x7f4854bfd808] DEBUG - [FFMPEG] - All info found
Jul 06, 2022 13:01:44.331 [0x7f4854bfd808] DEBUG - [FFMPEG] - After avformat_find_stream_info() pos: 10140 bytes read:188168 seeks:2 frames:4
Jul 06, 2022 13:01:44.331 [0x7f4854bfd808] DEBUG - [FFMPEG] - nal_unit_type: 7(SPS), nal_ref_idc: 3
Jul 06, 2022 13:01:44.331 [0x7f4854bfd808] DEBUG - [FFMPEG] - nal_unit_type: 8(PPS), nal_ref_idc: 3
Jul 06, 2022 13:01:44.331 [0x7f4854bfd808] DEBUG - [MI] Closing input file: "/tv/aws-certified-sysops-administrator-associate-training-2022/05 - Storage Amazon EBS, EFS, and AWS Storage Gateway/008 Using RAID with EBS volumes.mp4"
Jul 06, 2022 13:01:44.331 [0x7f4854bfd808] DEBUG - Scanner: found local sidecar subtitle "/tv/aws-certified-sysops-administrator-associate-training-2022/05 - Storage Amazon EBS, EFS, and AWS Storage Gateway/008 Using RAID with EBS volumes_en.srt"
Jul 06, 2022 13:01:44.331 [0x7f4854bfd808] DEBUG - [FFMPEG] - Opening '/tv/aws-certified-sysops-administrator-associate-training-2022/05 - Storage Amazon EBS, EFS, and AWS Storage Gateway/008 Using RAID with EBS volumes_en.srt' for reading
Jul 06, 2022 13:01:44.331 [0x7f4854bfd808] DEBUG - [FFMPEG] - Setting default whitelist 'file,crypto,data'
Jul 06, 2022 13:01:44.337 [0x7f4854bfd808] DEBUG - [FFMPEG] - Format srt probed with size=2048 and score=100
Jul 06, 2022 13:01:44.339 [0x7f4854bfd808] DEBUG - [MI] Opening input file: "/tv/aws-certified-sysops-administrator-associate-training-2022/05 - Storage Amazon EBS, EFS, and AWS Storage Gateway/009 EBS encryption.mp4"
Jul 06, 2022 13:01:44.339 [0x7f4854bfd808] DEBUG - [FFMPEG] - Opening '/tv/aws-certified-sysops-administrator-associate-training-2022/05 - Storage Amazon EBS, EFS, and AWS Storage Gateway/009 EBS encryption.mp4' for reading
Jul 06, 2022 13:01:44.339 [0x7f4854bfd808] DEBUG - [FFMPEG] - Setting default whitelist 'file,crypto,data'
Jul 06, 2022 13:01:44.339 [0x7f4854bfd808] DEBUG - [FFMPEG] - Format mov,mp4,m4a,3gp,3g2,mj2 probed with size=2048 and score=100
Jul 06, 2022 13:01:44.339 [0x7f4854bfd808] DEBUG - [FFMPEG] - ISO: File Type Major Brand: isom
Jul 06, 2022 13:01:44.339 [0x7f4854bfd808] DEBUG - [FFMPEG] - Unknown dref type 0x206c7275 size 12
Jul 06, 2022 13:01:44.340 [0x7f4854bfd808] DEBUG - [FFMPEG] - Processing st: 0, edit list 0 - media time: 2000, duration: 10515000
Jul 06, 2022 13:01:44.340 [0x7f4854bfd808] DEBUG - [FFMPEG] - Offset DTS by 2000 to make first pts zero.
Jul 06, 2022 13:01:44.340 [0x7f4854bfd808] DEBUG - [FFMPEG] - Setting codecpar->delay to 2 for stream st: 0
Jul 06, 2022 13:01:44.340 [0x7f4854bfd808] DEBUG - [FFMPEG] - Unknown dref type 0x206c7275 size 12
Jul 06, 2022 13:01:44.341 [0x7f4854bfd808] DEBUG - [FFMPEG] - Processing st: 1, edit list 0 - media time: 0, duration: 15462430
Jul 06, 2022 13:01:44.341 [0x7f4854bfd808] DEBUG - [FFMPEG] - Before avformat_find_stream_info() pos: 14181147 bytes read:320479 seeks:1 nb_streams:2
Jul 06, 2022 13:01:44.341 [0x7f4854bfd808] DEBUG - [FFMPEG] - nal_unit_type: 7(SPS), nal_ref_idc: 3
Jul 06, 2022 13:01:44.341 [0x7f4854bfd808] DEBUG - [FFMPEG] - nal_unit_type: 8(PPS), nal_ref_idc: 3
Jul 06, 2022 13:01:44.341 [0x7f4854bfd808] DEBUG - [FFMPEG] - nal_unit_type: 6(SEI), nal_ref_idc: 0
Jul 06, 2022 13:01:44.341 [0x7f4854bfd808] DEBUG - [FFMPEG] - nal_unit_type: 5(IDR), nal_ref_idc: 3
Jul 06, 2022 13:01:44.341 [0x7f4854bfd808] DEBUG - [FFMPEG] - Format yuv420p chosen by get_format().
Jul 06, 2022 13:01:44.342 [0x7f4854bfd808] DEBUG - [FFMPEG] - no picture 
Jul 06, 2022 13:01:44.344 [0x7f4854bfd808] DEBUG - [FFMPEG] - nal_unit_type: 1(Coded slice of a non-IDR picture), nal_ref_idc: 2
Jul 06, 2022 13:01:44.344 [0x7f4854bfd808] DEBUG - [FFMPEG] - no picture 
Jul 06, 2022 13:01:44.345 [0x7f4854bfd808] DEBUG - [FFMPEG] - nal_unit_type: 1(Coded slice of a non-IDR picture), nal_ref_idc: 2
Jul 06, 2022 13:01:44.346 [0x7f4854bfd808] DEBUG - [FFMPEG] - All info found
Jul 06, 2022 13:01:44.347 [0x7f4854bfd808] DEBUG - [FFMPEG] - After avformat_find_stream_info() pos: 10140 bytes read:353247 seeks:2 frames:4
Jul 06, 2022 13:01:44.347 [0x7f4854bfd808] DEBUG - [FFMPEG] - nal_unit_type: 7(SPS), nal_ref_idc: 3
Jul 06, 2022 13:01:44.347 [0x7f4854bfd808] DEBUG - [FFMPEG] - nal_unit_type: 8(PPS), nal_ref_idc: 3
Jul 06, 2022 13:01:44.347 [0x7f4854bfd808] DEBUG - [MI] Closing input file: "/tv/aws-certified-sysops-administrator-associate-training-2022/05 - Storage Amazon EBS, EFS, and AWS Storage Gateway/009 EBS encryption.mp4"
Jul 06, 2022 13:01:44.347 [0x7f4854bfd808] DEBUG - Scanner: found local sidecar subtitle "/tv/aws-certified-sysops-administrator-associate-training-2022/05 - Storage Amazon EBS, EFS, and AWS Storage Gateway/009 EBS encryption_en.srt"
Jul 06, 2022 13:01:44.347 [0x7f4854bfd808] DEBUG - [FFMPEG] - Opening '/tv/aws-certified-sysops-administrator-associate-training-2022/05 - Storage Amazon EBS, EFS, and AWS Storage Gateway/009 EBS encryption_en.srt' for reading
Jul 06, 2022 13:01:44.347 [0x7f4854bfd808] DEBUG - [FFMPEG] - Setting default whitelist 'file,crypto,data'
Jul 06, 2022 13:01:44.351 [0x7f4854bfd808] DEBUG - [FFMPEG] - Format srt probed with size=2048 and score=100
Jul 06, 2022 13:01:44.353 [0x7f4854bfd808] DEBUG - [MI] Opening input file: "/tv/aws-certified-sysops-administrator-associate-training-2022/05 - Storage Amazon EBS, EFS, and AWS Storage Gateway/010 [NEW] CloudWatch Metrics for EBS.mp4"
Jul 06, 2022 13:01:44.353 [0x7f4854bfd808] DEBUG - [FFMPEG] - Opening '/tv/aws-certified-sysops-administrator-associate-training-2022/05 - Storage Amazon EBS, EFS, and AWS Storage Gateway/010 [NEW] CloudWatch Metrics for EBS.mp4' for reading
Jul 06, 2022 13:01:44.353 [0x7f4854bfd808] DEBUG - [FFMPEG] - Setting default whitelist 'file,crypto,data'
Jul 06, 2022 13:01:44.353 [0x7f4854bfd808] DEBUG - [FFMPEG] - Format mov,mp4,m4a,3gp,3g2,mj2 probed with size=2048 and score=100
Jul 06, 2022 13:01:44.353 [0x7f4854bfd808] DEBUG - [FFMPEG] - ISO: File Type Major Brand: isom
Jul 06, 2022 13:01:44.353 [0x7f4854bfd808] DEBUG - [FFMPEG] - Unknown dref type 0x206c7275 size 12
Jul 06, 2022 13:01:44.354 [0x7f4854bfd808] DEBUG - [FFMPEG] - Processing st: 0, edit list 0 - media time: 2000, duration: 4854000
Jul 06, 2022 13:01:44.354 [0x7f4854bfd808] DEBUG - [FFMPEG] - Offset DTS by 2000 to make first pts zero.
Jul 06, 2022 13:01:44.354 [0x7f4854bfd808] DEBUG - [FFMPEG] - Setting codecpar->delay to 2 for stream st: 0
Jul 06, 2022 13:01:44.354 [0x7f4854bfd808] DEBUG - [FFMPEG] - Unknown dref type 0x206c7275 size 12
Jul 06, 2022 13:01:44.354 [0x7f4854bfd808] DEBUG - [FFMPEG] - Processing st: 1, edit list 0 - media time: 0, duration: 7143450
Jul 06, 2022 13:01:44.355 [0x7f4854bfd808] DEBUG - [FFMPEG] - Before avformat_find_stream_info() pos: 17714553 bytes read:165513 seeks:1 nb_streams:2
Jul 06, 2022 13:01:44.355 [0x7f4854bfd808] DEBUG - [FFMPEG] - nal_unit_type: 7(SPS), nal_ref_idc: 3
Jul 06, 2022 13:01:44.355 [0x7f4854bfd808] DEBUG - [FFMPEG] - nal_unit_type: 8(PPS), nal_ref_idc: 3
Jul 06, 2022 13:01:44.355 [0x7f4854bfd808] DEBUG - [FFMPEG] - nal_unit_type: 6(SEI), nal_ref_idc: 0
Jul 06, 2022 13:01:44.355 [0x7f4854bfd808] DEBUG - [FFMPEG] - nal_unit_type: 5(IDR), nal_ref_idc: 3
Jul 06, 2022 13:01:44.355 [0x7f4854bfd808] DEBUG - [FFMPEG] - Format yuv420p chosen by get_format().
Jul 06, 2022 13:01:44.355 [0x7f4854bfd808] DEBUG - [FFMPEG] - no picture 
Jul 06, 2022 13:01:44.359 [0x7f4854bfd808] DEBUG - [FFMPEG] - nal_unit_type: 1(Coded slice of a non-IDR picture), nal_ref_idc: 2
Jul 06, 2022 13:01:44.360 [0x7f4854bfd808] DEBUG - [FFMPEG] - no picture 
Jul 06, 2022 13:01:44.360 [0x7f4854bfd808] DEBUG - [FFMPEG] - nal_unit_type: 1(Coded slice of a non-IDR picture), nal_ref_idc: 2
Jul 06, 2022 13:01:44.362 [0x7f4854bfd808] DEBUG - [FFMPEG] - All info found
Jul 06, 2022 13:01:44.362 [0x7f4854bfd808] DEBUG - [FFMPEG] - After avformat_find_stream_info() pos: 42929 bytes read:239974 seeks:2 frames:4
Jul 06, 2022 13:01:44.362 [0x7f4854bfd808] DEBUG - [FFMPEG] - nal_unit_type: 7(SPS), nal_ref_idc: 3
Jul 06, 2022 13:01:44.362 [0x7f4854bfd808] DEBUG - [FFMPEG] - nal_unit_type: 8(PPS), nal_ref_idc: 3
Jul 06, 2022 13:01:44.362 [0x7f4854bfd808] DEBUG - [MI] Closing input file: "/tv/aws-certified-sysops-administrator-associate-training-2022/05 - Storage Amazon EBS, EFS, and AWS Storage Gateway/010 [NEW] CloudWatch Metrics for EBS.mp4"
Jul 06, 2022 13:01:44.363 [0x7f4854bfd808] DEBUG - Scanner: found local sidecar subtitle "/tv/aws-certified-sysops-administrator-associate-training-2022/05 - Storage Amazon EBS, EFS, and AWS Storage Gateway/010 [NEW] CloudWatch Metrics for EBS_en.srt"
Jul 06, 2022 13:01:44.363 [0x7f4854bfd808] DEBUG - [FFMPEG] - Opening '/tv/aws-certified-sysops-administrator-associate-training-2022/05 - Storage Amazon EBS, EFS, and AWS Storage Gateway/010 [NEW] CloudWatch Metrics for EBS_en.srt' for reading
Jul 06, 2022 13:01:44.363 [0x7f4854bfd808] DEBUG - [FFMPEG] - Setting default whitelist 'file,crypto,data'
Jul 06, 2022 13:01:44.366 [0x7f4854bfd808] DEBUG - [FFMPEG] - Format srt probed with size=2048 and score=100
Jul 06, 2022 13:01:44.368 [0x7f4854bfd808] DEBUG - [MI] Opening input file: "/tv/aws-certified-sysops-administrator-associate-training-2022/05 - Storage Amazon EBS, EFS, and AWS Storage Gateway/011 Monitoring EBS volumes with Amazon CloudWatch.mp4"
Jul 06, 2022 13:01:44.368 [0x7f4854bfd808] DEBUG - [FFMPEG] - Opening '/tv/aws-certified-sysops-administrator-associate-training-2022/05 - Storage Amazon EBS, EFS, and AWS Storage Gateway/011 Monitoring EBS volumes with Amazon CloudWatch.mp4' for reading
Jul 06, 2022 13:01:44.368 [0x7f4854bfd808] DEBUG - [FFMPEG] - Setting default whitelist 'file,crypto,data'
Jul 06, 2022 13:01:44.368 [0x7f4854bfd808] DEBUG - [FFMPEG] - Format mov,mp4,m4a,3gp,3g2,mj2 probed with size=2048 and score=100
Jul 06, 2022 13:01:44.368 [0x7f4854bfd808] DEBUG - [FFMPEG] - ISO: File Type Major Brand: isom
Jul 06, 2022 13:01:44.368 [0x7f4854bfd808] DEBUG - [FFMPEG] - Unknown dref type 0x206c7275 size 12
Jul 06, 2022 13:01:44.368 [0x7f4854bfd808] DEBUG - [FFMPEG] - Processing st: 0, edit list 0 - media time: 2000, duration: 3063000
Jul 06, 2022 13:01:44.368 [0x7f4854bfd808] DEBUG - [FFMPEG] - Offset DTS by 2000 to make first pts zero.
Jul 06, 2022 13:01:44.369 [0x7f4854bfd808] DEBUG - [FFMPEG] - Setting codecpar->delay to 2 for stream st: 0
Jul 06, 2022 13:01:44.369 [0x7f4854bfd808] DEBUG - [FFMPEG] - Unknown dref type 0x206c7275 size 12
Jul 06, 2022 13:01:44.369 [0x7f4854bfd808] DEBUG - [FFMPEG] - Processing st: 1, edit list 0 - media time: 0, duration: 4509710
Jul 06, 2022 13:01:44.369 [0x7f4854bfd808] DEBUG - [FFMPEG] - Before avformat_find_stream_info() pos: 4748388 bytes read:117570 seeks:1 nb_streams:2
Jul 06, 2022 13:01:44.369 [0x7f4854bfd808] DEBUG - [FFMPEG] - nal_unit_type: 7(SPS), nal_ref_idc: 3
Jul 06, 2022 13:01:44.369 [0x7f4854bfd808] DEBUG - [FFMPEG] - nal_unit_type: 8(PPS), nal_ref_idc: 3
Jul 06, 2022 13:01:44.369 [0x7f4854bfd808] DEBUG - [FFMPEG] - nal_unit_type: 6(SEI), nal_ref_idc: 0
Jul 06, 2022 13:01:44.369 [0x7f4854bfd808] DEBUG - [FFMPEG] - nal_unit_type: 5(IDR), nal_ref_idc: 3
Jul 06, 2022 13:01:44.369 [0x7f4854bfd808] DEBUG - [FFMPEG] - Format yuv420p chosen by get_format().
Jul 06, 2022 13:01:44.370 [0x7f4854bfd808] DEBUG - [FFMPEG] - no picture 
Jul 06, 2022 13:01:44.372 [0x7f4854bfd808] DEBUG - [FFMPEG] - nal_unit_type: 1(Coded slice of a non-IDR picture), nal_ref_idc: 2
Jul 06, 2022 13:01:44.372 [0x7f4854bfd808] DEBUG - [FFMPEG] - no picture 
Jul 06, 2022 13:01:44.373 [0x7f4854bfd808] DEBUG - [FFMPEG] - nal_unit_type: 1(Coded slice of a non-IDR picture), nal_ref_idc: 2
Jul 06, 2022 13:01:44.374 [0x7f4854bfd808] DEBUG - [FFMPEG] - All info found
Jul 06, 2022 13:01:44.375 [0x7f4854bfd808] DEBUG - [FFMPEG] - After avformat_find_stream_info() pos: 10140 bytes read:150338 seeks:2 frames:4
Jul 06, 2022 13:01:44.375 [0x7f4854bfd808] DEBUG - [FFMPEG] - nal_unit_type: 7(SPS), nal_ref_idc: 3
Jul 06, 2022 13:01:44.375 [0x7f4854bfd808] DEBUG - [FFMPEG] - nal_unit_type: 8(PPS), nal_ref_idc: 3
Jul 06, 2022 13:01:44.375 [0x7f4854bfd808] DEBUG - [MI] Closing input file: "/tv/aws-certified-sysops-administrator-associate-training-2022/05 - Storage Amazon EBS, EFS, and AWS Storage Gateway/011 Monitoring EBS volumes with Amazon CloudWatch.mp4"
Jul 06, 2022 13:01:44.375 [0x7f4854bfd808] DEBUG - Scanner: found local sidecar subtitle "/tv/aws-certified-sysops-administrator-associate-training-2022/05 - Storage Amazon EBS, EFS, and AWS Storage Gateway/011 Monitoring EBS volumes with Amazon CloudWatch_en.srt"
Jul 06, 2022 13:01:44.375 [0x7f4854bfd808] DEBUG - [FFMPEG] - Opening '/tv/aws-certified-sysops-administrator-associate-training-2022/05 - Storage Amazon EBS, EFS, and AWS Storage Gateway/011 Monitoring EBS volumes with Amazon CloudWatch_en.srt' for reading
Jul 06, 2022 13:01:44.375 [0x7f4854bfd808] DEBUG - [FFMPEG] - Setting default whitelist 'file,crypto,data'
Jul 06, 2022 13:01:44.385 [0x7f4854bfd808] DEBUG - [FFMPEG] - Format srt probed with size=2048 and score=100
Jul 06, 2022 13:01:44.387 [0x7f4854bfd808] DEBUG - [MI] Opening input file: "/tv/aws-certified-sysops-administrator-associate-training-2022/05 - Storage Amazon EBS, EFS, and AWS Storage Gateway/012 [NEW] Amazon Data Lifecycle Manager (DLM).mp4"
Jul 06, 2022 13:01:44.387 [0x7f4854bfd808] DEBUG - [FFMPEG] - Opening '/tv/aws-certified-sysops-administrator-associate-training-2022/05 - Storage Amazon EBS, EFS, and AWS Storage Gateway/012 [NEW] Amazon Data Lifecycle Manager (DLM).mp4' for reading
Jul 06, 2022 13:01:44.387 [0x7f4854bfd808] DEBUG - [FFMPEG] - Setting default whitelist 'file,crypto,data'
Jul 06, 2022 13:01:44.387 [0x7f4854bfd808] DEBUG - [FFMPEG] - Format mov,mp4,m4a,3gp,3g2,mj2 probed with size=2048 and score=100
Jul 06, 2022 13:01:44.387 [0x7f4854bfd808] DEBUG - [FFMPEG] - ISO: File Type Major Brand: isom
Jul 06, 2022 13:01:44.387 [0x7f4854bfd808] DEBUG - [FFMPEG] - Unknown dref type 0x206c7275 size 12
Jul 06, 2022 13:01:44.388 [0x7f4854bfd808] DEBUG - [FFMPEG] - Processing st: 0, edit list 0 - media time: 2000, duration: 6861000
Jul 06, 2022 13:01:44.388 [0x7f4854bfd808] DEBUG - [FFMPEG] - Offset DTS by 2000 to make first pts zero.
Jul 06, 2022 13:01:44.388 [0x7f4854bfd808] DEBUG - [FFMPEG] - Setting codecpar->delay to 2 for stream st: 0
Jul 06, 2022 13:01:44.388 [0x7f4854bfd808] DEBUG - [FFMPEG] - Unknown dref type 0x206c7275 size 12
Jul 06, 2022 13:01:44.388 [0x7f4854bfd808] DEBUG - [FFMPEG] - Processing st: 1, edit list 0 - media time: 0, duration: 10092550
Jul 06, 2022 13:01:44.388 [0x7f4854bfd808] DEBUG - [FFMPEG] - Before avformat_find_stream_info() pos: 27184596 bytes read:220250 seeks:1 nb_streams:2
Jul 06, 2022 13:01:44.389 [0x7f4854bfd808] DEBUG - [FFMPEG] - nal_unit_type: 7(SPS), nal_ref_idc: 3
Jul 06, 2022 13:01:44.389 [0x7f4854bfd808] DEBUG - [FFMPEG] - nal_unit_type: 8(PPS), nal_ref_idc: 3
Jul 06, 2022 13:01:44.389 [0x7f4854bfd808] DEBUG - [FFMPEG] - nal_unit_type: 6(SEI), nal_ref_idc: 0
Jul 06, 2022 13:01:44.389 [0x7f4854bfd808] DEBUG - [FFMPEG] - nal_unit_type: 5(IDR), nal_ref_idc: 3
Jul 06, 2022 13:01:44.389 [0x7f4854bfd808] DEBUG - [FFMPEG] - Format yuv420p chosen by get_format().
Jul 06, 2022 13:01:44.389 [0x7f4854bfd808] DEBUG - [FFMPEG] - no picture 
Jul 06, 2022 13:01:44.396 [0x7f4854bfd808] DEBUG - [FFMPEG] - nal_unit_type: 1(Coded slice of a non-IDR picture), nal_ref_idc: 2
Jul 06, 2022 13:01:44.396 [0x7f4854bfd808] DEBUG - [FFMPEG] - no picture 
Jul 06, 2022 13:01:44.397 [0x7f4854bfd808] DEBUG - [FFMPEG] - nal_unit_type: 1(Coded slice of a non-IDR picture), nal_ref_idc: 2
Jul 06, 2022 13:01:44.398 [0x7f4854bfd808] DEBUG - [FFMPEG] - All info found
Jul 06, 2022 13:01:44.399 [0x7f4854bfd808] DEBUG - [FFMPEG] - After avformat_find_stream_info() pos: 83490 bytes read:334349 seeks:2 frames:4
Jul 06, 2022 13:01:44.399 [0x7f4854bfd808] DEBUG - [FFMPEG] - nal_unit_type: 7(SPS), nal_ref_idc: 3
Jul 06, 2022 13:01:44.399 [0x7f4854bfd808] DEBUG - [FFMPEG] - nal_unit_type: 8(PPS), nal_ref_idc: 3
Jul 06, 2022 13:01:44.399 [0x7f4854bfd808] DEBUG - [MI] Closing input file: "/tv/aws-certified-sysops-administrator-associate-training-2022/05 - Storage Amazon EBS, EFS, and AWS Storage Gateway/012 [NEW] Amazon Data Lifecycle Manager (DLM).mp4"
Jul 06, 2022 13:01:44.399 [0x7f4854bfd808] DEBUG - Scanner: found local sidecar subtitle "/tv/aws-certified-sysops-administrator-associate-training-2022/05 - Storage Amazon EBS, EFS, and AWS Storage Gateway/012 [NEW] Amazon Data Lifecycle Manager (DLM)_en.srt"
Jul 06, 2022 13:01:44.399 [0x7f4854bfd808] DEBUG - [FFMPEG] - Opening '/tv/aws-certified-sysops-administrator-associate-training-2022/05 - Storage Amazon EBS, EFS, and AWS Storage Gateway/012 [NEW] Amazon Data Lifecycle Manager (DLM)_en.srt' for reading
Jul 06, 2022 13:01:44.399 [0x7f4854bfd808] DEBUG - [FFMPEG] - Setting default whitelist 'file,crypto,data'
Jul 06, 2022 13:01:44.412 [0x7f4854bfd808] DEBUG - [FFMPEG] - Format srt probed with size=2048 and score=100
Jul 06, 2022 13:01:44.414 [0x7f4854bfd808] DEBUG - [MI] Opening input file: "/tv/aws-certified-sysops-administrator-associate-training-2022/05 - Storage Amazon EBS, EFS, and AWS Storage Gateway/013 Amazon EFS Overview.mp4"
Jul 06, 2022 13:01:44.414 [0x7f4854bfd808] DEBUG - [FFMPEG] - Opening '/tv/aws-certified-sysops-administrator-associate-training-2022/05 - Storage Amazon EBS, EFS, and AWS Storage Gateway/013 Amazon EFS Overview.mp4' for reading
Jul 06, 2022 13:01:44.414 [0x7f4854bfd808] DEBUG - [FFMPEG] - Setting default whitelist 'file,crypto,data'
Jul 06, 2022 13:01:44.414 [0x7f4854bfd808] DEBUG - [FFMPEG] - Format mov,mp4,m4a,3gp,3g2,mj2 probed with size=2048 and score=100
Jul 06, 2022 13:01:44.414 [0x7f4854bfd808] DEBUG - [FFMPEG] - ISO: File Type Major Brand: isom
Jul 06, 2022 13:01:44.414 [0x7f4854bfd808] DEBUG - [FFMPEG] - Unknown dref type 0x206c7275 size 12
Jul 06, 2022 13:01:44.415 [0x7f4854bfd808] DEBUG - [FFMPEG] - Processing st: 0, edit list 0 - media time: 2000, duration: 11640000
Jul 06, 2022 13:01:44.415 [0x7f4854bfd808] DEBUG - [FFMPEG] - Offset DTS by 2000 to make first pts zero.
Jul 06, 2022 13:01:44.415 [0x7f4854bfd808] DEBUG - [FFMPEG] - Setting codecpar->delay to 2 for stream st: 0
Jul 06, 2022 13:01:44.415 [0x7f4854bfd808] DEBUG - [FFMPEG] - Unknown dref type 0x206c7275 size 12
Jul 06, 2022 13:01:44.416 [0x7f4854bfd808] DEBUG - [FFMPEG] - Processing st: 1, edit list 0 - media time: 0, duration: 17115166
Jul 06, 2022 13:01:44.416 [0x7f4854bfd808] DEBUG - [FFMPEG] - Before avformat_find_stream_info() pos: 65718506 bytes read:351408 seeks:1 nb_streams:2
Jul 06, 2022 13:01:44.416 [0x7f4854bfd808] DEBUG - [FFMPEG] - nal_unit_type: 7(SPS), nal_ref_idc: 3
Jul 06, 2022 13:01:44.416 [0x7f4854bfd808] DEBUG - [FFMPEG] - nal_unit_type: 8(PPS), nal_ref_idc: 3
Jul 06, 2022 13:01:44.416 [0x7f4854bfd808] DEBUG - [FFMPEG] - nal_unit_type: 6(SEI), nal_ref_idc: 0
Jul 06, 2022 13:01:44.416 [0x7f4854bfd808] DEBUG - [FFMPEG] - nal_unit_type: 5(IDR), nal_ref_idc: 3
Jul 06, 2022 13:01:44.416 [0x7f4854bfd808] DEBUG - [FFMPEG] - Format yuv420p chosen by get_format().
Jul 06, 2022 13:01:44.417 [0x7f4854bfd808] DEBUG - [FFMPEG] - no picture 
Jul 06, 2022 13:01:44.424 [0x7f4854bfd808] DEBUG - [FFMPEG] - nal_unit_type: 1(Coded slice of a non-IDR picture), nal_ref_idc: 2
Jul 06, 2022 13:01:44.424 [0x7f4854bfd808] DEBUG - [FFMPEG] - no picture 
Jul 06, 2022 13:01:44.425 [0x7f4854bfd808] DEBUG - [FFMPEG] - nal_unit_type: 1(Coded slice of a non-IDR picture), nal_ref_idc: 2
Jul 06, 2022 13:01:44.426 [0x7f4854bfd808] DEBUG - [FFMPEG] - All info found
Jul 06, 2022 13:01:44.426 [0x7f4854bfd808] DEBUG - [FFMPEG] - After avformat_find_stream_info() pos: 80883 bytes read:464040 seeks:2 frames:4
Jul 06, 2022 13:01:44.427 [0x7f4854bfd808] DEBUG - [FFMPEG] - nal_unit_type: 7(SPS), nal_ref_idc: 3
Jul 06, 2022 13:01:44.427 [0x7f4854bfd808] DEBUG - [FFMPEG] - nal_unit_type: 8(PPS), nal_ref_idc: 3
Jul 06, 2022 13:01:44.427 [0x7f4854bfd808] DEBUG - [MI] Closing input file: "/tv/aws-certified-sysops-administrator-associate-training-2022/05 - Storage Amazon EBS, EFS, and AWS Storage Gateway/013 Amazon EFS Overview.mp4"
Jul 06, 2022 13:01:44.427 [0x7f4854bfd808] DEBUG - Scanner: found local sidecar subtitle "/tv/aws-certified-sysops-administrator-associate-training-2022/05 - Storage Amazon EBS, EFS, and AWS Storage Gateway/013 Amazon EFS Overview_en.srt"
Jul 06, 2022 13:01:44.427 [0x7f4854bfd808] DEBUG - [FFMPEG] - Opening '/tv/aws-certified-sysops-administrator-associate-training-2022/05 - Storage Amazon EBS, EFS, and AWS Storage Gateway/013 Amazon EFS Overview_en.srt' for reading
Jul 06, 2022 13:01:44.427 [0x7f4854bfd808] DEBUG - [FFMPEG] - Setting default whitelist 'file,crypto,data'
Jul 06, 2022 13:01:44.437 [0x7f4854bfd808] DEBUG - [FFMPEG] - Format srt probed with size=2048 and score=100
Jul 06, 2022 13:01:44.439 [0x7f4854bfd808] DEBUG - [MI] Opening input file: "/tv/aws-certified-sysops-administrator-associate-training-2022/05 - Storage Amazon EBS, EFS, and AWS Storage Gateway/014 Creating and mounting an EFS filesystem.mp4"
Jul 06, 2022 13:01:44.439 [0x7f4854bfd808] DEBUG - [FFMPEG] - Opening '/tv/aws-certified-sysops-administrator-associate-training-2022/05 - Storage Amazon EBS, EFS, and AWS Storage Gateway/014 Creating and mounting an EFS filesystem.mp4' for reading
Jul 06, 2022 13:01:44.439 [0x7f4854bfd808] DEBUG - [FFMPEG] - Setting default whitelist 'file,crypto,data'
Jul 06, 2022 13:01:44.439 [0x7f4854bfd808] DEBUG - [FFMPEG] - Format mov,mp4,m4a,3gp,3g2,mj2 probed with size=2048 and score=100
Jul 06, 2022 13:01:44.439 [0x7f4854bfd808] DEBUG - [FFMPEG] - ISO: File Type Major Brand: isom
Jul 06, 2022 13:01:44.439 [0x7f4854bfd808] DEBUG - [FFMPEG] - Unknown dref type 0x206c7275 size 12
Jul 06, 2022 13:01:44.440 [0x7f4854bfd808] DEBUG - [FFMPEG] - Processing st: 0, edit list 0 - media time: 2000, duration: 14665020
Jul 06, 2022 13:01:44.441 [0x7f4854bfd808] DEBUG - [FFMPEG] - Offset DTS by 2000 to make first pts zero.
Jul 06, 2022 13:01:44.441 [0x7f4854bfd808] DEBUG - [FFMPEG] - Setting codecpar->delay to 2 for stream st: 0
Jul 06, 2022 13:01:44.441 [0x7f4854bfd808] DEBUG - [FFMPEG] - Unknown dref type 0x206c7275 size 12
Jul 06, 2022 13:01:44.441 [0x7f4854bfd808] DEBUG - [FFMPEG] - Processing st: 1, edit list 0 - media time: 0, duration: 21563401
Jul 06, 2022 13:01:44.442 [0x7f4854bfd808] DEBUG - [FFMPEG] - Before avformat_find_stream_info() pos: 52323349 bytes read:433740 seeks:1 nb_streams:2
Jul 06, 2022 13:01:44.442 [0x7f4854bfd808] DEBUG - [FFMPEG] - nal_unit_type: 7(SPS), nal_ref_idc: 3
Jul 06, 2022 13:01:44.442 [0x7f4854bfd808] DEBUG - [FFMPEG] - nal_unit_type: 8(PPS), nal_ref_idc: 3
Jul 06, 2022 13:01:44.442 [0x7f4854bfd808] DEBUG - [FFMPEG] - nal_unit_type: 6(SEI), nal_ref_idc: 0
Jul 06, 2022 13:01:44.442 [0x7f4854bfd808] DEBUG - [FFMPEG] - nal_unit_type: 5(IDR), nal_ref_idc: 3
Jul 06, 2022 13:01:44.442 [0x7f4854bfd808] DEBUG - [FFMPEG] - Format yuv420p chosen by get_format().
Jul 06, 2022 13:01:44.442 [0x7f4854bfd808] DEBUG - [FFMPEG] - no picture 
Jul 06, 2022 13:01:44.447 [0x7f4854bfd808] DEBUG - [FFMPEG] - nal_unit_type: 1(Coded slice of a non-IDR picture), nal_ref_idc: 2
Jul 06, 2022 13:01:44.447 [0x7f4854bfd808] DEBUG - [FFMPEG] - no picture 
Jul 06, 2022 13:01:44.448 [0x7f4854bfd808] DEBUG - [FFMPEG] - nal_unit_type: 1(Coded slice of a non-IDR picture), nal_ref_idc: 2
Jul 06, 2022 13:01:44.449 [0x7f4854bfd808] DEBUG - [FFMPEG] - All info found
Jul 06, 2022 13:01:44.449 [0x7f4854bfd808] DEBUG - [FFMPEG] - After avformat_find_stream_info() pos: 39440 bytes read:504938 seeks:2 frames:4
Jul 06, 2022 13:01:44.449 [0x7f4854bfd808] DEBUG - [FFMPEG] - nal_unit_type: 7(SPS), nal_ref_idc: 3
Jul 06, 2022 13:01:44.449 [0x7f4854bfd808] DEBUG - [FFMPEG] - nal_unit_type: 8(PPS), nal_ref_idc: 3
Jul 06, 2022 13:01:44.449 [0x7f4854bfd808] DEBUG - [MI] Closing input file: "/tv/aws-certified-sysops-administrator-associate-training-2022/05 - Storage Amazon EBS, EFS, and AWS Storage Gateway/014 Creating and mounting an EFS filesystem.mp4"
Jul 06, 2022 13:01:44.450 [0x7f4854bfd808] DEBUG - Scanner: found local sidecar subtitle "/tv/aws-certified-sysops-administrator-associate-training-2022/05 - Storage Amazon EBS, EFS, and AWS Storage Gateway/014 Creating and mounting an EFS filesystem_en.srt"
Jul 06, 2022 13:01:44.450 [0x7f4854bfd808] DEBUG - [FFMPEG] - Opening '/tv/aws-certified-sysops-administrator-associate-training-2022/05 - Storage Amazon EBS, EFS, and AWS Storage Gateway/014 Creating and mounting an EFS filesystem_en.srt' for reading
Jul 06, 2022 13:01:44.450 [0x7f4854bfd808] DEBUG - [FFMPEG] - Setting default whitelist 'file,crypto,data'
Jul 06, 2022 13:01:44.462 [0x7f4854bfd808] DEBUG - [FFMPEG] - Format srt probed with size=2048 and score=100
Jul 06, 2022 13:01:44.465 [0x7f4854bfd808] DEBUG - [MI] Opening input file: "/tv/aws-certified-sysops-administrator-associate-training-2022/05 - Storage Amazon EBS, EFS, and AWS Storage Gateway/015 IAM Policy Examples for Amazon EFS.mp4"
Jul 06, 2022 13:01:44.465 [0x7f4854bfd808] DEBUG - [FFMPEG] - Opening '/tv/aws-certified-sysops-administrator-associate-training-2022/05 - Storage Amazon EBS, EFS, and AWS Storage Gateway/015 IAM Policy Examples for Amazon EFS.mp4' for reading
Jul 06, 2022 13:01:44.465 [0x7f4854bfd808] DEBUG - [FFMPEG] - Setting default whitelist 'file,crypto,data'
Jul 06, 2022 13:01:44.465 [0x7f4854bfd808] DEBUG - [FFMPEG] - Format mov,mp4,m4a,3gp,3g2,mj2 probed with size=2048 and score=100
Jul 06, 2022 13:01:44.465 [0x7f4854bfd808] DEBUG - [FFMPEG] - ISO: File Type Major Brand: isom
Jul 06, 2022 13:01:44.465 [0x7f4854bfd808] DEBUG - [FFMPEG] - Unknown dref type 0x206c7275 size 12
Jul 06, 2022 13:01:44.466 [0x7f4854bfd808] DEBUG - [FFMPEG] - Processing st: 0, edit list 0 - media time: 2000, duration: 4467000
Jul 06, 2022 13:01:44.466 [0x7f4854bfd808] DEBUG - [FFMPEG] - Offset DTS by 2000 to make first pts zero.
Jul 06, 2022 13:01:44.466 [0x7f4854bfd808] DEBUG - [FFMPEG] - Setting codecpar->delay to 2 for stream st: 0
Jul 06, 2022 13:01:44.466 [0x7f4854bfd808] DEBUG - [FFMPEG] - Unknown dref type 0x206c7275 size 12
Jul 06, 2022 13:01:44.467 [0x7f4854bfd808] DEBUG - [FFMPEG] - Processing st: 1, edit list 0 - media time: 0, duration: 6572047
Jul 06, 2022 13:01:44.467 [0x7f4854bfd808] DEBUG - [FFMPEG] - Before avformat_find_stream_info() pos: 6175814 bytes read:155975 seeks:1 nb_streams:2
Jul 06, 2022 13:01:44.467 [0x7f4854bfd808] DEBUG - [FFMPEG] - nal_unit_type: 7(SPS), nal_ref_idc: 3
Jul 06, 2022 13:01:44.467 [0x7f4854bfd808] DEBUG - [FFMPEG] - nal_unit_type: 8(PPS), nal_ref_idc: 3
Jul 06, 2022 13:01:44.467 [0x7f4854bfd808] DEBUG - [FFMPEG] - nal_unit_type: 6(SEI), nal_ref_idc: 0
Jul 06, 2022 13:01:44.467 [0x7f4854bfd808] DEBUG - [FFMPEG] - nal_unit_type: 5(IDR), nal_ref_idc: 3
Jul 06, 2022 13:01:44.467 [0x7f4854bfd808] DEBUG - [FFMPEG] - Format yuv420p chosen by get_format().
Jul 06, 2022 13:01:44.468 [0x7f4854bfd808] DEBUG - [FFMPEG] - no picture 
Jul 06, 2022 13:01:44.471 [0x7f4854bfd808] DEBUG - [FFMPEG] - nal_unit_type: 1(Coded slice of a non-IDR picture), nal_ref_idc: 2
Jul 06, 2022 13:01:44.472 [0x7f4854bfd808] DEBUG - [FFMPEG] - no picture 
Jul 06, 2022 13:01:44.473 [0x7f4854bfd808] DEBUG - [FFMPEG] - nal_unit_type: 1(Coded slice of a non-IDR picture), nal_ref_idc: 2
Jul 06, 2022 13:01:44.475 [0x7f4854bfd808] DEBUG - [FFMPEG] - All info found
Jul 06, 2022 13:01:44.476 [0x7f4854bfd808] DEBUG - [FFMPEG] - After avformat_find_stream_info() pos: 10140 bytes read:188743 seeks:2 frames:4
Jul 06, 2022 13:01:44.476 [0x7f4854bfd808] DEBUG - [FFMPEG] - nal_unit_type: 7(SPS), nal_ref_idc: 3
Jul 06, 2022 13:01:44.476 [0x7f4854bfd808] DEBUG - [FFMPEG] - nal_unit_type: 8(PPS), nal_ref_idc: 3
Jul 06, 2022 13:01:44.476 [0x7f4854bfd808] DEBUG - [MI] Closing input file: "/tv/aws-certified-sysops-administrator-associate-training-2022/05 - Storage Amazon EBS, EFS, and AWS Storage Gateway/015 IAM Policy Examples for Amazon EFS.mp4"
Jul 06, 2022 13:01:44.476 [0x7f4854bfd808] DEBUG - Scanner: found local sidecar subtitle "/tv/aws-certified-sysops-administrator-associate-training-2022/05 - Storage Amazon EBS, EFS, and AWS Storage Gateway/015 IAM Policy Examples for Amazon EFS_en.srt"
Jul 06, 2022 13:01:44.476 [0x7f4854bfd808] DEBUG - [FFMPEG] - Opening '/tv/aws-certified-sysops-administrator-associate-training-2022/05 - Storage Amazon EBS, EFS, and AWS Storage Gateway/015 IAM Policy Examples for Amazon EFS_en.srt' for reading
Jul 06, 2022 13:01:44.476 [0x7f4854bfd808] DEBUG - [FFMPEG] - Setting default whitelist 'file,crypto,data'
Jul 06, 2022 13:01:44.489 [0x7f4854bfd808] DEBUG - [FFMPEG] - Format srt probed with size=2048 and score=100
Jul 06, 2022 13:01:44.491 [0x7f4854bfd808] DEBUG - [MI] Opening input file: "/tv/aws-certified-sysops-administrator-associate-training-2022/05 - Storage Amazon EBS, EFS, and AWS Storage Gateway/016 Monitoring EFS volumes.mp4"
Jul 06, 2022 13:01:44.491 [0x7f4854bfd808] DEBUG - [FFMPEG] - Opening '/tv/aws-certified-sysops-administrator-associate-training-2022/05 - Storage Amazon EBS, EFS, and AWS Storage Gateway/016 Monitoring EFS volumes.mp4' for reading
Jul 06, 2022 13:01:44.491 [0x7f4854bfd808] DEBUG - [FFMPEG] - Setting default whitelist 'file,crypto,data'
Jul 06, 2022 13:01:44.491 [0x7f4854bfd808] DEBUG - [FFMPEG] - Format mov,mp4,m4a,3gp,3g2,mj2 probed with size=2048 and score=100
Jul 06, 2022 13:01:44.491 [0x7f4854bfd808] DEBUG - [FFMPEG] - ISO: File Type Major Brand: isom
Jul 06, 2022 13:01:44.491 [0x7f4854bfd808] DEBUG - [FFMPEG] - Unknown dref type 0x206c7275 size 12
Jul 06, 2022 13:01:44.491 [0x7f4854bfd808] DEBUG - [FFMPEG] - Processing st: 0, edit list 0 - media time: 2000, duration: 3108000
Jul 06, 2022 13:01:44.491 [0x7f4854bfd808] DEBUG - [FFMPEG] - Offset DTS by 2000 to make first pts zero.
Jul 06, 2022 13:01:44.491 [0x7f4854bfd808] DEBUG - [FFMPEG] - Setting codecpar->delay to 2 for stream st: 0
Jul 06, 2022 13:01:44.491 [0x7f4854bfd808] DEBUG - [FFMPEG] - Unknown dref type 0x206c7275 size 12
Jul 06, 2022 13:01:44.492 [0x7f4854bfd808] DEBUG - [FFMPEG] - Processing st: 1, edit list 0 - media time: 0, duration: 4575243
Jul 06, 2022 13:01:44.492 [0x7f4854bfd808] DEBUG - [FFMPEG] - Before avformat_find_stream_info() pos: 5896417 bytes read:118551 seeks:1 nb_streams:2
Jul 06, 2022 13:01:44.492 [0x7f4854bfd808] DEBUG - [FFMPEG] - nal_unit_type: 7(SPS), nal_ref_idc: 3
Jul 06, 2022 13:01:44.492 [0x7f4854bfd808] DEBUG - [FFMPEG] - nal_unit_type: 8(PPS), nal_ref_idc: 3
Jul 06, 2022 13:01:44.492 [0x7f4854bfd808] DEBUG - [FFMPEG] - nal_unit_type: 6(SEI), nal_ref_idc: 0
Jul 06, 2022 13:01:44.492 [0x7f4854bfd808] DEBUG - [FFMPEG] - nal_unit_type: 5(IDR), nal_ref_idc: 3
Jul 06, 2022 13:01:44.492 [0x7f4854bfd808] DEBUG - [FFMPEG] - Format yuv420p chosen by get_format().
Jul 06, 2022 13:01:44.493 [0x7f4854bfd808] DEBUG - [FFMPEG] - no picture 
Jul 06, 2022 13:01:44.495 [0x7f4854bfd808] DEBUG - [FFMPEG] - nal_unit_type: 1(Coded slice of a non-IDR picture), nal_ref_idc: 2
Jul 06, 2022 13:01:44.496 [0x7f4854bfd808] DEBUG - [FFMPEG] - no picture 
Jul 06, 2022 13:01:44.497 [0x7f4854bfd808] DEBUG - [FFMPEG] - nal_unit_type: 1(Coded slice of a non-IDR picture), nal_ref_idc: 2
Jul 06, 2022 13:01:44.499 [0x7f4854bfd808] DEBUG - [FFMPEG] - All info found
Jul 06, 2022 13:01:44.500 [0x7f4854bfd808] DEBUG - [FFMPEG] - After avformat_find_stream_info() pos: 14393 bytes read:151319 seeks:2 frames:4
Jul 06, 2022 13:01:44.500 [0x7f4854bfd808] DEBUG - [FFMPEG] - nal_unit_type: 7(SPS), nal_ref_idc: 3
Jul 06, 2022 13:01:44.500 [0x7f4854bfd808] DEBUG - [FFMPEG] - nal_unit_type: 8(PPS), nal_ref_idc: 3
Jul 06, 2022 13:01:44.500 [0x7f4854bfd808] DEBUG - [MI] Closing input file: "/tv/aws-certified-sysops-administrator-associate-training-2022/05 - Storage Amazon EBS, EFS, and AWS Storage Gateway/016 Monitoring EFS volumes.mp4"
Jul 06, 2022 13:01:44.500 [0x7f4854bfd808] DEBUG - Scanner: found local sidecar subtitle "/tv/aws-certified-sysops-administrator-associate-training-2022/05 - Storage Amazon EBS, EFS, and AWS Storage Gateway/016 Monitoring EFS volumes_en.srt"
Jul 06, 2022 13:01:44.500 [0x7f4854bfd808] DEBUG - [FFMPEG] - Opening '/tv/aws-certified-sysops-administrator-associate-training-2022/05 - Storage Amazon EBS, EFS, and AWS Storage Gateway/016 Monitoring EFS volumes_en.srt' for reading
Jul 06, 2022 13:01:44.500 [0x7f4854bfd808] DEBUG - [FFMPEG] - Setting default whitelist 'file,crypto,data'
Jul 06, 2022 13:01:44.505 [0x7f4854bfd808] DEBUG - [FFMPEG] - Format srt probed with size=2048 and score=100
Jul 06, 2022 13:01:44.507 [0x7f4854bfd808] DEBUG - [MI] Opening input file: "/tv/aws-certified-sysops-administrator-associate-training-2022/05 - Storage Amazon EBS, EFS, and AWS Storage Gateway/017 [NEW] Amazon EFS Encryption.mp4"
Jul 06, 2022 13:01:44.507 [0x7f4854bfd808] DEBUG - [FFMPEG] - Opening '/tv/aws-certified-sysops-administrator-associate-training-2022/05 - Storage Amazon EBS, EFS, and AWS Storage Gateway/017 [NEW] Amazon EFS Encryption.mp4' for reading
Jul 06, 2022 13:01:44.507 [0x7f4854bfd808] DEBUG - [FFMPEG] - Setting default whitelist 'file,crypto,data'
Jul 06, 2022 13:01:44.508 [0x7f4854bfd808] DEBUG - [FFMPEG] - Format mov,mp4,m4a,3gp,3g2,mj2 probed with size=2048 and score=100
Jul 06, 2022 13:01:44.508 [0x7f4854bfd808] DEBUG - [FFMPEG] - ISO: File Type Major Brand: isom
Jul 06, 2022 13:01:44.508 [0x7f4854bfd808] DEBUG - [FFMPEG] - Unknown dref type 0x206c7275 size 12
Jul 06, 2022 13:01:44.508 [0x7f4854bfd808] DEBUG - [FFMPEG] - Processing st: 0, edit list 0 - media time: 2000, duration: 3918000
Jul 06, 2022 13:01:44.508 [0x7f4854bfd808] DEBUG - [FFMPEG] - Offset DTS by 2000 to make first pts zero.
Jul 06, 2022 13:01:44.508 [0x7f4854bfd808] DEBUG - [FFMPEG] - Setting codecpar->delay to 2 for stream st: 0
Jul 06, 2022 13:01:44.508 [0x7f4854bfd808] DEBUG - [FFMPEG] - Unknown dref type 0x206c7275 size 12
Jul 06, 2022 13:01:44.509 [0x7f4854bfd808] DEBUG - [FFMPEG] - Processing st: 1, edit list 0 - media time: 0, duration: 5767178
Jul 06, 2022 13:01:44.509 [0x7f4854bfd808] DEBUG - [FFMPEG] - Before avformat_find_stream_info() pos: 4700437 bytes read:140980 seeks:1 nb_streams:2
Jul 06, 2022 13:01:44.509 [0x7f4854bfd808] DEBUG - [FFMPEG] - nal_unit_type: 7(SPS), nal_ref_idc: 3
Jul 06, 2022 13:01:44.509 [0x7f4854bfd808] DEBUG - [FFMPEG] - nal_unit_type: 8(PPS), nal_ref_idc: 3
Jul 06, 2022 13:01:44.509 [0x7f4854bfd808] DEBUG - [FFMPEG] - nal_unit_type: 6(SEI), nal_ref_idc: 0
Jul 06, 2022 13:01:44.509 [0x7f4854bfd808] DEBUG - [FFMPEG] - nal_unit_type: 5(IDR), nal_ref_idc: 3
Jul 06, 2022 13:01:44.509 [0x7f4854bfd808] DEBUG - [FFMPEG] - Format yuv420p chosen by get_format().
Jul 06, 2022 13:01:44.510 [0x7f4854bfd808] DEBUG - [FFMPEG] - no picture 
Jul 06, 2022 13:01:44.513 [0x7f4854bfd808] DEBUG - [FFMPEG] - nal_unit_type: 1(Coded slice of a non-IDR picture), nal_ref_idc: 2
Jul 06, 2022 13:01:44.514 [0x7f4854bfd808] DEBUG - [FFMPEG] - no picture 
Jul 06, 2022 13:01:44.515 [0x7f4854bfd808] DEBUG - [FFMPEG] - nal_unit_type: 1(Coded slice of a non-IDR picture), nal_ref_idc: 2
Jul 06, 2022 13:01:44.517 [0x7f4854bfd808] DEBUG - [FFMPEG] - All info found
Jul 06, 2022 13:01:44.518 [0x7f4854bfd808] DEBUG - [FFMPEG] - After avformat_find_stream_info() pos: 10803 bytes read:173748 seeks:2 frames:4
Jul 06, 2022 13:01:44.518 [0x7f4854bfd808] DEBUG - [FFMPEG] - nal_unit_type: 7(SPS), nal_ref_idc: 3
Jul 06, 2022 13:01:44.518 [0x7f4854bfd808] DEBUG - [FFMPEG] - nal_unit_type: 8(PPS), nal_ref_idc: 3
Jul 06, 2022 13:01:44.518 [0x7f4854bfd808] DEBUG - [MI] Closing input file: "/tv/aws-certified-sysops-administrator-associate-training-2022/05 - Storage Amazon EBS, EFS, and AWS Storage Gateway/017 [NEW] Amazon EFS Encryption.mp4"
Jul 06, 2022 13:01:44.518 [0x7f4854bfd808] DEBUG - Scanner: found local sidecar subtitle "/tv/aws-certified-sysops-administrator-associate-training-2022/05 - Storage Amazon EBS, EFS, and AWS Storage Gateway/017 [NEW] Amazon EFS Encryption_en.srt"
Jul 06, 2022 13:01:44.518 [0x7f4854bfd808] DEBUG - [FFMPEG] - Opening '/tv/aws-certified-sysops-administrator-associate-training-2022/05 - Storage Amazon EBS, EFS, and AWS Storage Gateway/017 [NEW] Amazon EFS Encryption_en.srt' for reading
Jul 06, 2022 13:01:44.518 [0x7f4854bfd808] DEBUG - [FFMPEG] - Setting default whitelist 'file,crypto,data'
Jul 06, 2022 13:01:44.525 [0x7f4854bfd808] DEBUG - [FFMPEG] - Format srt probed with size=2048 and score=100
Jul 06, 2022 13:01:44.527 [0x7f4854bfd808] DEBUG - [MI] Opening input file: "/tv/aws-certified-sysops-administrator-associate-training-2022/05 - Storage Amazon EBS, EFS, and AWS Storage Gateway/018 AWS Storage Gateway - File Gateway.mp4"
Jul 06, 2022 13:01:44.527 [0x7f4854bfd808] DEBUG - [FFMPEG] - Opening '/tv/aws-certified-sysops-administrator-associate-training-2022/05 - Storage Amazon EBS, EFS, and AWS Storage Gateway/018 AWS Storage Gateway - File Gateway.mp4' for reading
Jul 06, 2022 13:01:44.527 [0x7f4854bfd808] DEBUG - [FFMPEG] - Setting default whitelist 'file,crypto,data'
Jul 06, 2022 13:01:44.528 [0x7f4854bfd808] DEBUG - [FFMPEG] - Format mov,mp4,m4a,3gp,3g2,mj2 probed with size=2048 and score=100
Jul 06, 2022 13:01:44.528 [0x7f4854bfd808] DEBUG - [FFMPEG] - ISO: File Type Major Brand: isom
Jul 06, 2022 13:01:44.528 [0x7f4854bfd808] DEBUG - [FFMPEG] - Unknown dref type 0x206c7275 size 12
Jul 06, 2022 13:01:44.529 [0x7f4854bfd808] DEBUG - [FFMPEG] - Processing st: 0, edit list 0 - media time: 2000, duration: 5937000
Jul 06, 2022 13:01:44.529 [0x7f4854bfd808] DEBUG - [FFMPEG] - Offset DTS by 2000 to make first pts zero.
Jul 06, 2022 13:01:44.529 [0x7f4854bfd808] DEBUG - [FFMPEG] - Setting codecpar->delay to 2 for stream st: 0
Jul 06, 2022 13:01:44.529 [0x7f4854bfd808] DEBUG - [FFMPEG] - Unknown dref type 0x206c7275 size 12
Jul 06, 2022 13:01:44.529 [0x7f4854bfd808] DEBUG - [FFMPEG] - Processing st: 1, edit list 0 - media time: 0, duration: 8732682
Jul 06, 2022 13:01:44.530 [0x7f4854bfd808] DEBUG - [FFMPEG] - Before avformat_find_stream_info() pos: 8105485 bytes read:195939 seeks:1 nb_streams:2
Jul 06, 2022 13:01:44.530 [0x7f4854bfd808] DEBUG - [FFMPEG] - nal_unit_type: 7(SPS), nal_ref_idc: 3
Jul 06, 2022 13:01:44.530 [0x7f4854bfd808] DEBUG - [FFMPEG] - nal_unit_type: 8(PPS), nal_ref_idc: 3
Jul 06, 2022 13:01:44.530 [0x7f4854bfd808] DEBUG - [FFMPEG] - nal_unit_type: 6(SEI), nal_ref_idc: 0
Jul 06, 2022 13:01:44.530 [0x7f4854bfd808] DEBUG - [FFMPEG] - nal_unit_type: 5(IDR), nal_ref_idc: 3
Jul 06, 2022 13:01:44.530 [0x7f4854bfd808] DEBUG - [FFMPEG] - Format yuv420p chosen by get_format().
Jul 06, 2022 13:01:44.531 [0x7f4854bfd808] DEBUG - [FFMPEG] - no picture 
Jul 06, 2022 13:01:44.534 [0x7f4854bfd808] DEBUG - [FFMPEG] - nal_unit_type: 1(Coded slice of a non-IDR picture), nal_ref_idc: 2
Jul 06, 2022 13:01:44.534 [0x7f4854bfd808] DEBUG - [FFMPEG] - no picture 
Jul 06, 2022 13:01:44.536 [0x7f4854bfd808] DEBUG - [FFMPEG] - nal_unit_type: 1(Coded slice of a non-IDR picture), nal_ref_idc: 2
Jul 06, 2022 13:01:44.538 [0x7f4854bfd808] DEBUG - [FFMPEG] - All info found
Jul 06, 2022 13:01:44.538 [0x7f4854bfd808] DEBUG - [FFMPEG] - After avformat_find_stream_info() pos: 10140 bytes read:228707 seeks:2 frames:4
Jul 06, 2022 13:01:44.539 [0x7f4854bfd808] DEBUG - [FFMPEG] - nal_unit_type: 7(SPS), nal_ref_idc: 3
Jul 06, 2022 13:01:44.539 [0x7f4854bfd808] DEBUG - [FFMPEG] - nal_unit_type: 8(PPS), nal_ref_idc: 3
Jul 06, 2022 13:01:44.539 [0x7f4854bfd808] DEBUG - [MI] Closing input file: "/tv/aws-certified-sysops-administrator-associate-training-2022/05 - Storage Amazon EBS, EFS, and AWS Storage Gateway/018 AWS Storage Gateway - File Gateway.mp4"
Jul 06, 2022 13:01:44.539 [0x7f4854bfd808] DEBUG - Scanner: found local sidecar subtitle "/tv/aws-certified-sysops-administrator-associate-training-2022/05 - Storage Amazon EBS, EFS, and AWS Storage Gateway/018 AWS Storage Gateway - File Gateway_en.srt"
Jul 06, 2022 13:01:44.539 [0x7f4854bfd808] DEBUG - [FFMPEG] - Opening '/tv/aws-certified-sysops-administrator-associate-training-2022/05 - Storage Amazon EBS, EFS, and AWS Storage Gateway/018 AWS Storage Gateway - File Gateway_en.srt' for reading
Jul 06, 2022 13:01:44.539 [0x7f4854bfd808] DEBUG - [FFMPEG] - Setting default whitelist 'file,crypto,data'
Jul 06, 2022 13:01:44.548 [0x7f4854bfd808] DEBUG - [FFMPEG] - Format srt probed with size=2048 and score=100
Jul 06, 2022 13:01:44.551 [0x7f4854bfd808] DEBUG - [MI] Opening input file: "/tv/aws-certified-sysops-administrator-associate-training-2022/05 - Storage Amazon EBS, EFS, and AWS Storage Gateway/019 AWS Storage Gateway - Volume Gateway.mp4"
Jul 06, 2022 13:01:44.551 [0x7f4854bfd808] DEBUG - [FFMPEG] - Opening '/tv/aws-certified-sysops-administrator-associate-training-2022/05 - Storage Amazon EBS, EFS, and AWS Storage Gateway/019 AWS Storage Gateway - Volume Gateway.mp4' for reading
Jul 06, 2022 13:01:44.551 [0x7f4854bfd808] DEBUG - [FFMPEG] - Setting default whitelist 'file,crypto,data'
Jul 06, 2022 13:01:44.551 [0x7f4854bfd808] DEBUG - [FFMPEG] - Format mov,mp4,m4a,3gp,3g2,mj2 probed with size=2048 and score=100
Jul 06, 2022 13:01:44.551 [0x7f4854bfd808] DEBUG - [FFMPEG] - ISO: File Type Major Brand: isom
Jul 06, 2022 13:01:44.551 [0x7f4854bfd808] DEBUG - [FFMPEG] - Unknown dref type 0x206c7275 size 12
Jul 06, 2022 13:01:44.552 [0x7f4854bfd808] DEBUG - [FFMPEG] - Processing st: 0, edit list 0 - media time: 2000, duration: 4759020
Jul 06, 2022 13:01:44.552 [0x7f4854bfd808] DEBUG - [FFMPEG] - Offset DTS by 2000 to make first pts zero.
Jul 06, 2022 13:01:44.552 [0x7f4854bfd808] DEBUG - [FFMPEG] - Setting codecpar->delay to 2 for stream st: 0
Jul 06, 2022 13:01:44.552 [0x7f4854bfd808] DEBUG - [FFMPEG] - Unknown dref type 0x206c7275 size 12
Jul 06, 2022 13:01:44.552 [0x7f4854bfd808] DEBUG - [FFMPEG] - Processing st: 1, edit list 0 - media time: 0, duration: 7002154
Jul 06, 2022 13:01:44.552 [0x7f4854bfd808] DEBUG - [FFMPEG] - Before avformat_find_stream_info() pos: 6240211 bytes read:163821 seeks:1 nb_streams:2
Jul 06, 2022 13:01:44.553 [0x7f4854bfd808] DEBUG - [FFMPEG] - nal_unit_type: 7(SPS), nal_ref_idc: 3
Jul 06, 2022 13:01:44.553 [0x7f4854bfd808] DEBUG - [FFMPEG] - nal_unit_type: 8(PPS), nal_ref_idc: 3
Jul 06, 2022 13:01:44.553 [0x7f4854bfd808] DEBUG - [FFMPEG] - nal_unit_type: 6(SEI), nal_ref_idc: 0
Jul 06, 2022 13:01:44.553 [0x7f4854bfd808] DEBUG - [FFMPEG] - nal_unit_type: 5(IDR), nal_ref_idc: 3
Jul 06, 2022 13:01:44.553 [0x7f4854bfd808] DEBUG - [FFMPEG] - Format yuv420p chosen by get_format().
Jul 06, 2022 13:01:44.553 [0x7f4854bfd808] DEBUG - [FFMPEG] - no picture 
Jul 06, 2022 13:01:44.557 [0x7f4854bfd808] DEBUG - [FFMPEG] - nal_unit_type: 1(Coded slice of a non-IDR picture), nal_ref_idc: 2
Jul 06, 2022 13:01:44.558 [0x7f4854bfd808] DEBUG - [FFMPEG] - no picture 
Jul 06, 2022 13:01:44.558 [0x7f4854bfd808] DEBUG - [FFMPEG] - nal_unit_type: 1(Coded slice of a non-IDR picture), nal_ref_idc: 2
Jul 06, 2022 13:01:44.560 [0x7f4854bfd808] DEBUG - [FFMPEG] - All info found
Jul 06, 2022 13:01:44.561 [0x7f4854bfd808] DEBUG - [FFMPEG] - After avformat_find_stream_info() pos: 10140 bytes read:196589 seeks:2 frames:4
Jul 06, 2022 13:01:44.561 [0x7f4854bfd808] DEBUG - [FFMPEG] - nal_unit_type: 7(SPS), nal_ref_idc: 3
Jul 06, 2022 13:01:44.561 [0x7f4854bfd808] DEBUG - [FFMPEG] - nal_unit_type: 8(PPS), nal_ref_idc: 3
Jul 06, 2022 13:01:44.561 [0x7f4854bfd808] DEBUG - [MI] Closing input file: "/tv/aws-certified-sysops-administrator-associate-training-2022/05 - Storage Amazon EBS, EFS, and AWS Storage Gateway/019 AWS Storage Gateway - Volume Gateway.mp4"
Jul 06, 2022 13:01:44.561 [0x7f4854bfd808] DEBUG - Scanner: found local sidecar subtitle "/tv/aws-certified-sysops-administrator-associate-training-2022/05 - Storage Amazon EBS, EFS, and AWS Storage Gateway/019 AWS Storage Gateway - Volume Gateway_en.srt"
Jul 06, 2022 13:01:44.561 [0x7f4854bfd808] DEBUG - [FFMPEG] - Opening '/tv/aws-certified-sysops-administrator-associate-training-2022/05 - Storage Amazon EBS, EFS, and AWS Storage Gateway/019 AWS Storage Gateway - Volume Gateway_en.srt' for reading
Jul 06, 2022 13:01:44.561 [0x7f4854bfd808] DEBUG - [FFMPEG] - Setting default whitelist 'file,crypto,data'
Jul 06, 2022 13:01:44.567 [0x7f4854bfd808] DEBUG - [FFMPEG] - Format srt probed with size=2048 and score=100
Jul 06, 2022 13:01:44.569 [0x7f4854bfd808] DEBUG - [MI] Opening input file: "/tv/aws-certified-sysops-administrator-associate-training-2022/05 - Storage Amazon EBS, EFS, and AWS Storage Gateway/020 AWS Storage Gateway - Tape Gateway.mp4"
Jul 06, 2022 13:01:44.569 [0x7f4854bfd808] DEBUG - [FFMPEG] - Opening '/tv/aws-certified-sysops-administrator-associate-training-2022/05 - Storage Amazon EBS, EFS, and AWS Storage Gateway/020 AWS Storage Gateway - Tape Gateway.mp4' for reading
Jul 06, 2022 13:01:44.569 [0x7f4854bfd808] DEBUG - [FFMPEG] - Setting default whitelist 'file,crypto,data'
Jul 06, 2022 13:01:44.569 [0x7f4854bfd808] DEBUG - [FFMPEG] - Format mov,mp4,m4a,3gp,3g2,mj2 probed with size=2048 and score=100
Jul 06, 2022 13:01:44.570 [0x7f4854bfd808] DEBUG - [FFMPEG] - ISO: File Type Major Brand: isom
Jul 06, 2022 13:01:44.570 [0x7f4854bfd808] DEBUG - [FFMPEG] - Unknown dref type 0x206c7275 size 12
Jul 06, 2022 13:01:44.570 [0x7f4854bfd808] DEBUG - [FFMPEG] - Processing st: 0, edit list 0 - media time: 2000, duration: 3379020
Jul 06, 2022 13:01:44.570 [0x7f4854bfd808] DEBUG - [FFMPEG] - Offset DTS by 2000 to make first pts zero.
Jul 06, 2022 13:01:44.570 [0x7f4854bfd808] DEBUG - [FFMPEG] - Setting codecpar->delay to 2 for stream st: 0
Jul 06, 2022 13:01:44.570 [0x7f4854bfd808] DEBUG - [FFMPEG] - Unknown dref type 0x206c7275 size 12
Jul 06, 2022 13:01:44.571 [0x7f4854bfd808] DEBUG - [FFMPEG] - Processing st: 1, edit list 0 - media time: 0, duration: 4972584
Jul 06, 2022 13:01:44.571 [0x7f4854bfd808] DEBUG - [FFMPEG] - Before avformat_find_stream_info() pos: 5495948 bytes read:126243 seeks:1 nb_streams:2
Jul 06, 2022 13:01:44.571 [0x7f4854bfd808] DEBUG - [FFMPEG] - nal_unit_type: 7(SPS), nal_ref_idc: 3
Jul 06, 2022 13:01:44.571 [0x7f4854bfd808] DEBUG - [FFMPEG] - nal_unit_type: 8(PPS), nal_ref_idc: 3
Jul 06, 2022 13:01:44.571 [0x7f4854bfd808] DEBUG - [FFMPEG] - nal_unit_type: 6(SEI), nal_ref_idc: 0
Jul 06, 2022 13:01:44.571 [0x7f4854bfd808] DEBUG - [FFMPEG] - nal_unit_type: 5(IDR), nal_ref_idc: 3
Jul 06, 2022 13:01:44.571 [0x7f4854bfd808] DEBUG - [FFMPEG] - Format yuv420p chosen by get_format().
Jul 06, 2022 13:01:44.572 [0x7f4854bfd808] DEBUG - [FFMPEG] - no picture 
Jul 06, 2022 13:01:44.575 [0x7f4854bfd808] DEBUG - [FFMPEG] - nal_unit_type: 1(Coded slice of a non-IDR picture), nal_ref_idc: 2
Jul 06, 2022 13:01:44.576 [0x7f4854bfd808] DEBUG - [FFMPEG] - no picture 
Jul 06, 2022 13:01:44.577 [0x7f4854bfd808] DEBUG - [FFMPEG] - nal_unit_type: 1(Coded slice of a non-IDR picture), nal_ref_idc: 2
Jul 06, 2022 13:01:44.579 [0x7f4854bfd808] DEBUG - [FFMPEG] - All info found
Jul 06, 2022 13:01:44.580 [0x7f4854bfd808] DEBUG - [FFMPEG] - After avformat_find_stream_info() pos: 14393 bytes read:159011 seeks:2 frames:4
Jul 06, 2022 13:01:44.580 [0x7f4854bfd808] DEBUG - [FFMPEG] - nal_unit_type: 7(SPS), nal_ref_idc: 3
Jul 06, 2022 13:01:44.580 [0x7f4854bfd808] DEBUG - [FFMPEG] - nal_unit_type: 8(PPS), nal_ref_idc: 3
Jul 06, 2022 13:01:44.580 [0x7f4854bfd808] DEBUG - [MI] Closing input file: "/tv/aws-certified-sysops-administrator-associate-training-2022/05 - Storage Amazon EBS, EFS, and AWS Storage Gateway/020 AWS Storage Gateway - Tape Gateway.mp4"
Jul 06, 2022 13:01:44.580 [0x7f4854bfd808] DEBUG - Scanner: found local sidecar subtitle "/tv/aws-certified-sysops-administrator-associate-training-2022/05 - Storage Amazon EBS, EFS, and AWS Storage Gateway/020 AWS Storage Gateway - Tape Gateway_en.srt"
Jul 06, 2022 13:01:44.580 [0x7f4854bfd808] DEBUG - [FFMPEG] - Opening '/tv/aws-certified-sysops-administrator-associate-training-2022/05 - Storage Amazon EBS, EFS, and AWS Storage Gateway/020 AWS Storage Gateway - Tape Gateway_en.srt' for reading
Jul 06, 2022 13:01:44.580 [0x7f4854bfd808] DEBUG - [FFMPEG] - Setting default whitelist 'file,crypto,data'
Jul 06, 2022 13:01:44.588 [0x7f4854bfd808] DEBUG - [FFMPEG] - Format srt probed with size=2048 and score=100
Jul 06, 2022 13:01:44.591 [0x7f4854bfd808] DEBUG - [MI] Opening input file: "/tv/aws-certified-sysops-administrator-associate-training-2022/05 - Storage Amazon EBS, EFS, and AWS Storage Gateway/021 Exam scenarios for EBS, EFS, and AWS Storage Gateway.mp4"
Jul 06, 2022 13:01:44.591 [0x7f4854bfd808] DEBUG - [FFMPEG] - Opening '/tv/aws-certified-sysops-administrator-associate-training-2022/05 - Storage Amazon EBS, EFS, and AWS Storage Gateway/021 Exam scenarios for EBS, EFS, and AWS Storage Gateway.mp4' for reading
Jul 06, 2022 13:01:44.591 [0x7f4854bfd808] DEBUG - [FFMPEG] - Setting default whitelist 'file,crypto,data'
Jul 06, 2022 13:01:44.591 [0x7f4854bfd808] DEBUG - [FFMPEG] - Format mov,mp4,m4a,3gp,3g2,mj2 probed with size=2048 and score=100
Jul 06, 2022 13:01:44.591 [0x7f4854bfd808] DEBUG - [FFMPEG] - ISO: File Type Major Brand: isom
Jul 06, 2022 13:01:44.591 [0x7f4854bfd808] DEBUG - [FFMPEG] - Unknown dref type 0x206c7275 size 12
Jul 06, 2022 13:01:44.592 [0x7f4854bfd808] DEBUG - [FFMPEG] - Processing st: 0, edit list 0 - media time: 2000, duration: 5112000
Jul 06, 2022 13:01:44.592 [0x7f4854bfd808] DEBUG - [FFMPEG] - Offset DTS by 2000 to make first pts zero.
Jul 06, 2022 13:01:44.592 [0x7f4854bfd808] DEBUG - [FFMPEG] - Setting codecpar->delay to 2 for stream st: 0
Jul 06, 2022 13:01:44.592 [0x7f4854bfd808] DEBUG - [FFMPEG] - Unknown dref type 0x206c7275 size 12
Jul 06, 2022 13:01:44.592 [0x7f4854bfd808] DEBUG - [FFMPEG] - Processing st: 1, edit list 0 - media time: 0, duration: 7520285
Jul 06, 2022 13:01:44.593 [0x7f4854bfd808] DEBUG - [FFMPEG] - Before avformat_find_stream_info() pos: 6932940 bytes read:173433 seeks:1 nb_streams:2
Jul 06, 2022 13:01:44.593 [0x7f4854bfd808] DEBUG - [FFMPEG] - nal_unit_type: 7(SPS), nal_ref_idc: 3
Jul 06, 2022 13:01:44.593 [0x7f4854bfd808] DEBUG - [FFMPEG] - nal_unit_type: 8(PPS), nal_ref_idc: 3
Jul 06, 2022 13:01:44.593 [0x7f4854bfd808] DEBUG - [FFMPEG] - nal_unit_type: 6(SEI), nal_ref_idc: 0
Jul 06, 2022 13:01:44.593 [0x7f4854bfd808] DEBUG - [FFMPEG] - nal_unit_type: 5(IDR), nal_ref_idc: 3
Jul 06, 2022 13:01:44.593 [0x7f4854bfd808] DEBUG - [FFMPEG] - Format yuv420p chosen by get_format().
Jul 06, 2022 13:01:44.594 [0x7f4854bfd808] DEBUG - [FFMPEG] - no picture 
Jul 06, 2022 13:01:44.597 [0x7f4854bfd808] DEBUG - [FFMPEG] - nal_unit_type: 1(Coded slice of a non-IDR picture), nal_ref_idc: 2
Jul 06, 2022 13:01:44.598 [0x7f4854bfd808] DEBUG - [FFMPEG] - no picture 
Jul 06, 2022 13:01:44.599 [0x7f4854bfd808] DEBUG - [FFMPEG] - nal_unit_type: 1(Coded slice of a non-IDR picture), nal_ref_idc: 2
Jul 06, 2022 13:01:44.601 [0x7f4854bfd808] DEBUG - [FFMPEG] - All info found
Jul 06, 2022 13:01:44.601 [0x7f4854bfd808] DEBUG - [FFMPEG] - After avformat_find_stream_info() pos: 10140 bytes read:206201 seeks:2 frames:4
Jul 06, 2022 13:01:44.602 [0x7f4854bfd808] DEBUG - [FFMPEG] - nal_unit_type: 7(SPS), nal_ref_idc: 3
Jul 06, 2022 13:01:44.602 [0x7f4854bfd808] DEBUG - [FFMPEG] - nal_unit_type: 8(PPS), nal_ref_idc: 3
Jul 06, 2022 13:01:44.602 [0x7f4854bfd808] DEBUG - [MI] Closing input file: "/tv/aws-certified-sysops-administrator-associate-training-2022/05 - Storage Amazon EBS, EFS, and AWS Storage Gateway/021 Exam scenarios for EBS, EFS, and AWS Storage Gateway.mp4"
Jul 06, 2022 13:01:44.602 [0x7f4854bfd808] DEBUG - Scanner: found local sidecar subtitle "/tv/aws-certified-sysops-administrator-associate-training-2022/05 - Storage Amazon EBS, EFS, and AWS Storage Gateway/021 Exam scenarios for EBS, EFS, and AWS Storage Gateway_en.srt"
Jul 06, 2022 13:01:44.602 [0x7f4854bfd808] DEBUG - [FFMPEG] - Opening '/tv/aws-certified-sysops-administrator-associate-training-2022/05 - Storage Amazon EBS, EFS, and AWS Storage Gateway/021 Exam scenarios for EBS, EFS, and AWS Storage Gateway_en.srt' for reading
Jul 06, 2022 13:01:44.602 [0x7f4854bfd808] DEBUG - [FFMPEG] - Setting default whitelist 'file,crypto,data'
Jul 06, 2022 13:01:44.612 [0x7f4854bfd808] DEBUG - [FFMPEG] - Format srt probed with size=2048 and score=100
