Jul 06, 2022 13:00:59.494 [0x7fcdac1ceb38] INFO - Plex Media Scanner v1.26.2.5797-5bd057d2b - Docker Docker Container (LinuxServer.io) x86_64 - build: linux-x86_64 - GMT 02:00
Jul 06, 2022 13:00:59.494 [0x7fcdac1ceb38] INFO - Linux version: 5.15.49-1-MANJARO, language: en-US
Jul 06, 2022 13:00:59.494 [0x7fcdac1ceb38] INFO - Processor: 12-core AMD Ryzen 5 3600 6-Core Processor              
Jul 06, 2022 13:00:59.494 [0x7fcdac1ceb38] INFO - /usr/lib/plexmediaserver/Plex Media Scanner --match --type 2 --log-file-suffix  Matcher --item 914
Jul 06, 2022 13:00:59.495 [0x7fcdaf1e3808] DEBUG - Opening 20 database sessions to library (com.plexapp.plugins.library), SQLite 3.35.5, threadsafe=1
Jul 06, 2022 13:00:59.557 [0x7fcdaf1e3808] DEBUG - Matcher: found 17 auxiliary files for Season 14
Jul 06, 2022 13:00:59.559 [0x7fcdaf1e3808] DEBUG - [MI] Opening input file: "/tv/aws-certified-sysops-administrator-associate-training-2022/14 - Security, Identity, and Compliance/001 Introduction.mp4"
Jul 06, 2022 13:00:59.559 [0x7fcdaf1e3808] DEBUG - [FFMPEG] - Opening '/tv/aws-certified-sysops-administrator-associate-training-2022/14 - Security, Identity, and Compliance/001 Introduction.mp4' for reading
Jul 06, 2022 13:00:59.559 [0x7fcdaf1e3808] DEBUG - [FFMPEG] - Setting default whitelist 'file,crypto,data'
Jul 06, 2022 13:00:59.559 [0x7fcdaf1e3808] DEBUG - [FFMPEG] - Format mov,mp4,m4a,3gp,3g2,mj2 probed with size=2048 and score=100
Jul 06, 2022 13:00:59.560 [0x7fcdaf1e3808] DEBUG - [FFMPEG] - ISO: File Type Major Brand: isom
Jul 06, 2022 13:00:59.560 [0x7fcdaf1e3808] DEBUG - [FFMPEG] - Unknown dref type 0x206c7275 size 12
Jul 06, 2022 13:00:59.561 [0x7fcdaf1e3808] DEBUG - [FFMPEG] - Processing st: 0, edit list 0 - media time: 2000, duration: 2250000
Jul 06, 2022 13:00:59.561 [0x7fcdaf1e3808] DEBUG - [FFMPEG] - Offset DTS by 2000 to make first pts zero.
Jul 06, 2022 13:00:59.561 [0x7fcdaf1e3808] DEBUG - [FFMPEG] - Setting codecpar->delay to 2 for stream st: 0
Jul 06, 2022 13:00:59.561 [0x7fcdaf1e3808] DEBUG - [FFMPEG] - Unknown dref type 0x206c7275 size 12
Jul 06, 2022 13:00:59.561 [0x7fcdaf1e3808] DEBUG - [FFMPEG] - Processing st: 1, edit list 0 - media time: 0, duration: 3313674
Jul 06, 2022 13:00:59.561 [0x7fcdaf1e3808] DEBUG - [FFMPEG] - Before avformat_find_stream_info() pos: 6014740 bytes read:95469 seeks:1 nb_streams:2
Jul 06, 2022 13:00:59.562 [0x7fcdaf1e3808] DEBUG - [FFMPEG] - nal_unit_type: 7(SPS), nal_ref_idc: 3
Jul 06, 2022 13:00:59.562 [0x7fcdaf1e3808] DEBUG - [FFMPEG] - nal_unit_type: 8(PPS), nal_ref_idc: 3
Jul 06, 2022 13:00:59.562 [0x7fcdaf1e3808] DEBUG - [FFMPEG] - nal_unit_type: 6(SEI), nal_ref_idc: 0
Jul 06, 2022 13:00:59.562 [0x7fcdaf1e3808] DEBUG - [FFMPEG] - nal_unit_type: 5(IDR), nal_ref_idc: 3
Jul 06, 2022 13:00:59.562 [0x7fcdaf1e3808] DEBUG - [FFMPEG] - Format yuv420p chosen by get_format().
Jul 06, 2022 13:00:59.562 [0x7fcdaf1e3808] DEBUG - [FFMPEG] - no picture 
Jul 06, 2022 13:00:59.568 [0x7fcdaf1e3808] DEBUG - [FFMPEG] - nal_unit_type: 1(Coded slice of a non-IDR picture), nal_ref_idc: 2
Jul 06, 2022 13:00:59.568 [0x7fcdaf1e3808] DEBUG - [FFMPEG] - no picture 
Jul 06, 2022 13:00:59.569 [0x7fcdaf1e3808] DEBUG - [FFMPEG] - nal_unit_type: 1(Coded slice of a non-IDR picture), nal_ref_idc: 2
Jul 06, 2022 13:00:59.571 [0x7fcdaf1e3808] DEBUG - [FFMPEG] - All info found
Jul 06, 2022 13:00:59.571 [0x7fcdaf1e3808] DEBUG - [FFMPEG] - After avformat_find_stream_info() pos: 50402 bytes read:177797 seeks:2 frames:4
Jul 06, 2022 13:00:59.571 [0x7fcdaf1e3808] DEBUG - [FFMPEG] - nal_unit_type: 7(SPS), nal_ref_idc: 3
Jul 06, 2022 13:00:59.571 [0x7fcdaf1e3808] DEBUG - [FFMPEG] - nal_unit_type: 8(PPS), nal_ref_idc: 3
Jul 06, 2022 13:00:59.572 [0x7fcdaf1e3808] DEBUG - [MI] Closing input file: "/tv/aws-certified-sysops-administrator-associate-training-2022/14 - Security, Identity, and Compliance/001 Introduction.mp4"
Jul 06, 2022 13:00:59.572 [0x7fcdaf1e3808] DEBUG - Scanner: found local sidecar subtitle "/tv/aws-certified-sysops-administrator-associate-training-2022/14 - Security, Identity, and Compliance/001 Introduction_en.srt"
Jul 06, 2022 13:00:59.572 [0x7fcdaf1e3808] DEBUG - [FFMPEG] - Opening '/tv/aws-certified-sysops-administrator-associate-training-2022/14 - Security, Identity, and Compliance/001 Introduction_en.srt' for reading
Jul 06, 2022 13:00:59.572 [0x7fcdaf1e3808] DEBUG - [FFMPEG] - Setting default whitelist 'file,crypto,data'
Jul 06, 2022 13:00:59.572 [0x7fcdaf1e3808] DEBUG - [FFMPEG] - Format srt probed with size=2048 and score=100
Jul 06, 2022 13:00:59.576 [0x7fcdaf1e3808] DEBUG - [MI] Opening input file: "/tv/aws-certified-sysops-administrator-associate-training-2022/14 - Security, Identity, and Compliance/002 AWS IAM - Multi-Factor Authentication.mp4"
Jul 06, 2022 13:00:59.576 [0x7fcdaf1e3808] DEBUG - [FFMPEG] - Opening '/tv/aws-certified-sysops-administrator-associate-training-2022/14 - Security, Identity, and Compliance/002 AWS IAM - Multi-Factor Authentication.mp4' for reading
Jul 06, 2022 13:00:59.576 [0x7fcdaf1e3808] DEBUG - [FFMPEG] - Setting default whitelist 'file,crypto,data'
Jul 06, 2022 13:00:59.576 [0x7fcdaf1e3808] DEBUG - [FFMPEG] - Format mov,mp4,m4a,3gp,3g2,mj2 probed with size=2048 and score=100
Jul 06, 2022 13:00:59.576 [0x7fcdaf1e3808] DEBUG - [FFMPEG] - ISO: File Type Major Brand: isom
Jul 06, 2022 13:00:59.576 [0x7fcdaf1e3808] DEBUG - [FFMPEG] - Unknown dref type 0x206c7275 size 12
Jul 06, 2022 13:00:59.577 [0x7fcdaf1e3808] DEBUG - [FFMPEG] - Processing st: 0, edit list 0 - media time: 2000, duration: 7836000
Jul 06, 2022 13:00:59.577 [0x7fcdaf1e3808] DEBUG - [FFMPEG] - Offset DTS by 2000 to make first pts zero.
Jul 06, 2022 13:00:59.577 [0x7fcdaf1e3808] DEBUG - [FFMPEG] - Setting codecpar->delay to 2 for stream st: 0
Jul 06, 2022 13:00:59.577 [0x7fcdaf1e3808] DEBUG - [FFMPEG] - Unknown dref type 0x206c7275 size 12
Jul 06, 2022 13:00:59.578 [0x7fcdaf1e3808] DEBUG - [FFMPEG] - Processing st: 1, edit list 0 - media time: 0, duration: 11524124
Jul 06, 2022 13:00:59.578 [0x7fcdaf1e3808] DEBUG - [FFMPEG] - Before avformat_find_stream_info() pos: 37069439 bytes read:247434 seeks:1 nb_streams:2
Jul 06, 2022 13:00:59.578 [0x7fcdaf1e3808] DEBUG - [FFMPEG] - nal_unit_type: 7(SPS), nal_ref_idc: 3
Jul 06, 2022 13:00:59.578 [0x7fcdaf1e3808] DEBUG - [FFMPEG] - nal_unit_type: 8(PPS), nal_ref_idc: 3
Jul 06, 2022 13:00:59.578 [0x7fcdaf1e3808] DEBUG - [FFMPEG] - nal_unit_type: 6(SEI), nal_ref_idc: 0
Jul 06, 2022 13:00:59.578 [0x7fcdaf1e3808] DEBUG - [FFMPEG] - nal_unit_type: 5(IDR), nal_ref_idc: 3
Jul 06, 2022 13:00:59.578 [0x7fcdaf1e3808] DEBUG - [FFMPEG] - Format yuv420p chosen by get_format().
Jul 06, 2022 13:00:59.579 [0x7fcdaf1e3808] DEBUG - [FFMPEG] - no picture 
Jul 06, 2022 13:00:59.584 [0x7fcdaf1e3808] DEBUG - [FFMPEG] - nal_unit_type: 1(Coded slice of a non-IDR picture), nal_ref_idc: 2
Jul 06, 2022 13:00:59.585 [0x7fcdaf1e3808] DEBUG - [FFMPEG] - no picture 
Jul 06, 2022 13:00:59.586 [0x7fcdaf1e3808] DEBUG - [FFMPEG] - nal_unit_type: 1(Coded slice of a non-IDR picture), nal_ref_idc: 2
Jul 06, 2022 13:00:59.587 [0x7fcdaf1e3808] DEBUG - [FFMPEG] - All info found
Jul 06, 2022 13:00:59.587 [0x7fcdaf1e3808] DEBUG - [FFMPEG] - After avformat_find_stream_info() pos: 60406 bytes read:339765 seeks:2 frames:4
Jul 06, 2022 13:00:59.588 [0x7fcdaf1e3808] DEBUG - [FFMPEG] - nal_unit_type: 7(SPS), nal_ref_idc: 3
Jul 06, 2022 13:00:59.588 [0x7fcdaf1e3808] DEBUG - [FFMPEG] - nal_unit_type: 8(PPS), nal_ref_idc: 3
Jul 06, 2022 13:00:59.588 [0x7fcdaf1e3808] DEBUG - [MI] Closing input file: "/tv/aws-certified-sysops-administrator-associate-training-2022/14 - Security, Identity, and Compliance/002 AWS IAM - Multi-Factor Authentication.mp4"
Jul 06, 2022 13:00:59.588 [0x7fcdaf1e3808] DEBUG - Scanner: found local sidecar subtitle "/tv/aws-certified-sysops-administrator-associate-training-2022/14 - Security, Identity, and Compliance/002 AWS IAM - Multi-Factor Authentication_en.srt"
Jul 06, 2022 13:00:59.588 [0x7fcdaf1e3808] DEBUG - [FFMPEG] - Opening '/tv/aws-certified-sysops-administrator-associate-training-2022/14 - Security, Identity, and Compliance/002 AWS IAM - Multi-Factor Authentication_en.srt' for reading
Jul 06, 2022 13:00:59.588 [0x7fcdaf1e3808] DEBUG - [FFMPEG] - Setting default whitelist 'file,crypto,data'
Jul 06, 2022 13:00:59.588 [0x7fcdaf1e3808] DEBUG - [FFMPEG] - Format srt probed with size=2048 and score=100
Jul 06, 2022 13:00:59.589 [0x7fcdaf1e3808] DEBUG - [MI] Opening input file: "/tv/aws-certified-sysops-administrator-associate-training-2022/14 - Security, Identity, and Compliance/003 [NEW] Using MFA with the AWS CLI.mp4"
Jul 06, 2022 13:00:59.589 [0x7fcdaf1e3808] DEBUG - [FFMPEG] - Opening '/tv/aws-certified-sysops-administrator-associate-training-2022/14 - Security, Identity, and Compliance/003 [NEW] Using MFA with the AWS CLI.mp4' for reading
Jul 06, 2022 13:00:59.589 [0x7fcdaf1e3808] DEBUG - [FFMPEG] - Setting default whitelist 'file,crypto,data'
Jul 06, 2022 13:00:59.589 [0x7fcdaf1e3808] DEBUG - [FFMPEG] - Format mov,mp4,m4a,3gp,3g2,mj2 probed with size=2048 and score=100
Jul 06, 2022 13:00:59.589 [0x7fcdaf1e3808] DEBUG - [FFMPEG] - ISO: File Type Major Brand: isom
Jul 06, 2022 13:00:59.589 [0x7fcdaf1e3808] DEBUG - [FFMPEG] - Unknown dref type 0x206c7275 size 12
Jul 06, 2022 13:00:59.590 [0x7fcdaf1e3808] DEBUG - [FFMPEG] - Processing st: 0, edit list 0 - media time: 2000, duration: 12612000
Jul 06, 2022 13:00:59.591 [0x7fcdaf1e3808] DEBUG - [FFMPEG] - Offset DTS by 2000 to make first pts zero.
Jul 06, 2022 13:00:59.591 [0x7fcdaf1e3808] DEBUG - [FFMPEG] - Setting codecpar->delay to 2 for stream st: 0
Jul 06, 2022 13:00:59.591 [0x7fcdaf1e3808] DEBUG - [FFMPEG] - Unknown dref type 0x206c7275 size 12
Jul 06, 2022 13:00:59.591 [0x7fcdaf1e3808] DEBUG - [FFMPEG] - Processing st: 1, edit list 0 - media time: 0, duration: 18544667
Jul 06, 2022 13:00:59.592 [0x7fcdaf1e3808] DEBUG - [FFMPEG] - Before avformat_find_stream_info() pos: 56613422 bytes read:377697 seeks:1 nb_streams:2
Jul 06, 2022 13:00:59.592 [0x7fcdaf1e3808] DEBUG - [FFMPEG] - nal_unit_type: 7(SPS), nal_ref_idc: 3
Jul 06, 2022 13:00:59.592 [0x7fcdaf1e3808] DEBUG - [FFMPEG] - nal_unit_type: 8(PPS), nal_ref_idc: 3
Jul 06, 2022 13:00:59.592 [0x7fcdaf1e3808] DEBUG - [FFMPEG] - nal_unit_type: 6(SEI), nal_ref_idc: 0
Jul 06, 2022 13:00:59.592 [0x7fcdaf1e3808] DEBUG - [FFMPEG] - nal_unit_type: 5(IDR), nal_ref_idc: 3
Jul 06, 2022 13:00:59.592 [0x7fcdaf1e3808] DEBUG - [FFMPEG] - Format yuv420p chosen by get_format().
Jul 06, 2022 13:00:59.592 [0x7fcdaf1e3808] DEBUG - [FFMPEG] - no picture 
Jul 06, 2022 13:00:59.599 [0x7fcdaf1e3808] DEBUG - [FFMPEG] - nal_unit_type: 1(Coded slice of a non-IDR picture), nal_ref_idc: 2
Jul 06, 2022 13:00:59.600 [0x7fcdaf1e3808] DEBUG - [FFMPEG] - no picture 
Jul 06, 2022 13:00:59.600 [0x7fcdaf1e3808] DEBUG - [FFMPEG] - nal_unit_type: 1(Coded slice of a non-IDR picture), nal_ref_idc: 2
Jul 06, 2022 13:00:59.602 [0x7fcdaf1e3808] DEBUG - [FFMPEG] - All info found
Jul 06, 2022 13:00:59.602 [0x7fcdaf1e3808] DEBUG - [FFMPEG] - After avformat_find_stream_info() pos: 83490 bytes read:491796 seeks:2 frames:4
Jul 06, 2022 13:00:59.602 [0x7fcdaf1e3808] DEBUG - [FFMPEG] - nal_unit_type: 7(SPS), nal_ref_idc: 3
Jul 06, 2022 13:00:59.602 [0x7fcdaf1e3808] DEBUG - [FFMPEG] - nal_unit_type: 8(PPS), nal_ref_idc: 3
Jul 06, 2022 13:00:59.602 [0x7fcdaf1e3808] DEBUG - [MI] Closing input file: "/tv/aws-certified-sysops-administrator-associate-training-2022/14 - Security, Identity, and Compliance/003 [NEW] Using MFA with the AWS CLI.mp4"
Jul 06, 2022 13:00:59.602 [0x7fcdaf1e3808] DEBUG - Scanner: found local sidecar subtitle "/tv/aws-certified-sysops-administrator-associate-training-2022/14 - Security, Identity, and Compliance/003 [NEW] Using MFA with the AWS CLI_en.srt"
Jul 06, 2022 13:00:59.602 [0x7fcdaf1e3808] DEBUG - [FFMPEG] - Opening '/tv/aws-certified-sysops-administrator-associate-training-2022/14 - Security, Identity, and Compliance/003 [NEW] Using MFA with the AWS CLI_en.srt' for reading
Jul 06, 2022 13:00:59.602 [0x7fcdaf1e3808] DEBUG - [FFMPEG] - Setting default whitelist 'file,crypto,data'
Jul 06, 2022 13:00:59.603 [0x7fcdaf1e3808] DEBUG - [FFMPEG] - Format srt probed with size=2048 and score=100
Jul 06, 2022 13:00:59.604 [0x7fcdaf1e3808] DEBUG - [MI] Opening input file: "/tv/aws-certified-sysops-administrator-associate-training-2022/14 - Security, Identity, and Compliance/004 AWS Managed and Customer Managed IAM Policies.mp4"
Jul 06, 2022 13:00:59.604 [0x7fcdaf1e3808] DEBUG - [FFMPEG] - Opening '/tv/aws-certified-sysops-administrator-associate-training-2022/14 - Security, Identity, and Compliance/004 AWS Managed and Customer Managed IAM Policies.mp4' for reading
Jul 06, 2022 13:00:59.604 [0x7fcdaf1e3808] DEBUG - [FFMPEG] - Setting default whitelist 'file,crypto,data'
Jul 06, 2022 13:00:59.604 [0x7fcdaf1e3808] DEBUG - [FFMPEG] - Format mov,mp4,m4a,3gp,3g2,mj2 probed with size=2048 and score=100
Jul 06, 2022 13:00:59.604 [0x7fcdaf1e3808] DEBUG - [FFMPEG] - ISO: File Type Major Brand: isom
Jul 06, 2022 13:00:59.604 [0x7fcdaf1e3808] DEBUG - [FFMPEG] - Unknown dref type 0x206c7275 size 12
Jul 06, 2022 13:00:59.605 [0x7fcdaf1e3808] DEBUG - [FFMPEG] - Processing st: 0, edit list 0 - media time: 2000, duration: 5358000
Jul 06, 2022 13:00:59.605 [0x7fcdaf1e3808] DEBUG - [FFMPEG] - Offset DTS by 2000 to make first pts zero.
Jul 06, 2022 13:00:59.605 [0x7fcdaf1e3808] DEBUG - [FFMPEG] - Setting codecpar->delay to 2 for stream st: 0
Jul 06, 2022 13:00:59.605 [0x7fcdaf1e3808] DEBUG - [FFMPEG] - Unknown dref type 0x206c7275 size 12
Jul 06, 2022 13:00:59.605 [0x7fcdaf1e3808] DEBUG - [FFMPEG] - Processing st: 1, edit list 0 - media time: 0, duration: 7882787
Jul 06, 2022 13:00:59.605 [0x7fcdaf1e3808] DEBUG - [FFMPEG] - Before avformat_find_stream_info() pos: 6132191 bytes read:180298 seeks:1 nb_streams:2
Jul 06, 2022 13:00:59.605 [0x7fcdaf1e3808] DEBUG - [FFMPEG] - nal_unit_type: 7(SPS), nal_ref_idc: 3
Jul 06, 2022 13:00:59.605 [0x7fcdaf1e3808] DEBUG - [FFMPEG] - nal_unit_type: 8(PPS), nal_ref_idc: 3
Jul 06, 2022 13:00:59.606 [0x7fcdaf1e3808] DEBUG - [FFMPEG] - nal_unit_type: 6(SEI), nal_ref_idc: 0
Jul 06, 2022 13:00:59.606 [0x7fcdaf1e3808] DEBUG - [FFMPEG] - nal_unit_type: 5(IDR), nal_ref_idc: 3
Jul 06, 2022 13:00:59.606 [0x7fcdaf1e3808] DEBUG - [FFMPEG] - Format yuv420p chosen by get_format().
Jul 06, 2022 13:00:59.606 [0x7fcdaf1e3808] DEBUG - [FFMPEG] - no picture 
Jul 06, 2022 13:00:59.608 [0x7fcdaf1e3808] DEBUG - [FFMPEG] - nal_unit_type: 1(Coded slice of a non-IDR picture), nal_ref_idc: 2
Jul 06, 2022 13:00:59.609 [0x7fcdaf1e3808] DEBUG - [FFMPEG] - no picture 
Jul 06, 2022 13:00:59.610 [0x7fcdaf1e3808] DEBUG - [FFMPEG] - nal_unit_type: 1(Coded slice of a non-IDR picture), nal_ref_idc: 2
Jul 06, 2022 13:00:59.611 [0x7fcdaf1e3808] DEBUG - [FFMPEG] - All info found
Jul 06, 2022 13:00:59.612 [0x7fcdaf1e3808] DEBUG - [FFMPEG] - After avformat_find_stream_info() pos: 10140 bytes read:213066 seeks:2 frames:4
Jul 06, 2022 13:00:59.612 [0x7fcdaf1e3808] DEBUG - [FFMPEG] - nal_unit_type: 7(SPS), nal_ref_idc: 3
Jul 06, 2022 13:00:59.612 [0x7fcdaf1e3808] DEBUG - [FFMPEG] - nal_unit_type: 8(PPS), nal_ref_idc: 3
Jul 06, 2022 13:00:59.612 [0x7fcdaf1e3808] DEBUG - [MI] Closing input file: "/tv/aws-certified-sysops-administrator-associate-training-2022/14 - Security, Identity, and Compliance/004 AWS Managed and Customer Managed IAM Policies.mp4"
Jul 06, 2022 13:00:59.612 [0x7fcdaf1e3808] DEBUG - Scanner: found local sidecar subtitle "/tv/aws-certified-sysops-administrator-associate-training-2022/14 - Security, Identity, and Compliance/004 AWS Managed and Customer Managed IAM Policies_en.srt"
Jul 06, 2022 13:00:59.612 [0x7fcdaf1e3808] DEBUG - [FFMPEG] - Opening '/tv/aws-certified-sysops-administrator-associate-training-2022/14 - Security, Identity, and Compliance/004 AWS Managed and Customer Managed IAM Policies_en.srt' for reading
Jul 06, 2022 13:00:59.612 [0x7fcdaf1e3808] DEBUG - [FFMPEG] - Setting default whitelist 'file,crypto,data'
Jul 06, 2022 13:00:59.613 [0x7fcdaf1e3808] DEBUG - [FFMPEG] - Format srt probed with size=2048 and score=100
Jul 06, 2022 13:00:59.614 [0x7fcdaf1e3808] DEBUG - [MI] Opening input file: "/tv/aws-certified-sysops-administrator-associate-training-2022/14 - Security, Identity, and Compliance/005 IAM Policy Examples.mp4"
Jul 06, 2022 13:00:59.614 [0x7fcdaf1e3808] DEBUG - [FFMPEG] - Opening '/tv/aws-certified-sysops-administrator-associate-training-2022/14 - Security, Identity, and Compliance/005 IAM Policy Examples.mp4' for reading
Jul 06, 2022 13:00:59.614 [0x7fcdaf1e3808] DEBUG - [FFMPEG] - Setting default whitelist 'file,crypto,data'
Jul 06, 2022 13:00:59.614 [0x7fcdaf1e3808] DEBUG - [FFMPEG] - Format mov,mp4,m4a,3gp,3g2,mj2 probed with size=2048 and score=100
Jul 06, 2022 13:00:59.615 [0x7fcdaf1e3808] DEBUG - [FFMPEG] - ISO: File Type Major Brand: isom
Jul 06, 2022 13:00:59.615 [0x7fcdaf1e3808] DEBUG - [FFMPEG] - Unknown dref type 0x206c7275 size 12
Jul 06, 2022 13:00:59.615 [0x7fcdaf1e3808] DEBUG - [FFMPEG] - Processing st: 0, edit list 0 - media time: 2000, duration: 7765020
Jul 06, 2022 13:00:59.615 [0x7fcdaf1e3808] DEBUG - [FFMPEG] - Offset DTS by 2000 to make first pts zero.
Jul 06, 2022 13:00:59.615 [0x7fcdaf1e3808] DEBUG - [FFMPEG] - Setting codecpar->delay to 2 for stream st: 0
Jul 06, 2022 13:00:59.616 [0x7fcdaf1e3808] DEBUG - [FFMPEG] - Unknown dref type 0x206c7275 size 12
Jul 06, 2022 13:00:59.616 [0x7fcdaf1e3808] DEBUG - [FFMPEG] - Processing st: 1, edit list 0 - media time: 0, duration: 11421724
Jul 06, 2022 13:00:59.616 [0x7fcdaf1e3808] DEBUG - [FFMPEG] - Before avformat_find_stream_info() pos: 9368287 bytes read:245924 seeks:1 nb_streams:2
Jul 06, 2022 13:00:59.616 [0x7fcdaf1e3808] DEBUG - [FFMPEG] - nal_unit_type: 7(SPS), nal_ref_idc: 3
Jul 06, 2022 13:00:59.616 [0x7fcdaf1e3808] DEBUG - [FFMPEG] - nal_unit_type: 8(PPS), nal_ref_idc: 3
Jul 06, 2022 13:00:59.616 [0x7fcdaf1e3808] DEBUG - [FFMPEG] - nal_unit_type: 6(SEI), nal_ref_idc: 0
Jul 06, 2022 13:00:59.616 [0x7fcdaf1e3808] DEBUG - [FFMPEG] - nal_unit_type: 5(IDR), nal_ref_idc: 3
Jul 06, 2022 13:00:59.616 [0x7fcdaf1e3808] DEBUG - [FFMPEG] - Format yuv420p chosen by get_format().
Jul 06, 2022 13:00:59.617 [0x7fcdaf1e3808] DEBUG - [FFMPEG] - no picture 
Jul 06, 2022 13:00:59.619 [0x7fcdaf1e3808] DEBUG - [FFMPEG] - nal_unit_type: 1(Coded slice of a non-IDR picture), nal_ref_idc: 2
Jul 06, 2022 13:00:59.619 [0x7fcdaf1e3808] DEBUG - [FFMPEG] - no picture 
Jul 06, 2022 13:00:59.620 [0x7fcdaf1e3808] DEBUG - [FFMPEG] - nal_unit_type: 1(Coded slice of a non-IDR picture), nal_ref_idc: 2
Jul 06, 2022 13:00:59.621 [0x7fcdaf1e3808] DEBUG - [FFMPEG] - All info found
Jul 06, 2022 13:00:59.622 [0x7fcdaf1e3808] DEBUG - [FFMPEG] - After avformat_find_stream_info() pos: 10140 bytes read:278692 seeks:2 frames:4
Jul 06, 2022 13:00:59.622 [0x7fcdaf1e3808] DEBUG - [FFMPEG] - nal_unit_type: 7(SPS), nal_ref_idc: 3
Jul 06, 2022 13:00:59.622 [0x7fcdaf1e3808] DEBUG - [FFMPEG] - nal_unit_type: 8(PPS), nal_ref_idc: 3
Jul 06, 2022 13:00:59.622 [0x7fcdaf1e3808] DEBUG - [MI] Closing input file: "/tv/aws-certified-sysops-administrator-associate-training-2022/14 - Security, Identity, and Compliance/005 IAM Policy Examples.mp4"
Jul 06, 2022 13:00:59.622 [0x7fcdaf1e3808] DEBUG - Scanner: found local sidecar subtitle "/tv/aws-certified-sysops-administrator-associate-training-2022/14 - Security, Identity, and Compliance/005 IAM Policy Examples_en.srt"
Jul 06, 2022 13:00:59.622 [0x7fcdaf1e3808] DEBUG - [FFMPEG] - Opening '/tv/aws-certified-sysops-administrator-associate-training-2022/14 - Security, Identity, and Compliance/005 IAM Policy Examples_en.srt' for reading
Jul 06, 2022 13:00:59.622 [0x7fcdaf1e3808] DEBUG - [FFMPEG] - Setting default whitelist 'file,crypto,data'
Jul 06, 2022 13:00:59.622 [0x7fcdaf1e3808] DEBUG - [FFMPEG] - Format srt probed with size=2048 and score=100
Jul 06, 2022 13:00:59.624 [0x7fcdaf1e3808] DEBUG - [MI] Opening input file: "/tv/aws-certified-sysops-administrator-associate-training-2022/14 - Security, Identity, and Compliance/006 IAM Policy Evaluation Logic.mp4"
Jul 06, 2022 13:00:59.624 [0x7fcdaf1e3808] DEBUG - [FFMPEG] - Opening '/tv/aws-certified-sysops-administrator-associate-training-2022/14 - Security, Identity, and Compliance/006 IAM Policy Evaluation Logic.mp4' for reading
Jul 06, 2022 13:00:59.624 [0x7fcdaf1e3808] DEBUG - [FFMPEG] - Setting default whitelist 'file,crypto,data'
Jul 06, 2022 13:00:59.624 [0x7fcdaf1e3808] DEBUG - [FFMPEG] - Format mov,mp4,m4a,3gp,3g2,mj2 probed with size=2048 and score=100
Jul 06, 2022 13:00:59.624 [0x7fcdaf1e3808] DEBUG - [FFMPEG] - ISO: File Type Major Brand: isom
Jul 06, 2022 13:00:59.624 [0x7fcdaf1e3808] DEBUG - [FFMPEG] - Unknown dref type 0x206c7275 size 12
Jul 06, 2022 13:00:59.625 [0x7fcdaf1e3808] DEBUG - [FFMPEG] - Processing st: 0, edit list 0 - media time: 2000, duration: 10773000
Jul 06, 2022 13:00:59.626 [0x7fcdaf1e3808] DEBUG - [FFMPEG] - Offset DTS by 2000 to make first pts zero.
Jul 06, 2022 13:00:59.626 [0x7fcdaf1e3808] DEBUG - [FFMPEG] - Setting codecpar->delay to 2 for stream st: 0
Jul 06, 2022 13:00:59.626 [0x7fcdaf1e3808] DEBUG - [FFMPEG] - Unknown dref type 0x206c7275 size 12
Jul 06, 2022 13:00:59.626 [0x7fcdaf1e3808] DEBUG - [FFMPEG] - Processing st: 1, edit list 0 - media time: 0, duration: 15841293
Jul 06, 2022 13:00:59.626 [0x7fcdaf1e3808] DEBUG - [FFMPEG] - Before avformat_find_stream_info() pos: 18894614 bytes read:327924 seeks:1 nb_streams:2
Jul 06, 2022 13:00:59.626 [0x7fcdaf1e3808] DEBUG - [FFMPEG] - nal_unit_type: 7(SPS), nal_ref_idc: 3
Jul 06, 2022 13:00:59.626 [0x7fcdaf1e3808] DEBUG - [FFMPEG] - nal_unit_type: 8(PPS), nal_ref_idc: 3
Jul 06, 2022 13:00:59.626 [0x7fcdaf1e3808] DEBUG - [FFMPEG] - nal_unit_type: 6(SEI), nal_ref_idc: 0
Jul 06, 2022 13:00:59.626 [0x7fcdaf1e3808] DEBUG - [FFMPEG] - nal_unit_type: 5(IDR), nal_ref_idc: 3
Jul 06, 2022 13:00:59.626 [0x7fcdaf1e3808] DEBUG - [FFMPEG] - Format yuv420p chosen by get_format().
Jul 06, 2022 13:00:59.627 [0x7fcdaf1e3808] DEBUG - [FFMPEG] - no picture 
Jul 06, 2022 13:00:59.629 [0x7fcdaf1e3808] DEBUG - [FFMPEG] - nal_unit_type: 1(Coded slice of a non-IDR picture), nal_ref_idc: 2
Jul 06, 2022 13:00:59.630 [0x7fcdaf1e3808] DEBUG - [FFMPEG] - no picture 
Jul 06, 2022 13:00:59.631 [0x7fcdaf1e3808] DEBUG - [FFMPEG] - nal_unit_type: 1(Coded slice of a non-IDR picture), nal_ref_idc: 2
Jul 06, 2022 13:00:59.632 [0x7fcdaf1e3808] DEBUG - [FFMPEG] - All info found
Jul 06, 2022 13:00:59.633 [0x7fcdaf1e3808] DEBUG - [FFMPEG] - After avformat_find_stream_info() pos: 14393 bytes read:360692 seeks:2 frames:4
Jul 06, 2022 13:00:59.633 [0x7fcdaf1e3808] DEBUG - [FFMPEG] - nal_unit_type: 7(SPS), nal_ref_idc: 3
Jul 06, 2022 13:00:59.633 [0x7fcdaf1e3808] DEBUG - [FFMPEG] - nal_unit_type: 8(PPS), nal_ref_idc: 3
Jul 06, 2022 13:00:59.633 [0x7fcdaf1e3808] DEBUG - [MI] Closing input file: "/tv/aws-certified-sysops-administrator-associate-training-2022/14 - Security, Identity, and Compliance/006 IAM Policy Evaluation Logic.mp4"
Jul 06, 2022 13:00:59.633 [0x7fcdaf1e3808] DEBUG - Scanner: found local sidecar subtitle "/tv/aws-certified-sysops-administrator-associate-training-2022/14 - Security, Identity, and Compliance/006 IAM Policy Evaluation Logic_en.srt"
Jul 06, 2022 13:00:59.633 [0x7fcdaf1e3808] DEBUG - [FFMPEG] - Opening '/tv/aws-certified-sysops-administrator-associate-training-2022/14 - Security, Identity, and Compliance/006 IAM Policy Evaluation Logic_en.srt' for reading
Jul 06, 2022 13:00:59.633 [0x7fcdaf1e3808] DEBUG - [FFMPEG] - Setting default whitelist 'file,crypto,data'
Jul 06, 2022 13:00:59.633 [0x7fcdaf1e3808] DEBUG - [FFMPEG] - Format srt probed with size=2048 and score=100
Jul 06, 2022 13:00:59.635 [0x7fcdaf1e3808] DEBUG - [MI] Opening input file: "/tv/aws-certified-sysops-administrator-associate-training-2022/14 - Security, Identity, and Compliance/007 Amazon Inspector.mp4"
Jul 06, 2022 13:00:59.635 [0x7fcdaf1e3808] DEBUG - [FFMPEG] - Opening '/tv/aws-certified-sysops-administrator-associate-training-2022/14 - Security, Identity, and Compliance/007 Amazon Inspector.mp4' for reading
Jul 06, 2022 13:00:59.635 [0x7fcdaf1e3808] DEBUG - [FFMPEG] - Setting default whitelist 'file,crypto,data'
Jul 06, 2022 13:00:59.635 [0x7fcdaf1e3808] DEBUG - [FFMPEG] - Format mov,mp4,m4a,3gp,3g2,mj2 probed with size=2048 and score=100
Jul 06, 2022 13:00:59.635 [0x7fcdaf1e3808] DEBUG - [FFMPEG] - ISO: File Type Major Brand: isom
Jul 06, 2022 13:00:59.635 [0x7fcdaf1e3808] DEBUG - [FFMPEG] - Unknown dref type 0x206c7275 size 12
Jul 06, 2022 13:00:59.636 [0x7fcdaf1e3808] DEBUG - [FFMPEG] - Processing st: 0, edit list 0 - media time: 2000, duration: 4356000
Jul 06, 2022 13:00:59.636 [0x7fcdaf1e3808] DEBUG - [FFMPEG] - Offset DTS by 2000 to make first pts zero.
Jul 06, 2022 13:00:59.636 [0x7fcdaf1e3808] DEBUG - [FFMPEG] - Setting codecpar->delay to 2 for stream st: 0
Jul 06, 2022 13:00:59.636 [0x7fcdaf1e3808] DEBUG - [FFMPEG] - Unknown dref type 0x206c7275 size 12
Jul 06, 2022 13:00:59.636 [0x7fcdaf1e3808] DEBUG - [FFMPEG] - Processing st: 1, edit list 0 - media time: 0, duration: 6408215
Jul 06, 2022 13:00:59.636 [0x7fcdaf1e3808] DEBUG - [FFMPEG] - Before avformat_find_stream_info() pos: 20747432 bytes read:152929 seeks:1 nb_streams:2
Jul 06, 2022 13:00:59.636 [0x7fcdaf1e3808] DEBUG - [FFMPEG] - nal_unit_type: 7(SPS), nal_ref_idc: 3
Jul 06, 2022 13:00:59.636 [0x7fcdaf1e3808] DEBUG - [FFMPEG] - nal_unit_type: 8(PPS), nal_ref_idc: 3
Jul 06, 2022 13:00:59.636 [0x7fcdaf1e3808] DEBUG - [FFMPEG] - nal_unit_type: 6(SEI), nal_ref_idc: 0
Jul 06, 2022 13:00:59.636 [0x7fcdaf1e3808] DEBUG - [FFMPEG] - nal_unit_type: 5(IDR), nal_ref_idc: 3
Jul 06, 2022 13:00:59.636 [0x7fcdaf1e3808] DEBUG - [FFMPEG] - Format yuv420p chosen by get_format().
Jul 06, 2022 13:00:59.637 [0x7fcdaf1e3808] DEBUG - [FFMPEG] - no picture 
Jul 06, 2022 13:00:59.643 [0x7fcdaf1e3808] DEBUG - [FFMPEG] - nal_unit_type: 1(Coded slice of a non-IDR picture), nal_ref_idc: 2
Jul 06, 2022 13:00:59.643 [0x7fcdaf1e3808] DEBUG - [FFMPEG] - no picture 
Jul 06, 2022 13:00:59.643 [0x7fcdaf1e3808] DEBUG - [FFMPEG] - nal_unit_type: 1(Coded slice of a non-IDR picture), nal_ref_idc: 2
Jul 06, 2022 13:00:59.645 [0x7fcdaf1e3808] DEBUG - [FFMPEG] - All info found
Jul 06, 2022 13:00:59.645 [0x7fcdaf1e3808] DEBUG - [FFMPEG] - After avformat_find_stream_info() pos: 60406 bytes read:245260 seeks:2 frames:4
Jul 06, 2022 13:00:59.645 [0x7fcdaf1e3808] DEBUG - [FFMPEG] - nal_unit_type: 7(SPS), nal_ref_idc: 3
Jul 06, 2022 13:00:59.645 [0x7fcdaf1e3808] DEBUG - [FFMPEG] - nal_unit_type: 8(PPS), nal_ref_idc: 3
Jul 06, 2022 13:00:59.645 [0x7fcdaf1e3808] DEBUG - [MI] Closing input file: "/tv/aws-certified-sysops-administrator-associate-training-2022/14 - Security, Identity, and Compliance/007 Amazon Inspector.mp4"
Jul 06, 2022 13:00:59.645 [0x7fcdaf1e3808] DEBUG - Scanner: found local sidecar subtitle "/tv/aws-certified-sysops-administrator-associate-training-2022/14 - Security, Identity, and Compliance/007 Amazon Inspector_en.srt"
Jul 06, 2022 13:00:59.645 [0x7fcdaf1e3808] DEBUG - [FFMPEG] - Opening '/tv/aws-certified-sysops-administrator-associate-training-2022/14 - Security, Identity, and Compliance/007 Amazon Inspector_en.srt' for reading
Jul 06, 2022 13:00:59.645 [0x7fcdaf1e3808] DEBUG - [FFMPEG] - Setting default whitelist 'file,crypto,data'
Jul 06, 2022 13:00:59.646 [0x7fcdaf1e3808] DEBUG - [FFMPEG] - Format srt probed with size=2048 and score=100
Jul 06, 2022 13:00:59.647 [0x7fcdaf1e3808] DEBUG - [MI] Opening input file: "/tv/aws-certified-sysops-administrator-associate-training-2022/14 - Security, Identity, and Compliance/008 Encryption Overview.mp4"
Jul 06, 2022 13:00:59.647 [0x7fcdaf1e3808] DEBUG - [FFMPEG] - Opening '/tv/aws-certified-sysops-administrator-associate-training-2022/14 - Security, Identity, and Compliance/008 Encryption Overview.mp4' for reading
Jul 06, 2022 13:00:59.647 [0x7fcdaf1e3808] DEBUG - [FFMPEG] - Setting default whitelist 'file,crypto,data'
Jul 06, 2022 13:00:59.648 [0x7fcdaf1e3808] DEBUG - [FFMPEG] - Format mov,mp4,m4a,3gp,3g2,mj2 probed with size=2048 and score=100
Jul 06, 2022 13:00:59.648 [0x7fcdaf1e3808] DEBUG - [FFMPEG] - ISO: File Type Major Brand: isom
Jul 06, 2022 13:00:59.648 [0x7fcdaf1e3808] DEBUG - [FFMPEG] - Unknown dref type 0x206c7275 size 12
Jul 06, 2022 13:00:59.648 [0x7fcdaf1e3808] DEBUG - [FFMPEG] - Processing st: 0, edit list 0 - media time: 2000, duration: 6125010
Jul 06, 2022 13:00:59.648 [0x7fcdaf1e3808] DEBUG - [FFMPEG] - Offset DTS by 2000 to make first pts zero.
Jul 06, 2022 13:00:59.648 [0x7fcdaf1e3808] DEBUG - [FFMPEG] - Setting codecpar->delay to 2 for stream st: 0
Jul 06, 2022 13:00:59.648 [0x7fcdaf1e3808] DEBUG - [FFMPEG] - Unknown dref type 0x206c7275 size 12
Jul 06, 2022 13:00:59.649 [0x7fcdaf1e3808] DEBUG - [FFMPEG] - Processing st: 1, edit list 0 - media time: 0, duration: 9009189
Jul 06, 2022 13:00:59.649 [0x7fcdaf1e3808] DEBUG - [FFMPEG] - Before avformat_find_stream_info() pos: 7530354 bytes read:201096 seeks:1 nb_streams:2
Jul 06, 2022 13:00:59.649 [0x7fcdaf1e3808] DEBUG - [FFMPEG] - nal_unit_type: 7(SPS), nal_ref_idc: 3
Jul 06, 2022 13:00:59.649 [0x7fcdaf1e3808] DEBUG - [FFMPEG] - nal_unit_type: 8(PPS), nal_ref_idc: 3
Jul 06, 2022 13:00:59.649 [0x7fcdaf1e3808] DEBUG - [FFMPEG] - nal_unit_type: 6(SEI), nal_ref_idc: 0
Jul 06, 2022 13:00:59.649 [0x7fcdaf1e3808] DEBUG - [FFMPEG] - nal_unit_type: 5(IDR), nal_ref_idc: 3
Jul 06, 2022 13:00:59.649 [0x7fcdaf1e3808] DEBUG - [FFMPEG] - Format yuv420p chosen by get_format().
Jul 06, 2022 13:00:59.649 [0x7fcdaf1e3808] DEBUG - [FFMPEG] - no picture 
Jul 06, 2022 13:00:59.652 [0x7fcdaf1e3808] DEBUG - [FFMPEG] - nal_unit_type: 1(Coded slice of a non-IDR picture), nal_ref_idc: 2
Jul 06, 2022 13:00:59.652 [0x7fcdaf1e3808] DEBUG - [FFMPEG] - no picture 
Jul 06, 2022 13:00:59.653 [0x7fcdaf1e3808] DEBUG - [FFMPEG] - nal_unit_type: 1(Coded slice of a non-IDR picture), nal_ref_idc: 2
Jul 06, 2022 13:00:59.654 [0x7fcdaf1e3808] DEBUG - [FFMPEG] - All info found
Jul 06, 2022 13:00:59.655 [0x7fcdaf1e3808] DEBUG - [FFMPEG] - After avformat_find_stream_info() pos: 10140 bytes read:233864 seeks:2 frames:4
Jul 06, 2022 13:00:59.655 [0x7fcdaf1e3808] DEBUG - [FFMPEG] - nal_unit_type: 7(SPS), nal_ref_idc: 3
Jul 06, 2022 13:00:59.655 [0x7fcdaf1e3808] DEBUG - [FFMPEG] - nal_unit_type: 8(PPS), nal_ref_idc: 3
Jul 06, 2022 13:00:59.655 [0x7fcdaf1e3808] DEBUG - [MI] Closing input file: "/tv/aws-certified-sysops-administrator-associate-training-2022/14 - Security, Identity, and Compliance/008 Encryption Overview.mp4"
Jul 06, 2022 13:00:59.655 [0x7fcdaf1e3808] DEBUG - Scanner: found local sidecar subtitle "/tv/aws-certified-sysops-administrator-associate-training-2022/14 - Security, Identity, and Compliance/008 Encryption Overview_en.srt"
Jul 06, 2022 13:00:59.655 [0x7fcdaf1e3808] DEBUG - [FFMPEG] - Opening '/tv/aws-certified-sysops-administrator-associate-training-2022/14 - Security, Identity, and Compliance/008 Encryption Overview_en.srt' for reading
Jul 06, 2022 13:00:59.655 [0x7fcdaf1e3808] DEBUG - [FFMPEG] - Setting default whitelist 'file,crypto,data'
Jul 06, 2022 13:00:59.655 [0x7fcdaf1e3808] DEBUG - [FFMPEG] - Format srt probed with size=2048 and score=100
Jul 06, 2022 13:00:59.657 [0x7fcdaf1e3808] DEBUG - [MI] Opening input file: "/tv/aws-certified-sysops-administrator-associate-training-2022/14 - Security, Identity, and Compliance/009 AWS Key Management Service (KMS).mp4"
Jul 06, 2022 13:00:59.657 [0x7fcdaf1e3808] DEBUG - [FFMPEG] - Opening '/tv/aws-certified-sysops-administrator-associate-training-2022/14 - Security, Identity, and Compliance/009 AWS Key Management Service (KMS).mp4' for reading
Jul 06, 2022 13:00:59.657 [0x7fcdaf1e3808] DEBUG - [FFMPEG] - Setting default whitelist 'file,crypto,data'
Jul 06, 2022 13:00:59.657 [0x7fcdaf1e3808] DEBUG - [FFMPEG] - Format mov,mp4,m4a,3gp,3g2,mj2 probed with size=2048 and score=100
Jul 06, 2022 13:00:59.657 [0x7fcdaf1e3808] DEBUG - [FFMPEG] - ISO: File Type Major Brand: isom
Jul 06, 2022 13:00:59.657 [0x7fcdaf1e3808] DEBUG - [FFMPEG] - Unknown dref type 0x206c7275 size 12
Jul 06, 2022 13:00:59.658 [0x7fcdaf1e3808] DEBUG - [FFMPEG] - Processing st: 0, edit list 0 - media time: 2000, duration: 15376020
Jul 06, 2022 13:00:59.659 [0x7fcdaf1e3808] DEBUG - [FFMPEG] - Offset DTS by 2000 to make first pts zero.
Jul 06, 2022 13:00:59.659 [0x7fcdaf1e3808] DEBUG - [FFMPEG] - Setting codecpar->delay to 2 for stream st: 0
Jul 06, 2022 13:00:59.659 [0x7fcdaf1e3808] DEBUG - [FFMPEG] - Unknown dref type 0x206c7275 size 12
Jul 06, 2022 13:00:59.659 [0x7fcdaf1e3808] DEBUG - [FFMPEG] - Processing st: 1, edit list 0 - media time: 0, duration: 22607909
Jul 06, 2022 13:00:59.659 [0x7fcdaf1e3808] DEBUG - [FFMPEG] - Before avformat_find_stream_info() pos: 25037867 bytes read:453173 seeks:1 nb_streams:2
Jul 06, 2022 13:00:59.659 [0x7fcdaf1e3808] DEBUG - [FFMPEG] - nal_unit_type: 7(SPS), nal_ref_idc: 3
Jul 06, 2022 13:00:59.659 [0x7fcdaf1e3808] DEBUG - [FFMPEG] - nal_unit_type: 8(PPS), nal_ref_idc: 3
Jul 06, 2022 13:00:59.659 [0x7fcdaf1e3808] DEBUG - [FFMPEG] - nal_unit_type: 6(SEI), nal_ref_idc: 0
Jul 06, 2022 13:00:59.659 [0x7fcdaf1e3808] DEBUG - [FFMPEG] - nal_unit_type: 5(IDR), nal_ref_idc: 3
Jul 06, 2022 13:00:59.659 [0x7fcdaf1e3808] DEBUG - [FFMPEG] - Format yuv420p chosen by get_format().
Jul 06, 2022 13:00:59.660 [0x7fcdaf1e3808] DEBUG - [FFMPEG] - no picture 
Jul 06, 2022 13:00:59.662 [0x7fcdaf1e3808] DEBUG - [FFMPEG] - nal_unit_type: 1(Coded slice of a non-IDR picture), nal_ref_idc: 2
Jul 06, 2022 13:00:59.663 [0x7fcdaf1e3808] DEBUG - [FFMPEG] - no picture 
Jul 06, 2022 13:00:59.663 [0x7fcdaf1e3808] DEBUG - [FFMPEG] - nal_unit_type: 1(Coded slice of a non-IDR picture), nal_ref_idc: 2
Jul 06, 2022 13:00:59.665 [0x7fcdaf1e3808] DEBUG - [FFMPEG] - All info found
Jul 06, 2022 13:00:59.665 [0x7fcdaf1e3808] DEBUG - [FFMPEG] - After avformat_find_stream_info() pos: 14393 bytes read:485941 seeks:2 frames:4
Jul 06, 2022 13:00:59.665 [0x7fcdaf1e3808] DEBUG - [FFMPEG] - nal_unit_type: 7(SPS), nal_ref_idc: 3
Jul 06, 2022 13:00:59.665 [0x7fcdaf1e3808] DEBUG - [FFMPEG] - nal_unit_type: 8(PPS), nal_ref_idc: 3
Jul 06, 2022 13:00:59.665 [0x7fcdaf1e3808] DEBUG - [MI] Closing input file: "/tv/aws-certified-sysops-administrator-associate-training-2022/14 - Security, Identity, and Compliance/009 AWS Key Management Service (KMS).mp4"
Jul 06, 2022 13:00:59.665 [0x7fcdaf1e3808] DEBUG - Scanner: found local sidecar subtitle "/tv/aws-certified-sysops-administrator-associate-training-2022/14 - Security, Identity, and Compliance/009 AWS Key Management Service (KMS)_en.srt"
Jul 06, 2022 13:00:59.666 [0x7fcdaf1e3808] DEBUG - [FFMPEG] - Opening '/tv/aws-certified-sysops-administrator-associate-training-2022/14 - Security, Identity, and Compliance/009 AWS Key Management Service (KMS)_en.srt' for reading
Jul 06, 2022 13:00:59.666 [0x7fcdaf1e3808] DEBUG - [FFMPEG] - Setting default whitelist 'file,crypto,data'
Jul 06, 2022 13:00:59.666 [0x7fcdaf1e3808] DEBUG - [FFMPEG] - Format srt probed with size=2048 and score=100
Jul 06, 2022 13:00:59.668 [0x7fcdaf1e3808] DEBUG - [MI] Opening input file: "/tv/aws-certified-sysops-administrator-associate-training-2022/14 - Security, Identity, and Compliance/010 AWS CloudHSM.mp4"
Jul 06, 2022 13:00:59.668 [0x7fcdaf1e3808] DEBUG - [FFMPEG] - Opening '/tv/aws-certified-sysops-administrator-associate-training-2022/14 - Security, Identity, and Compliance/010 AWS CloudHSM.mp4' for reading
Jul 06, 2022 13:00:59.668 [0x7fcdaf1e3808] DEBUG - [FFMPEG] - Setting default whitelist 'file,crypto,data'
Jul 06, 2022 13:00:59.668 [0x7fcdaf1e3808] DEBUG - [FFMPEG] - Format mov,mp4,m4a,3gp,3g2,mj2 probed with size=2048 and score=100
Jul 06, 2022 13:00:59.668 [0x7fcdaf1e3808] DEBUG - [FFMPEG] - ISO: File Type Major Brand: isom
Jul 06, 2022 13:00:59.668 [0x7fcdaf1e3808] DEBUG - [FFMPEG] - Unknown dref type 0x206c7275 size 12
Jul 06, 2022 13:00:59.668 [0x7fcdaf1e3808] DEBUG - [FFMPEG] - Processing st: 0, edit list 0 - media time: 2000, duration: 4296000
Jul 06, 2022 13:00:59.668 [0x7fcdaf1e3808] DEBUG - [FFMPEG] - Offset DTS by 2000 to make first pts zero.
Jul 06, 2022 13:00:59.668 [0x7fcdaf1e3808] DEBUG - [FFMPEG] - Setting codecpar->delay to 2 for stream st: 0
Jul 06, 2022 13:00:59.669 [0x7fcdaf1e3808] DEBUG - [FFMPEG] - Unknown dref type 0x206c7275 size 12
Jul 06, 2022 13:00:59.669 [0x7fcdaf1e3808] DEBUG - [FFMPEG] - Processing st: 1, edit list 0 - media time: 0, duration: 6320147
Jul 06, 2022 13:00:59.669 [0x7fcdaf1e3808] DEBUG - [FFMPEG] - Before avformat_find_stream_info() pos: 5413643 bytes read:151285 seeks:1 nb_streams:2
Jul 06, 2022 13:00:59.669 [0x7fcdaf1e3808] DEBUG - [FFMPEG] - nal_unit_type: 7(SPS), nal_ref_idc: 3
Jul 06, 2022 13:00:59.669 [0x7fcdaf1e3808] DEBUG - [FFMPEG] - nal_unit_type: 8(PPS), nal_ref_idc: 3
Jul 06, 2022 13:00:59.669 [0x7fcdaf1e3808] DEBUG - [FFMPEG] - nal_unit_type: 6(SEI), nal_ref_idc: 0
Jul 06, 2022 13:00:59.669 [0x7fcdaf1e3808] DEBUG - [FFMPEG] - nal_unit_type: 5(IDR), nal_ref_idc: 3
Jul 06, 2022 13:00:59.669 [0x7fcdaf1e3808] DEBUG - [FFMPEG] - Format yuv420p chosen by get_format().
Jul 06, 2022 13:00:59.669 [0x7fcdaf1e3808] DEBUG - [FFMPEG] - no picture 
Jul 06, 2022 13:00:59.672 [0x7fcdaf1e3808] DEBUG - [FFMPEG] - nal_unit_type: 1(Coded slice of a non-IDR picture), nal_ref_idc: 2
Jul 06, 2022 13:00:59.672 [0x7fcdaf1e3808] DEBUG - [FFMPEG] - no picture 
Jul 06, 2022 13:00:59.673 [0x7fcdaf1e3808] DEBUG - [FFMPEG] - nal_unit_type: 1(Coded slice of a non-IDR picture), nal_ref_idc: 2
Jul 06, 2022 13:00:59.674 [0x7fcdaf1e3808] DEBUG - [FFMPEG] - All info found
Jul 06, 2022 13:00:59.674 [0x7fcdaf1e3808] DEBUG - [FFMPEG] - After avformat_find_stream_info() pos: 10140 bytes read:184053 seeks:2 frames:4
Jul 06, 2022 13:00:59.675 [0x7fcdaf1e3808] DEBUG - [FFMPEG] - nal_unit_type: 7(SPS), nal_ref_idc: 3
Jul 06, 2022 13:00:59.675 [0x7fcdaf1e3808] DEBUG - [FFMPEG] - nal_unit_type: 8(PPS), nal_ref_idc: 3
Jul 06, 2022 13:00:59.675 [0x7fcdaf1e3808] DEBUG - [MI] Closing input file: "/tv/aws-certified-sysops-administrator-associate-training-2022/14 - Security, Identity, and Compliance/010 AWS CloudHSM.mp4"
Jul 06, 2022 13:00:59.675 [0x7fcdaf1e3808] DEBUG - Scanner: found local sidecar subtitle "/tv/aws-certified-sysops-administrator-associate-training-2022/14 - Security, Identity, and Compliance/010 AWS CloudHSM_en.srt"
Jul 06, 2022 13:00:59.675 [0x7fcdaf1e3808] DEBUG - [FFMPEG] - Opening '/tv/aws-certified-sysops-administrator-associate-training-2022/14 - Security, Identity, and Compliance/010 AWS CloudHSM_en.srt' for reading
Jul 06, 2022 13:00:59.675 [0x7fcdaf1e3808] DEBUG - [FFMPEG] - Setting default whitelist 'file,crypto,data'
Jul 06, 2022 13:00:59.675 [0x7fcdaf1e3808] DEBUG - [FFMPEG] - Format srt probed with size=2048 and score=100
Jul 06, 2022 13:00:59.676 [0x7fcdaf1e3808] DEBUG - [MI] Opening input file: "/tv/aws-certified-sysops-administrator-associate-training-2022/14 - Security, Identity, and Compliance/011 AWS Certificate Manager.mp4"
Jul 06, 2022 13:00:59.676 [0x7fcdaf1e3808] DEBUG - [FFMPEG] - Opening '/tv/aws-certified-sysops-administrator-associate-training-2022/14 - Security, Identity, and Compliance/011 AWS Certificate Manager.mp4' for reading
Jul 06, 2022 13:00:59.676 [0x7fcdaf1e3808] DEBUG - [FFMPEG] - Setting default whitelist 'file,crypto,data'
Jul 06, 2022 13:00:59.677 [0x7fcdaf1e3808] DEBUG - [FFMPEG] - Format mov,mp4,m4a,3gp,3g2,mj2 probed with size=2048 and score=100
Jul 06, 2022 13:00:59.677 [0x7fcdaf1e3808] DEBUG - [FFMPEG] - ISO: File Type Major Brand: isom
Jul 06, 2022 13:00:59.677 [0x7fcdaf1e3808] DEBUG - [FFMPEG] - Unknown dref type 0x206c7275 size 12
Jul 06, 2022 13:00:59.677 [0x7fcdaf1e3808] DEBUG - [FFMPEG] - Processing st: 0, edit list 0 - media time: 2000, duration: 4059000
Jul 06, 2022 13:00:59.677 [0x7fcdaf1e3808] DEBUG - [FFMPEG] - Offset DTS by 2000 to make first pts zero.
Jul 06, 2022 13:00:59.677 [0x7fcdaf1e3808] DEBUG - [FFMPEG] - Setting codecpar->delay to 2 for stream st: 0
Jul 06, 2022 13:00:59.677 [0x7fcdaf1e3808] DEBUG - [FFMPEG] - Unknown dref type 0x206c7275 size 12
Jul 06, 2022 13:00:59.677 [0x7fcdaf1e3808] DEBUG - [FFMPEG] - Processing st: 1, edit list 0 - media time: 0, duration: 5971978
Jul 06, 2022 13:00:59.677 [0x7fcdaf1e3808] DEBUG - [FFMPEG] - Before avformat_find_stream_info() pos: 5399743 bytes read:144800 seeks:1 nb_streams:2
Jul 06, 2022 13:00:59.678 [0x7fcdaf1e3808] DEBUG - [FFMPEG] - nal_unit_type: 7(SPS), nal_ref_idc: 3
Jul 06, 2022 13:00:59.678 [0x7fcdaf1e3808] DEBUG - [FFMPEG] - nal_unit_type: 8(PPS), nal_ref_idc: 3
Jul 06, 2022 13:00:59.678 [0x7fcdaf1e3808] DEBUG - [FFMPEG] - nal_unit_type: 6(SEI), nal_ref_idc: 0
Jul 06, 2022 13:00:59.678 [0x7fcdaf1e3808] DEBUG - [FFMPEG] - nal_unit_type: 5(IDR), nal_ref_idc: 3
Jul 06, 2022 13:00:59.678 [0x7fcdaf1e3808] DEBUG - [FFMPEG] - Format yuv420p chosen by get_format().
Jul 06, 2022 13:00:59.678 [0x7fcdaf1e3808] DEBUG - [FFMPEG] - no picture 
Jul 06, 2022 13:00:59.680 [0x7fcdaf1e3808] DEBUG - [FFMPEG] - nal_unit_type: 1(Coded slice of a non-IDR picture), nal_ref_idc: 2
Jul 06, 2022 13:00:59.681 [0x7fcdaf1e3808] DEBUG - [FFMPEG] - no picture 
Jul 06, 2022 13:00:59.681 [0x7fcdaf1e3808] DEBUG - [FFMPEG] - nal_unit_type: 1(Coded slice of a non-IDR picture), nal_ref_idc: 2
Jul 06, 2022 13:00:59.683 [0x7fcdaf1e3808] DEBUG - [FFMPEG] - All info found
Jul 06, 2022 13:00:59.683 [0x7fcdaf1e3808] DEBUG - [FFMPEG] - After avformat_find_stream_info() pos: 10140 bytes read:177568 seeks:2 frames:4
Jul 06, 2022 13:00:59.683 [0x7fcdaf1e3808] DEBUG - [FFMPEG] - nal_unit_type: 7(SPS), nal_ref_idc: 3
Jul 06, 2022 13:00:59.683 [0x7fcdaf1e3808] DEBUG - [FFMPEG] - nal_unit_type: 8(PPS), nal_ref_idc: 3
Jul 06, 2022 13:00:59.683 [0x7fcdaf1e3808] DEBUG - [MI] Closing input file: "/tv/aws-certified-sysops-administrator-associate-training-2022/14 - Security, Identity, and Compliance/011 AWS Certificate Manager.mp4"
Jul 06, 2022 13:00:59.683 [0x7fcdaf1e3808] DEBUG - Scanner: found local sidecar subtitle "/tv/aws-certified-sysops-administrator-associate-training-2022/14 - Security, Identity, and Compliance/011 AWS Certificate Manager_en.srt"
Jul 06, 2022 13:00:59.683 [0x7fcdaf1e3808] DEBUG - [FFMPEG] - Opening '/tv/aws-certified-sysops-administrator-associate-training-2022/14 - Security, Identity, and Compliance/011 AWS Certificate Manager_en.srt' for reading
Jul 06, 2022 13:00:59.683 [0x7fcdaf1e3808] DEBUG - [FFMPEG] - Setting default whitelist 'file,crypto,data'
Jul 06, 2022 13:00:59.684 [0x7fcdaf1e3808] DEBUG - [FFMPEG] - Format srt probed with size=2048 and score=100
Jul 06, 2022 13:00:59.685 [0x7fcdaf1e3808] DEBUG - [MI] Opening input file: "/tv/aws-certified-sysops-administrator-associate-training-2022/14 - Security, Identity, and Compliance/012 [NEW] Certificate Renewal with ACM.mp4"
Jul 06, 2022 13:00:59.685 [0x7fcdaf1e3808] DEBUG - [FFMPEG] - Opening '/tv/aws-certified-sysops-administrator-associate-training-2022/14 - Security, Identity, and Compliance/012 [NEW] Certificate Renewal with ACM.mp4' for reading
Jul 06, 2022 13:00:59.685 [0x7fcdaf1e3808] DEBUG - [FFMPEG] - Setting default whitelist 'file,crypto,data'
Jul 06, 2022 13:00:59.685 [0x7fcdaf1e3808] DEBUG - [FFMPEG] - Format mov,mp4,m4a,3gp,3g2,mj2 probed with size=2048 and score=100
Jul 06, 2022 13:00:59.685 [0x7fcdaf1e3808] DEBUG - [FFMPEG] - ISO: File Type Major Brand: isom
Jul 06, 2022 13:00:59.685 [0x7fcdaf1e3808] DEBUG - [FFMPEG] - Unknown dref type 0x206c7275 size 12
Jul 06, 2022 13:00:59.686 [0x7fcdaf1e3808] DEBUG - [FFMPEG] - Processing st: 0, edit list 0 - media time: 2000, duration: 3421020
Jul 06, 2022 13:00:59.686 [0x7fcdaf1e3808] DEBUG - [FFMPEG] - Offset DTS by 2000 to make first pts zero.
Jul 06, 2022 13:00:59.686 [0x7fcdaf1e3808] DEBUG - [FFMPEG] - Setting codecpar->delay to 2 for stream st: 0
Jul 06, 2022 13:00:59.686 [0x7fcdaf1e3808] DEBUG - [FFMPEG] - Unknown dref type 0x206c7275 size 12
Jul 06, 2022 13:00:59.686 [0x7fcdaf1e3808] DEBUG - [FFMPEG] - Processing st: 1, edit list 0 - media time: 0, duration: 5036044
Jul 06, 2022 13:00:59.686 [0x7fcdaf1e3808] DEBUG - [FFMPEG] - Before avformat_find_stream_info() pos: 4147549 bytes read:126851 seeks:1 nb_streams:2
Jul 06, 2022 13:00:59.686 [0x7fcdaf1e3808] DEBUG - [FFMPEG] - nal_unit_type: 7(SPS), nal_ref_idc: 3
Jul 06, 2022 13:00:59.686 [0x7fcdaf1e3808] DEBUG - [FFMPEG] - nal_unit_type: 8(PPS), nal_ref_idc: 3
Jul 06, 2022 13:00:59.686 [0x7fcdaf1e3808] DEBUG - [FFMPEG] - nal_unit_type: 6(SEI), nal_ref_idc: 0
Jul 06, 2022 13:00:59.686 [0x7fcdaf1e3808] DEBUG - [FFMPEG] - nal_unit_type: 5(IDR), nal_ref_idc: 3
Jul 06, 2022 13:00:59.686 [0x7fcdaf1e3808] DEBUG - [FFMPEG] - Format yuv420p chosen by get_format().
Jul 06, 2022 13:00:59.687 [0x7fcdaf1e3808] DEBUG - [FFMPEG] - no picture 
Jul 06, 2022 13:00:59.689 [0x7fcdaf1e3808] DEBUG - [FFMPEG] - nal_unit_type: 1(Coded slice of a non-IDR picture), nal_ref_idc: 2
Jul 06, 2022 13:00:59.689 [0x7fcdaf1e3808] DEBUG - [FFMPEG] - no picture 
Jul 06, 2022 13:00:59.690 [0x7fcdaf1e3808] DEBUG - [FFMPEG] - nal_unit_type: 1(Coded slice of a non-IDR picture), nal_ref_idc: 2
Jul 06, 2022 13:00:59.691 [0x7fcdaf1e3808] DEBUG - [FFMPEG] - All info found
Jul 06, 2022 13:00:59.692 [0x7fcdaf1e3808] DEBUG - [FFMPEG] - After avformat_find_stream_info() pos: 10803 bytes read:159619 seeks:2 frames:4
Jul 06, 2022 13:00:59.692 [0x7fcdaf1e3808] DEBUG - [FFMPEG] - nal_unit_type: 7(SPS), nal_ref_idc: 3
Jul 06, 2022 13:00:59.692 [0x7fcdaf1e3808] DEBUG - [FFMPEG] - nal_unit_type: 8(PPS), nal_ref_idc: 3
Jul 06, 2022 13:00:59.692 [0x7fcdaf1e3808] DEBUG - [MI] Closing input file: "/tv/aws-certified-sysops-administrator-associate-training-2022/14 - Security, Identity, and Compliance/012 [NEW] Certificate Renewal with ACM.mp4"
Jul 06, 2022 13:00:59.692 [0x7fcdaf1e3808] DEBUG - Scanner: found local sidecar subtitle "/tv/aws-certified-sysops-administrator-associate-training-2022/14 - Security, Identity, and Compliance/012 [NEW] Certificate Renewal with ACM_en.srt"
Jul 06, 2022 13:00:59.692 [0x7fcdaf1e3808] DEBUG - [FFMPEG] - Opening '/tv/aws-certified-sysops-administrator-associate-training-2022/14 - Security, Identity, and Compliance/012 [NEW] Certificate Renewal with ACM_en.srt' for reading
Jul 06, 2022 13:00:59.692 [0x7fcdaf1e3808] DEBUG - [FFMPEG] - Setting default whitelist 'file,crypto,data'
Jul 06, 2022 13:00:59.692 [0x7fcdaf1e3808] DEBUG - [FFMPEG] - Format srt probed with size=2048 and score=100
Jul 06, 2022 13:00:59.694 [0x7fcdaf1e3808] DEBUG - [MI] Opening input file: "/tv/aws-certified-sysops-administrator-associate-training-2022/14 - Security, Identity, and Compliance/013 AWS WAF && Shield.mp4"
Jul 06, 2022 13:00:59.694 [0x7fcdaf1e3808] DEBUG - [FFMPEG] - Opening '/tv/aws-certified-sysops-administrator-associate-training-2022/14 - Security, Identity, and Compliance/013 AWS WAF & Shield.mp4' for reading
Jul 06, 2022 13:00:59.694 [0x7fcdaf1e3808] DEBUG - [FFMPEG] - Setting default whitelist 'file,crypto,data'
Jul 06, 2022 13:00:59.694 [0x7fcdaf1e3808] DEBUG - [FFMPEG] - Format mov,mp4,m4a,3gp,3g2,mj2 probed with size=2048 and score=100
Jul 06, 2022 13:00:59.694 [0x7fcdaf1e3808] DEBUG - [FFMPEG] - ISO: File Type Major Brand: isom
Jul 06, 2022 13:00:59.694 [0x7fcdaf1e3808] DEBUG - [FFMPEG] - Unknown dref type 0x206c7275 size 12
Jul 06, 2022 13:00:59.695 [0x7fcdaf1e3808] DEBUG - [FFMPEG] - Processing st: 0, edit list 0 - media time: 2000, duration: 13297020
Jul 06, 2022 13:00:59.696 [0x7fcdaf1e3808] DEBUG - [FFMPEG] - Offset DTS by 2000 to make first pts zero.
Jul 06, 2022 13:00:59.696 [0x7fcdaf1e3808] DEBUG - [FFMPEG] - Setting codecpar->delay to 2 for stream st: 0
Jul 06, 2022 13:00:59.696 [0x7fcdaf1e3808] DEBUG - [FFMPEG] - Unknown dref type 0x206c7275 size 12
Jul 06, 2022 13:00:59.696 [0x7fcdaf1e3808] DEBUG - [FFMPEG] - Processing st: 1, edit list 0 - media time: 0, duration: 19552264
Jul 06, 2022 13:00:59.696 [0x7fcdaf1e3808] DEBUG - [FFMPEG] - Before avformat_find_stream_info() pos: 40742732 bytes read:396257 seeks:1 nb_streams:2
Jul 06, 2022 13:00:59.696 [0x7fcdaf1e3808] DEBUG - [FFMPEG] - nal_unit_type: 7(SPS), nal_ref_idc: 3
Jul 06, 2022 13:00:59.696 [0x7fcdaf1e3808] DEBUG - [FFMPEG] - nal_unit_type: 8(PPS), nal_ref_idc: 3
Jul 06, 2022 13:00:59.696 [0x7fcdaf1e3808] DEBUG - [FFMPEG] - nal_unit_type: 6(SEI), nal_ref_idc: 0
Jul 06, 2022 13:00:59.696 [0x7fcdaf1e3808] DEBUG - [FFMPEG] - nal_unit_type: 5(IDR), nal_ref_idc: 3
Jul 06, 2022 13:00:59.697 [0x7fcdaf1e3808] DEBUG - [FFMPEG] - Format yuv420p chosen by get_format().
Jul 06, 2022 13:00:59.697 [0x7fcdaf1e3808] DEBUG - [FFMPEG] - no picture 
Jul 06, 2022 13:00:59.701 [0x7fcdaf1e3808] DEBUG - [FFMPEG] - nal_unit_type: 1(Coded slice of a non-IDR picture), nal_ref_idc: 2
Jul 06, 2022 13:00:59.702 [0x7fcdaf1e3808] DEBUG - [FFMPEG] - no picture 
Jul 06, 2022 13:00:59.702 [0x7fcdaf1e3808] DEBUG - [FFMPEG] - nal_unit_type: 1(Coded slice of a non-IDR picture), nal_ref_idc: 2
Jul 06, 2022 13:00:59.703 [0x7fcdaf1e3808] DEBUG - [FFMPEG] - All info found
Jul 06, 2022 13:00:59.704 [0x7fcdaf1e3808] DEBUG - [FFMPEG] - After avformat_find_stream_info() pos: 39440 bytes read:467455 seeks:2 frames:4
Jul 06, 2022 13:00:59.704 [0x7fcdaf1e3808] DEBUG - [FFMPEG] - nal_unit_type: 7(SPS), nal_ref_idc: 3
Jul 06, 2022 13:00:59.704 [0x7fcdaf1e3808] DEBUG - [FFMPEG] - nal_unit_type: 8(PPS), nal_ref_idc: 3
Jul 06, 2022 13:00:59.704 [0x7fcdaf1e3808] DEBUG - [MI] Closing input file: "/tv/aws-certified-sysops-administrator-associate-training-2022/14 - Security, Identity, and Compliance/013 AWS WAF && Shield.mp4"
Jul 06, 2022 13:00:59.704 [0x7fcdaf1e3808] DEBUG - Scanner: found local sidecar subtitle "/tv/aws-certified-sysops-administrator-associate-training-2022/14 - Security, Identity, and Compliance/013 AWS WAF && Shield_en.srt"
Jul 06, 2022 13:00:59.704 [0x7fcdaf1e3808] DEBUG - [FFMPEG] - Opening '/tv/aws-certified-sysops-administrator-associate-training-2022/14 - Security, Identity, and Compliance/013 AWS WAF & Shield_en.srt' for reading
Jul 06, 2022 13:00:59.704 [0x7fcdaf1e3808] DEBUG - [FFMPEG] - Setting default whitelist 'file,crypto,data'
Jul 06, 2022 13:00:59.704 [0x7fcdaf1e3808] DEBUG - [FFMPEG] - Format srt probed with size=2048 and score=100
Jul 06, 2022 13:00:59.706 [0x7fcdaf1e3808] DEBUG - [MI] Opening input file: "/tv/aws-certified-sysops-administrator-associate-training-2022/14 - Security, Identity, and Compliance/014 AWS Artifact.mp4"
Jul 06, 2022 13:00:59.706 [0x7fcdaf1e3808] DEBUG - [FFMPEG] - Opening '/tv/aws-certified-sysops-administrator-associate-training-2022/14 - Security, Identity, and Compliance/014 AWS Artifact.mp4' for reading
Jul 06, 2022 13:00:59.706 [0x7fcdaf1e3808] DEBUG - [FFMPEG] - Setting default whitelist 'file,crypto,data'
Jul 06, 2022 13:00:59.706 [0x7fcdaf1e3808] DEBUG - [FFMPEG] - Format mov,mp4,m4a,3gp,3g2,mj2 probed with size=2048 and score=100
Jul 06, 2022 13:00:59.706 [0x7fcdaf1e3808] DEBUG - [FFMPEG] - ISO: File Type Major Brand: isom
Jul 06, 2022 13:00:59.706 [0x7fcdaf1e3808] DEBUG - [FFMPEG] - Unknown dref type 0x206c7275 size 12
Jul 06, 2022 13:00:59.707 [0x7fcdaf1e3808] DEBUG - [FFMPEG] - Processing st: 0, edit list 0 - media time: 2000, duration: 3318000
Jul 06, 2022 13:00:59.707 [0x7fcdaf1e3808] DEBUG - [FFMPEG] - Offset DTS by 2000 to make first pts zero.
Jul 06, 2022 13:00:59.707 [0x7fcdaf1e3808] DEBUG - [FFMPEG] - Setting codecpar->delay to 2 for stream st: 0
Jul 06, 2022 13:00:59.707 [0x7fcdaf1e3808] DEBUG - [FFMPEG] - Unknown dref type 0x206c7275 size 12
Jul 06, 2022 13:00:59.707 [0x7fcdaf1e3808] DEBUG - [FFMPEG] - Processing st: 1, edit list 0 - media time: 0, duration: 4882443
Jul 06, 2022 13:00:59.707 [0x7fcdaf1e3808] DEBUG - [FFMPEG] - Before avformat_find_stream_info() pos: 14591569 bytes read:123337 seeks:1 nb_streams:2
Jul 06, 2022 13:00:59.707 [0x7fcdaf1e3808] DEBUG - [FFMPEG] - nal_unit_type: 7(SPS), nal_ref_idc: 3
Jul 06, 2022 13:00:59.707 [0x7fcdaf1e3808] DEBUG - [FFMPEG] - nal_unit_type: 8(PPS), nal_ref_idc: 3
Jul 06, 2022 13:00:59.707 [0x7fcdaf1e3808] DEBUG - [FFMPEG] - nal_unit_type: 6(SEI), nal_ref_idc: 0
Jul 06, 2022 13:00:59.707 [0x7fcdaf1e3808] DEBUG - [FFMPEG] - nal_unit_type: 5(IDR), nal_ref_idc: 3
Jul 06, 2022 13:00:59.707 [0x7fcdaf1e3808] DEBUG - [FFMPEG] - Format yuv420p chosen by get_format().
Jul 06, 2022 13:00:59.708 [0x7fcdaf1e3808] DEBUG - [FFMPEG] - no picture 
Jul 06, 2022 13:00:59.712 [0x7fcdaf1e3808] DEBUG - [FFMPEG] - nal_unit_type: 1(Coded slice of a non-IDR picture), nal_ref_idc: 2
Jul 06, 2022 13:00:59.712 [0x7fcdaf1e3808] DEBUG - [FFMPEG] - no picture 
Jul 06, 2022 13:00:59.713 [0x7fcdaf1e3808] DEBUG - [FFMPEG] - nal_unit_type: 1(Coded slice of a non-IDR picture), nal_ref_idc: 2
Jul 06, 2022 13:00:59.714 [0x7fcdaf1e3808] DEBUG - [FFMPEG] - All info found
Jul 06, 2022 13:00:59.714 [0x7fcdaf1e3808] DEBUG - [FFMPEG] - After avformat_find_stream_info() pos: 39440 bytes read:194535 seeks:2 frames:4
Jul 06, 2022 13:00:59.714 [0x7fcdaf1e3808] DEBUG - [FFMPEG] - nal_unit_type: 7(SPS), nal_ref_idc: 3
Jul 06, 2022 13:00:59.714 [0x7fcdaf1e3808] DEBUG - [FFMPEG] - nal_unit_type: 8(PPS), nal_ref_idc: 3
Jul 06, 2022 13:00:59.715 [0x7fcdaf1e3808] DEBUG - [MI] Closing input file: "/tv/aws-certified-sysops-administrator-associate-training-2022/14 - Security, Identity, and Compliance/014 AWS Artifact.mp4"
Jul 06, 2022 13:00:59.715 [0x7fcdaf1e3808] DEBUG - Scanner: found local sidecar subtitle "/tv/aws-certified-sysops-administrator-associate-training-2022/14 - Security, Identity, and Compliance/014 AWS Artifact_en.srt"
Jul 06, 2022 13:00:59.715 [0x7fcdaf1e3808] DEBUG - [FFMPEG] - Opening '/tv/aws-certified-sysops-administrator-associate-training-2022/14 - Security, Identity, and Compliance/014 AWS Artifact_en.srt' for reading
Jul 06, 2022 13:00:59.715 [0x7fcdaf1e3808] DEBUG - [FFMPEG] - Setting default whitelist 'file,crypto,data'
Jul 06, 2022 13:00:59.715 [0x7fcdaf1e3808] DEBUG - [FFMPEG] - Format srt probed with size=2048 and score=100
Jul 06, 2022 13:00:59.717 [0x7fcdaf1e3808] DEBUG - [MI] Opening input file: "/tv/aws-certified-sysops-administrator-associate-training-2022/14 - Security, Identity, and Compliance/015 Directory Services and Federation.mp4"
Jul 06, 2022 13:00:59.717 [0x7fcdaf1e3808] DEBUG - [FFMPEG] - Opening '/tv/aws-certified-sysops-administrator-associate-training-2022/14 - Security, Identity, and Compliance/015 Directory Services and Federation.mp4' for reading
Jul 06, 2022 13:00:59.717 [0x7fcdaf1e3808] DEBUG - [FFMPEG] - Setting default whitelist 'file,crypto,data'
Jul 06, 2022 13:00:59.717 [0x7fcdaf1e3808] DEBUG - [FFMPEG] - Format mov,mp4,m4a,3gp,3g2,mj2 probed with size=2048 and score=100
Jul 06, 2022 13:00:59.717 [0x7fcdaf1e3808] DEBUG - [FFMPEG] - ISO: File Type Major Brand: isom
Jul 06, 2022 13:00:59.717 [0x7fcdaf1e3808] DEBUG - [FFMPEG] - Unknown dref type 0x206c7275 size 12
Jul 06, 2022 13:00:59.718 [0x7fcdaf1e3808] DEBUG - [FFMPEG] - Processing st: 0, edit list 0 - media time: 2000, duration: 15150000
Jul 06, 2022 13:00:59.719 [0x7fcdaf1e3808] DEBUG - [FFMPEG] - Offset DTS by 2000 to make first pts zero.
Jul 06, 2022 13:00:59.719 [0x7fcdaf1e3808] DEBUG - [FFMPEG] - Setting codecpar->delay to 2 for stream st: 0
Jul 06, 2022 13:00:59.719 [0x7fcdaf1e3808] DEBUG - [FFMPEG] - Unknown dref type 0x206c7275 size 12
Jul 06, 2022 13:00:59.719 [0x7fcdaf1e3808] DEBUG - [FFMPEG] - Processing st: 1, edit list 0 - media time: 0, duration: 22276101
Jul 06, 2022 13:00:59.719 [0x7fcdaf1e3808] DEBUG - [FFMPEG] - Before avformat_find_stream_info() pos: 24245398 bytes read:447146 seeks:1 nb_streams:2
Jul 06, 2022 13:00:59.719 [0x7fcdaf1e3808] DEBUG - [FFMPEG] - nal_unit_type: 7(SPS), nal_ref_idc: 3
Jul 06, 2022 13:00:59.719 [0x7fcdaf1e3808] DEBUG - [FFMPEG] - nal_unit_type: 8(PPS), nal_ref_idc: 3
Jul 06, 2022 13:00:59.719 [0x7fcdaf1e3808] DEBUG - [FFMPEG] - nal_unit_type: 6(SEI), nal_ref_idc: 0
Jul 06, 2022 13:00:59.719 [0x7fcdaf1e3808] DEBUG - [FFMPEG] - nal_unit_type: 5(IDR), nal_ref_idc: 3
Jul 06, 2022 13:00:59.719 [0x7fcdaf1e3808] DEBUG - [FFMPEG] - Format yuv420p chosen by get_format().
Jul 06, 2022 13:00:59.720 [0x7fcdaf1e3808] DEBUG - [FFMPEG] - no picture 
Jul 06, 2022 13:00:59.722 [0x7fcdaf1e3808] DEBUG - [FFMPEG] - nal_unit_type: 1(Coded slice of a non-IDR picture), nal_ref_idc: 2
Jul 06, 2022 13:00:59.723 [0x7fcdaf1e3808] DEBUG - [FFMPEG] - no picture 
Jul 06, 2022 13:00:59.724 [0x7fcdaf1e3808] DEBUG - [FFMPEG] - nal_unit_type: 1(Coded slice of a non-IDR picture), nal_ref_idc: 2
Jul 06, 2022 13:00:59.725 [0x7fcdaf1e3808] DEBUG - [FFMPEG] - All info found
Jul 06, 2022 13:00:59.725 [0x7fcdaf1e3808] DEBUG - [FFMPEG] - After avformat_find_stream_info() pos: 14393 bytes read:479914 seeks:2 frames:4
Jul 06, 2022 13:00:59.725 [0x7fcdaf1e3808] DEBUG - [FFMPEG] - nal_unit_type: 7(SPS), nal_ref_idc: 3
Jul 06, 2022 13:00:59.725 [0x7fcdaf1e3808] DEBUG - [FFMPEG] - nal_unit_type: 8(PPS), nal_ref_idc: 3
Jul 06, 2022 13:00:59.725 [0x7fcdaf1e3808] DEBUG - [MI] Closing input file: "/tv/aws-certified-sysops-administrator-associate-training-2022/14 - Security, Identity, and Compliance/015 Directory Services and Federation.mp4"
Jul 06, 2022 13:00:59.726 [0x7fcdaf1e3808] DEBUG - Scanner: found local sidecar subtitle "/tv/aws-certified-sysops-administrator-associate-training-2022/14 - Security, Identity, and Compliance/015 Directory Services and Federation_en.srt"
Jul 06, 2022 13:00:59.726 [0x7fcdaf1e3808] DEBUG - [FFMPEG] - Opening '/tv/aws-certified-sysops-administrator-associate-training-2022/14 - Security, Identity, and Compliance/015 Directory Services and Federation_en.srt' for reading
Jul 06, 2022 13:00:59.726 [0x7fcdaf1e3808] DEBUG - [FFMPEG] - Setting default whitelist 'file,crypto,data'
Jul 06, 2022 13:00:59.726 [0x7fcdaf1e3808] DEBUG - [FFMPEG] - Format srt probed with size=2048 and score=100
Jul 06, 2022 13:00:59.728 [0x7fcdaf1e3808] DEBUG - [MI] Opening input file: "/tv/aws-certified-sysops-administrator-associate-training-2022/14 - Security, Identity, and Compliance/016 Exam Scenarios for Security and Compliance.mp4"
Jul 06, 2022 13:00:59.728 [0x7fcdaf1e3808] DEBUG - [FFMPEG] - Opening '/tv/aws-certified-sysops-administrator-associate-training-2022/14 - Security, Identity, and Compliance/016 Exam Scenarios for Security and Compliance.mp4' for reading
Jul 06, 2022 13:00:59.728 [0x7fcdaf1e3808] DEBUG - [FFMPEG] - Setting default whitelist 'file,crypto,data'
Jul 06, 2022 13:00:59.728 [0x7fcdaf1e3808] DEBUG - [FFMPEG] - Format mov,mp4,m4a,3gp,3g2,mj2 probed with size=2048 and score=100
Jul 06, 2022 13:00:59.728 [0x7fcdaf1e3808] DEBUG - [FFMPEG] - ISO: File Type Major Brand: isom
Jul 06, 2022 13:00:59.728 [0x7fcdaf1e3808] DEBUG - [FFMPEG] - Unknown dref type 0x206c7275 size 12
Jul 06, 2022 13:00:59.729 [0x7fcdaf1e3808] DEBUG - [FFMPEG] - Processing st: 0, edit list 0 - media time: 2000, duration: 8794020
Jul 06, 2022 13:00:59.729 [0x7fcdaf1e3808] DEBUG - [FFMPEG] - Offset DTS by 2000 to make first pts zero.
Jul 06, 2022 13:00:59.729 [0x7fcdaf1e3808] DEBUG - [FFMPEG] - Setting codecpar->delay to 2 for stream st: 0
Jul 06, 2022 13:00:59.729 [0x7fcdaf1e3808] DEBUG - [FFMPEG] - Unknown dref type 0x206c7275 size 12
Jul 06, 2022 13:00:59.729 [0x7fcdaf1e3808] DEBUG - [FFMPEG] - Processing st: 1, edit list 0 - media time: 0, duration: 12933163
Jul 06, 2022 13:00:59.730 [0x7fcdaf1e3808] DEBUG - [FFMPEG] - Before avformat_find_stream_info() pos: 11571596 bytes read:273543 seeks:1 nb_streams:2
Jul 06, 2022 13:00:59.730 [0x7fcdaf1e3808] DEBUG - [FFMPEG] - nal_unit_type: 7(SPS), nal_ref_idc: 3
Jul 06, 2022 13:00:59.730 [0x7fcdaf1e3808] DEBUG - [FFMPEG] - nal_unit_type: 8(PPS), nal_ref_idc: 3
Jul 06, 2022 13:00:59.730 [0x7fcdaf1e3808] DEBUG - [FFMPEG] - nal_unit_type: 6(SEI), nal_ref_idc: 0
Jul 06, 2022 13:00:59.730 [0x7fcdaf1e3808] DEBUG - [FFMPEG] - nal_unit_type: 5(IDR), nal_ref_idc: 3
Jul 06, 2022 13:00:59.730 [0x7fcdaf1e3808] DEBUG - [FFMPEG] - Format yuv420p chosen by get_format().
Jul 06, 2022 13:00:59.730 [0x7fcdaf1e3808] DEBUG - [FFMPEG] - no picture 
Jul 06, 2022 13:00:59.732 [0x7fcdaf1e3808] DEBUG - [FFMPEG] - nal_unit_type: 1(Coded slice of a non-IDR picture), nal_ref_idc: 2
Jul 06, 2022 13:00:59.733 [0x7fcdaf1e3808] DEBUG - [FFMPEG] - no picture 
Jul 06, 2022 13:00:59.734 [0x7fcdaf1e3808] DEBUG - [FFMPEG] - nal_unit_type: 1(Coded slice of a non-IDR picture), nal_ref_idc: 2
Jul 06, 2022 13:00:59.735 [0x7fcdaf1e3808] DEBUG - [FFMPEG] - All info found
Jul 06, 2022 13:00:59.735 [0x7fcdaf1e3808] DEBUG - [FFMPEG] - After avformat_find_stream_info() pos: 10140 bytes read:306311 seeks:2 frames:4
Jul 06, 2022 13:00:59.735 [0x7fcdaf1e3808] DEBUG - [FFMPEG] - nal_unit_type: 7(SPS), nal_ref_idc: 3
Jul 06, 2022 13:00:59.735 [0x7fcdaf1e3808] DEBUG - [FFMPEG] - nal_unit_type: 8(PPS), nal_ref_idc: 3
Jul 06, 2022 13:00:59.735 [0x7fcdaf1e3808] DEBUG - [MI] Closing input file: "/tv/aws-certified-sysops-administrator-associate-training-2022/14 - Security, Identity, and Compliance/016 Exam Scenarios for Security and Compliance.mp4"
Jul 06, 2022 13:00:59.736 [0x7fcdaf1e3808] DEBUG - Scanner: found local sidecar subtitle "/tv/aws-certified-sysops-administrator-associate-training-2022/14 - Security, Identity, and Compliance/016 Exam Scenarios for Security and Compliance_en.srt"
Jul 06, 2022 13:00:59.736 [0x7fcdaf1e3808] DEBUG - [FFMPEG] - Opening '/tv/aws-certified-sysops-administrator-associate-training-2022/14 - Security, Identity, and Compliance/016 Exam Scenarios for Security and Compliance_en.srt' for reading
Jul 06, 2022 13:00:59.736 [0x7fcdaf1e3808] DEBUG - [FFMPEG] - Setting default whitelist 'file,crypto,data'
Jul 06, 2022 13:00:59.736 [0x7fcdaf1e3808] DEBUG - [FFMPEG] - Format srt probed with size=2048 and score=100
