May 30, 2022 16:14:41.309 [0x7fad7eaf5b38] INFO - Plex Media Scanner v1.26.2.5797-5bd057d2b - Docker Docker Container (LinuxServer.io) x86_64 - build: linux-x86_64 - GMT 02:00
May 30, 2022 16:14:41.309 [0x7fad7eaf5b38] INFO - Linux version: 5.15.41-1-MANJARO, language: en-US
May 30, 2022 16:14:41.309 [0x7fad7eaf5b38] INFO - Processor: 12-core AMD Ryzen 5 3600 6-Core Processor              
May 30, 2022 16:14:41.309 [0x7fad7eaf5b38] INFO - /usr/lib/plexmediaserver/Plex Media Scanner --analyze --log-file-suffix  Analysis --no-thumbs --item 750
May 30, 2022 16:14:41.309 [0x7fad81b0a808] DEBUG - Opening 20 database sessions to library (com.plexapp.plugins.library), SQLite 3.35.5, threadsafe=1
May 30, 2022 16:14:41.374 [0x7fad81b0a808] DEBUG - Analyzing media parts for item 750 (The Matrix Reloaded): 1997
May 30, 2022 16:14:41.384 [0x7fad81b0a808] DEBUG - Downloading document http://127.0.0.1:32400/library/changestamp
May 30, 2022 16:14:41.384 [0x7fad81b0a808] DEBUG - HTTP requesting GET http://127.0.0.1:32400/library/changestamp
May 30, 2022 16:14:41.385 [0x7fad7dce4b38] DEBUG - [HttpClient] HTTP/1.1 (0.0s) 200 response from GET http://127.0.0.1:32400/library/changestamp
May 30, 2022 16:14:41.385 [0x7fad81b0a808] DEBUG - Updating metadata item (save) (The Matrix Reloaded) with ID 750
May 30, 2022 16:14:41.386 [0x7fad81b0a808] DEBUG - [ID 1999] Media part analysis: /movies/TheMatrixTrilogyComplete(1999-2003)/The Matrix Reloaded (2003) 720p 5.1 BRRiP x264 AAC [Team Nanban].mp4
May 30, 2022 16:14:41.386 [0x7fad81b0a808] DEBUG - [MI] Opening input file: "/movies/TheMatrixTrilogyComplete(1999-2003)/The Matrix Reloaded (2003) 720p 5.1 BRRiP x264 AAC [Team Nanban].mp4"
May 30, 2022 16:14:41.386 [0x7fad81b0a808] DEBUG - [FFMPEG] - Opening '/movies/TheMatrixTrilogyComplete(1999-2003)/The Matrix Reloaded (2003) 720p 5.1 BRRiP x264 AAC [Team Nanban].mp4' for reading
May 30, 2022 16:14:41.386 [0x7fad81b0a808] DEBUG - [FFMPEG] - Setting default whitelist 'file,crypto,data'
May 30, 2022 16:14:41.386 [0x7fad81b0a808] DEBUG - [FFMPEG] - Format mov,mp4,m4a,3gp,3g2,mj2 probed with size=2048 and score=100
May 30, 2022 16:14:41.386 [0x7fad81b0a808] DEBUG - [FFMPEG] - ISO: File Type Major Brand: isom
May 30, 2022 16:14:41.386 [0x7fad81b0a808] DEBUG - [FFMPEG] - Unknown dref type 0x206c7275 size 12
May 30, 2022 16:14:41.472 [0x7fad81b0a808] DEBUG - [FFMPEG] - Processing st: 0, edit list 0 - media time: 7507, duration: 746590800
May 30, 2022 16:14:41.479 [0x7fad81b0a808] DEBUG - [FFMPEG] - drop a frame at curr_cts: 746598352 @ 198889
May 30, 2022 16:14:41.479 [0x7fad81b0a808] DEBUG - [FFMPEG] - Offset DTS by 7507 to make first pts zero.
May 30, 2022 16:14:41.481 [0x7fad81b0a808] DEBUG - [FFMPEG] - Setting codecpar->delay to 2 for stream st: 0
May 30, 2022 16:14:41.481 [0x7fad81b0a808] DEBUG - [FFMPEG] - Unknown dref type 0x206c7275 size 12
May 30, 2022 16:14:41.491 [0x7fad81b0a808] DEBUG - [FFMPEG] - rfps: 23.916667 0.004905
May 30, 2022 16:14:41.491 [0x7fad81b0a808] DEBUG - [FFMPEG] - rfps: 23.916667 0.004905
May 30, 2022 16:14:41.491 [0x7fad81b0a808] DEBUG - [FFMPEG] - rfps: 24.000000 0.000800
May 30, 2022 16:14:41.491 [0x7fad81b0a808] DEBUG - [FFMPEG] - rfps: 24.000000 0.000800
May 30, 2022 16:14:41.491 [0x7fad81b0a808] DEBUG - [FFMPEG] - rfps: 24.083333 0.016031
May 30, 2022 16:14:41.491 [0x7fad81b0a808] DEBUG - [FFMPEG] - rfps: 24.083333 0.016031
May 30, 2022 16:14:41.491 [0x7fad81b0a808] DEBUG - [FFMPEG] - rfps: 48.000000 0.003201
May 30, 2022 16:14:41.491 [0x7fad81b0a808] DEBUG - [FFMPEG] - rfps: 48.000000 0.003201
May 30, 2022 16:14:41.491 [0x7fad81b0a808] DEBUG - [FFMPEG] - rfps: 23.976024 0.000000
May 30, 2022 16:14:41.491 [0x7fad81b0a808] DEBUG - [FFMPEG] - rfps: 23.976024 0.000000
May 30, 2022 16:14:41.491 [0x7fad81b0a808] DEBUG - [FFMPEG] - rfps: 47.952048 0.000000
May 30, 2022 16:14:41.491 [0x7fad81b0a808] DEBUG - [FFMPEG] - rfps: 47.952048 0.000000
May 30, 2022 16:14:41.491 [0x7fad81b0a808] DEBUG - [FFMPEG] - Before avformat_find_stream_info() pos: 1136129225 bytes read:4233988 seeks:1 nb_streams:2
May 30, 2022 16:14:41.491 [0x7fad81b0a808] DEBUG - [FFMPEG] - nal_unit_type: 7(SPS), nal_ref_idc: 3
May 30, 2022 16:14:41.491 [0x7fad81b0a808] DEBUG - [FFMPEG] - nal_unit_type: 8(PPS), nal_ref_idc: 3
May 30, 2022 16:14:41.491 [0x7fad81b0a808] DEBUG - [FFMPEG] - nal_unit_type: 6(SEI), nal_ref_idc: 0
May 30, 2022 16:14:41.491 [0x7fad81b0a808] DEBUG - [FFMPEG] - nal_unit_type: 5(IDR), nal_ref_idc: 3
May 30, 2022 16:14:41.491 [0x7fad81b0a808] DEBUG - [FFMPEG] - Format yuv420p chosen by get_format().
May 30, 2022 16:14:41.492 [0x7fad81b0a808] DEBUG - [FFMPEG] - no picture 
May 30, 2022 16:14:41.492 [0x7fad81b0a808] DEBUG - [FFMPEG] - nal_unit_type: 1(Coded slice of a non-IDR picture), nal_ref_idc: 2
May 30, 2022 16:14:41.492 [0x7fad81b0a808] DEBUG - [FFMPEG] - no picture 
May 30, 2022 16:14:41.493 [0x7fad81b0a808] DEBUG - [FFMPEG] - nal_unit_type: 1(Coded slice of a non-IDR picture), nal_ref_idc: 2
May 30, 2022 16:14:41.494 [0x7fad81b0a808] DEBUG - [FFMPEG] - nal_unit_type: 1(Coded slice of a non-IDR picture), nal_ref_idc: 0
May 30, 2022 16:14:41.494 [0x7fad81b0a808] DEBUG - [FFMPEG] - nal_unit_type: 1(Coded slice of a non-IDR picture), nal_ref_idc: 0
May 30, 2022 16:14:41.495 [0x7fad81b0a808] DEBUG - [FFMPEG] - nal_unit_type: 1(Coded slice of a non-IDR picture), nal_ref_idc: 2
May 30, 2022 16:14:41.496 [0x7fad81b0a808] DEBUG - [FFMPEG] - nal_unit_type: 1(Coded slice of a non-IDR picture), nal_ref_idc: 2
May 30, 2022 16:14:41.496 [0x7fad81b0a808] DEBUG - [FFMPEG] - nal_unit_type: 1(Coded slice of a non-IDR picture), nal_ref_idc: 0
May 30, 2022 16:14:41.497 [0x7fad81b0a808] DEBUG - [FFMPEG] - nal_unit_type: 1(Coded slice of a non-IDR picture), nal_ref_idc: 0
May 30, 2022 16:14:41.498 [0x7fad81b0a808] DEBUG - [FFMPEG] - All info found
May 30, 2022 16:14:41.499 [0x7fad81b0a808] DEBUG - [FFMPEG] - After avformat_find_stream_info() pos: 4209385 bytes read:4266756 seeks:2 frames:13
May 30, 2022 16:14:41.499 [0x7fad81b0a808] DEBUG - [MI] Opening "/movies/TheMatrixTrilogyComplete(1999-2003)/The Matrix Reloaded (2003) 720p 5.1 BRRiP x264 AAC [Team Nanban].mp4" for MP4 atom parsing
May 30, 2022 16:14:41.499 [0x7fad81b0a808] DEBUG - Mp4AtomParser: Skipping ftyp atom of size 20 at offset 0
May 30, 2022 16:14:41.499 [0x7fad81b0a808] DEBUG - Mp4AtomParser: Found moov atom of size 4207945 at offset 20
May 30, 2022 16:14:41.500 [0x7fad81b0a808] DEBUG - Mp4AtomParser: Found trak atom of size 3250395 at offset 157
May 30, 2022 16:14:41.500 [0x7fad81b0a808] DEBUG - Mp4AtomParser: Found trak atom of size 957413 at offset 3250552
May 30, 2022 16:14:41.501 [0x7fad81b0a808] DEBUG - Mp4AtomParser: Found mdia atom of size 3250259 at offset 293
May 30, 2022 16:14:41.501 [0x7fad81b0a808] DEBUG - Mp4AtomParser: Found minf atom of size 3250186 at offset 366
May 30, 2022 16:14:41.501 [0x7fad81b0a808] DEBUG - Mp4AtomParser: Found stbl atom of size 3250122 at offset 430
May 30, 2022 16:14:41.501 [0x7fad81b0a808] DEBUG - Mp4AtomParser: Found mdia atom of size 957313 at offset 3250652
May 30, 2022 16:14:41.501 [0x7fad81b0a808] DEBUG - Mp4AtomParser: Found minf atom of size 957240 at offset 3250725
May 30, 2022 16:14:41.501 [0x7fad81b0a808] DEBUG - Mp4AtomParser: Found stbl atom of size 957180 at offset 3250785
May 30, 2022 16:14:41.501 [0x7fad81b0a808] DEBUG - [MI]  * 989b491db7b5d3b23f1261bec832d015e8c58273 [mp4 h264/aac] Duration: 8295680ms, 1280x530 (2.412060) 23.976fps, bitrate=1095kbps, audio channels=6, optimizedForStreaming=1 ("/movies/TheMatrixTrilogyComplete(1999-2003)/The Matrix Reloaded (2003) 720p 5.1 BRRiP x264 AAC [Team Nanban].mp4")
May 30, 2022 16:14:41.501 [0x7fad81b0a808] DEBUG - [MI] Chapters had generic titles, clearing.
May 30, 2022 16:14:41.501 [0x7fad81b0a808] DEBUG - [MI] Closing input file: "/movies/TheMatrixTrilogyComplete(1999-2003)/The Matrix Reloaded (2003) 720p 5.1 BRRiP x264 AAC [Team Nanban].mp4"
May 30, 2022 16:14:41.502 [0x7fad81b0a808] DEBUG - Committing media stream changes for part 1999
May 30, 2022 16:14:41.503 [0x7fad81b0a808] DEBUG - Updating media item 1997, size=1136129260, metadata_item_id=750
May 30, 2022 16:14:41.503 [0x7fad81b0a808] DEBUG - Updating part with ID=1999 [/movies/TheMatrixTrilogyComplete(1999-2003)/The Matrix Reloaded (2003) 720p 5.1 BRRiP x264 AAC [Team Nanban].mp4]
May 30, 2022 16:14:41.503 [0x7fad7dbbcb38] DEBUG - HTTP requesting GET http://127.0.0.1:32400/:/metadata/notify/changeItemState?librarySectionID=1&metadataItemID=750&metadataType=1&state=-1&parentID=-1&rootID=-1&mediaState=analyzing
May 30, 2022 16:14:41.503 [0x7fad7dce4b38] DEBUG - [HttpClient] HTTP/1.1 (0.0s) 200 response from GET http://127.0.0.1:32400/:/metadata/notify/changeItemState?librarySectionID=1&metadataItemID=750&metadataType=1&state=-1&parentID=-1&rootID=-1&mediaState=analyzing (reused)
May 30, 2022 16:14:41.504 [0x7fad7dbbcb38] DEBUG - HTTP requesting GET http://127.0.0.1:32400/:/metadata/notify/changeItemState?librarySectionID=1&metadataItemID=750&metadataType=1&state=-1&parentID=-1&rootID=-1&mediaState=idle
May 30, 2022 16:14:41.504 [0x7fad7dce4b38] DEBUG - [HttpClient] HTTP/1.1 (0.0s) 200 response from GET http://127.0.0.1:32400/:/metadata/notify/changeItemState?librarySectionID=1&metadataItemID=750&metadataType=1&state=-1&parentID=-1&rootID=-1&mediaState=idle (reused)
May 30, 2022 16:14:41.504 [0x7fad81b0a808] DEBUG - Downloading document http://127.0.0.1:32400/library/changestamp
May 30, 2022 16:14:41.504 [0x7fad81b0a808] DEBUG - HTTP requesting GET http://127.0.0.1:32400/library/changestamp
May 30, 2022 16:14:41.505 [0x7fad7dce4b38] DEBUG - [HttpClient] HTTP/1.1 (0.0s) 200 response from GET http://127.0.0.1:32400/library/changestamp (reused)
May 30, 2022 16:14:41.505 [0x7fad81b0a808] DEBUG - Updating metadata item (save) (The Matrix Reloaded) with ID 750
