May 30, 2022 16:14:41.075 [0x7f14fda7bb38] INFO - Plex Media Scanner v1.26.2.5797-5bd057d2b - Docker Docker Container (LinuxServer.io) x86_64 - build: linux-x86_64 - GMT 02:00
May 30, 2022 16:14:41.076 [0x7f14fda7bb38] INFO - Linux version: 5.15.41-1-MANJARO, language: en-US
May 30, 2022 16:14:41.076 [0x7f14fda7bb38] INFO - Processor: 12-core AMD Ryzen 5 3600 6-Core Processor              
May 30, 2022 16:14:41.076 [0x7f14fda7bb38] INFO - /usr/lib/plexmediaserver/Plex Media Scanner --analyze --log-file-suffix  Analysis --no-thumbs --item 749
May 30, 2022 16:14:41.076 [0x7f1500a90808] DEBUG - Opening 20 database sessions to library (com.plexapp.plugins.library), SQLite 3.35.5, threadsafe=1
May 30, 2022 16:14:41.134 [0x7f1500a90808] DEBUG - Analyzing media parts for item 749 (The Matrix): 1996
May 30, 2022 16:14:41.158 [0x7f1500a90808] DEBUG - Downloading document http://127.0.0.1:32400/library/changestamp
May 30, 2022 16:14:41.159 [0x7f1500a90808] DEBUG - HTTP requesting GET http://127.0.0.1:32400/library/changestamp
May 30, 2022 16:14:41.160 [0x7f14fcba2b38] DEBUG - [HttpClient] HTTP/1.1 (0.0s) 200 response from GET http://127.0.0.1:32400/library/changestamp
May 30, 2022 16:14:41.160 [0x7f1500a90808] DEBUG - Updating metadata item (save) (The Matrix) with ID 749
May 30, 2022 16:14:41.171 [0x7f1500a90808] DEBUG - [ID 1998] Media part analysis: /movies/TheMatrixTrilogyComplete(1999-2003)/The Matrix (1999) 720p 5.1 BRRiP x264 AAC [Team Nanban].mp4
May 30, 2022 16:14:41.171 [0x7f1500a90808] DEBUG - [MI] Opening input file: "/movies/TheMatrixTrilogyComplete(1999-2003)/The Matrix (1999) 720p 5.1 BRRiP x264 AAC [Team Nanban].mp4"
May 30, 2022 16:14:41.171 [0x7f1500a90808] DEBUG - [FFMPEG] - Opening '/movies/TheMatrixTrilogyComplete(1999-2003)/The Matrix (1999) 720p 5.1 BRRiP x264 AAC [Team Nanban].mp4' for reading
May 30, 2022 16:14:41.171 [0x7f1500a90808] DEBUG - [FFMPEG] - Setting default whitelist 'file,crypto,data'
May 30, 2022 16:14:41.171 [0x7f1500a90808] DEBUG - [FFMPEG] - Format mov,mp4,m4a,3gp,3g2,mj2 probed with size=2048 and score=100
May 30, 2022 16:14:41.171 [0x7f1500a90808] DEBUG - [FFMPEG] - ISO: File Type Major Brand: isom
May 30, 2022 16:14:41.171 [0x7f1500a90808] DEBUG - [FFMPEG] - Unknown dref type 0x206c7275 size 12
May 30, 2022 16:14:41.204 [0x7f1500a90808] DEBUG - [FFMPEG] - Processing st: 0, edit list 0 - media time: 7507, duration: 736016400
May 30, 2022 16:14:41.210 [0x7f1500a90808] DEBUG - [FFMPEG] - Offset DTS by 7507 to make first pts zero.
May 30, 2022 16:14:41.211 [0x7f1500a90808] DEBUG - [FFMPEG] - Setting codecpar->delay to 2 for stream st: 0
May 30, 2022 16:14:41.211 [0x7f1500a90808] DEBUG - [FFMPEG] - Unknown dref type 0x206c7275 size 12
May 30, 2022 16:14:41.266 [0x7f1500a90808] DEBUG - [FFMPEG] - rfps: 23.916667 0.004905
May 30, 2022 16:14:41.266 [0x7f1500a90808] DEBUG - [FFMPEG] - rfps: 23.916667 0.004905
May 30, 2022 16:14:41.266 [0x7f1500a90808] DEBUG - [FFMPEG] - rfps: 24.000000 0.000800
May 30, 2022 16:14:41.266 [0x7f1500a90808] DEBUG - [FFMPEG] - rfps: 24.000000 0.000800
May 30, 2022 16:14:41.266 [0x7f1500a90808] DEBUG - [FFMPEG] - rfps: 24.083333 0.016031
May 30, 2022 16:14:41.266 [0x7f1500a90808] DEBUG - [FFMPEG] - rfps: 24.083333 0.016031
May 30, 2022 16:14:41.266 [0x7f1500a90808] DEBUG - [FFMPEG] - rfps: 48.000000 0.003201
May 30, 2022 16:14:41.266 [0x7f1500a90808] DEBUG - [FFMPEG] - rfps: 48.000000 0.003201
May 30, 2022 16:14:41.266 [0x7f1500a90808] DEBUG - [FFMPEG] - rfps: 23.976024 0.000000
May 30, 2022 16:14:41.266 [0x7f1500a90808] DEBUG - [FFMPEG] - rfps: 23.976024 0.000000
May 30, 2022 16:14:41.266 [0x7f1500a90808] DEBUG - [FFMPEG] - rfps: 47.952048 0.000000
May 30, 2022 16:14:41.266 [0x7f1500a90808] DEBUG - [FFMPEG] - rfps: 47.952048 0.000000
May 30, 2022 16:14:41.266 [0x7f1500a90808] DEBUG - [FFMPEG] - Before avformat_find_stream_info() pos: 1116467404 bytes read:4177924 seeks:1 nb_streams:2
May 30, 2022 16:14:41.267 [0x7f1500a90808] DEBUG - [FFMPEG] - nal_unit_type: 7(SPS), nal_ref_idc: 3
May 30, 2022 16:14:41.267 [0x7f1500a90808] DEBUG - [FFMPEG] - nal_unit_type: 8(PPS), nal_ref_idc: 3
May 30, 2022 16:14:41.267 [0x7f1500a90808] DEBUG - [FFMPEG] - nal_unit_type: 6(SEI), nal_ref_idc: 0
May 30, 2022 16:14:41.267 [0x7f1500a90808] DEBUG - [FFMPEG] - nal_unit_type: 5(IDR), nal_ref_idc: 3
May 30, 2022 16:14:41.267 [0x7f1500a90808] DEBUG - [FFMPEG] - Format yuv420p chosen by get_format().
May 30, 2022 16:14:41.267 [0x7f1500a90808] DEBUG - [FFMPEG] - no picture 
May 30, 2022 16:14:41.268 [0x7f1500a90808] DEBUG - [FFMPEG] - nal_unit_type: 1(Coded slice of a non-IDR picture), nal_ref_idc: 2
May 30, 2022 16:14:41.269 [0x7f1500a90808] DEBUG - [FFMPEG] - no picture 
May 30, 2022 16:14:41.269 [0x7f1500a90808] DEBUG - [FFMPEG] - nal_unit_type: 1(Coded slice of a non-IDR picture), nal_ref_idc: 2
May 30, 2022 16:14:41.271 [0x7f1500a90808] DEBUG - [FFMPEG] - nal_unit_type: 1(Coded slice of a non-IDR picture), nal_ref_idc: 0
May 30, 2022 16:14:41.272 [0x7f1500a90808] DEBUG - [FFMPEG] - nal_unit_type: 1(Coded slice of a non-IDR picture), nal_ref_idc: 0
May 30, 2022 16:14:41.273 [0x7f1500a90808] DEBUG - [FFMPEG] - nal_unit_type: 1(Coded slice of a non-IDR picture), nal_ref_idc: 2
May 30, 2022 16:14:41.273 [0x7f1500a90808] DEBUG - [FFMPEG] - nal_unit_type: 1(Coded slice of a non-IDR picture), nal_ref_idc: 2
May 30, 2022 16:14:41.274 [0x7f1500a90808] DEBUG - [FFMPEG] - nal_unit_type: 1(Coded slice of a non-IDR picture), nal_ref_idc: 0
May 30, 2022 16:14:41.275 [0x7f1500a90808] DEBUG - [FFMPEG] - nal_unit_type: 1(Coded slice of a non-IDR picture), nal_ref_idc: 0
May 30, 2022 16:14:41.276 [0x7f1500a90808] DEBUG - [FFMPEG] - All info found
May 30, 2022 16:14:41.280 [0x7f1500a90808] DEBUG - [FFMPEG] - After avformat_find_stream_info() pos: 4152296 bytes read:4210692 seeks:2 frames:13
May 30, 2022 16:14:41.281 [0x7f1500a90808] DEBUG - [MI] Opening "/movies/TheMatrixTrilogyComplete(1999-2003)/The Matrix (1999) 720p 5.1 BRRiP x264 AAC [Team Nanban].mp4" for MP4 atom parsing
May 30, 2022 16:14:41.281 [0x7f1500a90808] DEBUG - Mp4AtomParser: Skipping ftyp atom of size 20 at offset 0
May 30, 2022 16:14:41.281 [0x7f1500a90808] DEBUG - Mp4AtomParser: Found moov atom of size 4150853 at offset 20
May 30, 2022 16:14:41.282 [0x7f1500a90808] DEBUG - Mp4AtomParser: Found trak atom of size 3206895 at offset 157
May 30, 2022 16:14:41.282 [0x7f1500a90808] DEBUG - Mp4AtomParser: Found trak atom of size 943821 at offset 3207052
May 30, 2022 16:14:41.282 [0x7f1500a90808] DEBUG - Mp4AtomParser: Found mdia atom of size 3206759 at offset 293
May 30, 2022 16:14:41.282 [0x7f1500a90808] DEBUG - Mp4AtomParser: Found minf atom of size 3206686 at offset 366
May 30, 2022 16:14:41.282 [0x7f1500a90808] DEBUG - Mp4AtomParser: Found stbl atom of size 3206622 at offset 430
May 30, 2022 16:14:41.282 [0x7f1500a90808] DEBUG - Mp4AtomParser: Found mdia atom of size 943721 at offset 3207152
May 30, 2022 16:14:41.282 [0x7f1500a90808] DEBUG - Mp4AtomParser: Found minf atom of size 943648 at offset 3207225
May 30, 2022 16:14:41.282 [0x7f1500a90808] DEBUG - Mp4AtomParser: Found stbl atom of size 943588 at offset 3207285
May 30, 2022 16:14:41.282 [0x7f1500a90808] DEBUG - [MI]  * 2b4e3f6fc0522d8b472241753050f450cdc5d37c [mp4 h264/aac] Duration: 8178047ms, 1280x530 (2.412060) 23.976fps, bitrate=1092kbps, audio channels=6, optimizedForStreaming=1 ("/movies/TheMatrixTrilogyComplete(1999-2003)/The Matrix (1999) 720p 5.1 BRRiP x264 AAC [Team Nanban].mp4")
May 30, 2022 16:14:41.283 [0x7f1500a90808] DEBUG - [MI] Chapters had generic titles, clearing.
May 30, 2022 16:14:41.283 [0x7f1500a90808] DEBUG - [MI] Closing input file: "/movies/TheMatrixTrilogyComplete(1999-2003)/The Matrix (1999) 720p 5.1 BRRiP x264 AAC [Team Nanban].mp4"
May 30, 2022 16:14:41.284 [0x7f1500a90808] DEBUG - Committing media stream changes for part 1998
May 30, 2022 16:14:41.284 [0x7f1500a90808] DEBUG - Updating media item 1996, size=1116467439, metadata_item_id=749
May 30, 2022 16:14:41.284 [0x7f1500a90808] DEBUG - Updating part with ID=1998 [/movies/TheMatrixTrilogyComplete(1999-2003)/The Matrix (1999) 720p 5.1 BRRiP x264 AAC [Team Nanban].mp4]
May 30, 2022 16:14:41.285 [0x7f14fcaffb38] DEBUG - HTTP requesting GET http://127.0.0.1:32400/:/metadata/notify/changeItemState?librarySectionID=1&metadataItemID=749&metadataType=1&state=-1&parentID=-1&rootID=-1&mediaState=analyzing
May 30, 2022 16:14:41.285 [0x7f14fcba2b38] DEBUG - [HttpClient] HTTP/1.1 (0.0s) 200 response from GET http://127.0.0.1:32400/:/metadata/notify/changeItemState?librarySectionID=1&metadataItemID=749&metadataType=1&state=-1&parentID=-1&rootID=-1&mediaState=analyzing (reused)
May 30, 2022 16:14:41.285 [0x7f14fcaffb38] DEBUG - HTTP requesting GET http://127.0.0.1:32400/:/metadata/notify/changeItemState?librarySectionID=1&metadataItemID=749&metadataType=1&state=-1&parentID=-1&rootID=-1&mediaState=idle
May 30, 2022 16:14:41.286 [0x7f14fcba2b38] DEBUG - [HttpClient] HTTP/1.1 (0.0s) 200 response from GET http://127.0.0.1:32400/:/metadata/notify/changeItemState?librarySectionID=1&metadataItemID=749&metadataType=1&state=-1&parentID=-1&rootID=-1&mediaState=idle (reused)
May 30, 2022 16:14:41.286 [0x7f1500a90808] DEBUG - Downloading document http://127.0.0.1:32400/library/changestamp
May 30, 2022 16:14:41.286 [0x7f1500a90808] DEBUG - HTTP requesting GET http://127.0.0.1:32400/library/changestamp
May 30, 2022 16:14:41.286 [0x7f14fcba2b38] DEBUG - [HttpClient] HTTP/1.1 (0.0s) 200 response from GET http://127.0.0.1:32400/library/changestamp (reused)
May 30, 2022 16:14:41.286 [0x7f1500a90808] DEBUG - Updating metadata item (save) (The Matrix) with ID 749
