Jul 06, 2022 13:01:25.705 [0x7f643ee3cb38] INFO - Plex Media Scanner v1.26.2.5797-5bd057d2b - Docker Docker Container (LinuxServer.io) x86_64 - build: linux-x86_64 - GMT 02:00
Jul 06, 2022 13:01:25.705 [0x7f643ee3cb38] INFO - Linux version: 5.15.49-1-MANJARO, language: en-US
Jul 06, 2022 13:01:25.705 [0x7f643ee3cb38] INFO - Processor: 12-core AMD Ryzen 5 3600 6-Core Processor              
Jul 06, 2022 13:01:25.705 [0x7f643ee3cb38] INFO - /usr/lib/plexmediaserver/Plex Media Scanner --match --type 2 --log-file-suffix  Matcher --item 937
Jul 06, 2022 13:01:25.706 [0x7f6441e51808] DEBUG - Opening 20 database sessions to library (com.plexapp.plugins.library), SQLite 3.35.5, threadsafe=1
Jul 06, 2022 13:01:25.769 [0x7f6441e51808] DEBUG - Matcher: found 7 auxiliary files for Season 53
Jul 06, 2022 13:01:25.770 [0x7f6441e51808] DEBUG - [MI] Opening input file: "/tv/aws-certified-sysops-administrator-associate-training-2022/10 - DNS Amazon Route 53/001 Introduction.mp4"
Jul 06, 2022 13:01:25.770 [0x7f6441e51808] DEBUG - [FFMPEG] - Opening '/tv/aws-certified-sysops-administrator-associate-training-2022/10 - DNS Amazon Route 53/001 Introduction.mp4' for reading
Jul 06, 2022 13:01:25.770 [0x7f6441e51808] DEBUG - [FFMPEG] - Setting default whitelist 'file,crypto,data'
Jul 06, 2022 13:01:25.771 [0x7f6441e51808] DEBUG - [FFMPEG] - Format mov,mp4,m4a,3gp,3g2,mj2 probed with size=2048 and score=100
Jul 06, 2022 13:01:25.771 [0x7f6441e51808] DEBUG - [FFMPEG] - ISO: File Type Major Brand: isom
Jul 06, 2022 13:01:25.771 [0x7f6441e51808] DEBUG - [FFMPEG] - Unknown dref type 0x206c7275 size 12
Jul 06, 2022 13:01:25.771 [0x7f6441e51808] DEBUG - [FFMPEG] - Processing st: 0, edit list 0 - media time: 2000, duration: 1083000
Jul 06, 2022 13:01:25.771 [0x7f6441e51808] DEBUG - [FFMPEG] - Offset DTS by 2000 to make first pts zero.
Jul 06, 2022 13:01:25.771 [0x7f6441e51808] DEBUG - [FFMPEG] - Setting codecpar->delay to 2 for stream st: 0
Jul 06, 2022 13:01:25.771 [0x7f6441e51808] DEBUG - [FFMPEG] - Unknown dref type 0x206c7275 size 12
Jul 06, 2022 13:01:25.771 [0x7f6441e51808] DEBUG - [FFMPEG] - Processing st: 1, edit list 0 - media time: 0, duration: 1597478
Jul 06, 2022 13:01:25.771 [0x7f6441e51808] DEBUG - [FFMPEG] - Before avformat_find_stream_info() pos: 2836645 bytes read:63677 seeks:1 nb_streams:2
Jul 06, 2022 13:01:25.772 [0x7f6441e51808] DEBUG - [FFMPEG] - nal_unit_type: 7(SPS), nal_ref_idc: 3
Jul 06, 2022 13:01:25.772 [0x7f6441e51808] DEBUG - [FFMPEG] - nal_unit_type: 8(PPS), nal_ref_idc: 3
Jul 06, 2022 13:01:25.772 [0x7f6441e51808] DEBUG - [FFMPEG] - nal_unit_type: 6(SEI), nal_ref_idc: 0
Jul 06, 2022 13:01:25.772 [0x7f6441e51808] DEBUG - [FFMPEG] - nal_unit_type: 5(IDR), nal_ref_idc: 3
Jul 06, 2022 13:01:25.772 [0x7f6441e51808] DEBUG - [FFMPEG] - Format yuv420p chosen by get_format().
Jul 06, 2022 13:01:25.773 [0x7f6441e51808] DEBUG - [FFMPEG] - no picture 
Jul 06, 2022 13:01:25.779 [0x7f6441e51808] DEBUG - [FFMPEG] - nal_unit_type: 1(Coded slice of a non-IDR picture), nal_ref_idc: 2
Jul 06, 2022 13:01:25.779 [0x7f6441e51808] DEBUG - [FFMPEG] - no picture 
Jul 06, 2022 13:01:25.780 [0x7f6441e51808] DEBUG - [FFMPEG] - nal_unit_type: 1(Coded slice of a non-IDR picture), nal_ref_idc: 2
Jul 06, 2022 13:01:25.781 [0x7f6441e51808] DEBUG - [FFMPEG] - All info found
Jul 06, 2022 13:01:25.782 [0x7f6441e51808] DEBUG - [FFMPEG] - After avformat_find_stream_info() pos: 53115 bytes read:148742 seeks:2 frames:4
Jul 06, 2022 13:01:25.782 [0x7f6441e51808] DEBUG - [FFMPEG] - nal_unit_type: 7(SPS), nal_ref_idc: 3
Jul 06, 2022 13:01:25.782 [0x7f6441e51808] DEBUG - [FFMPEG] - nal_unit_type: 8(PPS), nal_ref_idc: 3
Jul 06, 2022 13:01:25.782 [0x7f6441e51808] DEBUG - [MI] Closing input file: "/tv/aws-certified-sysops-administrator-associate-training-2022/10 - DNS Amazon Route 53/001 Introduction.mp4"
Jul 06, 2022 13:01:25.782 [0x7f6441e51808] DEBUG - Scanner: found local sidecar subtitle "/tv/aws-certified-sysops-administrator-associate-training-2022/10 - DNS Amazon Route 53/001 Introduction_en.srt"
Jul 06, 2022 13:01:25.782 [0x7f6441e51808] DEBUG - [FFMPEG] - Opening '/tv/aws-certified-sysops-administrator-associate-training-2022/10 - DNS Amazon Route 53/001 Introduction_en.srt' for reading
Jul 06, 2022 13:01:25.782 [0x7f6441e51808] DEBUG - [FFMPEG] - Setting default whitelist 'file,crypto,data'
Jul 06, 2022 13:01:25.782 [0x7f6441e51808] DEBUG - [FFMPEG] - Format srt probed with size=2048 and score=100
Jul 06, 2022 13:01:25.786 [0x7f6441e51808] DEBUG - [MI] Opening input file: "/tv/aws-certified-sysops-administrator-associate-training-2022/10 - DNS Amazon Route 53/002 Amazon Route 53 Overview.mp4"
Jul 06, 2022 13:01:25.786 [0x7f6441e51808] DEBUG - [FFMPEG] - Opening '/tv/aws-certified-sysops-administrator-associate-training-2022/10 - DNS Amazon Route 53/002 Amazon Route 53 Overview.mp4' for reading
Jul 06, 2022 13:01:25.786 [0x7f6441e51808] DEBUG - [FFMPEG] - Setting default whitelist 'file,crypto,data'
Jul 06, 2022 13:01:25.786 [0x7f6441e51808] DEBUG - [FFMPEG] - Format mov,mp4,m4a,3gp,3g2,mj2 probed with size=2048 and score=100
Jul 06, 2022 13:01:25.786 [0x7f6441e51808] DEBUG - [FFMPEG] - ISO: File Type Major Brand: isom
Jul 06, 2022 13:01:25.786 [0x7f6441e51808] DEBUG - [FFMPEG] - Unknown dref type 0x206c7275 size 12
Jul 06, 2022 13:01:25.787 [0x7f6441e51808] DEBUG - [FFMPEG] - Processing st: 0, edit list 0 - media time: 2000, duration: 6466020
Jul 06, 2022 13:01:25.787 [0x7f6441e51808] DEBUG - [FFMPEG] - Offset DTS by 2000 to make first pts zero.
Jul 06, 2022 13:01:25.787 [0x7f6441e51808] DEBUG - [FFMPEG] - Setting codecpar->delay to 2 for stream st: 0
Jul 06, 2022 13:01:25.787 [0x7f6441e51808] DEBUG - [FFMPEG] - Unknown dref type 0x206c7275 size 12
Jul 06, 2022 13:01:25.787 [0x7f6441e51808] DEBUG - [FFMPEG] - Processing st: 1, edit list 0 - media time: 0, duration: 9510915
Jul 06, 2022 13:01:25.787 [0x7f6441e51808] DEBUG - [FFMPEG] - Before avformat_find_stream_info() pos: 8364712 bytes read:210373 seeks:1 nb_streams:2
Jul 06, 2022 13:01:25.787 [0x7f6441e51808] DEBUG - [FFMPEG] - nal_unit_type: 7(SPS), nal_ref_idc: 3
Jul 06, 2022 13:01:25.787 [0x7f6441e51808] DEBUG - [FFMPEG] - nal_unit_type: 8(PPS), nal_ref_idc: 3
Jul 06, 2022 13:01:25.788 [0x7f6441e51808] DEBUG - [FFMPEG] - nal_unit_type: 6(SEI), nal_ref_idc: 0
Jul 06, 2022 13:01:25.788 [0x7f6441e51808] DEBUG - [FFMPEG] - nal_unit_type: 5(IDR), nal_ref_idc: 3
Jul 06, 2022 13:01:25.788 [0x7f6441e51808] DEBUG - [FFMPEG] - Format yuv420p chosen by get_format().
Jul 06, 2022 13:01:25.788 [0x7f6441e51808] DEBUG - [FFMPEG] - no picture 
Jul 06, 2022 13:01:25.790 [0x7f6441e51808] DEBUG - [FFMPEG] - nal_unit_type: 1(Coded slice of a non-IDR picture), nal_ref_idc: 2
Jul 06, 2022 13:01:25.791 [0x7f6441e51808] DEBUG - [FFMPEG] - no picture 
Jul 06, 2022 13:01:25.792 [0x7f6441e51808] DEBUG - [FFMPEG] - nal_unit_type: 1(Coded slice of a non-IDR picture), nal_ref_idc: 2
Jul 06, 2022 13:01:25.793 [0x7f6441e51808] DEBUG - [FFMPEG] - All info found
Jul 06, 2022 13:01:25.794 [0x7f6441e51808] DEBUG - [FFMPEG] - After avformat_find_stream_info() pos: 10140 bytes read:243141 seeks:2 frames:4
Jul 06, 2022 13:01:25.794 [0x7f6441e51808] DEBUG - [FFMPEG] - nal_unit_type: 7(SPS), nal_ref_idc: 3
Jul 06, 2022 13:01:25.794 [0x7f6441e51808] DEBUG - [FFMPEG] - nal_unit_type: 8(PPS), nal_ref_idc: 3
Jul 06, 2022 13:01:25.794 [0x7f6441e51808] DEBUG - [MI] Closing input file: "/tv/aws-certified-sysops-administrator-associate-training-2022/10 - DNS Amazon Route 53/002 Amazon Route 53 Overview.mp4"
Jul 06, 2022 13:01:25.794 [0x7f6441e51808] DEBUG - Scanner: found local sidecar subtitle "/tv/aws-certified-sysops-administrator-associate-training-2022/10 - DNS Amazon Route 53/002 Amazon Route 53 Overview_en.srt"
Jul 06, 2022 13:01:25.794 [0x7f6441e51808] DEBUG - [FFMPEG] - Opening '/tv/aws-certified-sysops-administrator-associate-training-2022/10 - DNS Amazon Route 53/002 Amazon Route 53 Overview_en.srt' for reading
Jul 06, 2022 13:01:25.794 [0x7f6441e51808] DEBUG - [FFMPEG] - Setting default whitelist 'file,crypto,data'
Jul 06, 2022 13:01:25.794 [0x7f6441e51808] DEBUG - [FFMPEG] - Format srt probed with size=2048 and score=100
Jul 06, 2022 13:01:25.795 [0x7f6441e51808] DEBUG - [MI] Opening input file: "/tv/aws-certified-sysops-administrator-associate-training-2022/10 - DNS Amazon Route 53/003 Amazon Route 53 Record Types.mp4"
Jul 06, 2022 13:01:25.795 [0x7f6441e51808] DEBUG - [FFMPEG] - Opening '/tv/aws-certified-sysops-administrator-associate-training-2022/10 - DNS Amazon Route 53/003 Amazon Route 53 Record Types.mp4' for reading
Jul 06, 2022 13:01:25.795 [0x7f6441e51808] DEBUG - [FFMPEG] - Setting default whitelist 'file,crypto,data'
Jul 06, 2022 13:01:25.795 [0x7f6441e51808] DEBUG - [FFMPEG] - Format mov,mp4,m4a,3gp,3g2,mj2 probed with size=2048 and score=100
Jul 06, 2022 13:01:25.795 [0x7f6441e51808] DEBUG - [FFMPEG] - ISO: File Type Major Brand: isom
Jul 06, 2022 13:01:25.795 [0x7f6441e51808] DEBUG - [FFMPEG] - Unknown dref type 0x206c7275 size 12
Jul 06, 2022 13:01:25.796 [0x7f6441e51808] DEBUG - [FFMPEG] - Processing st: 0, edit list 0 - media time: 2000, duration: 6890010
Jul 06, 2022 13:01:25.796 [0x7f6441e51808] DEBUG - [FFMPEG] - Offset DTS by 2000 to make first pts zero.
Jul 06, 2022 13:01:25.796 [0x7f6441e51808] DEBUG - [FFMPEG] - Setting codecpar->delay to 2 for stream st: 0
Jul 06, 2022 13:01:25.796 [0x7f6441e51808] DEBUG - [FFMPEG] - Unknown dref type 0x206c7275 size 12
Jul 06, 2022 13:01:25.796 [0x7f6441e51808] DEBUG - [FFMPEG] - Processing st: 1, edit list 0 - media time: 0, duration: 10133519
Jul 06, 2022 13:01:25.796 [0x7f6441e51808] DEBUG - [FFMPEG] - Before avformat_find_stream_info() pos: 21765586 bytes read:221945 seeks:1 nb_streams:2
Jul 06, 2022 13:01:25.796 [0x7f6441e51808] DEBUG - [FFMPEG] - nal_unit_type: 7(SPS), nal_ref_idc: 3
Jul 06, 2022 13:01:25.796 [0x7f6441e51808] DEBUG - [FFMPEG] - nal_unit_type: 8(PPS), nal_ref_idc: 3
Jul 06, 2022 13:01:25.797 [0x7f6441e51808] DEBUG - [FFMPEG] - nal_unit_type: 6(SEI), nal_ref_idc: 0
Jul 06, 2022 13:01:25.797 [0x7f6441e51808] DEBUG - [FFMPEG] - nal_unit_type: 5(IDR), nal_ref_idc: 3
Jul 06, 2022 13:01:25.797 [0x7f6441e51808] DEBUG - [FFMPEG] - Format yuv420p chosen by get_format().
Jul 06, 2022 13:01:25.797 [0x7f6441e51808] DEBUG - [FFMPEG] - no picture 
Jul 06, 2022 13:01:25.801 [0x7f6441e51808] DEBUG - [FFMPEG] - nal_unit_type: 1(Coded slice of a non-IDR picture), nal_ref_idc: 2
Jul 06, 2022 13:01:25.802 [0x7f6441e51808] DEBUG - [FFMPEG] - no picture 
Jul 06, 2022 13:01:25.803 [0x7f6441e51808] DEBUG - [FFMPEG] - nal_unit_type: 1(Coded slice of a non-IDR picture), nal_ref_idc: 2
Jul 06, 2022 13:01:25.804 [0x7f6441e51808] DEBUG - [FFMPEG] - All info found
Jul 06, 2022 13:01:25.804 [0x7f6441e51808] DEBUG - [FFMPEG] - After avformat_find_stream_info() pos: 39440 bytes read:293143 seeks:2 frames:4
Jul 06, 2022 13:01:25.805 [0x7f6441e51808] DEBUG - [FFMPEG] - nal_unit_type: 7(SPS), nal_ref_idc: 3
Jul 06, 2022 13:01:25.805 [0x7f6441e51808] DEBUG - [FFMPEG] - nal_unit_type: 8(PPS), nal_ref_idc: 3
Jul 06, 2022 13:01:25.805 [0x7f6441e51808] DEBUG - [MI] Closing input file: "/tv/aws-certified-sysops-administrator-associate-training-2022/10 - DNS Amazon Route 53/003 Amazon Route 53 Record Types.mp4"
Jul 06, 2022 13:01:25.805 [0x7f6441e51808] DEBUG - Scanner: found local sidecar subtitle "/tv/aws-certified-sysops-administrator-associate-training-2022/10 - DNS Amazon Route 53/003 Amazon Route 53 Record Types_en.srt"
Jul 06, 2022 13:01:25.805 [0x7f6441e51808] DEBUG - [FFMPEG] - Opening '/tv/aws-certified-sysops-administrator-associate-training-2022/10 - DNS Amazon Route 53/003 Amazon Route 53 Record Types_en.srt' for reading
Jul 06, 2022 13:01:25.805 [0x7f6441e51808] DEBUG - [FFMPEG] - Setting default whitelist 'file,crypto,data'
Jul 06, 2022 13:01:25.823 [0x7f6441e51808] DEBUG - [FFMPEG] - Format srt probed with size=2048 and score=100
Jul 06, 2022 13:01:25.824 [0x7f6441e51808] DEBUG - [MI] Opening input file: "/tv/aws-certified-sysops-administrator-associate-training-2022/10 - DNS Amazon Route 53/004 Amazon Route 53 Routing Policies.mp4"
Jul 06, 2022 13:01:25.824 [0x7f6441e51808] DEBUG - [FFMPEG] - Opening '/tv/aws-certified-sysops-administrator-associate-training-2022/10 - DNS Amazon Route 53/004 Amazon Route 53 Routing Policies.mp4' for reading
Jul 06, 2022 13:01:25.824 [0x7f6441e51808] DEBUG - [FFMPEG] - Setting default whitelist 'file,crypto,data'
Jul 06, 2022 13:01:25.824 [0x7f6441e51808] DEBUG - [FFMPEG] - Format mov,mp4,m4a,3gp,3g2,mj2 probed with size=2048 and score=100
Jul 06, 2022 13:01:25.824 [0x7f6441e51808] DEBUG - [FFMPEG] - ISO: File Type Major Brand: isom
Jul 06, 2022 13:01:25.824 [0x7f6441e51808] DEBUG - [FFMPEG] - Unknown dref type 0x206c7275 size 12
Jul 06, 2022 13:01:25.825 [0x7f6441e51808] DEBUG - [FFMPEG] - Processing st: 0, edit list 0 - media time: 2000, duration: 12484020
Jul 06, 2022 13:01:25.825 [0x7f6441e51808] DEBUG - [FFMPEG] - Offset DTS by 2000 to make first pts zero.
Jul 06, 2022 13:01:25.825 [0x7f6441e51808] DEBUG - [FFMPEG] - Setting codecpar->delay to 2 for stream st: 0
Jul 06, 2022 13:01:25.825 [0x7f6441e51808] DEBUG - [FFMPEG] - Unknown dref type 0x206c7275 size 12
Jul 06, 2022 13:01:25.826 [0x7f6441e51808] DEBUG - [FFMPEG] - Processing st: 1, edit list 0 - media time: 0, duration: 18358301
Jul 06, 2022 13:01:25.826 [0x7f6441e51808] DEBUG - [FFMPEG] - Before avformat_find_stream_info() pos: 34515121 bytes read:374649 seeks:1 nb_streams:2
Jul 06, 2022 13:01:25.826 [0x7f6441e51808] DEBUG - [FFMPEG] - nal_unit_type: 7(SPS), nal_ref_idc: 3
Jul 06, 2022 13:01:25.826 [0x7f6441e51808] DEBUG - [FFMPEG] - nal_unit_type: 8(PPS), nal_ref_idc: 3
Jul 06, 2022 13:01:25.826 [0x7f6441e51808] DEBUG - [FFMPEG] - nal_unit_type: 6(SEI), nal_ref_idc: 0
Jul 06, 2022 13:01:25.826 [0x7f6441e51808] DEBUG - [FFMPEG] - nal_unit_type: 5(IDR), nal_ref_idc: 3
Jul 06, 2022 13:01:25.826 [0x7f6441e51808] DEBUG - [FFMPEG] - Format yuv420p chosen by get_format().
Jul 06, 2022 13:01:25.827 [0x7f6441e51808] DEBUG - [FFMPEG] - no picture 
Jul 06, 2022 13:01:25.831 [0x7f6441e51808] DEBUG - [FFMPEG] - nal_unit_type: 1(Coded slice of a non-IDR picture), nal_ref_idc: 2
Jul 06, 2022 13:01:25.831 [0x7f6441e51808] DEBUG - [FFMPEG] - no picture 
Jul 06, 2022 13:01:25.832 [0x7f6441e51808] DEBUG - [FFMPEG] - nal_unit_type: 1(Coded slice of a non-IDR picture), nal_ref_idc: 2
Jul 06, 2022 13:01:25.833 [0x7f6441e51808] DEBUG - [FFMPEG] - All info found
Jul 06, 2022 13:01:25.833 [0x7f6441e51808] DEBUG - [FFMPEG] - After avformat_find_stream_info() pos: 44806 bytes read:451008 seeks:2 frames:4
Jul 06, 2022 13:01:25.834 [0x7f6441e51808] DEBUG - [FFMPEG] - nal_unit_type: 7(SPS), nal_ref_idc: 3
Jul 06, 2022 13:01:25.834 [0x7f6441e51808] DEBUG - [FFMPEG] - nal_unit_type: 8(PPS), nal_ref_idc: 3
Jul 06, 2022 13:01:25.834 [0x7f6441e51808] DEBUG - [MI] Closing input file: "/tv/aws-certified-sysops-administrator-associate-training-2022/10 - DNS Amazon Route 53/004 Amazon Route 53 Routing Policies.mp4"
Jul 06, 2022 13:01:25.834 [0x7f6441e51808] DEBUG - Scanner: found local sidecar subtitle "/tv/aws-certified-sysops-administrator-associate-training-2022/10 - DNS Amazon Route 53/004 Amazon Route 53 Routing Policies_en.srt"
Jul 06, 2022 13:01:25.834 [0x7f6441e51808] DEBUG - [FFMPEG] - Opening '/tv/aws-certified-sysops-administrator-associate-training-2022/10 - DNS Amazon Route 53/004 Amazon Route 53 Routing Policies_en.srt' for reading
Jul 06, 2022 13:01:25.834 [0x7f6441e51808] DEBUG - [FFMPEG] - Setting default whitelist 'file,crypto,data'
Jul 06, 2022 13:01:25.843 [0x7f6441e51808] DEBUG - [FFMPEG] - Format srt probed with size=2048 and score=100
Jul 06, 2022 13:01:25.844 [0x7f6441e51808] DEBUG - [MI] Opening input file: "/tv/aws-certified-sysops-administrator-associate-training-2022/10 - DNS Amazon Route 53/005 Creating Amazon Route 53 Records.mp4"
Jul 06, 2022 13:01:25.844 [0x7f6441e51808] DEBUG - [FFMPEG] - Opening '/tv/aws-certified-sysops-administrator-associate-training-2022/10 - DNS Amazon Route 53/005 Creating Amazon Route 53 Records.mp4' for reading
Jul 06, 2022 13:01:25.844 [0x7f6441e51808] DEBUG - [FFMPEG] - Setting default whitelist 'file,crypto,data'
Jul 06, 2022 13:01:25.844 [0x7f6441e51808] DEBUG - [FFMPEG] - Format mov,mp4,m4a,3gp,3g2,mj2 probed with size=2048 and score=100
Jul 06, 2022 13:01:25.844 [0x7f6441e51808] DEBUG - [FFMPEG] - ISO: File Type Major Brand: isom
Jul 06, 2022 13:01:25.844 [0x7f6441e51808] DEBUG - [FFMPEG] - Unknown dref type 0x206c7275 size 12
Jul 06, 2022 13:01:25.845 [0x7f6441e51808] DEBUG - [FFMPEG] - Processing st: 0, edit list 0 - media time: 2000, duration: 12886020
Jul 06, 2022 13:01:25.845 [0x7f6441e51808] DEBUG - [FFMPEG] - Offset DTS by 2000 to make first pts zero.
Jul 06, 2022 13:01:25.846 [0x7f6441e51808] DEBUG - [FFMPEG] - Setting codecpar->delay to 2 for stream st: 0
Jul 06, 2022 13:01:25.846 [0x7f6441e51808] DEBUG - [FFMPEG] - Unknown dref type 0x206c7275 size 12
Jul 06, 2022 13:01:25.846 [0x7f6441e51808] DEBUG - [FFMPEG] - Processing st: 1, edit list 0 - media time: 0, duration: 18948138
Jul 06, 2022 13:01:25.846 [0x7f6441e51808] DEBUG - [FFMPEG] - Before avformat_find_stream_info() pos: 28678271 bytes read:385089 seeks:1 nb_streams:2
Jul 06, 2022 13:01:25.846 [0x7f6441e51808] DEBUG - [FFMPEG] - nal_unit_type: 7(SPS), nal_ref_idc: 3
Jul 06, 2022 13:01:25.846 [0x7f6441e51808] DEBUG - [FFMPEG] - nal_unit_type: 8(PPS), nal_ref_idc: 3
Jul 06, 2022 13:01:25.846 [0x7f6441e51808] DEBUG - [FFMPEG] - nal_unit_type: 6(SEI), nal_ref_idc: 0
Jul 06, 2022 13:01:25.846 [0x7f6441e51808] DEBUG - [FFMPEG] - nal_unit_type: 5(IDR), nal_ref_idc: 3
Jul 06, 2022 13:01:25.846 [0x7f6441e51808] DEBUG - [FFMPEG] - Format yuv420p chosen by get_format().
Jul 06, 2022 13:01:25.847 [0x7f6441e51808] DEBUG - [FFMPEG] - no picture 
Jul 06, 2022 13:01:25.850 [0x7f6441e51808] DEBUG - [FFMPEG] - nal_unit_type: 1(Coded slice of a non-IDR picture), nal_ref_idc: 2
Jul 06, 2022 13:01:25.850 [0x7f6441e51808] DEBUG - [FFMPEG] - no picture 
Jul 06, 2022 13:01:25.851 [0x7f6441e51808] DEBUG - [FFMPEG] - nal_unit_type: 1(Coded slice of a non-IDR picture), nal_ref_idc: 2
Jul 06, 2022 13:01:25.852 [0x7f6441e51808] DEBUG - [FFMPEG] - All info found
Jul 06, 2022 13:01:25.852 [0x7f6441e51808] DEBUG - [FFMPEG] - After avformat_find_stream_info() pos: 19392 bytes read:417857 seeks:2 frames:4
Jul 06, 2022 13:01:25.852 [0x7f6441e51808] DEBUG - [FFMPEG] - nal_unit_type: 7(SPS), nal_ref_idc: 3
Jul 06, 2022 13:01:25.852 [0x7f6441e51808] DEBUG - [FFMPEG] - nal_unit_type: 8(PPS), nal_ref_idc: 3
Jul 06, 2022 13:01:25.853 [0x7f6441e51808] DEBUG - [MI] Closing input file: "/tv/aws-certified-sysops-administrator-associate-training-2022/10 - DNS Amazon Route 53/005 Creating Amazon Route 53 Records.mp4"
Jul 06, 2022 13:01:25.853 [0x7f6441e51808] DEBUG - Scanner: found local sidecar subtitle "/tv/aws-certified-sysops-administrator-associate-training-2022/10 - DNS Amazon Route 53/005 Creating Amazon Route 53 Records_en.srt"
Jul 06, 2022 13:01:25.853 [0x7f6441e51808] DEBUG - [FFMPEG] - Opening '/tv/aws-certified-sysops-administrator-associate-training-2022/10 - DNS Amazon Route 53/005 Creating Amazon Route 53 Records_en.srt' for reading
Jul 06, 2022 13:01:25.853 [0x7f6441e51808] DEBUG - [FFMPEG] - Setting default whitelist 'file,crypto,data'
Jul 06, 2022 13:01:25.853 [0x7f6441e51808] DEBUG - [FFMPEG] - Format srt probed with size=2048 and score=100
Jul 06, 2022 13:01:25.854 [0x7f6441e51808] DEBUG - [MI] Opening input file: "/tv/aws-certified-sysops-administrator-associate-training-2022/10 - DNS Amazon Route 53/006 Amazon Route 53 Health Checks.mp4"
Jul 06, 2022 13:01:25.854 [0x7f6441e51808] DEBUG - [FFMPEG] - Opening '/tv/aws-certified-sysops-administrator-associate-training-2022/10 - DNS Amazon Route 53/006 Amazon Route 53 Health Checks.mp4' for reading
Jul 06, 2022 13:01:25.854 [0x7f6441e51808] DEBUG - [FFMPEG] - Setting default whitelist 'file,crypto,data'
Jul 06, 2022 13:01:25.854 [0x7f6441e51808] DEBUG - [FFMPEG] - Format mov,mp4,m4a,3gp,3g2,mj2 probed with size=2048 and score=100
Jul 06, 2022 13:01:25.854 [0x7f6441e51808] DEBUG - [FFMPEG] - ISO: File Type Major Brand: isom
Jul 06, 2022 13:01:25.854 [0x7f6441e51808] DEBUG - [FFMPEG] - Unknown dref type 0x206c7275 size 12
Jul 06, 2022 13:01:25.855 [0x7f6441e51808] DEBUG - [FFMPEG] - Processing st: 0, edit list 0 - media time: 2000, duration: 10713000
Jul 06, 2022 13:01:25.855 [0x7f6441e51808] DEBUG - [FFMPEG] - Offset DTS by 2000 to make first pts zero.
Jul 06, 2022 13:01:25.855 [0x7f6441e51808] DEBUG - [FFMPEG] - Setting codecpar->delay to 2 for stream st: 0
Jul 06, 2022 13:01:25.855 [0x7f6441e51808] DEBUG - [FFMPEG] - Unknown dref type 0x206c7275 size 12
Jul 06, 2022 13:01:25.855 [0x7f6441e51808] DEBUG - [FFMPEG] - Processing st: 1, edit list 0 - media time: 0, duration: 15755298
Jul 06, 2022 13:01:25.855 [0x7f6441e51808] DEBUG - [FFMPEG] - Before avformat_find_stream_info() pos: 37709137 bytes read:326030 seeks:1 nb_streams:2
Jul 06, 2022 13:01:25.856 [0x7f6441e51808] DEBUG - [FFMPEG] - nal_unit_type: 7(SPS), nal_ref_idc: 3
Jul 06, 2022 13:01:25.856 [0x7f6441e51808] DEBUG - [FFMPEG] - nal_unit_type: 8(PPS), nal_ref_idc: 3
Jul 06, 2022 13:01:25.856 [0x7f6441e51808] DEBUG - [FFMPEG] - nal_unit_type: 6(SEI), nal_ref_idc: 0
Jul 06, 2022 13:01:25.856 [0x7f6441e51808] DEBUG - [FFMPEG] - nal_unit_type: 5(IDR), nal_ref_idc: 3
Jul 06, 2022 13:01:25.856 [0x7f6441e51808] DEBUG - [FFMPEG] - Format yuv420p chosen by get_format().
Jul 06, 2022 13:01:25.856 [0x7f6441e51808] DEBUG - [FFMPEG] - no picture 
Jul 06, 2022 13:01:25.860 [0x7f6441e51808] DEBUG - [FFMPEG] - nal_unit_type: 1(Coded slice of a non-IDR picture), nal_ref_idc: 2
Jul 06, 2022 13:01:25.860 [0x7f6441e51808] DEBUG - [FFMPEG] - no picture 
Jul 06, 2022 13:01:25.861 [0x7f6441e51808] DEBUG - [FFMPEG] - nal_unit_type: 1(Coded slice of a non-IDR picture), nal_ref_idc: 2
Jul 06, 2022 13:01:25.862 [0x7f6441e51808] DEBUG - [FFMPEG] - All info found
Jul 06, 2022 13:01:25.863 [0x7f6441e51808] DEBUG - [FFMPEG] - After avformat_find_stream_info() pos: 39440 bytes read:397228 seeks:2 frames:4
Jul 06, 2022 13:01:25.863 [0x7f6441e51808] DEBUG - [FFMPEG] - nal_unit_type: 7(SPS), nal_ref_idc: 3
Jul 06, 2022 13:01:25.863 [0x7f6441e51808] DEBUG - [FFMPEG] - nal_unit_type: 8(PPS), nal_ref_idc: 3
Jul 06, 2022 13:01:25.863 [0x7f6441e51808] DEBUG - [MI] Closing input file: "/tv/aws-certified-sysops-administrator-associate-training-2022/10 - DNS Amazon Route 53/006 Amazon Route 53 Health Checks.mp4"
Jul 06, 2022 13:01:25.863 [0x7f6441e51808] DEBUG - Scanner: found local sidecar subtitle "/tv/aws-certified-sysops-administrator-associate-training-2022/10 - DNS Amazon Route 53/006 Amazon Route 53 Health Checks_en.srt"
Jul 06, 2022 13:01:25.863 [0x7f6441e51808] DEBUG - [FFMPEG] - Opening '/tv/aws-certified-sysops-administrator-associate-training-2022/10 - DNS Amazon Route 53/006 Amazon Route 53 Health Checks_en.srt' for reading
Jul 06, 2022 13:01:25.863 [0x7f6441e51808] DEBUG - [FFMPEG] - Setting default whitelist 'file,crypto,data'
Jul 06, 2022 13:01:25.863 [0x7f6441e51808] DEBUG - [FFMPEG] - Format srt probed with size=2048 and score=100
Jul 06, 2022 13:01:25.864 [0x7f6441e51808] DEBUG - [MI] Opening input file: "/tv/aws-certified-sysops-administrator-associate-training-2022/10 - DNS Amazon Route 53/007 Exam Scenarios for Amazon Route 53.mp4"
Jul 06, 2022 13:01:25.864 [0x7f6441e51808] DEBUG - [FFMPEG] - Opening '/tv/aws-certified-sysops-administrator-associate-training-2022/10 - DNS Amazon Route 53/007 Exam Scenarios for Amazon Route 53.mp4' for reading
Jul 06, 2022 13:01:25.864 [0x7f6441e51808] DEBUG - [FFMPEG] - Setting default whitelist 'file,crypto,data'
Jul 06, 2022 13:01:25.864 [0x7f6441e51808] DEBUG - [FFMPEG] - Format mov,mp4,m4a,3gp,3g2,mj2 probed with size=2048 and score=100
Jul 06, 2022 13:01:25.864 [0x7f6441e51808] DEBUG - [FFMPEG] - ISO: File Type Major Brand: isom
Jul 06, 2022 13:01:25.864 [0x7f6441e51808] DEBUG - [FFMPEG] - Unknown dref type 0x206c7275 size 12
Jul 06, 2022 13:01:25.864 [0x7f6441e51808] DEBUG - [FFMPEG] - Processing st: 0, edit list 0 - media time: 2000, duration: 4524000
Jul 06, 2022 13:01:25.865 [0x7f6441e51808] DEBUG - [FFMPEG] - Offset DTS by 2000 to make first pts zero.
Jul 06, 2022 13:01:25.865 [0x7f6441e51808] DEBUG - [FFMPEG] - Setting codecpar->delay to 2 for stream st: 0
Jul 06, 2022 13:01:25.865 [0x7f6441e51808] DEBUG - [FFMPEG] - Unknown dref type 0x206c7275 size 12
Jul 06, 2022 13:01:25.865 [0x7f6441e51808] DEBUG - [FFMPEG] - Processing st: 1, edit list 0 - media time: 0, duration: 6653984
Jul 06, 2022 13:01:25.865 [0x7f6441e51808] DEBUG - [FFMPEG] - Before avformat_find_stream_info() pos: 5560908 bytes read:157455 seeks:1 nb_streams:2
Jul 06, 2022 13:01:25.865 [0x7f6441e51808] DEBUG - [FFMPEG] - nal_unit_type: 7(SPS), nal_ref_idc: 3
Jul 06, 2022 13:01:25.865 [0x7f6441e51808] DEBUG - [FFMPEG] - nal_unit_type: 8(PPS), nal_ref_idc: 3
Jul 06, 2022 13:01:25.865 [0x7f6441e51808] DEBUG - [FFMPEG] - nal_unit_type: 6(SEI), nal_ref_idc: 0
Jul 06, 2022 13:01:25.865 [0x7f6441e51808] DEBUG - [FFMPEG] - nal_unit_type: 5(IDR), nal_ref_idc: 3
Jul 06, 2022 13:01:25.865 [0x7f6441e51808] DEBUG - [FFMPEG] - Format yuv420p chosen by get_format().
Jul 06, 2022 13:01:25.866 [0x7f6441e51808] DEBUG - [FFMPEG] - no picture 
Jul 06, 2022 13:01:25.868 [0x7f6441e51808] DEBUG - [FFMPEG] - nal_unit_type: 1(Coded slice of a non-IDR picture), nal_ref_idc: 2
Jul 06, 2022 13:01:25.868 [0x7f6441e51808] DEBUG - [FFMPEG] - no picture 
Jul 06, 2022 13:01:25.869 [0x7f6441e51808] DEBUG - [FFMPEG] - nal_unit_type: 1(Coded slice of a non-IDR picture), nal_ref_idc: 2
Jul 06, 2022 13:01:25.870 [0x7f6441e51808] DEBUG - [FFMPEG] - All info found
Jul 06, 2022 13:01:25.871 [0x7f6441e51808] DEBUG - [FFMPEG] - After avformat_find_stream_info() pos: 10140 bytes read:190223 seeks:2 frames:4
Jul 06, 2022 13:01:25.871 [0x7f6441e51808] DEBUG - [FFMPEG] - nal_unit_type: 7(SPS), nal_ref_idc: 3
Jul 06, 2022 13:01:25.871 [0x7f6441e51808] DEBUG - [FFMPEG] - nal_unit_type: 8(PPS), nal_ref_idc: 3
Jul 06, 2022 13:01:25.871 [0x7f6441e51808] DEBUG - [MI] Closing input file: "/tv/aws-certified-sysops-administrator-associate-training-2022/10 - DNS Amazon Route 53/007 Exam Scenarios for Amazon Route 53.mp4"
Jul 06, 2022 13:01:25.871 [0x7f6441e51808] DEBUG - Scanner: found local sidecar subtitle "/tv/aws-certified-sysops-administrator-associate-training-2022/10 - DNS Amazon Route 53/007 Exam Scenarios for Amazon Route 53_en.srt"
Jul 06, 2022 13:01:25.871 [0x7f6441e51808] DEBUG - [FFMPEG] - Opening '/tv/aws-certified-sysops-administrator-associate-training-2022/10 - DNS Amazon Route 53/007 Exam Scenarios for Amazon Route 53_en.srt' for reading
Jul 06, 2022 13:01:25.871 [0x7f6441e51808] DEBUG - [FFMPEG] - Setting default whitelist 'file,crypto,data'
Jul 06, 2022 13:01:25.871 [0x7f6441e51808] DEBUG - [FFMPEG] - Format srt probed with size=2048 and score=100
