Jul 06, 2022 12:56:49.745 [0x7fe1c515db38] INFO - Plex Tuner Service v1.0.0.0 - Docker Docker Container (LinuxServer.io) x86_64 - build: 
Jul 06, 2022 12:56:49.745 [0x7fe1c515db38] INFO - Linux version: 5.15.49-1-MANJARO (#1 SMP PREEMPT Wed Jun 22 14:15:49 UTC 2022), language: en-US
Jul 06, 2022 12:56:49.745 [0x7fe1c515db38] INFO - Processor AMD Ryzen 5 3600 6-Core Processor              
Jul 06, 2022 12:56:49.745 [0x7fe1c515db38] INFO - /usr/lib/plexmediaserver/Plex Tuner Service /usr/lib/plexmediaserver/Resources/Tuner/Private /usr/lib/plexmediaserver/Resources/Tuner/Shared 1.26.2.5797-5bd057d2b 32600
Jul 06, 2022 12:56:49.745 [0x7fe1c6a5e808] INFO - [I] broker_t::start...
Jul 06, 2022 12:56:49.748 [0x7fe1c6a5e808] INFO - [I] device_manager_t::init.
Jul 06, 2022 12:56:49.748 [0x7fe1c6a5e808] INFO - [I] device_manager_t::init. Initialize provider manager
Jul 06, 2022 12:56:49.749 [0x7fe1c6a5e808] INFO - [I] device_manager_t::init. Initialize all device auxes
Jul 06, 2022 12:56:49.749 [0x7fe1c6a5e808] INFO - [I] dvb_device_factory_t::get_aux_list
Jul 06, 2022 12:56:49.749 [0x7fe1c6a5e808] INFO - [I] tvbutler_aux_t::init
Jul 06, 2022 12:56:49.749 [0x7fe1c6a5e808] INFO - [I] web_server_t::start. Starting web server on port 32600
Jul 06, 2022 12:56:58.471 [0x7fe1c4effb38] INFO - [I] web_service_t::process_device_discovery
Jul 06, 2022 12:56:58.471 [0x7fe1c4effb38] INFO - [I] device_reactor_t::get_device_list ()
Jul 06, 2022 12:57:00.474 [0x7fe1c4effb38] INFO - [I] SAT2IP - discover_satip_servers(): no servers found
Jul 06, 2022 12:57:00.892 [0x7fe1c4effb38] INFO - [I] v4l::DeviceGetList_impl. getting v4l device list
Jul 06, 2022 12:57:00.893 [0x7fe1c4effb38] INFO - [I] onetv_factory::DeviceGetListEx >>
Jul 06, 2022 12:57:00.893 [0x7fe1c4effb38] WARN - [W] onetv_factory::DeviceGetListEx. libusb_init returned an error -99
Jul 06, 2022 15:20:06.357 [0x7fe1c6a5e808] INFO - Received SIGINT: Interrupt from keyboard.
Jul 06, 2022 15:20:06.399 [0x7fe1c6a5e808] INFO - [I] device_manager_t::term
Jul 06, 2022 15:20:06.399 [0x7fe1c6a5e808] INFO - [I] device_manager_t::term. Stop all devices
Jul 06, 2022 15:20:06.399 [0x7fe1c6a5e808] INFO - [I] device_manager_t::term. Shut down all device auxes
Jul 06, 2022 15:20:06.399 [0x7fe1c6a5e808] INFO - [I] tvbutler_aux_t::term
Jul 06, 2022 15:20:06.399 [0x7fe1c6a5e808] INFO - [I] web_server_t::stop. Web server is stopped
Jul 06, 2022 15:20:06.399 [0x7fe1c6a5e808] INFO - [I] device_manager_t::term
Jul 06, 2022 15:20:06.399 [0x7fe1c6a5e808] INFO - [I] device_manager_t::term. Stop all devices
Jul 06, 2022 15:20:06.399 [0x7fe1c6a5e808] INFO - [I] device_manager_t::term. Shut down all device auxes
Jul 06, 2022 15:20:06.399 [0x7fe1c6a5e808] INFO - [I] broker_t::shutdown. Shutdown is completed.
