Jul 06, 2022 13:01:30.638 [0x7fc92bf3db38] INFO - Plex Media Scanner v1.26.2.5797-5bd057d2b - Docker Docker Container (LinuxServer.io) x86_64 - build: linux-x86_64 - GMT 02:00
Jul 06, 2022 13:01:30.638 [0x7fc92bf3db38] INFO - Linux version: 5.15.49-1-MANJARO, language: en-US
Jul 06, 2022 13:01:30.638 [0x7fc92bf3db38] INFO - Processor: 12-core AMD Ryzen 5 3600 6-Core Processor              
Jul 06, 2022 13:01:30.638 [0x7fc92bf3db38] INFO - /usr/lib/plexmediaserver/Plex Media Scanner --match --type 2 --log-file-suffix  Matcher --item 960
Jul 06, 2022 13:01:30.639 [0x7fc92ef52808] DEBUG - Opening 20 database sessions to library (com.plexapp.plugins.library), SQLite 3.35.5, threadsafe=1
Jul 06, 2022 13:01:30.705 [0x7fc92ef52808] DEBUG - Matcher: found 18 auxiliary files for Season 9
Jul 06, 2022 13:01:30.708 [0x7fc92ef52808] DEBUG - [MI] Opening input file: "/tv/aws-certified-sysops-administrator-associate-training-2022/09 - Networking Amazon VPC/001 Introduction.mp4"
Jul 06, 2022 13:01:30.708 [0x7fc92ef52808] DEBUG - [FFMPEG] - Opening '/tv/aws-certified-sysops-administrator-associate-training-2022/09 - Networking Amazon VPC/001 Introduction.mp4' for reading
Jul 06, 2022 13:01:30.708 [0x7fc92ef52808] DEBUG - [FFMPEG] - Setting default whitelist 'file,crypto,data'
Jul 06, 2022 13:01:30.713 [0x7fc92ef52808] DEBUG - [FFMPEG] - Format mov,mp4,m4a,3gp,3g2,mj2 probed with size=2048 and score=100
Jul 06, 2022 13:01:30.714 [0x7fc92ef52808] DEBUG - [FFMPEG] - ISO: File Type Major Brand: isom
Jul 06, 2022 13:01:30.714 [0x7fc92ef52808] DEBUG - [FFMPEG] - Unknown dref type 0x206c7275 size 12
Jul 06, 2022 13:01:30.714 [0x7fc92ef52808] DEBUG - [FFMPEG] - Processing st: 0, edit list 0 - media time: 2000, duration: 1587000
Jul 06, 2022 13:01:30.714 [0x7fc92ef52808] DEBUG - [FFMPEG] - Offset DTS by 2000 to make first pts zero.
Jul 06, 2022 13:01:30.714 [0x7fc92ef52808] DEBUG - [FFMPEG] - Setting codecpar->delay to 2 for stream st: 0
Jul 06, 2022 13:01:30.714 [0x7fc92ef52808] DEBUG - [FFMPEG] - Unknown dref type 0x206c7275 size 12
Jul 06, 2022 13:01:30.714 [0x7fc92ef52808] DEBUG - [FFMPEG] - Processing st: 1, edit list 0 - media time: 0, duration: 2338844
Jul 06, 2022 13:01:30.714 [0x7fc92ef52808] DEBUG - [FFMPEG] - Before avformat_find_stream_info() pos: 4254165 bytes read:77337 seeks:1 nb_streams:2
Jul 06, 2022 13:01:30.715 [0x7fc92ef52808] DEBUG - [FFMPEG] - nal_unit_type: 7(SPS), nal_ref_idc: 3
Jul 06, 2022 13:01:30.715 [0x7fc92ef52808] DEBUG - [FFMPEG] - nal_unit_type: 8(PPS), nal_ref_idc: 3
Jul 06, 2022 13:01:30.715 [0x7fc92ef52808] DEBUG - [FFMPEG] - nal_unit_type: 6(SEI), nal_ref_idc: 0
Jul 06, 2022 13:01:30.715 [0x7fc92ef52808] DEBUG - [FFMPEG] - nal_unit_type: 5(IDR), nal_ref_idc: 3
Jul 06, 2022 13:01:30.715 [0x7fc92ef52808] DEBUG - [FFMPEG] - Format yuv420p chosen by get_format().
Jul 06, 2022 13:01:30.715 [0x7fc92ef52808] DEBUG - [FFMPEG] - no picture 
Jul 06, 2022 13:01:30.721 [0x7fc92ef52808] DEBUG - [FFMPEG] - nal_unit_type: 1(Coded slice of a non-IDR picture), nal_ref_idc: 2
Jul 06, 2022 13:01:30.721 [0x7fc92ef52808] DEBUG - [FFMPEG] - no picture 
Jul 06, 2022 13:01:30.722 [0x7fc92ef52808] DEBUG - [FFMPEG] - nal_unit_type: 1(Coded slice of a non-IDR picture), nal_ref_idc: 2
Jul 06, 2022 13:01:30.724 [0x7fc92ef52808] DEBUG - [FFMPEG] - All info found
Jul 06, 2022 13:01:30.724 [0x7fc92ef52808] DEBUG - [FFMPEG] - After avformat_find_stream_info() pos: 46260 bytes read:154612 seeks:2 frames:4
Jul 06, 2022 13:01:30.724 [0x7fc92ef52808] DEBUG - [FFMPEG] - nal_unit_type: 7(SPS), nal_ref_idc: 3
Jul 06, 2022 13:01:30.724 [0x7fc92ef52808] DEBUG - [FFMPEG] - nal_unit_type: 8(PPS), nal_ref_idc: 3
Jul 06, 2022 13:01:30.725 [0x7fc92ef52808] DEBUG - [MI] Closing input file: "/tv/aws-certified-sysops-administrator-associate-training-2022/09 - Networking Amazon VPC/001 Introduction.mp4"
Jul 06, 2022 13:01:30.725 [0x7fc92ef52808] DEBUG - Scanner: found local sidecar subtitle "/tv/aws-certified-sysops-administrator-associate-training-2022/09 - Networking Amazon VPC/001 Introduction_en.srt"
Jul 06, 2022 13:01:30.725 [0x7fc92ef52808] DEBUG - [FFMPEG] - Opening '/tv/aws-certified-sysops-administrator-associate-training-2022/09 - Networking Amazon VPC/001 Introduction_en.srt' for reading
Jul 06, 2022 13:01:30.725 [0x7fc92ef52808] DEBUG - [FFMPEG] - Setting default whitelist 'file,crypto,data'
Jul 06, 2022 13:01:30.725 [0x7fc92ef52808] DEBUG - [FFMPEG] - Format srt probed with size=2048 and score=100
Jul 06, 2022 13:01:30.729 [0x7fc92ef52808] DEBUG - [MI] Opening input file: "/tv/aws-certified-sysops-administrator-associate-training-2022/09 - Networking Amazon VPC/002 Amazon VPC Refresher.mp4"
Jul 06, 2022 13:01:30.729 [0x7fc92ef52808] DEBUG - [FFMPEG] - Opening '/tv/aws-certified-sysops-administrator-associate-training-2022/09 - Networking Amazon VPC/002 Amazon VPC Refresher.mp4' for reading
Jul 06, 2022 13:01:30.729 [0x7fc92ef52808] DEBUG - [FFMPEG] - Setting default whitelist 'file,crypto,data'
Jul 06, 2022 13:01:30.730 [0x7fc92ef52808] DEBUG - [FFMPEG] - Format mov,mp4,m4a,3gp,3g2,mj2 probed with size=2048 and score=100
Jul 06, 2022 13:01:30.730 [0x7fc92ef52808] DEBUG - [FFMPEG] - ISO: File Type Major Brand: isom
Jul 06, 2022 13:01:30.730 [0x7fc92ef52808] DEBUG - [FFMPEG] - Unknown dref type 0x206c7275 size 12
Jul 06, 2022 13:01:30.730 [0x7fc92ef52808] DEBUG - [FFMPEG] - Processing st: 0, edit list 0 - media time: 2000, duration: 7489020
Jul 06, 2022 13:01:30.731 [0x7fc92ef52808] DEBUG - [FFMPEG] - Offset DTS by 2000 to make first pts zero.
Jul 06, 2022 13:01:30.731 [0x7fc92ef52808] DEBUG - [FFMPEG] - Setting codecpar->delay to 2 for stream st: 0
Jul 06, 2022 13:01:30.731 [0x7fc92ef52808] DEBUG - [FFMPEG] - Unknown dref type 0x206c7275 size 12
Jul 06, 2022 13:01:30.731 [0x7fc92ef52808] DEBUG - [FFMPEG] - Processing st: 1, edit list 0 - media time: 0, duration: 11014151
Jul 06, 2022 13:01:30.731 [0x7fc92ef52808] DEBUG - [FFMPEG] - Before avformat_find_stream_info() pos: 11590369 bytes read:238049 seeks:1 nb_streams:2
Jul 06, 2022 13:01:30.731 [0x7fc92ef52808] DEBUG - [FFMPEG] - nal_unit_type: 7(SPS), nal_ref_idc: 3
Jul 06, 2022 13:01:30.731 [0x7fc92ef52808] DEBUG - [FFMPEG] - nal_unit_type: 8(PPS), nal_ref_idc: 3
Jul 06, 2022 13:01:30.732 [0x7fc92ef52808] DEBUG - [FFMPEG] - nal_unit_type: 6(SEI), nal_ref_idc: 0
Jul 06, 2022 13:01:30.732 [0x7fc92ef52808] DEBUG - [FFMPEG] - nal_unit_type: 5(IDR), nal_ref_idc: 3
Jul 06, 2022 13:01:30.732 [0x7fc92ef52808] DEBUG - [FFMPEG] - Format yuv420p chosen by get_format().
Jul 06, 2022 13:01:30.732 [0x7fc92ef52808] DEBUG - [FFMPEG] - no picture 
Jul 06, 2022 13:01:30.734 [0x7fc92ef52808] DEBUG - [FFMPEG] - nal_unit_type: 1(Coded slice of a non-IDR picture), nal_ref_idc: 2
Jul 06, 2022 13:01:30.735 [0x7fc92ef52808] DEBUG - [FFMPEG] - no picture 
Jul 06, 2022 13:01:30.736 [0x7fc92ef52808] DEBUG - [FFMPEG] - nal_unit_type: 1(Coded slice of a non-IDR picture), nal_ref_idc: 2
Jul 06, 2022 13:01:30.737 [0x7fc92ef52808] DEBUG - [FFMPEG] - All info found
Jul 06, 2022 13:01:30.737 [0x7fc92ef52808] DEBUG - [FFMPEG] - After avformat_find_stream_info() pos: 10140 bytes read:270817 seeks:2 frames:4
Jul 06, 2022 13:01:30.738 [0x7fc92ef52808] DEBUG - [FFMPEG] - nal_unit_type: 7(SPS), nal_ref_idc: 3
Jul 06, 2022 13:01:30.738 [0x7fc92ef52808] DEBUG - [FFMPEG] - nal_unit_type: 8(PPS), nal_ref_idc: 3
Jul 06, 2022 13:01:30.738 [0x7fc92ef52808] DEBUG - [MI] Closing input file: "/tv/aws-certified-sysops-administrator-associate-training-2022/09 - Networking Amazon VPC/002 Amazon VPC Refresher.mp4"
Jul 06, 2022 13:01:30.738 [0x7fc92ef52808] DEBUG - Scanner: found local sidecar subtitle "/tv/aws-certified-sysops-administrator-associate-training-2022/09 - Networking Amazon VPC/002 Amazon VPC Refresher_en.srt"
Jul 06, 2022 13:01:30.738 [0x7fc92ef52808] DEBUG - [FFMPEG] - Opening '/tv/aws-certified-sysops-administrator-associate-training-2022/09 - Networking Amazon VPC/002 Amazon VPC Refresher_en.srt' for reading
Jul 06, 2022 13:01:30.738 [0x7fc92ef52808] DEBUG - [FFMPEG] - Setting default whitelist 'file,crypto,data'
Jul 06, 2022 13:01:30.738 [0x7fc92ef52808] DEBUG - [FFMPEG] - Format srt probed with size=2048 and score=100
Jul 06, 2022 13:01:30.739 [0x7fc92ef52808] DEBUG - [MI] Opening input file: "/tv/aws-certified-sysops-administrator-associate-training-2022/09 - Networking Amazon VPC/003 [NEW] Availability Zone IDs.mp4"
Jul 06, 2022 13:01:30.739 [0x7fc92ef52808] DEBUG - [FFMPEG] - Opening '/tv/aws-certified-sysops-administrator-associate-training-2022/09 - Networking Amazon VPC/003 [NEW] Availability Zone IDs.mp4' for reading
Jul 06, 2022 13:01:30.739 [0x7fc92ef52808] DEBUG - [FFMPEG] - Setting default whitelist 'file,crypto,data'
Jul 06, 2022 13:01:30.740 [0x7fc92ef52808] DEBUG - [FFMPEG] - Format mov,mp4,m4a,3gp,3g2,mj2 probed with size=2048 and score=100
Jul 06, 2022 13:01:30.740 [0x7fc92ef52808] DEBUG - [FFMPEG] - ISO: File Type Major Brand: isom
Jul 06, 2022 13:01:30.740 [0x7fc92ef52808] DEBUG - [FFMPEG] - Unknown dref type 0x206c7275 size 12
Jul 06, 2022 13:01:30.740 [0x7fc92ef52808] DEBUG - [FFMPEG] - Processing st: 0, edit list 0 - media time: 2000, duration: 4230000
Jul 06, 2022 13:01:30.740 [0x7fc92ef52808] DEBUG - [FFMPEG] - Offset DTS by 2000 to make first pts zero.
Jul 06, 2022 13:01:30.740 [0x7fc92ef52808] DEBUG - [FFMPEG] - Setting codecpar->delay to 2 for stream st: 0
Jul 06, 2022 13:01:30.741 [0x7fc92ef52808] DEBUG - [FFMPEG] - Unknown dref type 0x206c7275 size 12
Jul 06, 2022 13:01:30.741 [0x7fc92ef52808] DEBUG - [FFMPEG] - Processing st: 1, edit list 0 - media time: 0, duration: 6223877
Jul 06, 2022 13:01:30.741 [0x7fc92ef52808] DEBUG - [FFMPEG] - Before avformat_find_stream_info() pos: 7906535 bytes read:149120 seeks:1 nb_streams:2
Jul 06, 2022 13:01:30.741 [0x7fc92ef52808] DEBUG - [FFMPEG] - nal_unit_type: 7(SPS), nal_ref_idc: 3
Jul 06, 2022 13:01:30.741 [0x7fc92ef52808] DEBUG - [FFMPEG] - nal_unit_type: 8(PPS), nal_ref_idc: 3
Jul 06, 2022 13:01:30.741 [0x7fc92ef52808] DEBUG - [FFMPEG] - nal_unit_type: 6(SEI), nal_ref_idc: 0
Jul 06, 2022 13:01:30.741 [0x7fc92ef52808] DEBUG - [FFMPEG] - nal_unit_type: 5(IDR), nal_ref_idc: 3
Jul 06, 2022 13:01:30.741 [0x7fc92ef52808] DEBUG - [FFMPEG] - Format yuv420p chosen by get_format().
Jul 06, 2022 13:01:30.742 [0x7fc92ef52808] DEBUG - [FFMPEG] - no picture 
Jul 06, 2022 13:01:30.745 [0x7fc92ef52808] DEBUG - [FFMPEG] - nal_unit_type: 1(Coded slice of a non-IDR picture), nal_ref_idc: 2
Jul 06, 2022 13:01:30.745 [0x7fc92ef52808] DEBUG - [FFMPEG] - no picture 
Jul 06, 2022 13:01:30.746 [0x7fc92ef52808] DEBUG - [FFMPEG] - nal_unit_type: 1(Coded slice of a non-IDR picture), nal_ref_idc: 2
Jul 06, 2022 13:01:30.747 [0x7fc92ef52808] DEBUG - [FFMPEG] - All info found
Jul 06, 2022 13:01:30.748 [0x7fc92ef52808] DEBUG - [FFMPEG] - After avformat_find_stream_info() pos: 21467 bytes read:181888 seeks:2 frames:4
Jul 06, 2022 13:01:30.748 [0x7fc92ef52808] DEBUG - [FFMPEG] - nal_unit_type: 7(SPS), nal_ref_idc: 3
Jul 06, 2022 13:01:30.748 [0x7fc92ef52808] DEBUG - [FFMPEG] - nal_unit_type: 8(PPS), nal_ref_idc: 3
Jul 06, 2022 13:01:30.748 [0x7fc92ef52808] DEBUG - [MI] Closing input file: "/tv/aws-certified-sysops-administrator-associate-training-2022/09 - Networking Amazon VPC/003 [NEW] Availability Zone IDs.mp4"
Jul 06, 2022 13:01:30.748 [0x7fc92ef52808] DEBUG - Scanner: found local sidecar subtitle "/tv/aws-certified-sysops-administrator-associate-training-2022/09 - Networking Amazon VPC/003 [NEW] Availability Zone IDs_en.srt"
Jul 06, 2022 13:01:30.748 [0x7fc92ef52808] DEBUG - [FFMPEG] - Opening '/tv/aws-certified-sysops-administrator-associate-training-2022/09 - Networking Amazon VPC/003 [NEW] Availability Zone IDs_en.srt' for reading
Jul 06, 2022 13:01:30.748 [0x7fc92ef52808] DEBUG - [FFMPEG] - Setting default whitelist 'file,crypto,data'
Jul 06, 2022 13:01:30.748 [0x7fc92ef52808] DEBUG - [FFMPEG] - Format srt probed with size=2048 and score=100
Jul 06, 2022 13:01:30.749 [0x7fc92ef52808] DEBUG - [MI] Opening input file: "/tv/aws-certified-sysops-administrator-associate-training-2022/09 - Networking Amazon VPC/004 CIDR Blocks and IP Subnets.mp4"
Jul 06, 2022 13:01:30.749 [0x7fc92ef52808] DEBUG - [FFMPEG] - Opening '/tv/aws-certified-sysops-administrator-associate-training-2022/09 - Networking Amazon VPC/004 CIDR Blocks and IP Subnets.mp4' for reading
Jul 06, 2022 13:01:30.749 [0x7fc92ef52808] DEBUG - [FFMPEG] - Setting default whitelist 'file,crypto,data'
Jul 06, 2022 13:01:30.750 [0x7fc92ef52808] DEBUG - [FFMPEG] - Format mov,mp4,m4a,3gp,3g2,mj2 probed with size=2048 and score=100
Jul 06, 2022 13:01:30.750 [0x7fc92ef52808] DEBUG - [FFMPEG] - ISO: File Type Major Brand: isom
Jul 06, 2022 13:01:30.750 [0x7fc92ef52808] DEBUG - [FFMPEG] - Unknown dref type 0x206c7275 size 12
Jul 06, 2022 13:01:30.750 [0x7fc92ef52808] DEBUG - [FFMPEG] - Processing st: 0, edit list 0 - media time: 2000, duration: 9126000
Jul 06, 2022 13:01:30.751 [0x7fc92ef52808] DEBUG - [FFMPEG] - Offset DTS by 2000 to make first pts zero.
Jul 06, 2022 13:01:30.751 [0x7fc92ef52808] DEBUG - [FFMPEG] - Setting codecpar->delay to 2 for stream st: 0
Jul 06, 2022 13:01:30.751 [0x7fc92ef52808] DEBUG - [FFMPEG] - Unknown dref type 0x206c7275 size 12
Jul 06, 2022 13:01:30.751 [0x7fc92ef52808] DEBUG - [FFMPEG] - Processing st: 1, edit list 0 - media time: 0, duration: 13420556
Jul 06, 2022 13:01:30.751 [0x7fc92ef52808] DEBUG - [FFMPEG] - Before avformat_find_stream_info() pos: 37387635 bytes read:282187 seeks:1 nb_streams:2
Jul 06, 2022 13:01:30.751 [0x7fc92ef52808] DEBUG - [FFMPEG] - nal_unit_type: 7(SPS), nal_ref_idc: 3
Jul 06, 2022 13:01:30.751 [0x7fc92ef52808] DEBUG - [FFMPEG] - nal_unit_type: 8(PPS), nal_ref_idc: 3
Jul 06, 2022 13:01:30.751 [0x7fc92ef52808] DEBUG - [FFMPEG] - nal_unit_type: 6(SEI), nal_ref_idc: 0
Jul 06, 2022 13:01:30.751 [0x7fc92ef52808] DEBUG - [FFMPEG] - nal_unit_type: 5(IDR), nal_ref_idc: 3
Jul 06, 2022 13:01:30.751 [0x7fc92ef52808] DEBUG - [FFMPEG] - Format yuv420p chosen by get_format().
Jul 06, 2022 13:01:30.752 [0x7fc92ef52808] DEBUG - [FFMPEG] - no picture 
Jul 06, 2022 13:01:30.757 [0x7fc92ef52808] DEBUG - [FFMPEG] - nal_unit_type: 1(Coded slice of a non-IDR picture), nal_ref_idc: 2
Jul 06, 2022 13:01:30.758 [0x7fc92ef52808] DEBUG - [FFMPEG] - no picture 
Jul 06, 2022 13:01:30.758 [0x7fc92ef52808] DEBUG - [FFMPEG] - nal_unit_type: 1(Coded slice of a non-IDR picture), nal_ref_idc: 2
Jul 06, 2022 13:01:30.760 [0x7fc92ef52808] DEBUG - [FFMPEG] - All info found
Jul 06, 2022 13:01:30.760 [0x7fc92ef52808] DEBUG - [FFMPEG] - After avformat_find_stream_info() pos: 60406 bytes read:374518 seeks:2 frames:4
Jul 06, 2022 13:01:30.760 [0x7fc92ef52808] DEBUG - [FFMPEG] - nal_unit_type: 7(SPS), nal_ref_idc: 3
Jul 06, 2022 13:01:30.760 [0x7fc92ef52808] DEBUG - [FFMPEG] - nal_unit_type: 8(PPS), nal_ref_idc: 3
Jul 06, 2022 13:01:30.760 [0x7fc92ef52808] DEBUG - [MI] Closing input file: "/tv/aws-certified-sysops-administrator-associate-training-2022/09 - Networking Amazon VPC/004 CIDR Blocks and IP Subnets.mp4"
Jul 06, 2022 13:01:30.760 [0x7fc92ef52808] DEBUG - Scanner: found local sidecar subtitle "/tv/aws-certified-sysops-administrator-associate-training-2022/09 - Networking Amazon VPC/004 CIDR Blocks and IP Subnets_en.srt"
Jul 06, 2022 13:01:30.760 [0x7fc92ef52808] DEBUG - [FFMPEG] - Opening '/tv/aws-certified-sysops-administrator-associate-training-2022/09 - Networking Amazon VPC/004 CIDR Blocks and IP Subnets_en.srt' for reading
Jul 06, 2022 13:01:30.760 [0x7fc92ef52808] DEBUG - [FFMPEG] - Setting default whitelist 'file,crypto,data'
Jul 06, 2022 13:01:30.761 [0x7fc92ef52808] DEBUG - [FFMPEG] - Format srt probed with size=2048 and score=100
Jul 06, 2022 13:01:30.762 [0x7fc92ef52808] DEBUG - [MI] Opening input file: "/tv/aws-certified-sysops-administrator-associate-training-2022/09 - Networking Amazon VPC/005 Create custom VPC.mp4"
Jul 06, 2022 13:01:30.762 [0x7fc92ef52808] DEBUG - [FFMPEG] - Opening '/tv/aws-certified-sysops-administrator-associate-training-2022/09 - Networking Amazon VPC/005 Create custom VPC.mp4' for reading
Jul 06, 2022 13:01:30.762 [0x7fc92ef52808] DEBUG - [FFMPEG] - Setting default whitelist 'file,crypto,data'
Jul 06, 2022 13:01:30.762 [0x7fc92ef52808] DEBUG - [FFMPEG] - Format mov,mp4,m4a,3gp,3g2,mj2 probed with size=2048 and score=100
Jul 06, 2022 13:01:30.762 [0x7fc92ef52808] DEBUG - [FFMPEG] - ISO: File Type Major Brand: isom
Jul 06, 2022 13:01:30.762 [0x7fc92ef52808] DEBUG - [FFMPEG] - Unknown dref type 0x206c7275 size 12
Jul 06, 2022 13:01:30.763 [0x7fc92ef52808] DEBUG - [FFMPEG] - Processing st: 0, edit list 0 - media time: 2000, duration: 8499000
Jul 06, 2022 13:01:30.763 [0x7fc92ef52808] DEBUG - [FFMPEG] - Offset DTS by 2000 to make first pts zero.
Jul 06, 2022 13:01:30.763 [0x7fc92ef52808] DEBUG - [FFMPEG] - Setting codecpar->delay to 2 for stream st: 0
Jul 06, 2022 13:01:30.763 [0x7fc92ef52808] DEBUG - [FFMPEG] - Unknown dref type 0x206c7275 size 12
Jul 06, 2022 13:01:30.763 [0x7fc92ef52808] DEBUG - [FFMPEG] - Processing st: 1, edit list 0 - media time: 0, duration: 12498954
Jul 06, 2022 13:01:30.764 [0x7fc92ef52808] DEBUG - [FFMPEG] - Before avformat_find_stream_info() pos: 40897223 bytes read:264778 seeks:1 nb_streams:2
Jul 06, 2022 13:01:30.764 [0x7fc92ef52808] DEBUG - [FFMPEG] - nal_unit_type: 7(SPS), nal_ref_idc: 3
Jul 06, 2022 13:01:30.764 [0x7fc92ef52808] DEBUG - [FFMPEG] - nal_unit_type: 8(PPS), nal_ref_idc: 3
Jul 06, 2022 13:01:30.764 [0x7fc92ef52808] DEBUG - [FFMPEG] - nal_unit_type: 6(SEI), nal_ref_idc: 0
Jul 06, 2022 13:01:30.764 [0x7fc92ef52808] DEBUG - [FFMPEG] - nal_unit_type: 5(IDR), nal_ref_idc: 3
Jul 06, 2022 13:01:30.764 [0x7fc92ef52808] DEBUG - [FFMPEG] - Format yuv420p chosen by get_format().
Jul 06, 2022 13:01:30.764 [0x7fc92ef52808] DEBUG - [FFMPEG] - no picture 
Jul 06, 2022 13:01:30.770 [0x7fc92ef52808] DEBUG - [FFMPEG] - nal_unit_type: 1(Coded slice of a non-IDR picture), nal_ref_idc: 2
Jul 06, 2022 13:01:30.770 [0x7fc92ef52808] DEBUG - [FFMPEG] - no picture 
Jul 06, 2022 13:01:30.771 [0x7fc92ef52808] DEBUG - [FFMPEG] - nal_unit_type: 1(Coded slice of a non-IDR picture), nal_ref_idc: 2
Jul 06, 2022 13:01:30.772 [0x7fc92ef52808] DEBUG - [FFMPEG] - All info found
Jul 06, 2022 13:01:30.773 [0x7fc92ef52808] DEBUG - [FFMPEG] - After avformat_find_stream_info() pos: 60406 bytes read:357109 seeks:2 frames:4
Jul 06, 2022 13:01:30.773 [0x7fc92ef52808] DEBUG - [FFMPEG] - nal_unit_type: 7(SPS), nal_ref_idc: 3
Jul 06, 2022 13:01:30.773 [0x7fc92ef52808] DEBUG - [FFMPEG] - nal_unit_type: 8(PPS), nal_ref_idc: 3
Jul 06, 2022 13:01:30.773 [0x7fc92ef52808] DEBUG - [MI] Closing input file: "/tv/aws-certified-sysops-administrator-associate-training-2022/09 - Networking Amazon VPC/005 Create custom VPC.mp4"
Jul 06, 2022 13:01:30.773 [0x7fc92ef52808] DEBUG - Scanner: found local sidecar subtitle "/tv/aws-certified-sysops-administrator-associate-training-2022/09 - Networking Amazon VPC/005 Create custom VPC_en.srt"
Jul 06, 2022 13:01:30.773 [0x7fc92ef52808] DEBUG - [FFMPEG] - Opening '/tv/aws-certified-sysops-administrator-associate-training-2022/09 - Networking Amazon VPC/005 Create custom VPC_en.srt' for reading
Jul 06, 2022 13:01:30.773 [0x7fc92ef52808] DEBUG - [FFMPEG] - Setting default whitelist 'file,crypto,data'
Jul 06, 2022 13:01:30.774 [0x7fc92ef52808] DEBUG - [FFMPEG] - Format srt probed with size=2048 and score=100
Jul 06, 2022 13:01:30.775 [0x7fc92ef52808] DEBUG - [MI] Opening input file: "/tv/aws-certified-sysops-administrator-associate-training-2022/09 - Networking Amazon VPC/006 Internet Gateway and Route Tables.mp4"
Jul 06, 2022 13:01:30.775 [0x7fc92ef52808] DEBUG - [FFMPEG] - Opening '/tv/aws-certified-sysops-administrator-associate-training-2022/09 - Networking Amazon VPC/006 Internet Gateway and Route Tables.mp4' for reading
Jul 06, 2022 13:01:30.775 [0x7fc92ef52808] DEBUG - [FFMPEG] - Setting default whitelist 'file,crypto,data'
Jul 06, 2022 13:01:30.775 [0x7fc92ef52808] DEBUG - [FFMPEG] - Format mov,mp4,m4a,3gp,3g2,mj2 probed with size=2048 and score=100
Jul 06, 2022 13:01:30.775 [0x7fc92ef52808] DEBUG - [FFMPEG] - ISO: File Type Major Brand: isom
Jul 06, 2022 13:01:30.775 [0x7fc92ef52808] DEBUG - [FFMPEG] - Unknown dref type 0x206c7275 size 12
Jul 06, 2022 13:01:30.776 [0x7fc92ef52808] DEBUG - [FFMPEG] - Processing st: 0, edit list 0 - media time: 2000, duration: 8383020
Jul 06, 2022 13:01:30.776 [0x7fc92ef52808] DEBUG - [FFMPEG] - Offset DTS by 2000 to make first pts zero.
Jul 06, 2022 13:01:30.776 [0x7fc92ef52808] DEBUG - [FFMPEG] - Setting codecpar->delay to 2 for stream st: 0
Jul 06, 2022 13:01:30.776 [0x7fc92ef52808] DEBUG - [FFMPEG] - Unknown dref type 0x206c7275 size 12
Jul 06, 2022 13:01:30.776 [0x7fc92ef52808] DEBUG - [FFMPEG] - Processing st: 1, edit list 0 - media time: 0, duration: 12328993
Jul 06, 2022 13:01:30.776 [0x7fc92ef52808] DEBUG - [FFMPEG] - Before avformat_find_stream_info() pos: 15831219 bytes read:262654 seeks:1 nb_streams:2
Jul 06, 2022 13:01:30.777 [0x7fc92ef52808] DEBUG - [FFMPEG] - nal_unit_type: 7(SPS), nal_ref_idc: 3
Jul 06, 2022 13:01:30.777 [0x7fc92ef52808] DEBUG - [FFMPEG] - nal_unit_type: 8(PPS), nal_ref_idc: 3
Jul 06, 2022 13:01:30.777 [0x7fc92ef52808] DEBUG - [FFMPEG] - nal_unit_type: 6(SEI), nal_ref_idc: 0
Jul 06, 2022 13:01:30.777 [0x7fc92ef52808] DEBUG - [FFMPEG] - nal_unit_type: 5(IDR), nal_ref_idc: 3
Jul 06, 2022 13:01:30.777 [0x7fc92ef52808] DEBUG - [FFMPEG] - Format yuv420p chosen by get_format().
Jul 06, 2022 13:01:30.777 [0x7fc92ef52808] DEBUG - [FFMPEG] - no picture 
Jul 06, 2022 13:01:30.780 [0x7fc92ef52808] DEBUG - [FFMPEG] - nal_unit_type: 1(Coded slice of a non-IDR picture), nal_ref_idc: 2
Jul 06, 2022 13:01:30.780 [0x7fc92ef52808] DEBUG - [FFMPEG] - no picture 
Jul 06, 2022 13:01:30.781 [0x7fc92ef52808] DEBUG - [FFMPEG] - nal_unit_type: 1(Coded slice of a non-IDR picture), nal_ref_idc: 2
Jul 06, 2022 13:01:30.782 [0x7fc92ef52808] DEBUG - [FFMPEG] - All info found
Jul 06, 2022 13:01:30.783 [0x7fc92ef52808] DEBUG - [FFMPEG] - After avformat_find_stream_info() pos: 14393 bytes read:295422 seeks:2 frames:4
Jul 06, 2022 13:01:30.783 [0x7fc92ef52808] DEBUG - [FFMPEG] - nal_unit_type: 7(SPS), nal_ref_idc: 3
Jul 06, 2022 13:01:30.783 [0x7fc92ef52808] DEBUG - [FFMPEG] - nal_unit_type: 8(PPS), nal_ref_idc: 3
Jul 06, 2022 13:01:30.783 [0x7fc92ef52808] DEBUG - [MI] Closing input file: "/tv/aws-certified-sysops-administrator-associate-training-2022/09 - Networking Amazon VPC/006 Internet Gateway and Route Tables.mp4"
Jul 06, 2022 13:01:30.783 [0x7fc92ef52808] DEBUG - Scanner: found local sidecar subtitle "/tv/aws-certified-sysops-administrator-associate-training-2022/09 - Networking Amazon VPC/006 Internet Gateway and Route Tables_en.srt"
Jul 06, 2022 13:01:30.783 [0x7fc92ef52808] DEBUG - [FFMPEG] - Opening '/tv/aws-certified-sysops-administrator-associate-training-2022/09 - Networking Amazon VPC/006 Internet Gateway and Route Tables_en.srt' for reading
Jul 06, 2022 13:01:30.783 [0x7fc92ef52808] DEBUG - [FFMPEG] - Setting default whitelist 'file,crypto,data'
Jul 06, 2022 13:01:30.793 [0x7fc92ef52808] DEBUG - [FFMPEG] - Format srt probed with size=2048 and score=100
Jul 06, 2022 13:01:30.794 [0x7fc92ef52808] DEBUG - [MI] Opening input file: "/tv/aws-certified-sysops-administrator-associate-training-2022/09 - Networking Amazon VPC/007 NAT Gateways and NAT Instances Refresher.mp4"
Jul 06, 2022 13:01:30.794 [0x7fc92ef52808] DEBUG - [FFMPEG] - Opening '/tv/aws-certified-sysops-administrator-associate-training-2022/09 - Networking Amazon VPC/007 NAT Gateways and NAT Instances Refresher.mp4' for reading
Jul 06, 2022 13:01:30.794 [0x7fc92ef52808] DEBUG - [FFMPEG] - Setting default whitelist 'file,crypto,data'
Jul 06, 2022 13:01:30.794 [0x7fc92ef52808] DEBUG - [FFMPEG] - Format mov,mp4,m4a,3gp,3g2,mj2 probed with size=2048 and score=100
Jul 06, 2022 13:01:30.794 [0x7fc92ef52808] DEBUG - [FFMPEG] - ISO: File Type Major Brand: isom
Jul 06, 2022 13:01:30.794 [0x7fc92ef52808] DEBUG - [FFMPEG] - Unknown dref type 0x206c7275 size 12
Jul 06, 2022 13:01:30.795 [0x7fc92ef52808] DEBUG - [FFMPEG] - Processing st: 0, edit list 0 - media time: 2000, duration: 8624010
Jul 06, 2022 13:01:30.796 [0x7fc92ef52808] DEBUG - [FFMPEG] - Offset DTS by 2000 to make first pts zero.
Jul 06, 2022 13:01:30.796 [0x7fc92ef52808] DEBUG - [FFMPEG] - Setting codecpar->delay to 2 for stream st: 0
Jul 06, 2022 13:01:30.796 [0x7fc92ef52808] DEBUG - [FFMPEG] - Unknown dref type 0x206c7275 size 12
Jul 06, 2022 13:01:30.796 [0x7fc92ef52808] DEBUG - [FFMPEG] - Processing st: 1, edit list 0 - media time: 0, duration: 12683292
Jul 06, 2022 13:01:30.797 [0x7fc92ef52808] DEBUG - [FFMPEG] - Before avformat_find_stream_info() pos: 15460356 bytes read:269241 seeks:1 nb_streams:2
Jul 06, 2022 13:01:30.797 [0x7fc92ef52808] DEBUG - [FFMPEG] - nal_unit_type: 7(SPS), nal_ref_idc: 3
Jul 06, 2022 13:01:30.797 [0x7fc92ef52808] DEBUG - [FFMPEG] - nal_unit_type: 8(PPS), nal_ref_idc: 3
Jul 06, 2022 13:01:30.797 [0x7fc92ef52808] DEBUG - [FFMPEG] - nal_unit_type: 6(SEI), nal_ref_idc: 0
Jul 06, 2022 13:01:30.797 [0x7fc92ef52808] DEBUG - [FFMPEG] - nal_unit_type: 5(IDR), nal_ref_idc: 3
Jul 06, 2022 13:01:30.797 [0x7fc92ef52808] DEBUG - [FFMPEG] - Format yuv420p chosen by get_format().
Jul 06, 2022 13:01:30.798 [0x7fc92ef52808] DEBUG - [FFMPEG] - no picture 
Jul 06, 2022 13:01:30.801 [0x7fc92ef52808] DEBUG - [FFMPEG] - nal_unit_type: 1(Coded slice of a non-IDR picture), nal_ref_idc: 2
Jul 06, 2022 13:01:30.802 [0x7fc92ef52808] DEBUG - [FFMPEG] - no picture 
Jul 06, 2022 13:01:30.803 [0x7fc92ef52808] DEBUG - [FFMPEG] - nal_unit_type: 1(Coded slice of a non-IDR picture), nal_ref_idc: 2
Jul 06, 2022 13:01:30.805 [0x7fc92ef52808] DEBUG - [FFMPEG] - All info found
Jul 06, 2022 13:01:30.814 [0x7fc92ef52808] DEBUG - [FFMPEG] - After avformat_find_stream_info() pos: 14393 bytes read:302009 seeks:2 frames:4
Jul 06, 2022 13:01:30.814 [0x7fc92ef52808] DEBUG - [FFMPEG] - nal_unit_type: 7(SPS), nal_ref_idc: 3
Jul 06, 2022 13:01:30.814 [0x7fc92ef52808] DEBUG - [FFMPEG] - nal_unit_type: 8(PPS), nal_ref_idc: 3
Jul 06, 2022 13:01:30.815 [0x7fc92ef52808] DEBUG - [MI] Closing input file: "/tv/aws-certified-sysops-administrator-associate-training-2022/09 - Networking Amazon VPC/007 NAT Gateways and NAT Instances Refresher.mp4"
Jul 06, 2022 13:01:30.815 [0x7fc92ef52808] DEBUG - Scanner: found local sidecar subtitle "/tv/aws-certified-sysops-administrator-associate-training-2022/09 - Networking Amazon VPC/007 NAT Gateways and NAT Instances Refresher_en.srt"
Jul 06, 2022 13:01:30.815 [0x7fc92ef52808] DEBUG - [FFMPEG] - Opening '/tv/aws-certified-sysops-administrator-associate-training-2022/09 - Networking Amazon VPC/007 NAT Gateways and NAT Instances Refresher_en.srt' for reading
Jul 06, 2022 13:01:30.815 [0x7fc92ef52808] DEBUG - [FFMPEG] - Setting default whitelist 'file,crypto,data'
Jul 06, 2022 13:01:30.816 [0x7fc92ef52808] DEBUG - [FFMPEG] - Format srt probed with size=2048 and score=100
Jul 06, 2022 13:01:30.817 [0x7fc92ef52808] DEBUG - [MI] Opening input file: "/tv/aws-certified-sysops-administrator-associate-training-2022/09 - Networking Amazon VPC/008 Security Groups Deep Dive.mp4"
Jul 06, 2022 13:01:30.817 [0x7fc92ef52808] DEBUG - [FFMPEG] - Opening '/tv/aws-certified-sysops-administrator-associate-training-2022/09 - Networking Amazon VPC/008 Security Groups Deep Dive.mp4' for reading
Jul 06, 2022 13:01:30.817 [0x7fc92ef52808] DEBUG - [FFMPEG] - Setting default whitelist 'file,crypto,data'
Jul 06, 2022 13:01:30.818 [0x7fc92ef52808] DEBUG - [FFMPEG] - Format mov,mp4,m4a,3gp,3g2,mj2 probed with size=2048 and score=100
Jul 06, 2022 13:01:30.818 [0x7fc92ef52808] DEBUG - [FFMPEG] - ISO: File Type Major Brand: isom
Jul 06, 2022 13:01:30.818 [0x7fc92ef52808] DEBUG - [FFMPEG] - Unknown dref type 0x206c7275 size 12
Jul 06, 2022 13:01:30.819 [0x7fc92ef52808] DEBUG - [FFMPEG] - Processing st: 0, edit list 0 - media time: 2000, duration: 11619000
Jul 06, 2022 13:01:30.820 [0x7fc92ef52808] DEBUG - [FFMPEG] - Offset DTS by 2000 to make first pts zero.
Jul 06, 2022 13:01:30.820 [0x7fc92ef52808] DEBUG - [FFMPEG] - Setting codecpar->delay to 2 for stream st: 0
Jul 06, 2022 13:01:30.820 [0x7fc92ef52808] DEBUG - [FFMPEG] - Unknown dref type 0x206c7275 size 12
Jul 06, 2022 13:01:30.820 [0x7fc92ef52808] DEBUG - [FFMPEG] - Processing st: 1, edit list 0 - media time: 0, duration: 17086501
Jul 06, 2022 13:01:30.820 [0x7fc92ef52808] DEBUG - [FFMPEG] - Before avformat_find_stream_info() pos: 18497459 bytes read:350982 seeks:1 nb_streams:2
Jul 06, 2022 13:01:30.821 [0x7fc92ef52808] DEBUG - [FFMPEG] - nal_unit_type: 7(SPS), nal_ref_idc: 3
Jul 06, 2022 13:01:30.821 [0x7fc92ef52808] DEBUG - [FFMPEG] - nal_unit_type: 8(PPS), nal_ref_idc: 3
Jul 06, 2022 13:01:30.821 [0x7fc92ef52808] DEBUG - [FFMPEG] - nal_unit_type: 6(SEI), nal_ref_idc: 0
Jul 06, 2022 13:01:30.821 [0x7fc92ef52808] DEBUG - [FFMPEG] - nal_unit_type: 5(IDR), nal_ref_idc: 3
Jul 06, 2022 13:01:30.821 [0x7fc92ef52808] DEBUG - [FFMPEG] - Format yuv420p chosen by get_format().
Jul 06, 2022 13:01:30.821 [0x7fc92ef52808] DEBUG - [FFMPEG] - no picture 
Jul 06, 2022 13:01:30.825 [0x7fc92ef52808] DEBUG - [FFMPEG] - nal_unit_type: 1(Coded slice of a non-IDR picture), nal_ref_idc: 2
Jul 06, 2022 13:01:30.825 [0x7fc92ef52808] DEBUG - [FFMPEG] - no picture 
Jul 06, 2022 13:01:30.827 [0x7fc92ef52808] DEBUG - [FFMPEG] - nal_unit_type: 1(Coded slice of a non-IDR picture), nal_ref_idc: 2
Jul 06, 2022 13:01:30.828 [0x7fc92ef52808] DEBUG - [FFMPEG] - All info found
Jul 06, 2022 13:01:30.829 [0x7fc92ef52808] DEBUG - [FFMPEG] - After avformat_find_stream_info() pos: 14393 bytes read:383750 seeks:2 frames:4
Jul 06, 2022 13:01:30.829 [0x7fc92ef52808] DEBUG - [FFMPEG] - nal_unit_type: 7(SPS), nal_ref_idc: 3
Jul 06, 2022 13:01:30.829 [0x7fc92ef52808] DEBUG - [FFMPEG] - nal_unit_type: 8(PPS), nal_ref_idc: 3
Jul 06, 2022 13:01:30.829 [0x7fc92ef52808] DEBUG - [MI] Closing input file: "/tv/aws-certified-sysops-administrator-associate-training-2022/09 - Networking Amazon VPC/008 Security Groups Deep Dive.mp4"
Jul 06, 2022 13:01:30.830 [0x7fc92ef52808] DEBUG - Scanner: found local sidecar subtitle "/tv/aws-certified-sysops-administrator-associate-training-2022/09 - Networking Amazon VPC/008 Security Groups Deep Dive_en.srt"
Jul 06, 2022 13:01:30.830 [0x7fc92ef52808] DEBUG - [FFMPEG] - Opening '/tv/aws-certified-sysops-administrator-associate-training-2022/09 - Networking Amazon VPC/008 Security Groups Deep Dive_en.srt' for reading
Jul 06, 2022 13:01:30.830 [0x7fc92ef52808] DEBUG - [FFMPEG] - Setting default whitelist 'file,crypto,data'
Jul 06, 2022 13:01:30.845 [0x7fc92ef52808] DEBUG - [FFMPEG] - Format srt probed with size=2048 and score=100
Jul 06, 2022 13:01:30.846 [0x7fc92ef52808] DEBUG - [MI] Opening input file: "/tv/aws-certified-sysops-administrator-associate-training-2022/09 - Networking Amazon VPC/009 Network ACL Deep Dive.mp4"
Jul 06, 2022 13:01:30.846 [0x7fc92ef52808] DEBUG - [FFMPEG] - Opening '/tv/aws-certified-sysops-administrator-associate-training-2022/09 - Networking Amazon VPC/009 Network ACL Deep Dive.mp4' for reading
Jul 06, 2022 13:01:30.846 [0x7fc92ef52808] DEBUG - [FFMPEG] - Setting default whitelist 'file,crypto,data'
Jul 06, 2022 13:01:30.847 [0x7fc92ef52808] DEBUG - [FFMPEG] - Format mov,mp4,m4a,3gp,3g2,mj2 probed with size=2048 and score=100
Jul 06, 2022 13:01:30.847 [0x7fc92ef52808] DEBUG - [FFMPEG] - ISO: File Type Major Brand: isom
Jul 06, 2022 13:01:30.847 [0x7fc92ef52808] DEBUG - [FFMPEG] - Unknown dref type 0x206c7275 size 12
Jul 06, 2022 13:01:30.848 [0x7fc92ef52808] DEBUG - [FFMPEG] - Processing st: 0, edit list 0 - media time: 2000, duration: 11853000
Jul 06, 2022 13:01:30.849 [0x7fc92ef52808] DEBUG - [FFMPEG] - Offset DTS by 2000 to make first pts zero.
Jul 06, 2022 13:01:30.849 [0x7fc92ef52808] DEBUG - [FFMPEG] - Setting codecpar->delay to 2 for stream st: 0
Jul 06, 2022 13:01:30.849 [0x7fc92ef52808] DEBUG - [FFMPEG] - Unknown dref type 0x206c7275 size 12
Jul 06, 2022 13:01:30.850 [0x7fc92ef52808] DEBUG - [FFMPEG] - Processing st: 1, edit list 0 - media time: 0, duration: 17430569
Jul 06, 2022 13:01:30.850 [0x7fc92ef52808] DEBUG - [FFMPEG] - Before avformat_find_stream_info() pos: 19246348 bytes read:357294 seeks:1 nb_streams:2
Jul 06, 2022 13:01:30.850 [0x7fc92ef52808] DEBUG - [FFMPEG] - nal_unit_type: 7(SPS), nal_ref_idc: 3
Jul 06, 2022 13:01:30.850 [0x7fc92ef52808] DEBUG - [FFMPEG] - nal_unit_type: 8(PPS), nal_ref_idc: 3
Jul 06, 2022 13:01:30.850 [0x7fc92ef52808] DEBUG - [FFMPEG] - nal_unit_type: 6(SEI), nal_ref_idc: 0
Jul 06, 2022 13:01:30.850 [0x7fc92ef52808] DEBUG - [FFMPEG] - nal_unit_type: 5(IDR), nal_ref_idc: 3
Jul 06, 2022 13:01:30.850 [0x7fc92ef52808] DEBUG - [FFMPEG] - Format yuv420p chosen by get_format().
Jul 06, 2022 13:01:30.851 [0x7fc92ef52808] DEBUG - [FFMPEG] - no picture 
Jul 06, 2022 13:01:30.853 [0x7fc92ef52808] DEBUG - [FFMPEG] - nal_unit_type: 1(Coded slice of a non-IDR picture), nal_ref_idc: 2
Jul 06, 2022 13:01:30.854 [0x7fc92ef52808] DEBUG - [FFMPEG] - no picture 
Jul 06, 2022 13:01:30.855 [0x7fc92ef52808] DEBUG - [FFMPEG] - nal_unit_type: 1(Coded slice of a non-IDR picture), nal_ref_idc: 2
Jul 06, 2022 13:01:30.856 [0x7fc92ef52808] DEBUG - [FFMPEG] - All info found
Jul 06, 2022 13:01:30.856 [0x7fc92ef52808] DEBUG - [FFMPEG] - After avformat_find_stream_info() pos: 14393 bytes read:390062 seeks:2 frames:4
Jul 06, 2022 13:01:30.857 [0x7fc92ef52808] DEBUG - [FFMPEG] - nal_unit_type: 7(SPS), nal_ref_idc: 3
Jul 06, 2022 13:01:30.857 [0x7fc92ef52808] DEBUG - [FFMPEG] - nal_unit_type: 8(PPS), nal_ref_idc: 3
Jul 06, 2022 13:01:30.857 [0x7fc92ef52808] DEBUG - [MI] Closing input file: "/tv/aws-certified-sysops-administrator-associate-training-2022/09 - Networking Amazon VPC/009 Network ACL Deep Dive.mp4"
Jul 06, 2022 13:01:30.857 [0x7fc92ef52808] DEBUG - Scanner: found local sidecar subtitle "/tv/aws-certified-sysops-administrator-associate-training-2022/09 - Networking Amazon VPC/009 Network ACL Deep Dive_en.srt"
Jul 06, 2022 13:01:30.857 [0x7fc92ef52808] DEBUG - [FFMPEG] - Opening '/tv/aws-certified-sysops-administrator-associate-training-2022/09 - Networking Amazon VPC/009 Network ACL Deep Dive_en.srt' for reading
Jul 06, 2022 13:01:30.857 [0x7fc92ef52808] DEBUG - [FFMPEG] - Setting default whitelist 'file,crypto,data'
Jul 06, 2022 13:01:30.867 [0x7fc92ef52808] DEBUG - [FFMPEG] - Format srt probed with size=2048 and score=100
Jul 06, 2022 13:01:30.868 [0x7fc92ef52808] DEBUG - [MI] Opening input file: "/tv/aws-certified-sysops-administrator-associate-training-2022/09 - Networking Amazon VPC/010 VPC Endpoints.mp4"
Jul 06, 2022 13:01:30.868 [0x7fc92ef52808] DEBUG - [FFMPEG] - Opening '/tv/aws-certified-sysops-administrator-associate-training-2022/09 - Networking Amazon VPC/010 VPC Endpoints.mp4' for reading
Jul 06, 2022 13:01:30.868 [0x7fc92ef52808] DEBUG - [FFMPEG] - Setting default whitelist 'file,crypto,data'
Jul 06, 2022 13:01:30.868 [0x7fc92ef52808] DEBUG - [FFMPEG] - Format mov,mp4,m4a,3gp,3g2,mj2 probed with size=2048 and score=100
Jul 06, 2022 13:01:30.868 [0x7fc92ef52808] DEBUG - [FFMPEG] - ISO: File Type Major Brand: isom
Jul 06, 2022 13:01:30.868 [0x7fc92ef52808] DEBUG - [FFMPEG] - Unknown dref type 0x206c7275 size 12
Jul 06, 2022 13:01:30.870 [0x7fc92ef52808] DEBUG - [FFMPEG] - Processing st: 0, edit list 0 - media time: 2000, duration: 11058000
Jul 06, 2022 13:01:30.870 [0x7fc92ef52808] DEBUG - [FFMPEG] - Offset DTS by 2000 to make first pts zero.
Jul 06, 2022 13:01:30.870 [0x7fc92ef52808] DEBUG - [FFMPEG] - Setting codecpar->delay to 2 for stream st: 0
Jul 06, 2022 13:01:30.870 [0x7fc92ef52808] DEBUG - [FFMPEG] - Unknown dref type 0x206c7275 size 12
Jul 06, 2022 13:01:30.871 [0x7fc92ef52808] DEBUG - [FFMPEG] - Processing st: 1, edit list 0 - media time: 0, duration: 16261125
Jul 06, 2022 13:01:30.871 [0x7fc92ef52808] DEBUG - [FFMPEG] - Before avformat_find_stream_info() pos: 13566578 bytes read:335594 seeks:1 nb_streams:2
Jul 06, 2022 13:01:30.871 [0x7fc92ef52808] DEBUG - [FFMPEG] - nal_unit_type: 7(SPS), nal_ref_idc: 3
Jul 06, 2022 13:01:30.871 [0x7fc92ef52808] DEBUG - [FFMPEG] - nal_unit_type: 8(PPS), nal_ref_idc: 3
Jul 06, 2022 13:01:30.871 [0x7fc92ef52808] DEBUG - [FFMPEG] - nal_unit_type: 6(SEI), nal_ref_idc: 0
Jul 06, 2022 13:01:30.871 [0x7fc92ef52808] DEBUG - [FFMPEG] - nal_unit_type: 5(IDR), nal_ref_idc: 3
Jul 06, 2022 13:01:30.871 [0x7fc92ef52808] DEBUG - [FFMPEG] - Format yuv420p chosen by get_format().
Jul 06, 2022 13:01:30.872 [0x7fc92ef52808] DEBUG - [FFMPEG] - no picture 
Jul 06, 2022 13:01:30.874 [0x7fc92ef52808] DEBUG - [FFMPEG] - nal_unit_type: 1(Coded slice of a non-IDR picture), nal_ref_idc: 2
Jul 06, 2022 13:01:30.875 [0x7fc92ef52808] DEBUG - [FFMPEG] - no picture 
Jul 06, 2022 13:01:30.876 [0x7fc92ef52808] DEBUG - [FFMPEG] - nal_unit_type: 1(Coded slice of a non-IDR picture), nal_ref_idc: 2
Jul 06, 2022 13:01:30.877 [0x7fc92ef52808] DEBUG - [FFMPEG] - All info found
Jul 06, 2022 13:01:30.877 [0x7fc92ef52808] DEBUG - [FFMPEG] - After avformat_find_stream_info() pos: 10140 bytes read:368362 seeks:2 frames:4
Jul 06, 2022 13:01:30.878 [0x7fc92ef52808] DEBUG - [FFMPEG] - nal_unit_type: 7(SPS), nal_ref_idc: 3
Jul 06, 2022 13:01:30.878 [0x7fc92ef52808] DEBUG - [FFMPEG] - nal_unit_type: 8(PPS), nal_ref_idc: 3
Jul 06, 2022 13:01:30.878 [0x7fc92ef52808] DEBUG - [MI] Closing input file: "/tv/aws-certified-sysops-administrator-associate-training-2022/09 - Networking Amazon VPC/010 VPC Endpoints.mp4"
Jul 06, 2022 13:01:30.878 [0x7fc92ef52808] DEBUG - Scanner: found local sidecar subtitle "/tv/aws-certified-sysops-administrator-associate-training-2022/09 - Networking Amazon VPC/010 VPC Endpoints_en.srt"
Jul 06, 2022 13:01:30.878 [0x7fc92ef52808] DEBUG - [FFMPEG] - Opening '/tv/aws-certified-sysops-administrator-associate-training-2022/09 - Networking Amazon VPC/010 VPC Endpoints_en.srt' for reading
Jul 06, 2022 13:01:30.878 [0x7fc92ef52808] DEBUG - [FFMPEG] - Setting default whitelist 'file,crypto,data'
Jul 06, 2022 13:01:30.878 [0x7fc92ef52808] DEBUG - [FFMPEG] - Format srt probed with size=2048 and score=100
Jul 06, 2022 13:01:30.879 [0x7fc92ef52808] DEBUG - [MI] Opening input file: "/tv/aws-certified-sysops-administrator-associate-training-2022/09 - Networking Amazon VPC/011 Creating Gateway and Interface Endpoints.mp4"
Jul 06, 2022 13:01:30.879 [0x7fc92ef52808] DEBUG - [FFMPEG] - Opening '/tv/aws-certified-sysops-administrator-associate-training-2022/09 - Networking Amazon VPC/011 Creating Gateway and Interface Endpoints.mp4' for reading
Jul 06, 2022 13:01:30.879 [0x7fc92ef52808] DEBUG - [FFMPEG] - Setting default whitelist 'file,crypto,data'
Jul 06, 2022 13:01:30.880 [0x7fc92ef52808] DEBUG - [FFMPEG] - Format mov,mp4,m4a,3gp,3g2,mj2 probed with size=2048 and score=100
Jul 06, 2022 13:01:30.880 [0x7fc92ef52808] DEBUG - [FFMPEG] - ISO: File Type Major Brand: isom
Jul 06, 2022 13:01:30.880 [0x7fc92ef52808] DEBUG - [FFMPEG] - Unknown dref type 0x206c7275 size 12
Jul 06, 2022 13:01:30.881 [0x7fc92ef52808] DEBUG - [FFMPEG] - Processing st: 0, edit list 0 - media time: 2000, duration: 7717020
Jul 06, 2022 13:01:30.881 [0x7fc92ef52808] DEBUG - [FFMPEG] - Offset DTS by 2000 to make first pts zero.
Jul 06, 2022 13:01:30.881 [0x7fc92ef52808] DEBUG - [FFMPEG] - Setting codecpar->delay to 2 for stream st: 0
Jul 06, 2022 13:01:30.881 [0x7fc92ef52808] DEBUG - [FFMPEG] - Unknown dref type 0x206c7275 size 12
Jul 06, 2022 13:01:30.882 [0x7fc92ef52808] DEBUG - [FFMPEG] - Processing st: 1, edit list 0 - media time: 0, duration: 11350017
Jul 06, 2022 13:01:30.882 [0x7fc92ef52808] DEBUG - [FFMPEG] - Before avformat_find_stream_info() pos: 15062189 bytes read:243773 seeks:1 nb_streams:2
Jul 06, 2022 13:01:30.882 [0x7fc92ef52808] DEBUG - [FFMPEG] - nal_unit_type: 7(SPS), nal_ref_idc: 3
Jul 06, 2022 13:01:30.882 [0x7fc92ef52808] DEBUG - [FFMPEG] - nal_unit_type: 8(PPS), nal_ref_idc: 3
Jul 06, 2022 13:01:30.882 [0x7fc92ef52808] DEBUG - [FFMPEG] - nal_unit_type: 6(SEI), nal_ref_idc: 0
Jul 06, 2022 13:01:30.882 [0x7fc92ef52808] DEBUG - [FFMPEG] - nal_unit_type: 5(IDR), nal_ref_idc: 3
Jul 06, 2022 13:01:30.882 [0x7fc92ef52808] DEBUG - [FFMPEG] - Format yuv420p chosen by get_format().
Jul 06, 2022 13:01:30.883 [0x7fc92ef52808] DEBUG - [FFMPEG] - no picture 
Jul 06, 2022 13:01:30.886 [0x7fc92ef52808] DEBUG - [FFMPEG] - nal_unit_type: 1(Coded slice of a non-IDR picture), nal_ref_idc: 2
Jul 06, 2022 13:01:30.887 [0x7fc92ef52808] DEBUG - [FFMPEG] - no picture 
Jul 06, 2022 13:01:30.888 [0x7fc92ef52808] DEBUG - [FFMPEG] - nal_unit_type: 1(Coded slice of a non-IDR picture), nal_ref_idc: 2
Jul 06, 2022 13:01:30.890 [0x7fc92ef52808] DEBUG - [FFMPEG] - All info found
Jul 06, 2022 13:01:30.890 [0x7fc92ef52808] DEBUG - [FFMPEG] - After avformat_find_stream_info() pos: 14393 bytes read:276541 seeks:2 frames:4
Jul 06, 2022 13:01:30.890 [0x7fc92ef52808] DEBUG - [FFMPEG] - nal_unit_type: 7(SPS), nal_ref_idc: 3
Jul 06, 2022 13:01:30.890 [0x7fc92ef52808] DEBUG - [FFMPEG] - nal_unit_type: 8(PPS), nal_ref_idc: 3
Jul 06, 2022 13:01:30.890 [0x7fc92ef52808] DEBUG - [MI] Closing input file: "/tv/aws-certified-sysops-administrator-associate-training-2022/09 - Networking Amazon VPC/011 Creating Gateway and Interface Endpoints.mp4"
Jul 06, 2022 13:01:30.891 [0x7fc92ef52808] DEBUG - Scanner: found local sidecar subtitle "/tv/aws-certified-sysops-administrator-associate-training-2022/09 - Networking Amazon VPC/011 Creating Gateway and Interface Endpoints_en.srt"
Jul 06, 2022 13:01:30.891 [0x7fc92ef52808] DEBUG - [FFMPEG] - Opening '/tv/aws-certified-sysops-administrator-associate-training-2022/09 - Networking Amazon VPC/011 Creating Gateway and Interface Endpoints_en.srt' for reading
Jul 06, 2022 13:01:30.891 [0x7fc92ef52808] DEBUG - [FFMPEG] - Setting default whitelist 'file,crypto,data'
Jul 06, 2022 13:01:30.891 [0x7fc92ef52808] DEBUG - [FFMPEG] - Format srt probed with size=2048 and score=100
Jul 06, 2022 13:01:30.893 [0x7fc92ef52808] DEBUG - [MI] Opening input file: "/tv/aws-certified-sysops-administrator-associate-training-2022/09 - Networking Amazon VPC/012 VPC Peering.mp4"
Jul 06, 2022 13:01:30.893 [0x7fc92ef52808] DEBUG - [FFMPEG] - Opening '/tv/aws-certified-sysops-administrator-associate-training-2022/09 - Networking Amazon VPC/012 VPC Peering.mp4' for reading
Jul 06, 2022 13:01:30.893 [0x7fc92ef52808] DEBUG - [FFMPEG] - Setting default whitelist 'file,crypto,data'
Jul 06, 2022 13:01:30.893 [0x7fc92ef52808] DEBUG - [FFMPEG] - Format mov,mp4,m4a,3gp,3g2,mj2 probed with size=2048 and score=100
Jul 06, 2022 13:01:30.893 [0x7fc92ef52808] DEBUG - [FFMPEG] - ISO: File Type Major Brand: isom
Jul 06, 2022 13:01:30.893 [0x7fc92ef52808] DEBUG - [FFMPEG] - Unknown dref type 0x206c7275 size 12
Jul 06, 2022 13:01:30.894 [0x7fc92ef52808] DEBUG - [FFMPEG] - Processing st: 0, edit list 0 - media time: 2000, duration: 8085000
Jul 06, 2022 13:01:30.895 [0x7fc92ef52808] DEBUG - [FFMPEG] - Offset DTS by 2000 to make first pts zero.
Jul 06, 2022 13:01:30.895 [0x7fc92ef52808] DEBUG - [FFMPEG] - Setting codecpar->delay to 2 for stream st: 0
Jul 06, 2022 13:01:30.895 [0x7fc92ef52808] DEBUG - [FFMPEG] - Unknown dref type 0x206c7275 size 12
Jul 06, 2022 13:01:30.895 [0x7fc92ef52808] DEBUG - [FFMPEG] - Processing st: 1, edit list 0 - media time: 0, duration: 11890727
Jul 06, 2022 13:01:30.896 [0x7fc92ef52808] DEBUG - [FFMPEG] - Before avformat_find_stream_info() pos: 9717317 bytes read:254636 seeks:1 nb_streams:2
Jul 06, 2022 13:01:30.896 [0x7fc92ef52808] DEBUG - [FFMPEG] - nal_unit_type: 7(SPS), nal_ref_idc: 3
Jul 06, 2022 13:01:30.896 [0x7fc92ef52808] DEBUG - [FFMPEG] - nal_unit_type: 8(PPS), nal_ref_idc: 3
Jul 06, 2022 13:01:30.896 [0x7fc92ef52808] DEBUG - [FFMPEG] - nal_unit_type: 6(SEI), nal_ref_idc: 0
Jul 06, 2022 13:01:30.896 [0x7fc92ef52808] DEBUG - [FFMPEG] - nal_unit_type: 5(IDR), nal_ref_idc: 3
Jul 06, 2022 13:01:30.896 [0x7fc92ef52808] DEBUG - [FFMPEG] - Format yuv420p chosen by get_format().
Jul 06, 2022 13:01:30.897 [0x7fc92ef52808] DEBUG - [FFMPEG] - no picture 
Jul 06, 2022 13:01:30.899 [0x7fc92ef52808] DEBUG - [FFMPEG] - nal_unit_type: 1(Coded slice of a non-IDR picture), nal_ref_idc: 2
Jul 06, 2022 13:01:30.899 [0x7fc92ef52808] DEBUG - [FFMPEG] - no picture 
Jul 06, 2022 13:01:30.900 [0x7fc92ef52808] DEBUG - [FFMPEG] - nal_unit_type: 1(Coded slice of a non-IDR picture), nal_ref_idc: 2
Jul 06, 2022 13:01:30.901 [0x7fc92ef52808] DEBUG - [FFMPEG] - All info found
Jul 06, 2022 13:01:30.905 [0x7fc92ef52808] DEBUG - [FFMPEG] - After avformat_find_stream_info() pos: 10140 bytes read:287404 seeks:2 frames:4
Jul 06, 2022 13:01:30.906 [0x7fc92ef52808] DEBUG - [FFMPEG] - nal_unit_type: 7(SPS), nal_ref_idc: 3
Jul 06, 2022 13:01:30.906 [0x7fc92ef52808] DEBUG - [FFMPEG] - nal_unit_type: 8(PPS), nal_ref_idc: 3
Jul 06, 2022 13:01:30.906 [0x7fc92ef52808] DEBUG - [MI] Closing input file: "/tv/aws-certified-sysops-administrator-associate-training-2022/09 - Networking Amazon VPC/012 VPC Peering.mp4"
Jul 06, 2022 13:01:30.907 [0x7fc92ef52808] DEBUG - Scanner: found local sidecar subtitle "/tv/aws-certified-sysops-administrator-associate-training-2022/09 - Networking Amazon VPC/012 VPC Peering_en.srt"
Jul 06, 2022 13:01:30.907 [0x7fc92ef52808] DEBUG - [FFMPEG] - Opening '/tv/aws-certified-sysops-administrator-associate-training-2022/09 - Networking Amazon VPC/012 VPC Peering_en.srt' for reading
Jul 06, 2022 13:01:30.907 [0x7fc92ef52808] DEBUG - [FFMPEG] - Setting default whitelist 'file,crypto,data'
Jul 06, 2022 13:01:30.907 [0x7fc92ef52808] DEBUG - [FFMPEG] - Format srt probed with size=2048 and score=100
Jul 06, 2022 13:01:30.908 [0x7fc92ef52808] DEBUG - [MI] Opening input file: "/tv/aws-certified-sysops-administrator-associate-training-2022/09 - Networking Amazon VPC/013 Create VPC Peering Connection.mp4"
Jul 06, 2022 13:01:30.908 [0x7fc92ef52808] DEBUG - [FFMPEG] - Opening '/tv/aws-certified-sysops-administrator-associate-training-2022/09 - Networking Amazon VPC/013 Create VPC Peering Connection.mp4' for reading
Jul 06, 2022 13:01:30.908 [0x7fc92ef52808] DEBUG - [FFMPEG] - Setting default whitelist 'file,crypto,data'
Jul 06, 2022 13:01:30.909 [0x7fc92ef52808] DEBUG - [FFMPEG] - Format mov,mp4,m4a,3gp,3g2,mj2 probed with size=2048 and score=100
Jul 06, 2022 13:01:30.909 [0x7fc92ef52808] DEBUG - [FFMPEG] - ISO: File Type Major Brand: isom
Jul 06, 2022 13:01:30.909 [0x7fc92ef52808] DEBUG - [FFMPEG] - Unknown dref type 0x206c7275 size 12
Jul 06, 2022 13:01:30.911 [0x7fc92ef52808] DEBUG - [FFMPEG] - Processing st: 0, edit list 0 - media time: 2000, duration: 19334010
Jul 06, 2022 13:01:30.912 [0x7fc92ef52808] DEBUG - [FFMPEG] - Offset DTS by 2000 to make first pts zero.
Jul 06, 2022 13:01:30.912 [0x7fc92ef52808] DEBUG - [FFMPEG] - Setting codecpar->delay to 2 for stream st: 0
Jul 06, 2022 13:01:30.912 [0x7fc92ef52808] DEBUG - [FFMPEG] - Unknown dref type 0x206c7275 size 12
Jul 06, 2022 13:01:30.913 [0x7fc92ef52808] DEBUG - [FFMPEG] - Processing st: 1, edit list 0 - media time: 0, duration: 28426243
Jul 06, 2022 13:01:30.913 [0x7fc92ef52808] DEBUG - [FFMPEG] - Before avformat_find_stream_info() pos: 65984994 bytes read:560326 seeks:1 nb_streams:2
Jul 06, 2022 13:01:30.913 [0x7fc92ef52808] DEBUG - [FFMPEG] - nal_unit_type: 7(SPS), nal_ref_idc: 3
Jul 06, 2022 13:01:30.913 [0x7fc92ef52808] DEBUG - [FFMPEG] - nal_unit_type: 8(PPS), nal_ref_idc: 3
Jul 06, 2022 13:01:30.913 [0x7fc92ef52808] DEBUG - [FFMPEG] - nal_unit_type: 6(SEI), nal_ref_idc: 0
Jul 06, 2022 13:01:30.913 [0x7fc92ef52808] DEBUG - [FFMPEG] - nal_unit_type: 5(IDR), nal_ref_idc: 3
Jul 06, 2022 13:01:30.913 [0x7fc92ef52808] DEBUG - [FFMPEG] - Format yuv420p chosen by get_format().
Jul 06, 2022 13:01:30.914 [0x7fc92ef52808] DEBUG - [FFMPEG] - no picture 
Jul 06, 2022 13:01:30.919 [0x7fc92ef52808] DEBUG - [FFMPEG] - nal_unit_type: 1(Coded slice of a non-IDR picture), nal_ref_idc: 2
Jul 06, 2022 13:01:30.919 [0x7fc92ef52808] DEBUG - [FFMPEG] - no picture 
Jul 06, 2022 13:01:30.920 [0x7fc92ef52808] DEBUG - [FFMPEG] - nal_unit_type: 1(Coded slice of a non-IDR picture), nal_ref_idc: 2
Jul 06, 2022 13:01:30.922 [0x7fc92ef52808] DEBUG - [FFMPEG] - All info found
Jul 06, 2022 13:01:30.923 [0x7fc92ef52808] DEBUG - [FFMPEG] - After avformat_find_stream_info() pos: 39440 bytes read:631524 seeks:2 frames:4
Jul 06, 2022 13:01:30.923 [0x7fc92ef52808] DEBUG - [FFMPEG] - nal_unit_type: 7(SPS), nal_ref_idc: 3
Jul 06, 2022 13:01:30.923 [0x7fc92ef52808] DEBUG - [FFMPEG] - nal_unit_type: 8(PPS), nal_ref_idc: 3
Jul 06, 2022 13:01:30.923 [0x7fc92ef52808] DEBUG - [MI] Closing input file: "/tv/aws-certified-sysops-administrator-associate-training-2022/09 - Networking Amazon VPC/013 Create VPC Peering Connection.mp4"
Jul 06, 2022 13:01:30.923 [0x7fc92ef52808] DEBUG - Scanner: found local sidecar subtitle "/tv/aws-certified-sysops-administrator-associate-training-2022/09 - Networking Amazon VPC/013 Create VPC Peering Connection_en.srt"
Jul 06, 2022 13:01:30.923 [0x7fc92ef52808] DEBUG - [FFMPEG] - Opening '/tv/aws-certified-sysops-administrator-associate-training-2022/09 - Networking Amazon VPC/013 Create VPC Peering Connection_en.srt' for reading
Jul 06, 2022 13:01:30.923 [0x7fc92ef52808] DEBUG - [FFMPEG] - Setting default whitelist 'file,crypto,data'
Jul 06, 2022 13:01:30.923 [0x7fc92ef52808] DEBUG - [FFMPEG] - Format srt probed with size=2048 and score=100
Jul 06, 2022 13:01:30.925 [0x7fc92ef52808] DEBUG - [MI] Opening input file: "/tv/aws-certified-sysops-administrator-associate-training-2022/09 - Networking Amazon VPC/014 AWS VPN and Direct Connect.mp4"
Jul 06, 2022 13:01:30.925 [0x7fc92ef52808] DEBUG - [FFMPEG] - Opening '/tv/aws-certified-sysops-administrator-associate-training-2022/09 - Networking Amazon VPC/014 AWS VPN and Direct Connect.mp4' for reading
Jul 06, 2022 13:01:30.925 [0x7fc92ef52808] DEBUG - [FFMPEG] - Setting default whitelist 'file,crypto,data'
Jul 06, 2022 13:01:30.925 [0x7fc92ef52808] DEBUG - [FFMPEG] - Format mov,mp4,m4a,3gp,3g2,mj2 probed with size=2048 and score=100
Jul 06, 2022 13:01:30.925 [0x7fc92ef52808] DEBUG - [FFMPEG] - ISO: File Type Major Brand: isom
Jul 06, 2022 13:01:30.926 [0x7fc92ef52808] DEBUG - [FFMPEG] - Unknown dref type 0x206c7275 size 12
Jul 06, 2022 13:01:30.926 [0x7fc92ef52808] DEBUG - [FFMPEG] - Processing st: 0, edit list 0 - media time: 2000, duration: 8298000
Jul 06, 2022 13:01:30.927 [0x7fc92ef52808] DEBUG - [FFMPEG] - Offset DTS by 2000 to make first pts zero.
Jul 06, 2022 13:01:30.927 [0x7fc92ef52808] DEBUG - [FFMPEG] - Setting codecpar->delay to 2 for stream st: 0
Jul 06, 2022 13:01:30.927 [0x7fc92ef52808] DEBUG - [FFMPEG] - Unknown dref type 0x206c7275 size 12
Jul 06, 2022 13:01:30.927 [0x7fc92ef52808] DEBUG - [FFMPEG] - Processing st: 1, edit list 0 - media time: 0, duration: 12204058
Jul 06, 2022 13:01:30.927 [0x7fc92ef52808] DEBUG - [FFMPEG] - Before avformat_find_stream_info() pos: 26314967 bytes read:260375 seeks:1 nb_streams:2
Jul 06, 2022 13:01:30.927 [0x7fc92ef52808] DEBUG - [FFMPEG] - nal_unit_type: 7(SPS), nal_ref_idc: 3
Jul 06, 2022 13:01:30.927 [0x7fc92ef52808] DEBUG - [FFMPEG] - nal_unit_type: 8(PPS), nal_ref_idc: 3
Jul 06, 2022 13:01:30.928 [0x7fc92ef52808] DEBUG - [FFMPEG] - nal_unit_type: 6(SEI), nal_ref_idc: 0
Jul 06, 2022 13:01:30.928 [0x7fc92ef52808] DEBUG - [FFMPEG] - nal_unit_type: 5(IDR), nal_ref_idc: 3
Jul 06, 2022 13:01:30.928 [0x7fc92ef52808] DEBUG - [FFMPEG] - Format yuv420p chosen by get_format().
Jul 06, 2022 13:01:30.928 [0x7fc92ef52808] DEBUG - [FFMPEG] - no picture 
Jul 06, 2022 13:01:30.933 [0x7fc92ef52808] DEBUG - [FFMPEG] - nal_unit_type: 1(Coded slice of a non-IDR picture), nal_ref_idc: 2
Jul 06, 2022 13:01:30.933 [0x7fc92ef52808] DEBUG - [FFMPEG] - no picture 
Jul 06, 2022 13:01:30.934 [0x7fc92ef52808] DEBUG - [FFMPEG] - nal_unit_type: 1(Coded slice of a non-IDR picture), nal_ref_idc: 2
Jul 06, 2022 13:01:30.937 [0x7fc92ef52808] DEBUG - [FFMPEG] - All info found
Jul 06, 2022 13:01:30.937 [0x7fc92ef52808] DEBUG - [FFMPEG] - After avformat_find_stream_info() pos: 39440 bytes read:331573 seeks:2 frames:4
Jul 06, 2022 13:01:30.938 [0x7fc92ef52808] DEBUG - [FFMPEG] - nal_unit_type: 7(SPS), nal_ref_idc: 3
Jul 06, 2022 13:01:30.938 [0x7fc92ef52808] DEBUG - [FFMPEG] - nal_unit_type: 8(PPS), nal_ref_idc: 3
Jul 06, 2022 13:01:30.938 [0x7fc92ef52808] DEBUG - [MI] Closing input file: "/tv/aws-certified-sysops-administrator-associate-training-2022/09 - Networking Amazon VPC/014 AWS VPN and Direct Connect.mp4"
Jul 06, 2022 13:01:30.938 [0x7fc92ef52808] DEBUG - Scanner: found local sidecar subtitle "/tv/aws-certified-sysops-administrator-associate-training-2022/09 - Networking Amazon VPC/014 AWS VPN and Direct Connect_en.srt"
Jul 06, 2022 13:01:30.938 [0x7fc92ef52808] DEBUG - [FFMPEG] - Opening '/tv/aws-certified-sysops-administrator-associate-training-2022/09 - Networking Amazon VPC/014 AWS VPN and Direct Connect_en.srt' for reading
Jul 06, 2022 13:01:30.938 [0x7fc92ef52808] DEBUG - [FFMPEG] - Setting default whitelist 'file,crypto,data'
Jul 06, 2022 13:01:30.938 [0x7fc92ef52808] DEBUG - [FFMPEG] - Format srt probed with size=2048 and score=100
Jul 06, 2022 13:01:30.939 [0x7fc92ef52808] DEBUG - [MI] Opening input file: "/tv/aws-certified-sysops-administrator-associate-training-2022/09 - Networking Amazon VPC/015 VPC Flow Logs.mp4"
Jul 06, 2022 13:01:30.939 [0x7fc92ef52808] DEBUG - [FFMPEG] - Opening '/tv/aws-certified-sysops-administrator-associate-training-2022/09 - Networking Amazon VPC/015 VPC Flow Logs.mp4' for reading
Jul 06, 2022 13:01:30.939 [0x7fc92ef52808] DEBUG - [FFMPEG] - Setting default whitelist 'file,crypto,data'
Jul 06, 2022 13:01:30.939 [0x7fc92ef52808] DEBUG - [FFMPEG] - Format mov,mp4,m4a,3gp,3g2,mj2 probed with size=2048 and score=100
Jul 06, 2022 13:01:30.939 [0x7fc92ef52808] DEBUG - [FFMPEG] - ISO: File Type Major Brand: isom
Jul 06, 2022 13:01:30.939 [0x7fc92ef52808] DEBUG - [FFMPEG] - Unknown dref type 0x206c7275 size 12
Jul 06, 2022 13:01:30.940 [0x7fc92ef52808] DEBUG - [FFMPEG] - Processing st: 0, edit list 0 - media time: 2000, duration: 15687000
Jul 06, 2022 13:01:30.941 [0x7fc92ef52808] DEBUG - [FFMPEG] - Offset DTS by 2000 to make first pts zero.
Jul 06, 2022 13:01:30.941 [0x7fc92ef52808] DEBUG - [FFMPEG] - Setting codecpar->delay to 2 for stream st: 0
Jul 06, 2022 13:01:30.941 [0x7fc92ef52808] DEBUG - [FFMPEG] - Unknown dref type 0x206c7275 size 12
Jul 06, 2022 13:01:30.941 [0x7fc92ef52808] DEBUG - [FFMPEG] - Processing st: 1, edit list 0 - media time: 0, duration: 23064609
Jul 06, 2022 13:01:30.942 [0x7fc92ef52808] DEBUG - [FFMPEG] - Before avformat_find_stream_info() pos: 109472250 bytes read:459666 seeks:1 nb_streams:2
Jul 06, 2022 13:01:30.942 [0x7fc92ef52808] DEBUG - [FFMPEG] - nal_unit_type: 7(SPS), nal_ref_idc: 3
Jul 06, 2022 13:01:30.942 [0x7fc92ef52808] DEBUG - [FFMPEG] - nal_unit_type: 8(PPS), nal_ref_idc: 3
Jul 06, 2022 13:01:30.942 [0x7fc92ef52808] DEBUG - [FFMPEG] - nal_unit_type: 6(SEI), nal_ref_idc: 0
Jul 06, 2022 13:01:30.942 [0x7fc92ef52808] DEBUG - [FFMPEG] - nal_unit_type: 5(IDR), nal_ref_idc: 3
Jul 06, 2022 13:01:30.942 [0x7fc92ef52808] DEBUG - [FFMPEG] - Format yuv420p chosen by get_format().
Jul 06, 2022 13:01:30.942 [0x7fc92ef52808] DEBUG - [FFMPEG] - no picture 
Jul 06, 2022 13:01:30.949 [0x7fc92ef52808] DEBUG - [FFMPEG] - nal_unit_type: 1(Coded slice of a non-IDR picture), nal_ref_idc: 2
Jul 06, 2022 13:01:30.949 [0x7fc92ef52808] DEBUG - [FFMPEG] - no picture 
Jul 06, 2022 13:01:30.950 [0x7fc92ef52808] DEBUG - [FFMPEG] - nal_unit_type: 1(Coded slice of a non-IDR picture), nal_ref_idc: 2
Jul 06, 2022 13:01:30.952 [0x7fc92ef52808] DEBUG - [FFMPEG] - All info found
Jul 06, 2022 13:01:30.952 [0x7fc92ef52808] DEBUG - [FFMPEG] - After avformat_find_stream_info() pos: 80883 bytes read:572298 seeks:2 frames:4
Jul 06, 2022 13:01:30.952 [0x7fc92ef52808] DEBUG - [FFMPEG] - nal_unit_type: 7(SPS), nal_ref_idc: 3
Jul 06, 2022 13:01:30.952 [0x7fc92ef52808] DEBUG - [FFMPEG] - nal_unit_type: 8(PPS), nal_ref_idc: 3
Jul 06, 2022 13:01:30.952 [0x7fc92ef52808] DEBUG - [MI] Closing input file: "/tv/aws-certified-sysops-administrator-associate-training-2022/09 - Networking Amazon VPC/015 VPC Flow Logs.mp4"
Jul 06, 2022 13:01:30.952 [0x7fc92ef52808] DEBUG - Scanner: found local sidecar subtitle "/tv/aws-certified-sysops-administrator-associate-training-2022/09 - Networking Amazon VPC/015 VPC Flow Logs_en.srt"
Jul 06, 2022 13:01:30.952 [0x7fc92ef52808] DEBUG - [FFMPEG] - Opening '/tv/aws-certified-sysops-administrator-associate-training-2022/09 - Networking Amazon VPC/015 VPC Flow Logs_en.srt' for reading
Jul 06, 2022 13:01:30.952 [0x7fc92ef52808] DEBUG - [FFMPEG] - Setting default whitelist 'file,crypto,data'
Jul 06, 2022 13:01:30.953 [0x7fc92ef52808] DEBUG - [FFMPEG] - Format srt probed with size=2048 and score=100
Jul 06, 2022 13:01:30.954 [0x7fc92ef52808] DEBUG - [MI] Opening input file: "/tv/aws-certified-sysops-administrator-associate-training-2022/09 - Networking Amazon VPC/016 Use Amazon Athena to Query our Flow Logs.mp4"
Jul 06, 2022 13:01:30.954 [0x7fc92ef52808] DEBUG - [FFMPEG] - Opening '/tv/aws-certified-sysops-administrator-associate-training-2022/09 - Networking Amazon VPC/016 Use Amazon Athena to Query our Flow Logs.mp4' for reading
Jul 06, 2022 13:01:30.954 [0x7fc92ef52808] DEBUG - [FFMPEG] - Setting default whitelist 'file,crypto,data'
Jul 06, 2022 13:01:30.955 [0x7fc92ef52808] DEBUG - [FFMPEG] - Format mov,mp4,m4a,3gp,3g2,mj2 probed with size=2048 and score=100
Jul 06, 2022 13:01:30.955 [0x7fc92ef52808] DEBUG - [FFMPEG] - ISO: File Type Major Brand: isom
Jul 06, 2022 13:01:30.955 [0x7fc92ef52808] DEBUG - [FFMPEG] - Unknown dref type 0x206c7275 size 12
Jul 06, 2022 13:01:30.955 [0x7fc92ef52808] DEBUG - [FFMPEG] - Processing st: 0, edit list 0 - media time: 2000, duration: 11274000
Jul 06, 2022 13:01:30.956 [0x7fc92ef52808] DEBUG - [FFMPEG] - Offset DTS by 2000 to make first pts zero.
Jul 06, 2022 13:01:30.956 [0x7fc92ef52808] DEBUG - [FFMPEG] - Setting codecpar->delay to 2 for stream st: 0
Jul 06, 2022 13:01:30.956 [0x7fc92ef52808] DEBUG - [FFMPEG] - Unknown dref type 0x206c7275 size 12
Jul 06, 2022 13:01:30.956 [0x7fc92ef52808] DEBUG - [FFMPEG] - Processing st: 1, edit list 0 - media time: 0, duration: 16578601
Jul 06, 2022 13:01:30.956 [0x7fc92ef52808] DEBUG - [FFMPEG] - Before avformat_find_stream_info() pos: 76404305 bytes read:340785 seeks:1 nb_streams:2
Jul 06, 2022 13:01:30.956 [0x7fc92ef52808] DEBUG - [FFMPEG] - nal_unit_type: 7(SPS), nal_ref_idc: 3
Jul 06, 2022 13:01:30.956 [0x7fc92ef52808] DEBUG - [FFMPEG] - nal_unit_type: 8(PPS), nal_ref_idc: 3
Jul 06, 2022 13:01:30.957 [0x7fc92ef52808] DEBUG - [FFMPEG] - nal_unit_type: 6(SEI), nal_ref_idc: 0
Jul 06, 2022 13:01:30.957 [0x7fc92ef52808] DEBUG - [FFMPEG] - nal_unit_type: 5(IDR), nal_ref_idc: 3
Jul 06, 2022 13:01:30.957 [0x7fc92ef52808] DEBUG - [FFMPEG] - Format yuv420p chosen by get_format().
Jul 06, 2022 13:01:30.957 [0x7fc92ef52808] DEBUG - [FFMPEG] - no picture 
Jul 06, 2022 13:01:30.964 [0x7fc92ef52808] DEBUG - [FFMPEG] - nal_unit_type: 1(Coded slice of a non-IDR picture), nal_ref_idc: 2
Jul 06, 2022 13:01:30.964 [0x7fc92ef52808] DEBUG - [FFMPEG] - no picture 
Jul 06, 2022 13:01:30.965 [0x7fc92ef52808] DEBUG - [FFMPEG] - nal_unit_type: 1(Coded slice of a non-IDR picture), nal_ref_idc: 2
Jul 06, 2022 13:01:30.966 [0x7fc92ef52808] DEBUG - [FFMPEG] - All info found
Jul 06, 2022 13:01:30.967 [0x7fc92ef52808] DEBUG - [FFMPEG] - After avformat_find_stream_info() pos: 80883 bytes read:453417 seeks:2 frames:4
Jul 06, 2022 13:01:30.967 [0x7fc92ef52808] DEBUG - [FFMPEG] - nal_unit_type: 7(SPS), nal_ref_idc: 3
Jul 06, 2022 13:01:30.967 [0x7fc92ef52808] DEBUG - [FFMPEG] - nal_unit_type: 8(PPS), nal_ref_idc: 3
Jul 06, 2022 13:01:30.967 [0x7fc92ef52808] DEBUG - [MI] Closing input file: "/tv/aws-certified-sysops-administrator-associate-training-2022/09 - Networking Amazon VPC/016 Use Amazon Athena to Query our Flow Logs.mp4"
Jul 06, 2022 13:01:30.967 [0x7fc92ef52808] DEBUG - Scanner: found local sidecar subtitle "/tv/aws-certified-sysops-administrator-associate-training-2022/09 - Networking Amazon VPC/016 Use Amazon Athena to Query our Flow Logs_en.srt"
Jul 06, 2022 13:01:30.967 [0x7fc92ef52808] DEBUG - [FFMPEG] - Opening '/tv/aws-certified-sysops-administrator-associate-training-2022/09 - Networking Amazon VPC/016 Use Amazon Athena to Query our Flow Logs_en.srt' for reading
Jul 06, 2022 13:01:30.967 [0x7fc92ef52808] DEBUG - [FFMPEG] - Setting default whitelist 'file,crypto,data'
Jul 06, 2022 13:01:30.967 [0x7fc92ef52808] DEBUG - [FFMPEG] - Format srt probed with size=2048 and score=100
Jul 06, 2022 13:01:30.969 [0x7fc92ef52808] DEBUG - [MI] Opening input file: "/tv/aws-certified-sysops-administrator-associate-training-2022/09 - Networking Amazon VPC/017 Exam Scenarios for Amazon VPC.mp4"
Jul 06, 2022 13:01:30.969 [0x7fc92ef52808] DEBUG - [FFMPEG] - Opening '/tv/aws-certified-sysops-administrator-associate-training-2022/09 - Networking Amazon VPC/017 Exam Scenarios for Amazon VPC.mp4' for reading
Jul 06, 2022 13:01:30.969 [0x7fc92ef52808] DEBUG - [FFMPEG] - Setting default whitelist 'file,crypto,data'
Jul 06, 2022 13:01:30.969 [0x7fc92ef52808] DEBUG - [FFMPEG] - Format mov,mp4,m4a,3gp,3g2,mj2 probed with size=2048 and score=100
Jul 06, 2022 13:01:30.969 [0x7fc92ef52808] DEBUG - [FFMPEG] - ISO: File Type Major Brand: isom
Jul 06, 2022 13:01:30.969 [0x7fc92ef52808] DEBUG - [FFMPEG] - Unknown dref type 0x206c7275 size 12
Jul 06, 2022 13:01:30.970 [0x7fc92ef52808] DEBUG - [FFMPEG] - Processing st: 0, edit list 0 - media time: 2000, duration: 10903020
Jul 06, 2022 13:01:30.970 [0x7fc92ef52808] DEBUG - [FFMPEG] - Offset DTS by 2000 to make first pts zero.
Jul 06, 2022 13:01:30.970 [0x7fc92ef52808] DEBUG - [FFMPEG] - Setting codecpar->delay to 2 for stream st: 0
Jul 06, 2022 13:01:30.970 [0x7fc92ef52808] DEBUG - [FFMPEG] - Unknown dref type 0x206c7275 size 12
Jul 06, 2022 13:01:30.971 [0x7fc92ef52808] DEBUG - [FFMPEG] - Processing st: 1, edit list 0 - media time: 0, duration: 16033834
Jul 06, 2022 13:01:30.971 [0x7fc92ef52808] DEBUG - [FFMPEG] - Before avformat_find_stream_info() pos: 18886007 bytes read:331030 seeks:1 nb_streams:2
Jul 06, 2022 13:01:30.971 [0x7fc92ef52808] DEBUG - [FFMPEG] - nal_unit_type: 7(SPS), nal_ref_idc: 3
Jul 06, 2022 13:01:30.971 [0x7fc92ef52808] DEBUG - [FFMPEG] - nal_unit_type: 8(PPS), nal_ref_idc: 3
Jul 06, 2022 13:01:30.971 [0x7fc92ef52808] DEBUG - [FFMPEG] - nal_unit_type: 6(SEI), nal_ref_idc: 0
Jul 06, 2022 13:01:30.971 [0x7fc92ef52808] DEBUG - [FFMPEG] - nal_unit_type: 5(IDR), nal_ref_idc: 3
Jul 06, 2022 13:01:30.971 [0x7fc92ef52808] DEBUG - [FFMPEG] - Format yuv420p chosen by get_format().
Jul 06, 2022 13:01:30.972 [0x7fc92ef52808] DEBUG - [FFMPEG] - no picture 
Jul 06, 2022 13:01:30.974 [0x7fc92ef52808] DEBUG - [FFMPEG] - nal_unit_type: 1(Coded slice of a non-IDR picture), nal_ref_idc: 2
Jul 06, 2022 13:01:30.975 [0x7fc92ef52808] DEBUG - [FFMPEG] - no picture 
Jul 06, 2022 13:01:30.975 [0x7fc92ef52808] DEBUG - [FFMPEG] - nal_unit_type: 1(Coded slice of a non-IDR picture), nal_ref_idc: 2
Jul 06, 2022 13:01:30.977 [0x7fc92ef52808] DEBUG - [FFMPEG] - All info found
Jul 06, 2022 13:01:30.977 [0x7fc92ef52808] DEBUG - [FFMPEG] - After avformat_find_stream_info() pos: 14393 bytes read:363798 seeks:2 frames:4
Jul 06, 2022 13:01:30.977 [0x7fc92ef52808] DEBUG - [FFMPEG] - nal_unit_type: 7(SPS), nal_ref_idc: 3
Jul 06, 2022 13:01:30.977 [0x7fc92ef52808] DEBUG - [FFMPEG] - nal_unit_type: 8(PPS), nal_ref_idc: 3
Jul 06, 2022 13:01:30.977 [0x7fc92ef52808] DEBUG - [MI] Closing input file: "/tv/aws-certified-sysops-administrator-associate-training-2022/09 - Networking Amazon VPC/017 Exam Scenarios for Amazon VPC.mp4"
Jul 06, 2022 13:01:30.977 [0x7fc92ef52808] DEBUG - Scanner: found local sidecar subtitle "/tv/aws-certified-sysops-administrator-associate-training-2022/09 - Networking Amazon VPC/017 Exam Scenarios for Amazon VPC_en.srt"
Jul 06, 2022 13:01:30.977 [0x7fc92ef52808] DEBUG - [FFMPEG] - Opening '/tv/aws-certified-sysops-administrator-associate-training-2022/09 - Networking Amazon VPC/017 Exam Scenarios for Amazon VPC_en.srt' for reading
Jul 06, 2022 13:01:30.977 [0x7fc92ef52808] DEBUG - [FFMPEG] - Setting default whitelist 'file,crypto,data'
Jul 06, 2022 13:01:30.978 [0x7fc92ef52808] DEBUG - [FFMPEG] - Format srt probed with size=2048 and score=100
