May 30, 2022 16:14:41.714 [0x7f5e44257b38] INFO - Plex Media Scanner v1.26.2.5797-5bd057d2b - Docker Docker Container (LinuxServer.io) x86_64 - build: linux-x86_64 - GMT 02:00
May 30, 2022 16:14:41.714 [0x7f5e44257b38] INFO - Linux version: 5.15.41-1-MANJARO, language: en-US
May 30, 2022 16:14:41.714 [0x7f5e44257b38] INFO - Processor: 12-core AMD Ryzen 5 3600 6-Core Processor              
May 30, 2022 16:14:41.714 [0x7f5e44257b38] INFO - /usr/lib/plexmediaserver/Plex Media Scanner --analyze --log-file-suffix  Analysis --no-thumbs --item 759
May 30, 2022 16:14:41.715 [0x7f5e4726c808] DEBUG - Opening 20 database sessions to library (com.plexapp.plugins.library), SQLite 3.35.5, threadsafe=1
May 30, 2022 16:14:41.774 [0x7f5e4726c808] DEBUG - Analyzing media parts for item 759 (War Dogs): 2020
May 30, 2022 16:14:41.775 [0x7f5e4726c808] DEBUG - Downloading document http://127.0.0.1:32400/library/changestamp
May 30, 2022 16:14:41.775 [0x7f5e4726c808] DEBUG - HTTP requesting GET http://127.0.0.1:32400/library/changestamp
May 30, 2022 16:14:41.776 [0x7f5e4337eb38] DEBUG - [HttpClient] HTTP/1.1 (0.0s) 200 response from GET http://127.0.0.1:32400/library/changestamp
May 30, 2022 16:14:41.776 [0x7f5e4726c808] DEBUG - Updating metadata item (save) (War Dogs) with ID 759
May 30, 2022 16:14:41.878 [0x7f5e4726c808] DEBUG - [ID 2022] Media part analysis: /movies/War Dogs (2016) [1080p] [YTS.AG]/War.Dogs.2016.1080p.BluRay.x264-[YTS.AG].mp4
May 30, 2022 16:14:41.878 [0x7f5e4726c808] DEBUG - [MI] Opening input file: "/movies/War Dogs (2016) [1080p] [YTS.AG]/War.Dogs.2016.1080p.BluRay.x264-[YTS.AG].mp4"
May 30, 2022 16:14:41.878 [0x7f5e4726c808] DEBUG - [FFMPEG] - Opening '/movies/War Dogs (2016) [1080p] [YTS.AG]/War.Dogs.2016.1080p.BluRay.x264-[YTS.AG].mp4' for reading
May 30, 2022 16:14:41.878 [0x7f5e4726c808] DEBUG - [FFMPEG] - Setting default whitelist 'file,crypto,data'
May 30, 2022 16:14:41.878 [0x7f5e4726c808] DEBUG - [FFMPEG] - Format mov,mp4,m4a,3gp,3g2,mj2 probed with size=2048 and score=100
May 30, 2022 16:14:41.878 [0x7f5e4726c808] DEBUG - [FFMPEG] - ISO: File Type Major Brand: isom
May 30, 2022 16:14:41.878 [0x7f5e4726c808] DEBUG - [FFMPEG] - Unknown dref type 0x206c7275 size 12
May 30, 2022 16:14:41.891 [0x7f5e4726c808] DEBUG - [FFMPEG] - Processing st: 0, edit list 0 - media time: 1166, duration: 95789235
May 30, 2022 16:14:41.895 [0x7f5e4726c808] DEBUG - [FFMPEG] - Offset DTS by 1166 to make first pts zero.
May 30, 2022 16:14:41.897 [0x7f5e4726c808] DEBUG - [FFMPEG] - Setting codecpar->delay to 2 for stream st: 0
May 30, 2022 16:14:41.897 [0x7f5e4726c808] DEBUG - [FFMPEG] - Unknown dref type 0x206c7275 size 12
May 30, 2022 16:14:41.908 [0x7f5e4726c808] DEBUG - [FFMPEG] - Processing st: 1, edit list 0 - media time: 2048, duration: 328939008
May 30, 2022 16:14:41.909 [0x7f5e4726c808] DEBUG - [FFMPEG] - drop a frame at curr_cts: 0 @ 0
May 30, 2022 16:14:41.909 [0x7f5e4726c808] DEBUG - [FFMPEG] - drop a frame at curr_cts: 1024 @ 1
May 30, 2022 16:14:41.914 [0x7f5e4726c808] DEBUG - [FFMPEG] - Before avformat_find_stream_info() pos: 5939718 bytes read:5970500 seeks:0 nb_streams:2
May 30, 2022 16:14:41.914 [0x7f5e4726c808] DEBUG - [FFMPEG] - nal_unit_type: 7(SPS), nal_ref_idc: 3
May 30, 2022 16:14:41.914 [0x7f5e4726c808] DEBUG - [FFMPEG] - nal_unit_type: 8(PPS), nal_ref_idc: 3
May 30, 2022 16:14:41.915 [0x7f5e4726c808] DEBUG - [FFMPEG] - nal_unit_type: 6(SEI), nal_ref_idc: 0
May 30, 2022 16:14:41.915 [0x7f5e4726c808] DEBUG - [FFMPEG] - nal_unit_type: 5(IDR), nal_ref_idc: 3
May 30, 2022 16:14:41.915 [0x7f5e4726c808] DEBUG - [FFMPEG] - Format yuv420p chosen by get_format().
May 30, 2022 16:14:41.916 [0x7f5e4726c808] DEBUG - [FFMPEG] - no picture 
May 30, 2022 16:14:41.917 [0x7f5e4726c808] DEBUG - [FFMPEG] - demuxer injecting skip 2048 / discard 0
May 30, 2022 16:14:41.917 [0x7f5e4726c808] DEBUG - [FFMPEG] - All info found
May 30, 2022 16:14:41.917 [0x7f5e4726c808] DEBUG - [FFMPEG] - After avformat_find_stream_info() pos: 5940835 bytes read:5970500 seeks:0 frames:2
May 30, 2022 16:14:41.917 [0x7f5e4726c808] DEBUG - [MI] Opening "/movies/War Dogs (2016) [1080p] [YTS.AG]/War.Dogs.2016.1080p.BluRay.x264-[YTS.AG].mp4" for MP4 atom parsing
May 30, 2022 16:14:41.917 [0x7f5e4726c808] DEBUG - Mp4AtomParser: Skipping ftyp atom of size 32 at offset 0
May 30, 2022 16:14:41.917 [0x7f5e4726c808] DEBUG - Mp4AtomParser: Found moov atom of size 5939670 at offset 32
May 30, 2022 16:14:41.919 [0x7f5e4726c808] DEBUG - Mp4AtomParser: Found trak atom of size 2566328 at offset 148
May 30, 2022 16:14:41.919 [0x7f5e4726c808] DEBUG - Mp4AtomParser: Found trak atom of size 3373128 at offset 2566476
May 30, 2022 16:14:41.919 [0x7f5e4726c808] DEBUG - Mp4AtomParser: Found mdia atom of size 2566192 at offset 284
May 30, 2022 16:14:41.919 [0x7f5e4726c808] DEBUG - Mp4AtomParser: Found minf atom of size 2566107 at offset 369
May 30, 2022 16:14:41.919 [0x7f5e4726c808] DEBUG - Mp4AtomParser: Found stbl atom of size 2566043 at offset 433
May 30, 2022 16:14:41.919 [0x7f5e4726c808] DEBUG - Mp4AtomParser: Found mdia atom of size 3372992 at offset 2566612
May 30, 2022 16:14:41.919 [0x7f5e4726c808] DEBUG - Mp4AtomParser: Found minf atom of size 3372907 at offset 2566697
May 30, 2022 16:14:41.919 [0x7f5e4726c808] DEBUG - Mp4AtomParser: Found stbl atom of size 3372847 at offset 2566757
May 30, 2022 16:14:41.919 [0x7f5e4726c808] DEBUG - [MI]  * bc7e6d107d66b192a2c678b1caccea8f734ef6c8 [mp4 h264/aac] Duration: 6852939ms, 1920x800 (2.400000) 23.976fps, bitrate=2175kbps, audio channels=2, optimizedForStreaming=1 ("/movies/War Dogs (2016) [1080p] [YTS.AG]/War.Dogs.2016.1080p.BluRay.x264-[YTS.AG].mp4")
May 30, 2022 16:14:41.919 [0x7f5e4726c808] DEBUG - [MI] Chapters had generic titles, clearing.
May 30, 2022 16:14:41.919 [0x7f5e4726c808] DEBUG - [MI] Closing input file: "/movies/War Dogs (2016) [1080p] [YTS.AG]/War.Dogs.2016.1080p.BluRay.x264-[YTS.AG].mp4"
May 30, 2022 16:14:41.930 [0x7f5e4726c808] DEBUG - Committing media stream changes for part 2022
May 30, 2022 16:14:41.931 [0x7f5e4726c808] DEBUG - Updating media item 2020, size=1863816321, metadata_item_id=759
May 30, 2022 16:14:41.931 [0x7f5e4726c808] DEBUG - Updating part with ID=2022 [/movies/War Dogs (2016) [1080p] [YTS.AG]/War.Dogs.2016.1080p.BluRay.x264-[YTS.AG].mp4]
May 30, 2022 16:14:41.931 [0x7f5e432dbb38] DEBUG - HTTP requesting GET http://127.0.0.1:32400/:/metadata/notify/changeItemState?librarySectionID=1&metadataItemID=759&metadataType=1&state=-1&parentID=-1&rootID=-1&mediaState=analyzing
May 30, 2022 16:14:41.932 [0x7f5e4337eb38] DEBUG - [HttpClient] HTTP/1.1 (0.0s) 200 response from GET http://127.0.0.1:32400/:/metadata/notify/changeItemState?librarySectionID=1&metadataItemID=759&metadataType=1&state=-1&parentID=-1&rootID=-1&mediaState=analyzing (reused)
May 30, 2022 16:14:41.932 [0x7f5e432dbb38] DEBUG - HTTP requesting GET http://127.0.0.1:32400/:/metadata/notify/changeItemState?librarySectionID=1&metadataItemID=759&metadataType=1&state=-1&parentID=-1&rootID=-1&mediaState=idle
May 30, 2022 16:14:41.932 [0x7f5e4337eb38] DEBUG - [HttpClient] HTTP/1.1 (0.0s) 200 response from GET http://127.0.0.1:32400/:/metadata/notify/changeItemState?librarySectionID=1&metadataItemID=759&metadataType=1&state=-1&parentID=-1&rootID=-1&mediaState=idle (reused)
May 30, 2022 16:14:41.932 [0x7f5e4726c808] DEBUG - Downloading document http://127.0.0.1:32400/library/changestamp
May 30, 2022 16:14:41.932 [0x7f5e4726c808] DEBUG - HTTP requesting GET http://127.0.0.1:32400/library/changestamp
May 30, 2022 16:14:41.933 [0x7f5e4337eb38] DEBUG - [HttpClient] HTTP/1.1 (0.0s) 200 response from GET http://127.0.0.1:32400/library/changestamp (reused)
May 30, 2022 16:14:41.933 [0x7f5e4726c808] DEBUG - Updating metadata item (save) (War Dogs) with ID 759
