2022-07-06 12:56:49,033 (7fa003cd6808) :  INFO (core:349) - Starting framework core - Version: 2.6.3, Build: 5bd057d (Tue May 10 07:53:41 UTC 2022)
2022-07-06 12:56:49,034 (7fa003cd6808) :  DEBUG (core:361) - Using the elevated policy
2022-07-06 12:56:49,034 (7fa003cd6808) :  DEBUG (core:365) - Extending whitelist: ['cgi', 'tempfile']
2022-07-06 12:56:49,034 (7fa003cd6808) :  DEBUG (core:450) - Starting runtime component.
2022-07-06 12:56:49,035 (7fa003cd6808) :  DEBUG (core:450) - Starting caching component.
2022-07-06 12:56:49,035 (7fa003cd6808) :  DEBUG (core:450) - Starting data component.
2022-07-06 12:56:49,036 (7fa003cd6808) :  DEBUG (core:450) - Starting networking component.
2022-07-06 12:56:49,036 (7fa003cd6808) :  DEBUG (networking:261) - Loaded HTTP cookies
2022-07-06 12:56:49,036 (7fa003cd6808) :  DEBUG (networking:428) - Setting the default network timeout to 20.0
2022-07-06 12:56:49,036 (7fa003cd6808) :  DEBUG (core:450) - Starting localization component.
2022-07-06 12:56:49,036 (7fa003cd6808) :  INFO (localization:409) - Setting the default locale to en-us
2022-07-06 12:56:49,037 (7fa003cd6808) :  WARNING (data:179) - Error decoding with simplejson, using demjson instead (this will cause a performance hit) - Expecting property name enclosed in double quotes: line 26 column 1 (char 1078)
2022-07-06 12:56:49,038 (7fa003cd6808) :  DEBUG (localization:427) - Loaded en strings
2022-07-06 12:56:49,038 (7fa003cd6808) :  DEBUG (core:450) - Starting messaging component.
2022-07-06 12:56:49,039 (7fa003cd6808) :  DEBUG (core:450) - Starting debugging component.
2022-07-06 12:56:49,039 (7fa003cd6808) :  DEBUG (core:450) - Starting services component.
2022-07-06 12:56:49,039 (7fa003cd6808) :  DEBUG (core:450) - Starting myplex component.
2022-07-06 12:56:49,039 (7fa003cd6808) :  DEBUG (core:450) - Starting notifications component.
2022-07-06 12:56:49,128 (7fa003cd6808) :  DEBUG (accessor:68) - Creating a new model access point for provider com.plexapp.system in namespace 'metadata'
2022-07-06 12:56:49,135 (7fa003cd6808) :  DEBUG (runtime:1117) - Created a thread named 'load_all_services'
2022-07-06 12:56:49,135 (7fa000944b38) :  DEBUG (services:265) - Plug-in is not daemonized - loading services from system
2022-07-06 12:56:49,136 (7fa003cd6808) :  DEBUG (runtime:1117) - Created a thread named 'get_server_info'
2022-07-06 12:56:49,136 (7fa000944b38) :  DEBUG (networking:143) - Requesting 'http://127.0.0.1:32400/:/plugins/com.plexapp.system/messaging/function/X0J1bmRsZVNlcnZpY2U6QWxsU2VydmljZXM_/Y2VyZWFsMQoxCmxpc3QKMApyMAo_/Y2VyZWFsMQoxCmRpY3QKMApyMAo_'
2022-07-06 12:56:49,136 (7fa003cd6808) :  DEBUG (core:150) - Finished starting framework core
2022-07-06 12:56:49,136 (7fa0008feb38) :  DEBUG (networking:143) - Requesting 'http://127.0.0.1:32400'
2022-07-06 12:56:49,137 (7fa003cd6808) :  DEBUG (core:560) - Loading plug-in code
2022-07-06 12:56:49,149 (7fa003cd6808) :  DEBUG (core:566) - Finished loading plug-in code
2022-07-06 12:56:49,150 (7fa003cd6808) :  DEBUG (runtime:640) - Adding a prefix handler for 'System' ('/system')
2022-07-06 12:56:49,619 (7fa003cd6808) :  INFO (__init__:35) - Starting System 5bd057d (Tue May 10 07:53:41 UTC 2022)
2022-07-06 12:56:49,619 (7fa003cd6808) :  DEBUG (runtime:640) - Adding a prefix handler for 'Player' ('/player')
2022-07-06 12:56:49,623 (7fa003cd6808) :  INFO (datakit:93) - Loaded the dictionary file
2022-07-06 12:56:49,624 (7fa003cd6808) :  DEBUG (agentservice:52) - Starting the agent service
2022-07-06 12:56:49,707 (7fa003cd6808) :  DEBUG (accessor:68) - Creating a new model access point for provider com.plexapp.system in namespace 'metadata'
2022-07-06 12:56:49,711 (7fa003cd6808) :  DEBUG (bundleservice:65) - Starting the bundle service
2022-07-06 12:56:49,712 (7fa003cd6808) :  DEBUG (runtime:1117) - Created a thread named 'start'
2022-07-06 12:56:49,712 (7fa003cd6808) :  DEBUG (playerservice:12) - Starting the player service
2022-07-06 12:56:49,712 (7fa003cd6808) :  DEBUG (flagservice:13) - Starting the media flag service
2022-07-06 12:56:49,712 (7fa003cd6808) :  DEBUG (runtime:1117) - Created a thread named 'start'
2022-07-06 12:56:49,712 (7fa003cd6808) :  DEBUG (peerservice:141) - Starting the peer service
2022-07-06 12:56:49,713 (7fa0006ccb38) :  DEBUG (peerservice:164) - Fetching the current list of servers
2022-07-06 12:56:49,713 (7fa003cd6808) :  DEBUG (runtime:1117) - Created a thread named 'refresh_servers'
2022-07-06 12:56:49,714 (7fa0006ccb38) :  DEBUG (networking:143) - Requesting 'http://127.0.0.1:32400/servers'
2022-07-06 12:56:49,714 (7fa000712b38) :  DEBUG (runtime:1117) - Created a thread named 'ensure_agent_info_exists_inner'
2022-07-06 12:56:49,715 (7fa003cd6808) :  DEBUG (runtime:1150) - Scheduled a timed thread named 'refresh_servers'
2022-07-06 12:56:49,715 (7fa003cd6808) :  DEBUG (streamservice:18) - Starting the stream service
2022-07-06 12:56:49,715 (7fa003cd6808) :  CRITICAL (runtime:709) - Private handlers are no longer supported; couldn't register <bound method StreamService.token_handler of <streamservice.StreamService object at 0x7fa000217d50>>
2022-07-06 12:56:49,716 (7fa003cd6808) :  DEBUG (runtime:1150) - Scheduled a timed thread named 'invalidation_timer'
2022-07-06 12:56:49,716 (7fa003cd6808) :  DEBUG (proxyservice:12) - Starting the proxy service
2022-07-06 12:56:49,717 (7fa000712b38) :  DEBUG (runtime:1117) - Created a thread named 'ensure_agent_info_exists_inner'
2022-07-06 12:56:49,718 (7fa003cd6808) :  DEBUG (runtime:1117) - Created a thread named 'update_attribution_flags_inner'
2022-07-06 12:56:49,718 (7fa003cd6808) :  INFO (core:611) - Started plug-in
2022-07-06 12:56:49,718 (7fa003cd6808) :  DEBUG (socketinterface:160) - Starting socket server
2022-07-06 12:56:49,719 (7fa000712b38) :  DEBUG (runtime:1117) - Created a thread named 'ensure_agent_info_exists_inner'
2022-07-06 12:56:49,719 (7fa003cd6808) :  DEBUG (runtime:1117) - Created a thread named 'start'
2022-07-06 12:56:49,719 (7fa003cd6808) :  INFO (socketinterface:184) - Socket server started on port 40717
2022-07-06 12:56:49,719 (7fa003cd6808) :  INFO (pipeinterface:25) - Entering run loop
2022-07-06 12:56:49,720 (7fa000712b38) :  DEBUG (runtime:1117) - Created a thread named 'ensure_agent_info_exists_inner'
2022-07-06 12:56:49,720 (7fa003cd6808) :  DEBUG (runtime:717) - Handling request GET /:/prefixes
2022-07-06 12:56:49,721 (7fa003cd6808) :  DEBUG (runtime:814) - Found route matching /:/prefixes
2022-07-06 12:56:49,722 (7fa003cd6808) :  DEBUG (runtime:924) - Response: [200] MediaContainer, 486 bytes
2022-07-06 12:56:49,722 (7fa000712b38) :  DEBUG (runtime:1117) - Created a thread named 'ensure_agent_info_exists_inner'
2022-07-06 12:56:49,723 (7f9ffff6ab38) :  DEBUG (runtime:717) - Handling request GET /system/agents
2022-07-06 12:56:49,733 (7f9ffff6ab38) :  DEBUG (runtime:814) - Found route matching /system/agents
2022-07-06 12:56:49,735 (7fa000712b38) :  DEBUG (runtime:1117) - Created a thread named 'ensure_agent_info_exists_inner'
2022-07-06 12:56:49,735 (7fa0006ccb38) :  DEBUG (peerservice:171) - Refreshing local server
2022-07-06 12:56:49,736 (7fa0006ccb38) :  DEBUG (peerservice:189) - Updating servers (True/False True/True/True)
2022-07-06 12:56:49,736 (7f9fffcb1b38) :  DEBUG (runtime:717) - Handling request GET /:/plugins/com.plexapp.system/messaging/function/X0J1bmRsZVNlcnZpY2U6QWxsU2VydmljZXM_/Y2VyZWFsMQoxCmxpc3QKMApyMAo_/Y2VyZWFsMQoxCmRpY3QKMApyMAo_
2022-07-06 12:56:49,736 (7fa0006ccb38) :  DEBUG (peerservice:198) - Found 1 servers
2022-07-06 12:56:49,736 (7fa0008feb38) :  DEBUG (core:538) - Machine identifier is 49f45d42664ad9ae00597f0d1be30e76fc04d386
2022-07-06 12:56:49,737 (7fa0006ccb38) :  DEBUG (peerservice:230) - Creating new server b5a444e70ba0 (49f45d42664ad9ae00597f0d1be30e76fc04d386)
2022-07-06 12:56:49,738 (7fa0008feb38) :  DEBUG (core:539) - Server version is 1.26.2.5797-5bd057d2b
2022-07-06 12:56:49,740 (7fa0006ccb38) :  DEBUG (networking:143) - Requesting 'http://127.0.0.1:32400/library/sections'
2022-07-06 12:56:49,748 (7f9fffcb1b38) :  DEBUG (runtime:814) - Found route matching /:/plugins/com.plexapp.system/messaging/function/X0J1bmRsZVNlcnZpY2U6QWxsU2VydmljZXM_/Y2VyZWFsMQoxCmxpc3QKMApyMAo_/Y2VyZWFsMQoxCmRpY3QKMApyMAo_
2022-07-06 12:56:49,748 (7fa000712b38) :  DEBUG (runtime:1117) - Created a thread named 'ensure_agent_info_exists_inner'
2022-07-06 12:56:49,749 (7fa0006ccb38) :  DEBUG (networking:143) - Requesting 'http://127.0.0.1:32400/channels/all'
2022-07-06 12:56:49,750 (7fa000712b38) :  DEBUG (runtime:1117) - Created a thread named 'ensure_agent_info_exists_inner'
2022-07-06 12:56:49,750 (7fa0006ccb38) :  DEBUG (runtime:1117) - Created a thread named 'background_refresh'
2022-07-06 12:56:49,750 (7f9fffcd4b38) :  DEBUG (peerservice:176) - Background-refreshing remote servers
2022-07-06 12:56:49,751 (7f9fffcd4b38) :  DEBUG (peerservice:189) - Updating servers (True/False True/True/True)
2022-07-06 12:56:49,751 (7f9fffcd4b38) :  DEBUG (peerservice:198) - Found 1 servers
2022-07-06 12:56:49,751 (7f9fffcd4b38) :  DEBUG (peerservice:233) - Updating existing server b5a444e70ba0 (49f45d42664ad9ae00597f0d1be30e76fc04d386)
2022-07-06 12:56:49,751 (7f9fffcd4b38) :  DEBUG (networking:143) - Requesting 'http://127.0.0.1:32400/library/sections'
2022-07-06 12:56:49,752 (7fa000712b38) :  DEBUG (runtime:1117) - Created a thread named 'ensure_agent_info_exists_inner'
2022-07-06 12:56:49,753 (7f9fffcd4b38) :  DEBUG (networking:143) - Requesting 'http://127.0.0.1:32400/channels/all'
2022-07-06 12:56:49,754 (7fa000712b38) :  INFO (bundleservice:131) - Found duplicate identifier at /usr/lib/plexmediaserver/Resources/Plug-ins-5bd057d2b/WebClient.bundle for bundled plugin (com.plexapp.plugins.webclient), ignoring duplicate plugin.
2022-07-06 12:56:49,755 (7fa000712b38) :  DEBUG (runtime:1117) - Created a thread named 'ensure_agent_info_exists_inner'
2022-07-06 12:56:49,755 (7fa000712b38) :  DEBUG (runtime:1117) - Created a thread named 'ensure_agent_info_exists_inner'
2022-07-06 12:56:49,756 (7fa000712b38) :  DEBUG (runtime:1117) - Created a thread named 'ensure_agent_info_exists_inner'
2022-07-06 12:56:49,756 (7fa000712b38) :  INFO (bundleservice:131) - Found duplicate identifier at /usr/lib/plexmediaserver/Resources/Plug-ins-5bd057d2b/TheTVDBv4.bundle for bundled plugin (com.plexapp.agents.thetvdb), ignoring duplicate plugin.
2022-07-06 12:56:49,757 (7fa000712b38) :  DEBUG (runtime:1117) - Created a thread named 'ensure_agent_info_exists_inner'
2022-07-06 12:56:49,757 (7fa000712b38) :  DEBUG (runtime:1117) - Created a thread named 'ensure_agent_info_exists_inner'
2022-07-06 12:56:49,758 (7fa000712b38) :  DEBUG (runtime:1117) - Created a thread named 'ensure_agent_info_exists_inner'
2022-07-06 12:56:49,759 (7fa000712b38) :  DEBUG (runtime:1117) - Created a thread named 'ensure_agent_info_exists_inner'
2022-07-06 12:56:49,759 (7fa000712b38) :  DEBUG (runtime:1117) - Created a thread named 'ensure_agent_info_exists_inner'
2022-07-06 12:56:49,760 (7fa000712b38) :  DEBUG (runtime:1117) - Created a thread named 'remove_unavailable_agents'
2022-07-06 12:56:49,760 (7fa000712b38) :  DEBUG (bundleservice:81) - Started the bundle service
2022-07-06 12:56:49,761 (7f9fffcb1b38) :  DEBUG (runtime:88) - Sending packed state data (99 bytes)
2022-07-06 12:56:49,763 (7fa0006efb38) :  DEBUG (flagservice:46) - Started the media flag service
2022-07-06 12:56:49,763 (7f9fffcb1b38) :  DEBUG (runtime:924) - Response: [200] str, 516 bytes
2022-07-06 12:56:49,765 (7fa000944b38) :  DEBUG (services:362) - Loaded services
2022-07-06 12:56:49,768 (7fa000921b38) :  DEBUG (services:438) - No shared code to load
2022-07-06 12:56:49,769 (7f9ffff6ab38) :  DEBUG (runtime:1117) - Created a thread named 'ensure_agent_info_exists_inner'
2022-07-06 12:56:49,777 (7f9ffff6ab38) :  DEBUG (runtime:924) - Response: [200] MediaContainer, 11288 bytes
2022-07-06 12:56:49,779 (7fa0006ccb38) :  DEBUG (runtime:1117) - Created a thread named 'ensure_agent_info_exists_inner'
2022-07-06 12:56:49,779 (7fa00001bb38) :  INFO (agentservice:129) - Agent info: {'com.plexapp.agents.fanarttv': [{'media_types': ['Movie'], 'accepts_from': None, 'fallback_agent': None, 'contributes_to': ['com.plexapp.agents.imdb', 'com.plexapp.agents.themoviedb'], 'has_attribution': True, 'languages': ['xn'], 'persist_stored_files': True, 'version': 0, 'primary_provider': False, 'prefs': True, 'name': 'Fanart.tv'}, {'media_types': ['TV_Show'], 'accepts_from': None, 'fallback_agent': None, 'contributes_to': ['com.plexapp.agents.thetvdb', 'com.plexapp.agents.themoviedb'], 'has_attribution': True, 'languages': ['xn'], 'persist_stored_files': True, 'version': 0, 'primary_provider': False, 'prefs': True, 'name': 'Fanart.tv'}, {'media_types': ['Artist'], 'accepts_from': None, 'fallback_agent': None, 'contributes_to': ['com.plexapp.agents.lastfm'], 'has_attribution': True, 'languages': ['xn'], 'persist_stored_files': True, 'version': 0, 'primary_provider': False, 'prefs': True, 'name': 'Fanart.tv'}, {'media_types': ['Album'], 'accepts_from': None, 'fallback_agent': None, 'contributes_to': ['com.plexapp.agents.lastfm'], 'has_attribution': True, 'languages': ['xn'], 'persist_stored_files': True, 'version': 0, 'primary_provider': False, 'prefs': True, 'name': 'Fanart.tv'}], 'com.plexapp.agents.none': [{'media_types': ['Movie'], 'accepts_from': None, 'fallback_agent': None, 'contributes_to': None, 'has_attribution': False, 'languages': ['xn'], 'persist_stored_files': True, 'version': 0, 'primary_provider': True, 'prefs': False, 'name': 'Personal Media'}, {'media_types': ['TV_Show'], 'accepts_from': None, 'fallback_agent': None, 'contributes_to': None, 'has_attribution': False, 'languages': ['xn'], 'persist_stored_files': True, 'version': 0, 'primary_provider': True, 'prefs': False, 'name': 'Personal Media Shows'}, {'media_types': ['Artist'], 'accepts_from': None, 'fallback_agent': None, 'contributes_to': None, 'has_attribution': False, 'languages': ['xn'], 'persist_stored_files': True, 'version': 0, 'primary_provider': True, 'prefs': False, 'name': 'Personal Media Artists'}, {'media_types': ['Album'], 'accepts_from': None, 'fallback_agent': None, 'contributes_to': None, 'has_attribution': False, 'languages': ['xn'], 'persist_stored_files': True, 'version': 0, 'primary_provider': True, 'prefs': False, 'name': 'Personal Media Albums'}, {'media_types': ['Photo'], 'accepts_from': None, 'fallback_agent': None, 'contributes_to': None, 'has_attribution': False, 'languages': ['en', 'ar', 'bg', 'ca', 'cs', 'cy', 'da', 'de', 'el', 'es', 'et', 'fa', 'fi', 'fr', 'he', 'hi', 'hr', 'ht', 'hu', 'id', 'it', 'ja', 'ko', 'lt', 'lv', 'ms', 'mt', 'nl', 'no', 'pl', 'pt', 'ro', 'ru', 'sk', 'sv', 'sl', 'sr', 'th', 'tr', 'uk', 'ur', 'vi', 'zh', 'xn'], 'persist_stored_files': True, 'version': 0, 'primary_provider': True, 'prefs': False, 'name': 'Photos'}], 'tv.plex.agents.music': [{'media_types': ['Artist'], 'accepts_from': None, 'fallback_agent': None, 'contributes_to': ['com.plexapp.agents.localmedia'], 'has_attribution': True, 'languages': ['en', 'ar', 'bg', 'zh', 'hr', 'cs', 'da', 'nl', 'fi', 'fr', 'de', 'el', 'hu', 'id', 'it', 'ja', 'ko', 'nn', 'pl', 'pt', 'ro', 'ru', 'sr', 'sk', 'es', 'sv', 'th', 'tr', 'vi', 'xx'], 'persist_stored_files': True, 'version': 0, 'primary_provider': True, 'prefs': True, 'name': 'Plex Music'}, {'media_types': ['Album'], 'accepts_from': None, 'fallback_agent': None, 'contributes_to': ['com.plexapp.agents.localmedia'], 'has_attribution': True, 'languages': ['en', 'ar', 'bg', 'zh', 'hr', 'cs', 'da', 'nl', 'fi', 'fr', 'de', 'el', 'hu', 'id', 'it', 'ja', 'ko', 'nn', 'pl', 'pt', 'ro', 'ru', 'sr', 'sk', 'es', 'sv', 'th', 'tr', 'vi', 'xx'], 'persist_stored_files': True, 'version': 0, 'primary_provider': True, 'prefs': True, 'name': 'Plex Music'}], 'com.plexapp.agents.opensubtitles': [{'media_types': ['Movie'], 'accepts_from': None, 'fallback_agent': None, 'contributes_to': ['com.plexapp.agents.imdb'], 'has_attribution': False, 'languages': ['xn'], 'persist_stored_files': True, 'version': 0, 'primary_provider': False, 'prefs': True, 'name': 'OpenSubtitles.org'}, {'media_types': ['TV_Show'], 'accepts_from': None, 'fallback_agent': None, 'contributes_to': ['com.plexapp.agents.thetvdb'], 'has_attribution': False, 'languages': ['xn'], 'persist_stored_files': True, 'version': 0, 'primary_provider': False, 'prefs': True, 'name': 'OpenSubtitles.org'}], 'com.plexapp.agents.imdb': [{'media_types': ['Movie'], 'accepts_from': ['com.plexapp.agents.localmedia'], 'fallback_agent': None, 'contributes_to': ['com.plexapp.agents.themoviedb'], 'has_attribution': True, 'languages': ['en', 'sv', 'fr', 'es', 'nl', 'de', 'it', 'da', 'ar', 'ca', 'zh', 'cs', 'et', 'fi', 'el', 'he', 'hi', 'hu', 'id', 'ja', 'ko', 'lv', 'no', 'fa', 'pl', 'pt', 'ro', 'ru', 'sk', 'th', 'tr', 'uk', 'vi'], 'persist_stored_files': True, 'version': 0, 'primary_provider': True, 'prefs': True, 'name': 'Plex Movie'}], 'com.plexapp.agents.lyricfind': [{'media_types': ['Album'], 'accepts_from': None, 'fallback_agent': None, 'contributes_to': ['com.plexapp.agents.lastfm', 'tv.plex.agents.music', 'org.musicbrainz.agents.music'], 'has_attribution': True, 'languages': ['xn'], 'persist_stored_files': True, 'version': 0, 'primary_provider': False, 'prefs': False, 'name': 'LyricFind'}], 'com.plexapp.agents.thetvdb': [{'media_types': ['TV_Show'], 'accepts_from': None, 'fallback_agent': None, 'contributes_to': None, 'has_attribution': True, 'languages': ['en', 'fr', 'zh', 'sv', 'no', 'da', 'fi', 'nl', 'de', 'it', 'es', 'pl', 'hu', 'el', 'tr', 'ru', 'he', 'ja', 'pt', 'cs', 'ko', 'sl', 'hr'], 'persist_stored_files': True, 'version': 0, 'primary_provider': True, 'prefs': True, 'name': 'TheTVDB'}], 'tv.plex.agents.movie': [{'media_types': ['Movie'], 'accepts_from': None, 'fallback_agent': None, 'contributes_to': None, 'has_attribution': True, 'languages': [], 'persist_stored_files': True, 'version': 0, 'primary_provider': True, 'prefs': True, 'name': 'Plex Movie'}], 'tv.plex.agents.series': [{'media_types': ['TV_Show'], 'accepts_from': None, 'fallback_agent': None, 'contributes_to': None, 'has_attribution': True, 'languages': [], 'persist_stored_files': True, 'version': 0, 'primary_provider': True, 'prefs': True, 'name': 'Plex TV Series'}], 'com.plexapp.agents.plexthememusic': [{'media_types': ['TV_Show'], 'accepts_from': None, 'fallback_agent': None, 'contributes_to': ['com.plexapp.agents.thetvdb', 'com.plexapp.agents.thetvdbdvdorder', 'com.plexapp.agents.themoviedb'], 'has_attribution': False, 'languages': ['xn'], 'persist_stored_files': True, 'version': 0, 'primary_provider': False, 'prefs': False, 'name': 'Plex Theme Music'}], 'org.musicbrainz.agents.music': [{'media_types': ['Artist'], 'accepts_from': None, 'fallback_agent': None, 'contributes_to': None, 'has_attribution': True, 'languages': ['en', 'ar', 'bg', 'zh', 'hr', 'cs', 'da', 'nl', 'fi', 'fr', 'de', 'el', 'hu', 'id', 'it', 'ja', 'ko', 'nn', 'pl', 'pt', 'ro', 'ru', 'sr', 'sk', 'es', 'sv', 'th', 'tr', 'vi', 'xx'], 'persist_stored_files': True, 'version': 0, 'primary_provider': True, 'prefs': True, 'name': 'Musicbrainz'}, {'media_types': ['Album'], 'accepts_from': None, 'fallback_agent': None, 'contributes_to': None, 'has_attribution': True, 'languages': ['en', 'ar', 'bg', 'zh', 'hr', 'cs', 'da', 'nl', 'fi', 'fr', 'de', 'el', 'hu', 'id', 'it', 'ja', 'ko', 'nn', 'pl', 'pt', 'ro', 'ru', 'sr', 'sk', 'es', 'sv', 'th', 'tr', 'vi', 'xx'], 'persist_stored_files': True, 'version': 0, 'primary_provider': True, 'prefs': True, 'name': 'Musicbrainz'}], 'com.plexapp.agents.themoviedb': [{'media_types': ['Movie'], 'accepts_from': ['com.plexapp.agents.localmedia'], 'fallback_agent': None, 'contributes_to': None, 'has_attribution': True, 'languages': ['en', 'cs', 'da', 'de', 'el', 'es', 'fi', 'fr', 'he', 'hr', 'hu', 'it', 'lv', 'lt', 'nl', 'no', 'pl', 'pt', 'ru', 'sk', 'sv', 'th', 'tr', 'vi', 'zh', 'ko'], 'persist_stored_files': True, 'version': 0, 'primary_provider': True, 'prefs': True, 'name': 'The Movie Database'}, {'media_types': ['TV_Show'], 'accepts_from': ['com.plexapp.agents.localmedia', 'com.plexapp.agents.thetvdb'], 'fallback_agent': None, 'contributes_to': ['com.plexapp.agents.thetvdb'], 'has_attribution': True, 'languages': ['en', 'cs', 'da', 'de', 'el', 'es', 'fi', 'fr', 'he', 'hr', 'hu', 'it', 'lv', 'lt', 'nl', 'no', 'pl', 'pt', 'ru', 'sk', 'sv', 'th', 'tr', 'vi', 'zh', 'ko'], 'persist_stored_files': True, 'version': 0, 'primary_provider': True, 'prefs': True, 'name': 'The Movie Database'}], 'com.plexapp.agents.localmedia': [{'media_types': ['Movie'], 'accepts_from': None, 'fallback_agent': None, 'contributes_to': ['com.plexapp.agents.imdb', 'com.plexapp.agents.none'], 'has_attribution': False, 'languages': ['xn'], 'persist_stored_files': False, 'version': 0, 'primary_provider': False, 'prefs': True, 'name': 'Local Media Assets (Movies)'}, {'media_types': ['TV_Show'], 'accepts_from': None, 'fallback_agent': None, 'contributes_to': ['com.plexapp.agents.thetvdb', 'com.plexapp.agents.none'], 'has_attribution': False, 'languages': ['xn'], 'persist_stored_files': False, 'version': 0, 'primary_provider': False, 'prefs': True, 'name': 'Local Media Assets (TV)'}, {'media_types': ['Artist'], 'accepts_from': None, 'fallback_agent': None, 'contributes_to': ['com.plexapp.agents.discogs', 'com.plexapp.agents.lastfm', 'com.plexapp.agents.plexmusic', 'com.plexapp.agents.none', 'tv.plex.agents.music', 'org.musicbrainz.agents.music'], 'has_attribution': False, 'languages': ['xn'], 'persist_stored_files': False, 'version': 0, 'primary_provider': False, 'prefs': True, 'name': 'Local Media Assets (Artists)'}, {'media_types': ['Artist'], 'accepts_from': None, 'fallback_agent': None, 'contributes_to': ['com.plexapp.agents.plexmusic'], 'has_attribution': False, 'languages': ['xn'], 'persist_stored_files': False, 'version': 2, 'primary_provider': False, 'prefs': True, 'name': 'Local Media Assets (Artists)'}, {'media_types': ['Album'], 'accepts_from': None, 'fallback_agent': None, 'contributes_to': ['com.plexapp.agents.discogs', 'com.plexapp.agents.lastfm', 'com.plexapp.agents.plexmusic', 'com.plexapp.agents.none', 'tv.plex.agents.music', 'org.musicbrainz.agents.music'], 'has_attribution': False, 'languages': ['xn'], 'persist_stored_files': False, 'version': 0, 'primary_provider': False, 'prefs': True, 'name': 'Local Media Assets (Albums)'}], 'com.plexapp.agents.movieposterdb': [{'media_types': ['Movie'], 'accepts_from': None, 'fallback_agent': None, 'contributes_to': ['com.plexapp.agents.imdb'], 'has_attribution': True, 'languages': ['xn'], 'persist_stored_files': True, 'version': 0, 'primary_provider': False, 'prefs': False, 'name': 'CineMaterial'}], 'com.plexapp.agents.htbackdrops': [{'media_types': ['Artist'], 'accepts_from': None, 'fallback_agent': None, 'contributes_to': ['com.plexapp.agents.lastfm'], 'has_attribution': True, 'languages': ['ab', 'aa', 'af', 'ak', 'sq', 'am', 'ar', 'an', 'hy', 'as', 'av', 'ae', 'ay', 'az', 'bm', 'ba', 'eu', 'be', 'bn', 'bh', 'bi', 'bs', 'pb', 'br', 'bg', 'my', 'ca', 'ch', 'ce', 'ny', 'zh', 'cu', 'cv', 'kw', 'co', 'cr', 'hr', 'cs', 'da', 'dv', 'nl', 'dz', 'en', 'eo', 'et', 'ee', 'fo', 'fj', 'fi', 'fr', 'fy', 'ff', 'gd', 'gl', 'lg', 'ka', 'de', 'el', 'gn', 'gu', 'ht', 'ha', 'he', 'hz', 'hi', 'ho', 'hu', 'is', 'io', 'ig', 'id', 'ia', 'ie', 'iu', 'ik', 'ga', 'it', 'ja', 'jv', 'kl', 'kn', 'kr', 'ks', 'kk', 'km', 'ki', 'rw', 'ky', 'kv', 'kg', 'ko', 'kj', 'ku', 'lo', 'la', 'lv', 'li', 'ln', 'lt', 'lu', 'lb', 'mk', 'mg', 'ms', 'ml', 'mt', 'gv', 'mi', 'mr', 'mh', 'mo', 'mn', 'na', 'nv', 'ng', 'ne', 'xn', 'nd', 'no', 'nb', 'nn', 'oc', 'oj', 'or', 'om', 'os', 'pi', 'pa', 'fa', 'pl', 'pt', 'ps', 'qu', 'rm', 'ro', 'rn', 'ru', 'se', 'sm', 'sg', 'sa', 'sc', 'sr', 'sn', 'ii', 'sd', 'si', 'sk', 'sl', 'so', 'st', 'nr', 'es', 'su', 'sw', 'ss', 'sv', 'tl', 'ty', 'tg', 'ta', 'tt', 'te', 'th', 'bo', 'ti', 'to', 'ts', 'tn', 'tr', 'tk', 'tw', 'ug', 'uk', 'ur', 'uz', 've', 'vi', 'vo', 'wa', 'cy', 'wo', 'xh', 'yi', 'yo', 'za', 'zu'], 'persist_stored_files': True, 'version': 0, 'primary_provider': False, 'prefs': False, 'name': 'Home Theater Backdrops'}], 'com.plexapp.agents.lastfm': [{'media_types': ['Artist'], 'accepts_from': None, 'fallback_agent': None, 'contributes_to': None, 'has_attribution': True, 'languages': ['en', 'sv', 'fr', 'es', 'de', 'pl', 'it', 'pt', 'ja', 'tr', 'ru', 'zh'], 'persist_stored_files': True, 'version': 0, 'primary_provider': True, 'prefs': True, 'name': 'Last.fm'}, {'media_types': ['Album'], 'accepts_from': None, 'fallback_agent': None, 'contributes_to': None, 'has_attribution': True, 'languages': ['en', 'sv', 'fr', 'es', 'de', 'pl', 'it', 'pt', 'ja', 'tr', 'ru', 'zh'], 'persist_stored_files': True, 'version': 0, 'primary_provider': True, 'prefs': True, 'name': 'Last.fm'}]}
2022-07-06 12:56:49,785 (7fa00001bb38) :  INFO (datakit:131) - Saved the dictionary file
2022-07-06 12:56:50,265 (7fa0006feb38) :  DEBUG (runtime:717) - Handling request GET /system/messaging/clear_events/com.plexapp.agents.imdb
2022-07-06 12:56:50,281 (7fa0006feb38) :  DEBUG (runtime:814) - Found route matching /system/messaging/clear_events/com.plexapp.agents.imdb
2022-07-06 12:56:50,282 (7fa0006feb38) :  DEBUG (runtime:88) - Sending packed state data (99 bytes)
2022-07-06 12:56:50,282 (7fa0006feb38) :  DEBUG (runtime:924) - Response: [200] str, 0 bytes
2022-07-06 12:56:50,356 (7fa0006feb38) :  DEBUG (runtime:717) - Handling request GET /:/plugins/com.plexapp.system/resourceHashes
2022-07-06 12:56:50,357 (7fa0006feb38) :  DEBUG (runtime:814) - Found route matching /:/plugins/com.plexapp.system/resourceHashes
2022-07-06 12:56:50,358 (7fa0006feb38) :  DEBUG (networking:143) - Requesting 'http://resources-cdn.plexapp.com/hashes.json'
2022-07-06 12:56:50,505 (7fa0006feb38) :  ERROR (networking:196) - Error opening URL 'http://resources-cdn.plexapp.com/hashes.json'
2022-07-06 12:56:50,507 (7fa0006feb38) :  CRITICAL (runtime:1299) - Exception getting hosted resource hashes (most recent call last):
  File "/usr/lib/plexmediaserver/Resources/Plug-ins-5bd057d2b/Framework.bundle/Contents/Resources/Versions/2/Python/Framework/components/runtime.py", line 1291, in get_resource_hashes
    json = self._core.networking.http_request("http://resources-cdn.plexapp.com/hashes.json", timeout=5).content
  File "/usr/lib/plexmediaserver/Resources/Plug-ins-5bd057d2b/Framework.bundle/Contents/Resources/Versions/2/Python/Framework/components/networking.py", line 242, in content
    return self.__str__()
  File "/usr/lib/plexmediaserver/Resources/Plug-ins-5bd057d2b/Framework.bundle/Contents/Resources/Versions/2/Python/Framework/components/networking.py", line 220, in __str__
    self.load()
  File "/usr/lib/plexmediaserver/Resources/Plug-ins-5bd057d2b/Framework.bundle/Contents/Resources/Versions/2/Python/Framework/components/networking.py", line 158, in load
    f = self._opener.open(req, timeout=self._timeout)
  File "/usr/lib/plexmediaserver/Resources/Python/python27.zip/urllib2.py", line 435, in open
    response = meth(req, response)
  File "/usr/lib/plexmediaserver/Resources/Python/python27.zip/urllib2.py", line 548, in http_response
    'http', request, response, code, msg, hdrs)
  File "/usr/lib/plexmediaserver/Resources/Python/python27.zip/urllib2.py", line 473, in error
    return self._call_chain(*args)
  File "/usr/lib/plexmediaserver/Resources/Python/python27.zip/urllib2.py", line 407, in _call_chain
    result = func(*args)
  File "/usr/lib/plexmediaserver/Resources/Python/python27.zip/urllib2.py", line 556, in http_error_default
    raise HTTPError(req.get_full_url(), code, msg, hdrs, fp)
HTTPError: HTTP Error 403: Forbidden

2022-07-06 12:56:50,507 (7fa0006feb38) :  DEBUG (runtime:88) - Sending packed state data (99 bytes)
2022-07-06 12:56:50,507 (7fa0006feb38) :  DEBUG (runtime:924) - Response: [404] NoneType, 0 bytes
2022-07-06 12:56:50,520 (7fa0006feb38) :  DEBUG (runtime:717) - Handling request GET /:/plugins/com.plexapp.system/messaging/function/X0J1bmRsZVNlcnZpY2U6QWxsU2VydmljZXM_/Y2VyZWFsMQoxCmxpc3QKMApyMAo_/Y2VyZWFsMQoxCmRpY3QKMApyMAo_
2022-07-06 12:56:50,521 (7fa0006feb38) :  DEBUG (runtime:49) - Received packed state data (80 bytes)
2022-07-06 12:56:50,521 (7fa0006feb38) :  DEBUG (runtime:814) - Found route matching /:/plugins/com.plexapp.system/messaging/function/X0J1bmRsZVNlcnZpY2U6QWxsU2VydmljZXM_/Y2VyZWFsMQoxCmxpc3QKMApyMAo_/Y2VyZWFsMQoxCmRpY3QKMApyMAo_
2022-07-06 12:56:50,522 (7fa0006feb38) :  DEBUG (runtime:88) - Sending packed state data (99 bytes)
2022-07-06 12:56:50,522 (7fa0006feb38) :  DEBUG (runtime:924) - Response: [200] str, 516 bytes
2022-07-06 12:56:50,975 (7fa0006feb38) :  DEBUG (runtime:717) - Handling request GET /:/plugins/com.plexapp.system/messaging/function/X0FnZW50U2VydmljZTpVcGRhdGVJbmZv/Y2VyZWFsMQoxCmxpc3QKMApyMAo_/Y2VyZWFsMQo3CmRpY3QKbGlzdApkaWN0Cmxpc3QKbGlzdApsaXN0Cmxpc3QKMgpzMjMKY29tLnBsZXhhcHAuYWdlbnRzLmltZGJzMTAKaWRlbnRpZmllcnIxCnMxMAphZ2VudF9pbmZvMQpyMgoxMApyMwpzMTEKbWVkaWFfdHlwZXNyNApzMTIKYWNjZXB0c19mcm9tbnMxNApmYWxsYmFja19hZ2VudHI1CnMxNApjb250cmlidXRlc190b3I2CnM5Cmxhbmd1YWdlc2IxczIwCnBlcnNpc3Rfc3RvcmVkX2ZpbGVzaTAKczcKdmVyc2lvbmIxczE2CnByaW1hcnlfcHJvdmlkZXJiMXM1CnByZWZzczEwClBsZXggTW92aWVzNApuYW1lMQpzNQpNb3ZpZTEKczI5CmNvbS5wbGV4YXBwLmFnZW50cy5sb2NhbG1lZGlhMQpzMjkKY29tLnBsZXhhcHAuYWdlbnRzLnRoZW1vdmllZGIzMwpzMgplbnMyCnN2czIKZnJzMgplc3MyCm5sczIKZGVzMgppdHMyCmRhczIKYXJzMgpjYXMyCnpoczIKY3NzMgpldHMyCmZpczIKZWxzMgpoZXMyCmhpczIKaHVzMgppZHMyCmphczIKa29zMgpsdnMyCm5vczIKZmFzMgpwbHMyCnB0czIKcm9zMgpydXMyCnNrczIKdGhzMgp0cnMyCnVrczIKdmlyMAo_
2022-07-06 12:56:50,976 (7fa0006feb38) :  DEBUG (runtime:49) - Received packed state data (80 bytes)
2022-07-06 12:56:50,977 (7fa0006feb38) :  DEBUG (runtime:814) - Found route matching /:/plugins/com.plexapp.system/messaging/function/X0FnZW50U2VydmljZTpVcGRhdGVJbmZv/Y2VyZWFsMQoxCmxpc3QKMApyMAo_/Y2VyZWFsMQo3CmRpY3QKbGlzdApkaWN0Cmxpc3QKbGlzdApsaXN0Cmxpc3QKMgpzMjMKY29tLnBsZXhhcHAuYWdlbnRzLmltZGJzMTAKaWRlbnRpZmllcnIxCnMxMAphZ2VudF9pbmZvMQpyMgoxMApyMwpzMTEKbWVkaWFfdHlwZXNyNApzMTIKYWNjZXB0c19mcm9tbnMxNApmYWxsYmFja19hZ2VudHI1CnMxNApjb250cmlidXRlc190b3I2CnM5Cmxhbmd1YWdlc2IxczIwCnBlcnNpc3Rfc3RvcmVkX2ZpbGVzaTAKczcKdmVyc2lvbmIxczE2CnByaW1hcnlfcHJvdmlkZXJiMXM1CnByZWZzczEwClBsZXggTW92aWVzNApuYW1lMQpzNQpNb3ZpZTEKczI5CmNvbS5wbGV4YXBwLmFnZW50cy5sb2NhbG1lZGlhMQpzMjkKY29tLnBsZXhhcHAuYWdlbnRzLnRoZW1vdmllZGIzMwpzMgplbnMyCnN2czIKZnJzMgplc3MyCm5sczIKZGVzMgppdHMyCmRhczIKYXJzMgpjYXMyCnpoczIKY3NzMgpldHMyCmZpczIKZWxzMgpoZXMyCmhpczIKaHVzMgppZHMyCmphczIKa29zMgpsdnMyCm5vczIKZmFzMgpwbHMyCnB0czIKcm9zMgpydXMyCnNrczIKdGhzMgp0cnMyCnVrczIKdmlyMAo_
2022-07-06 12:56:50,978 (7fa0006feb38) :  INFO (agentservice:175) - Receiving agent info from com.plexapp.agents.imdb: [{'media_types': ['Movie'], 'primary_provider': True, 'fallback_agent': None, 'contributes_to': ['com.plexapp.agents.themoviedb'], 'languages': ['en', 'sv', 'fr', 'es', 'nl', 'de', 'it', 'da', 'ar', 'ca', 'zh', 'cs', 'et', 'fi', 'el', 'he', 'hi', 'hu', 'id', 'ja', 'ko', 'lv', 'no', 'fa', 'pl', 'pt', 'ro', 'ru', 'sk', 'th', 'tr', 'uk', 'vi'], 'persist_stored_files': True, 'version': 0, 'accepts_from': ['com.plexapp.agents.localmedia'], 'prefs': True, 'name': 'Plex Movie'}]
2022-07-06 12:56:50,978 (7fa0006feb38) :  DEBUG (runtime:88) - Sending packed state data (99 bytes)
2022-07-06 12:56:50,979 (7fa0006feb38) :  DEBUG (runtime:924) - Response: [200] str, 16 bytes
2022-07-06 12:56:54,725 (7fa0006feb38) :  DEBUG (runtime:717) - Handling request GET /system/notify/serverUpdated?host=127.0.0.1
2022-07-06 12:56:54,726 (7fa0006feb38) :  DEBUG (runtime:814) - Found route matching /system/notify/serverUpdated
2022-07-06 12:56:54,726 (7fa0006feb38) :  DEBUG (peerservice:386) - Handling server update notification (127.0.0.1)
2022-07-06 12:56:54,726 (7fa0006feb38) :  DEBUG (peerservice:189) - Updating servers (True/False True/True/True)
2022-07-06 12:56:54,726 (7fa0006feb38) :  DEBUG (peerservice:164) - Fetching the current list of servers
2022-07-06 12:56:54,726 (7fa0006feb38) :  DEBUG (networking:143) - Requesting 'http://127.0.0.1:32400/servers'
2022-07-06 12:56:54,728 (7fa0006feb38) :  DEBUG (peerservice:198) - Found 1 servers
2022-07-06 12:56:54,728 (7fa0006feb38) :  DEBUG (peerservice:214) - Ignoring 49f45d42664ad9ae00597f0d1be30e76fc04d386 because host != 127.0.0.1 (172.18.0.2)
2022-07-06 12:56:54,728 (7fa0006feb38) :  DEBUG (networking:143) - Requesting 'http://127.0.0.1:32400/library/sections'
2022-07-06 12:56:54,729 (7fa0006feb38) :  DEBUG (networking:143) - Requesting 'http://127.0.0.1:32400/channels/all'
2022-07-06 12:56:54,731 (7fa0006feb38) :  DEBUG (runtime:924) - Response: [200] str, 0 bytes
2022-07-06 12:56:54,774 (7fa000944b38) :  INFO (datakit:131) - Saved the dictionary file
2022-07-06 12:57:15,175 (7fa000944b38) :  DEBUG (runtime:717) - Handling request GET /system/agents
2022-07-06 12:57:15,176 (7fa000944b38) :  DEBUG (runtime:814) - Found route matching /system/agents
2022-07-06 12:57:15,178 (7fa000944b38) :  DEBUG (runtime:1117) - Created a thread named 'ensure_agent_info_exists_inner'
2022-07-06 12:57:15,185 (7fa000944b38) :  DEBUG (runtime:924) - Response: [200] MediaContainer, 11288 bytes
2022-07-06 12:57:15,209 (7fa000944b38) :  DEBUG (runtime:717) - Handling request GET /system/appstore/updates
2022-07-06 12:57:15,210 (7fa000944b38) :  CRITICAL (runtime:493) - Exception matching route for path "/system/appstore/updates" (most recent call last):
  File "/usr/lib/plexmediaserver/Resources/Plug-ins-5bd057d2b/Framework.bundle/Contents/Resources/Versions/2/Python/Framework/components/runtime.py", line 464, in match_route
    raise Framework.exceptions.FrameworkException("No route found matching '%s'" % path)
FrameworkException: No route found matching '/system/appstore/updates'

2022-07-06 12:57:15,210 (7fa000944b38) :  ERROR (runtime:846) - Could not find route matching /system/appstore/updates
2022-07-06 12:57:15,211 (7fa000944b38) :  DEBUG (runtime:924) - Response: [404] NoneType, 0 bytes
2022-07-06 12:57:20,189 (7fa000921b38) :  INFO (datakit:131) - Saved the dictionary file
2022-07-06 12:57:57,902 (7fa000944b38) :  DEBUG (runtime:717) - Handling request GET /system/agents?mediaType=1
2022-07-06 12:57:57,903 (7fa000944b38) :  DEBUG (runtime:49) - Received packed state data (80 bytes)
2022-07-06 12:57:57,904 (7fa000944b38) :  DEBUG (runtime:814) - Found route matching /system/agents
2022-07-06 12:57:57,904 (7fa000921b38) :  DEBUG (runtime:717) - Handling request GET /system/scanners/1
2022-07-06 12:57:57,905 (7fa000921b38) :  DEBUG (runtime:49) - Received packed state data (80 bytes)
2022-07-06 12:57:57,906 (7fa000921b38) :  DEBUG (runtime:814) - Found route matching /system/scanners/1
2022-07-06 12:57:57,908 (7fa000921b38) :  DEBUG (runtime:88) - Sending packed state data (99 bytes)
2022-07-06 12:57:57,909 (7fa000921b38) :  DEBUG (runtime:924) - Response: [200] MediaContainer, 299 bytes
2022-07-06 12:57:57,909 (7fa0006feb38) :  DEBUG (runtime:49) - Received packed state data (80 bytes)
2022-07-06 12:57:57,910 (7fa000944b38) :  DEBUG (runtime:1117) - Created a thread named 'ensure_agent_info_exists_inner'
2022-07-06 12:57:57,912 (7fa000944b38) :  DEBUG (runtime:88) - Sending packed state data (99 bytes)
2022-07-06 12:57:57,913 (7fa000944b38) :  DEBUG (runtime:924) - Response: [200] MediaContainer, 2068 bytes
2022-07-06 12:58:02,920 (7fa000921b38) :  INFO (datakit:131) - Saved the dictionary file
2022-07-06 12:58:27,570 (7fa000940b38) :  DEBUG (runtime:717) - Handling request GET /system/agents?mediaType=2
2022-07-06 12:58:27,571 (7fa000940b38) :  DEBUG (runtime:49) - Received packed state data (80 bytes)
2022-07-06 12:58:27,572 (7fa000940b38) :  DEBUG (runtime:814) - Found route matching /system/agents
2022-07-06 12:58:27,573 (7fa0006feb38) :  DEBUG (runtime:717) - Handling request GET /system/scanners/2
2022-07-06 12:58:27,574 (7fa0006feb38) :  DEBUG (runtime:49) - Received packed state data (80 bytes)
2022-07-06 12:58:27,575 (7fa0006feb38) :  DEBUG (runtime:814) - Found route matching /system/scanners/2
2022-07-06 12:58:27,577 (7fa0006feb38) :  DEBUG (runtime:88) - Sending packed state data (99 bytes)
2022-07-06 12:58:27,577 (7fa0006feb38) :  DEBUG (runtime:924) - Response: [200] MediaContainer, 222 bytes
2022-07-06 12:58:27,578 (7fa0006dbb38) :  DEBUG (runtime:49) - Received packed state data (80 bytes)
2022-07-06 12:58:27,578 (7fa000940b38) :  DEBUG (runtime:1117) - Created a thread named 'ensure_agent_info_exists_inner'
2022-07-06 12:58:27,582 (7fa000940b38) :  DEBUG (runtime:88) - Sending packed state data (99 bytes)
2022-07-06 12:58:27,582 (7fa000940b38) :  DEBUG (runtime:924) - Response: [200] MediaContainer, 1819 bytes
2022-07-06 12:58:32,586 (7fa0006feb38) :  INFO (datakit:131) - Saved the dictionary file
2022-07-06 12:58:49,715 (7fa0006a9b38) :  DEBUG (runtime:1156) - Starting timed thread named 'refresh_servers'
2022-07-06 12:58:49,715 (7fa0006a9b38) :  DEBUG (peerservice:164) - Fetching the current list of servers
2022-07-06 12:58:49,716 (7fa0006a9b38) :  DEBUG (networking:143) - Requesting 'http://127.0.0.1:32400/servers'
2022-07-06 12:58:49,717 (7fa0006a9b38) :  DEBUG (peerservice:171) - Refreshing local server
2022-07-06 12:58:49,717 (7fa0006a9b38) :  DEBUG (peerservice:189) - Updating servers (True/False True/True/True)
2022-07-06 12:58:49,717 (7fa0006a9b38) :  DEBUG (peerservice:198) - Found 1 servers
2022-07-06 12:58:49,717 (7fa0006a9b38) :  DEBUG (peerservice:233) - Updating existing server Manjaro (49f45d42664ad9ae00597f0d1be30e76fc04d386)
2022-07-06 12:58:49,717 (7fa0006a9b38) :  DEBUG (networking:143) - Requesting 'http://127.0.0.1:32400/library/sections'
2022-07-06 12:58:49,719 (7fa0006a9b38) :  DEBUG (networking:143) - Requesting 'http://127.0.0.1:32400/channels/all'
2022-07-06 12:58:49,720 (7fa000940b38) :  DEBUG (peerservice:176) - Background-refreshing remote servers
2022-07-06 12:58:49,720 (7fa0006a9b38) :  DEBUG (runtime:1117) - Created a thread named 'background_refresh'
2022-07-06 12:58:49,720 (7fa000940b38) :  DEBUG (peerservice:189) - Updating servers (True/False True/True/True)
2022-07-06 12:58:49,721 (7fa000940b38) :  DEBUG (peerservice:198) - Found 1 servers
2022-07-06 12:58:49,721 (7fa000940b38) :  DEBUG (peerservice:233) - Updating existing server Manjaro (49f45d42664ad9ae00597f0d1be30e76fc04d386)
2022-07-06 12:58:49,721 (7fa000940b38) :  DEBUG (networking:143) - Requesting 'http://127.0.0.1:32400/library/sections'
2022-07-06 12:58:49,723 (7fa000940b38) :  DEBUG (networking:143) - Requesting 'http://127.0.0.1:32400/channels/all'
2022-07-06 12:59:35,984 (7fa000940b38) :  DEBUG (runtime:717) - Handling request GET /system/:/prefs
2022-07-06 12:59:35,985 (7fa000940b38) :  DEBUG (runtime:49) - Received packed state data (80 bytes)
2022-07-06 12:59:35,985 (7fa000940b38) :  DEBUG (runtime:814) - Found route matching /system/:/prefs
2022-07-06 12:59:35,986 (7fa000940b38) :  DEBUG (preferences:258) - Loaded preferences from DefaultPrefs.json
2022-07-06 12:59:35,986 (7fa000940b38) :  INFO (preferences:161) - No user preferences file exists
2022-07-06 12:59:35,986 (7fa000940b38) :  DEBUG (preferences:198) - Saved the user preferences
2022-07-06 12:59:35,987 (7fa000940b38) :  DEBUG (runtime:88) - Sending packed state data (99 bytes)
2022-07-06 12:59:35,987 (7fa000940b38) :  DEBUG (runtime:924) - Response: [200] MediaContainer, 418 bytes
2022-07-06 13:56:49,716 (7fa000686b38) :  DEBUG (runtime:1156) - Starting timed thread named 'invalidation_timer'
